#
# A fatal error has been detected by the Java Runtime Environment:
#
#  EXCEPTION_ACCESS_VIOLATION (0xc0000005) at pc=0x0000000000000000, pid=8376, tid=9492
#
# JRE version: Java(TM) SE Runtime Environment (15.0.1+9) (build 15.0.1+9-18)
# Java VM: Java HotSpot(TM) 64-Bit Server VM (15.0.1+9-18, mixed mode, sharing, tiered, compressed oops, g1 gc, windows-amd64)
# Problematic frame:
# C  0x0000000000000000
#
# No core dump will be written. Minidumps are not enabled by default on client versions of Windows
#
# If you would like to submit a bug report, please visit:
#   https://bugreport.java.com/bugreport/crash.jsp
# The crash happened outside the Java Virtual Machine in native code.
# See problematic frame for where to report the bug.
#

---------------  S U M M A R Y ------------

Command Line: -javaagent:C:\Program Files\JetBrains\IntelliJ IDEA Community Edition 2020.2\lib\idea_rt.jar=50598:C:\Program Files\JetBrains\IntelliJ IDEA Community Edition 2020.2\bin -Dfile.encoding=UTF-8 game.Game

Host: AMD Ryzen 5 3600 6-Core Processor              , 12 cores, 15G,  Windows 10 , 64 bit Build 19041 (10.0.19041.1023)
Time: Sun Jul 11 11:57:34 2021 Mitteleuropäische Sommerzeit    elapsed time: 11.531870 seconds (0d 0h 0m 11s)

---------------  T H R E A D  ---------------

Current thread (0x000001d4803e6370):  JavaThread "AWT-Windows" daemon [_thread_in_native, id=9492, stack(0x0000007f40700000,0x0000007f40800000)]

Stack: [0x0000007f40700000,0x0000007f40800000],  sp=0x0000007f407fee68,  free space=1019k
Native frames: (J=compiled Java code, j=interpreted, Vv=VM code, C=native code)

Java frames: (J=compiled Java code, j=interpreted, Vv=VM code)
j  sun.awt.windows.WToolkit.eventLoop()V+0 java.desktop@15.0.1
j  sun.awt.windows.WToolkit.run()V+50 java.desktop@15.0.1
j  java.lang.Thread.run()V+11 java.base@15.0.1
v  ~StubRoutines::call_stub

siginfo: EXCEPTION_ACCESS_VIOLATION (0xc0000005), data execution prevention violation at address 0x0000000000000000


Register to memory mapping:

RIP=0x0 is NULL
RAX=0x0 is NULL
RBX=0x000001d480bf95b0 points into unknown readable memory: 0x000001d481062350 | 50 23 06 81 d4 01 00 00
RCX=0x0 is NULL
RDX=0x000001d481062350 points into unknown readable memory: 0x1c3d1b2173655243 | 43 52 65 73 21 1b 3d 1c
RSP=0x0000007f407fee68 is pointing into the stack for thread: 0x000001d4803e6370
RBP=0x00007ffe0294c7e0 awt.dll
RSI=0x0 is NULL
RDI=0x000001d480d58400 points into unknown readable memory: 0x0000000000000000 | 00 00 00 00 00 00 00 00
R8 =0x000001d480bf95b0 points into unknown readable memory: 0x000001d481062350 | 50 23 06 81 d4 01 00 00
R9 =0x0000000000000001 is an unknown value
R10=0x0000000000008000 is an unknown value
R11=0x0000007f407ff030 is pointing into the stack for thread: 0x000001d4803e6370
R12=0x0 is NULL
R13={method} {0x000001d4ff8ce3a8} 'eventLoop' '()V' in 'sun/awt/windows/WToolkit'
R14=0x0000007f407ff318 is pointing into the stack for thread: 0x000001d4803e6370
R15=0x000001d4803e6370 is a thread


Registers:
RAX=0x0000000000000000, RBX=0x000001d480bf95b0, RCX=0x0000000000000000, RDX=0x000001d481062350
RSP=0x0000007f407fee68, RBP=0x00007ffe0294c7e0, RSI=0x0000000000000000, RDI=0x000001d480d58400
R8 =0x000001d480bf95b0, R9 =0x0000000000000001, R10=0x0000000000008000, R11=0x0000007f407ff030
R12=0x0000000000000000, R13=0x000001d4ff8ce3a0, R14=0x0000007f407ff318, R15=0x000001d4803e6370
RIP=0x0000000000000000, EFLAGS=0x0000000000010206

Top of Stack: (sp=0x0000007f407fee68)
0x0000007f407fee68:   00007ffdfcb80158 000001d4ffb8d400
0x0000007f407fee78:   0000000000000000 00000c3f9b7737ba
0x0000007f407fee88:   000001d4803e6370 000001d480d58400
0x0000007f407fee98:   00007ffdfcb80087 000001d480bf95b0
0x0000007f407feea8:   000001d480d39b90 000001d480c1ce40
0x0000007f407feeb8:   000001d4803e6370 000001d480e44880
0x0000007f407feec8:   00007ffdfcb5e22e 000001d480c0da60
0x0000007f407feed8:   000001d480c1ce40 000001d4803e6698
0x0000007f407feee8:   000001d4801f46b0 000001d480d58400
0x0000007f407feef8:   000001d480bf95b0 000001d4803e6370
0x0000007f407fef08:   00007ffe1bf55ba1 0000000000000000
0x0000007f407fef18:   00007ffdfcb5e14b 000001d4801f46b0
0x0000007f407fef28:   0000000000000000 fffffffffffffffe
0x0000007f407fef38:   fffffffffffffffe 0000007f407ff318
0x0000007f407fef48:   00007ffdfcb5e0b0 0000000000000001
0x0000007f407fef58:   0000000000000001 000001d480c0da60 

Instructions: (pc=0x0000000000000000)
0xffffffffffffff00:   


Stack slot to memory mapping:
stack at sp + 0 slots: 0x00007ffdfcb80158 d3d9.dll
stack at sp + 1 slots: 0x000001d4ffb8d400 is pointing into metadata
stack at sp + 2 slots: 0x0 is NULL
stack at sp + 3 slots: 0x00000c3f9b7737ba is an unknown value
stack at sp + 4 slots: 0x000001d4803e6370 is a thread
stack at sp + 5 slots: 0x000001d480d58400 points into unknown readable memory: 0x0000000000000000 | 00 00 00 00 00 00 00 00
stack at sp + 6 slots: 0x00007ffdfcb80087 d3d9.dll
stack at sp + 7 slots: 0x000001d480bf95b0 points into unknown readable memory: 0x000001d481062350 | 50 23 06 81 d4 01 00 00


---------------  P R O C E S S  ---------------

Threads class SMR info:
_java_thread_list=0x000001d4895f0210, length=18, elements={
0x000001d4ff787ef0, 0x000001d4ff788ac0, 0x000001d48000e8c0, 0x000001d480011380,
0x000001d480011e30, 0x000001d480014030, 0x000001d480016d20, 0x000001d4800292b0,
0x000001d48012e6c0, 0x000001d4801b9d60, 0x000001d4801c0a60, 0x000001d4803c2fe0,
0x000001d4803e5c80, 0x000001d4803e6370, 0x000001d489551090, 0x000001d481086ae0,
0x000001d481086140, 0x000001d481087e20
}

Java Threads: ( => current thread )
  0x000001d4ff787ef0 JavaThread "Reference Handler" daemon [_thread_blocked, id=6652, stack(0x0000007f3f900000,0x0000007f3fa00000)]
  0x000001d4ff788ac0 JavaThread "Finalizer" daemon [_thread_blocked, id=11844, stack(0x0000007f3fa00000,0x0000007f3fb00000)]
  0x000001d48000e8c0 JavaThread "Signal Dispatcher" daemon [_thread_blocked, id=13848, stack(0x0000007f3fb00000,0x0000007f3fc00000)]
  0x000001d480011380 JavaThread "Attach Listener" daemon [_thread_blocked, id=4868, stack(0x0000007f3fc00000,0x0000007f3fd00000)]
  0x000001d480011e30 JavaThread "Service Thread" daemon [_thread_blocked, id=7340, stack(0x0000007f3fd00000,0x0000007f3fe00000)]
  0x000001d480014030 JavaThread "C2 CompilerThread0" daemon [_thread_blocked, id=2988, stack(0x0000007f3fe00000,0x0000007f3ff00000)]
  0x000001d480016d20 JavaThread "C1 CompilerThread0" daemon [_thread_blocked, id=2380, stack(0x0000007f3ff00000,0x0000007f40000000)]
  0x000001d4800292b0 JavaThread "Sweeper thread" daemon [_thread_blocked, id=5312, stack(0x0000007f40000000,0x0000007f40100000)]
  0x000001d48012e6c0 JavaThread "Common-Cleaner" daemon [_thread_blocked, id=12776, stack(0x0000007f40100000,0x0000007f40200000)]
  0x000001d4801b9d60 JavaThread "Monitor Ctrl-Break" daemon [_thread_in_native, id=440, stack(0x0000007f40200000,0x0000007f40300000)]
  0x000001d4801c0a60 JavaThread "Notification Thread" daemon [_thread_blocked, id=1832, stack(0x0000007f40300000,0x0000007f40400000)]
  0x000001d4803c2fe0 JavaThread "Java2D Disposer" daemon [_thread_blocked, id=8720, stack(0x0000007f40500000,0x0000007f40600000)]
  0x000001d4803e5c80 JavaThread "AWT-Shutdown" [_thread_blocked, id=14436, stack(0x0000007f40600000,0x0000007f40700000)]
=>0x000001d4803e6370 JavaThread "AWT-Windows" daemon [_thread_in_native, id=9492, stack(0x0000007f40700000,0x0000007f40800000)]
  0x000001d489551090 JavaThread "AWT-EventQueue-0" [_thread_blocked, id=10668, stack(0x0000007f40a40000,0x0000007f40b40000)]
  0x000001d481086ae0 JavaThread "Rendering Thread" [_thread_in_native, id=2268, stack(0x0000007f40c40000,0x0000007f40d40000)]
  0x000001d481086140 JavaThread "DestroyJavaVM" [_thread_blocked, id=12992, stack(0x0000007f3f200000,0x0000007f3f300000)]
  0x000001d481087e20 JavaThread "ToolkitShutdown" daemon [_thread_in_native, id=4876, stack(0x0000007f41520000,0x0000007f41620000)]

Other Threads:
  0x000001d4ff783650 VMThread "VM Thread" [stack: 0x0000007f3f800000,0x0000007f3f900000] [id=2952]
  0x000001d4dbbb22a0 WatcherThread [stack: 0x0000007f40400000,0x0000007f40500000] [id=12092]
  0x000001d4dbc01140 GCTaskThread "GC Thread#0" [stack: 0x0000007f3f300000,0x0000007f3f400000] [id=7048]
  0x000001d4803c5ac0 GCTaskThread "GC Thread#1" [stack: 0x0000007f40db0000,0x0000007f40eb0000] [id=8656]
  0x000001d4803c6de0 GCTaskThread "GC Thread#2" [stack: 0x0000007f40eb0000,0x0000007f40fb0000] [id=5788]
  0x000001d4803c7110 GCTaskThread "GC Thread#3" [stack: 0x0000007f40fb0000,0x0000007f410b0000] [id=15124]
  0x000001d4803c4ad0 GCTaskThread "GC Thread#4" [stack: 0x0000007f410b0000,0x0000007f411b0000] [id=452]
  0x000001d4803c4470 GCTaskThread "GC Thread#5" [stack: 0x0000007f411b0000,0x0000007f412b0000] [id=2304]
  0x000001d4803c6450 GCTaskThread "GC Thread#6" [stack: 0x0000007f412b0000,0x0000007f413b0000] [id=16076]
  0x000001d4803c6780 GCTaskThread "GC Thread#7" [stack: 0x0000007f413b0000,0x0000007f414b0000] [id=5848]
  0x000001d4dbc12350 ConcurrentGCThread "G1 Main Marker" [stack: 0x0000007f3f400000,0x0000007f3f500000] [id=788]
  0x000001d4dbc16710 ConcurrentGCThread "G1 Conc#0" [stack: 0x0000007f3f500000,0x0000007f3f600000] [id=10300]
  0x000001d4dbc8e0d0 ConcurrentGCThread "G1 Refine#0" [stack: 0x0000007f3f600000,0x0000007f3f700000] [id=16164]
  0x000001d4ff5f80f0 ConcurrentGCThread "G1 Young RemSet Sampling" [stack: 0x0000007f3f700000,0x0000007f3f800000] [id=5652]

Threads with active compile tasks:

VM state: not at safepoint (normal execution)

VM Mutex/Monitor currently owned by a thread: None

Heap address: 0x0000000700c00000, size: 4084 MB, Compressed Oops mode: Zero based, Oop shift amount: 3
CDS archive(s) mapped at: [0x0000000800000000-0x0000000800b50000-0x0000000800b50000), size 11862016, SharedBaseAddress: 0x0000000800000000, ArchiveRelocationMode: 0.
Compressed class space mapped at: 0x0000000800b50000-0x0000000840b50000, size: 1073741824
Narrow klass base: 0x0000000800000000, Narrow klass shift: 3, Narrow klass range: 0x100000000

GC Precious Log:
 CPUs: 12 total, 12 available
 Memory: 16334M
 Large Page Support: Disabled
 NUMA Support: Disabled
 Compressed Oops: Enabled (Zero based)
 Heap Region Size: 2M
 Heap Min Capacity: 8M
 Heap Initial Capacity: 256M
 Heap Max Capacity: 4084M
 Pre-touch: Disabled
 Parallel Workers: 10
 Concurrent Workers: 3
 Concurrent Refinement Workers: 10
 Periodic GC: Disabled

Heap:
 garbage-first heap   total 262144K, used 41046K [0x0000000700c00000, 0x0000000800000000)
  region size 2048K, 22 young (45056K), 2 survivors (4096K)
 Metaspace       used 6439K, capacity 6574K, committed 6912K, reserved 1056768K
  class space    used 609K, capacity 672K, committed 768K, reserved 1048576K

Heap Regions: E=young(eden), S=young(survivor), O=old, HS=humongous(starts), HC=humongous(continues), CS=collection set, F=free, OA=open archive, CA=closed archive, TAMS=top-at-mark-start (previous, next)
|   0|0x0000000700c00000, 0x0000000700c00000, 0x0000000700e00000|  0%| F|  |TAMS 0x0000000700c00000, 0x0000000700c00000| Untracked 
|   1|0x0000000700e00000, 0x0000000700e00000, 0x0000000701000000|  0%| F|  |TAMS 0x0000000700e00000, 0x0000000700e00000| Untracked 
|   2|0x0000000701000000, 0x0000000701000000, 0x0000000701200000|  0%| F|  |TAMS 0x0000000701000000, 0x0000000701000000| Untracked 
|   3|0x0000000701200000, 0x0000000701200000, 0x0000000701400000|  0%| F|  |TAMS 0x0000000701200000, 0x0000000701200000| Untracked 
|   4|0x0000000701400000, 0x0000000701400000, 0x0000000701600000|  0%| F|  |TAMS 0x0000000701400000, 0x0000000701400000| Untracked 
|   5|0x0000000701600000, 0x0000000701600000, 0x0000000701800000|  0%| F|  |TAMS 0x0000000701600000, 0x0000000701600000| Untracked 
|   6|0x0000000701800000, 0x0000000701800000, 0x0000000701a00000|  0%| F|  |TAMS 0x0000000701800000, 0x0000000701800000| Untracked 
|   7|0x0000000701a00000, 0x0000000701a00000, 0x0000000701c00000|  0%| F|  |TAMS 0x0000000701a00000, 0x0000000701a00000| Untracked 
|   8|0x0000000701c00000, 0x0000000701c00000, 0x0000000701e00000|  0%| F|  |TAMS 0x0000000701c00000, 0x0000000701c00000| Untracked 
|   9|0x0000000701e00000, 0x0000000701e00000, 0x0000000702000000|  0%| F|  |TAMS 0x0000000701e00000, 0x0000000701e00000| Untracked 
|  10|0x0000000702000000, 0x0000000702000000, 0x0000000702200000|  0%| F|  |TAMS 0x0000000702000000, 0x0000000702000000| Untracked 
|  11|0x0000000702200000, 0x0000000702200000, 0x0000000702400000|  0%| F|  |TAMS 0x0000000702200000, 0x0000000702200000| Untracked 
|  12|0x0000000702400000, 0x0000000702400000, 0x0000000702600000|  0%| F|  |TAMS 0x0000000702400000, 0x0000000702400000| Untracked 
|  13|0x0000000702600000, 0x0000000702600000, 0x0000000702800000|  0%| F|  |TAMS 0x0000000702600000, 0x0000000702600000| Untracked 
|  14|0x0000000702800000, 0x0000000702800000, 0x0000000702a00000|  0%| F|  |TAMS 0x0000000702800000, 0x0000000702800000| Untracked 
|  15|0x0000000702a00000, 0x0000000702a00000, 0x0000000702c00000|  0%| F|  |TAMS 0x0000000702a00000, 0x0000000702a00000| Untracked 
|  16|0x0000000702c00000, 0x0000000702c00000, 0x0000000702e00000|  0%| F|  |TAMS 0x0000000702c00000, 0x0000000702c00000| Untracked 
|  17|0x0000000702e00000, 0x0000000702e00000, 0x0000000703000000|  0%| F|  |TAMS 0x0000000702e00000, 0x0000000702e00000| Untracked 
|  18|0x0000000703000000, 0x0000000703000000, 0x0000000703200000|  0%| F|  |TAMS 0x0000000703000000, 0x0000000703000000| Untracked 
|  19|0x0000000703200000, 0x0000000703200000, 0x0000000703400000|  0%| F|  |TAMS 0x0000000703200000, 0x0000000703200000| Untracked 
|  20|0x0000000703400000, 0x0000000703400000, 0x0000000703600000|  0%| F|  |TAMS 0x0000000703400000, 0x0000000703400000| Untracked 
|  21|0x0000000703600000, 0x0000000703600000, 0x0000000703800000|  0%| F|  |TAMS 0x0000000703600000, 0x0000000703600000| Untracked 
|  22|0x0000000703800000, 0x0000000703800000, 0x0000000703a00000|  0%| F|  |TAMS 0x0000000703800000, 0x0000000703800000| Untracked 
|  23|0x0000000703a00000, 0x0000000703a00000, 0x0000000703c00000|  0%| F|  |TAMS 0x0000000703a00000, 0x0000000703a00000| Untracked 
|  24|0x0000000703c00000, 0x0000000703c00000, 0x0000000703e00000|  0%| F|  |TAMS 0x0000000703c00000, 0x0000000703c00000| Untracked 
|  25|0x0000000703e00000, 0x0000000703e00000, 0x0000000704000000|  0%| F|  |TAMS 0x0000000703e00000, 0x0000000703e00000| Untracked 
|  26|0x0000000704000000, 0x0000000704000000, 0x0000000704200000|  0%| F|  |TAMS 0x0000000704000000, 0x0000000704000000| Untracked 
|  27|0x0000000704200000, 0x0000000704200000, 0x0000000704400000|  0%| F|  |TAMS 0x0000000704200000, 0x0000000704200000| Untracked 
|  28|0x0000000704400000, 0x0000000704400000, 0x0000000704600000|  0%| F|  |TAMS 0x0000000704400000, 0x0000000704400000| Untracked 
|  29|0x0000000704600000, 0x0000000704600000, 0x0000000704800000|  0%| F|  |TAMS 0x0000000704600000, 0x0000000704600000| Untracked 
|  30|0x0000000704800000, 0x0000000704800000, 0x0000000704a00000|  0%| F|  |TAMS 0x0000000704800000, 0x0000000704800000| Untracked 
|  31|0x0000000704a00000, 0x0000000704a00000, 0x0000000704c00000|  0%| F|  |TAMS 0x0000000704a00000, 0x0000000704a00000| Untracked 
|  32|0x0000000704c00000, 0x0000000704c00000, 0x0000000704e00000|  0%| F|  |TAMS 0x0000000704c00000, 0x0000000704c00000| Untracked 
|  33|0x0000000704e00000, 0x0000000704e00000, 0x0000000705000000|  0%| F|  |TAMS 0x0000000704e00000, 0x0000000704e00000| Untracked 
|  34|0x0000000705000000, 0x0000000705000000, 0x0000000705200000|  0%| F|  |TAMS 0x0000000705000000, 0x0000000705000000| Untracked 
|  35|0x0000000705200000, 0x0000000705200000, 0x0000000705400000|  0%| F|  |TAMS 0x0000000705200000, 0x0000000705200000| Untracked 
|  36|0x0000000705400000, 0x0000000705400000, 0x0000000705600000|  0%| F|  |TAMS 0x0000000705400000, 0x0000000705400000| Untracked 
|  37|0x0000000705600000, 0x0000000705600000, 0x0000000705800000|  0%| F|  |TAMS 0x0000000705600000, 0x0000000705600000| Untracked 
|  38|0x0000000705800000, 0x0000000705800000, 0x0000000705a00000|  0%| F|  |TAMS 0x0000000705800000, 0x0000000705800000| Untracked 
|  39|0x0000000705a00000, 0x0000000705a00000, 0x0000000705c00000|  0%| F|  |TAMS 0x0000000705a00000, 0x0000000705a00000| Untracked 
|  40|0x0000000705c00000, 0x0000000705c00000, 0x0000000705e00000|  0%| F|  |TAMS 0x0000000705c00000, 0x0000000705c00000| Untracked 
|  41|0x0000000705e00000, 0x0000000705e00000, 0x0000000706000000|  0%| F|  |TAMS 0x0000000705e00000, 0x0000000705e00000| Untracked 
|  42|0x0000000706000000, 0x0000000706000000, 0x0000000706200000|  0%| F|  |TAMS 0x0000000706000000, 0x0000000706000000| Untracked 
|  43|0x0000000706200000, 0x0000000706200000, 0x0000000706400000|  0%| F|  |TAMS 0x0000000706200000, 0x0000000706200000| Untracked 
|  44|0x0000000706400000, 0x0000000706400000, 0x0000000706600000|  0%| F|  |TAMS 0x0000000706400000, 0x0000000706400000| Untracked 
|  45|0x0000000706600000, 0x0000000706600000, 0x0000000706800000|  0%| F|  |TAMS 0x0000000706600000, 0x0000000706600000| Untracked 
|  46|0x0000000706800000, 0x0000000706800000, 0x0000000706a00000|  0%| F|  |TAMS 0x0000000706800000, 0x0000000706800000| Untracked 
|  47|0x0000000706a00000, 0x0000000706a00000, 0x0000000706c00000|  0%| F|  |TAMS 0x0000000706a00000, 0x0000000706a00000| Untracked 
|  48|0x0000000706c00000, 0x0000000706c00000, 0x0000000706e00000|  0%| F|  |TAMS 0x0000000706c00000, 0x0000000706c00000| Untracked 
|  49|0x0000000706e00000, 0x0000000706e00000, 0x0000000707000000|  0%| F|  |TAMS 0x0000000706e00000, 0x0000000706e00000| Untracked 
|  50|0x0000000707000000, 0x0000000707000000, 0x0000000707200000|  0%| F|  |TAMS 0x0000000707000000, 0x0000000707000000| Untracked 
|  51|0x0000000707200000, 0x0000000707200000, 0x0000000707400000|  0%| F|  |TAMS 0x0000000707200000, 0x0000000707200000| Untracked 
|  52|0x0000000707400000, 0x0000000707400000, 0x0000000707600000|  0%| F|  |TAMS 0x0000000707400000, 0x0000000707400000| Untracked 
|  53|0x0000000707600000, 0x0000000707600000, 0x0000000707800000|  0%| F|  |TAMS 0x0000000707600000, 0x0000000707600000| Untracked 
|  54|0x0000000707800000, 0x0000000707800000, 0x0000000707a00000|  0%| F|  |TAMS 0x0000000707800000, 0x0000000707800000| Untracked 
|  55|0x0000000707a00000, 0x0000000707a00000, 0x0000000707c00000|  0%| F|  |TAMS 0x0000000707a00000, 0x0000000707a00000| Untracked 
|  56|0x0000000707c00000, 0x0000000707c00000, 0x0000000707e00000|  0%| F|  |TAMS 0x0000000707c00000, 0x0000000707c00000| Untracked 
|  57|0x0000000707e00000, 0x0000000707e00000, 0x0000000708000000|  0%| F|  |TAMS 0x0000000707e00000, 0x0000000707e00000| Untracked 
|  58|0x0000000708000000, 0x0000000708000000, 0x0000000708200000|  0%| F|  |TAMS 0x0000000708000000, 0x0000000708000000| Untracked 
|  59|0x0000000708200000, 0x0000000708200000, 0x0000000708400000|  0%| F|  |TAMS 0x0000000708200000, 0x0000000708200000| Untracked 
|  60|0x0000000708400000, 0x0000000708400000, 0x0000000708600000|  0%| F|  |TAMS 0x0000000708400000, 0x0000000708400000| Untracked 
|  61|0x0000000708600000, 0x0000000708600000, 0x0000000708800000|  0%| F|  |TAMS 0x0000000708600000, 0x0000000708600000| Untracked 
|  62|0x0000000708800000, 0x0000000708800000, 0x0000000708a00000|  0%| F|  |TAMS 0x0000000708800000, 0x0000000708800000| Untracked 
|  63|0x0000000708a00000, 0x0000000708a00000, 0x0000000708c00000|  0%| F|  |TAMS 0x0000000708a00000, 0x0000000708a00000| Untracked 
|  64|0x0000000708c00000, 0x0000000708c00000, 0x0000000708e00000|  0%| F|  |TAMS 0x0000000708c00000, 0x0000000708c00000| Untracked 
|  65|0x0000000708e00000, 0x0000000708e00000, 0x0000000709000000|  0%| F|  |TAMS 0x0000000708e00000, 0x0000000708e00000| Untracked 
|  66|0x0000000709000000, 0x0000000709000000, 0x0000000709200000|  0%| F|  |TAMS 0x0000000709000000, 0x0000000709000000| Untracked 
|  67|0x0000000709200000, 0x0000000709200000, 0x0000000709400000|  0%| F|  |TAMS 0x0000000709200000, 0x0000000709200000| Untracked 
|  68|0x0000000709400000, 0x0000000709400000, 0x0000000709600000|  0%| F|  |TAMS 0x0000000709400000, 0x0000000709400000| Untracked 
|  69|0x0000000709600000, 0x0000000709600000, 0x0000000709800000|  0%| F|  |TAMS 0x0000000709600000, 0x0000000709600000| Untracked 
|  70|0x0000000709800000, 0x0000000709800000, 0x0000000709a00000|  0%| F|  |TAMS 0x0000000709800000, 0x0000000709800000| Untracked 
|  71|0x0000000709a00000, 0x0000000709a00000, 0x0000000709c00000|  0%| F|  |TAMS 0x0000000709a00000, 0x0000000709a00000| Untracked 
|  72|0x0000000709c00000, 0x0000000709c00000, 0x0000000709e00000|  0%| F|  |TAMS 0x0000000709c00000, 0x0000000709c00000| Untracked 
|  73|0x0000000709e00000, 0x0000000709e00000, 0x000000070a000000|  0%| F|  |TAMS 0x0000000709e00000, 0x0000000709e00000| Untracked 
|  74|0x000000070a000000, 0x000000070a000000, 0x000000070a200000|  0%| F|  |TAMS 0x000000070a000000, 0x000000070a000000| Untracked 
|  75|0x000000070a200000, 0x000000070a200000, 0x000000070a400000|  0%| F|  |TAMS 0x000000070a200000, 0x000000070a200000| Untracked 
|  76|0x000000070a400000, 0x000000070a400000, 0x000000070a600000|  0%| F|  |TAMS 0x000000070a400000, 0x000000070a400000| Untracked 
|  77|0x000000070a600000, 0x000000070a600000, 0x000000070a800000|  0%| F|  |TAMS 0x000000070a600000, 0x000000070a600000| Untracked 
|  78|0x000000070a800000, 0x000000070a800000, 0x000000070aa00000|  0%| F|  |TAMS 0x000000070a800000, 0x000000070a800000| Untracked 
|  79|0x000000070aa00000, 0x000000070aa00000, 0x000000070ac00000|  0%| F|  |TAMS 0x000000070aa00000, 0x000000070aa00000| Untracked 
|  80|0x000000070ac00000, 0x000000070ac00000, 0x000000070ae00000|  0%| F|  |TAMS 0x000000070ac00000, 0x000000070ac00000| Untracked 
|  81|0x000000070ae00000, 0x000000070ae00000, 0x000000070b000000|  0%| F|  |TAMS 0x000000070ae00000, 0x000000070ae00000| Untracked 
|  82|0x000000070b000000, 0x000000070b000000, 0x000000070b200000|  0%| F|  |TAMS 0x000000070b000000, 0x000000070b000000| Untracked 
|  83|0x000000070b200000, 0x000000070b200000, 0x000000070b400000|  0%| F|  |TAMS 0x000000070b200000, 0x000000070b200000| Untracked 
|  84|0x000000070b400000, 0x000000070b400000, 0x000000070b600000|  0%| F|  |TAMS 0x000000070b400000, 0x000000070b400000| Untracked 
|  85|0x000000070b600000, 0x000000070b600000, 0x000000070b800000|  0%| F|  |TAMS 0x000000070b600000, 0x000000070b600000| Untracked 
|  86|0x000000070b800000, 0x000000070b800000, 0x000000070ba00000|  0%| F|  |TAMS 0x000000070b800000, 0x000000070b800000| Untracked 
|  87|0x000000070ba00000, 0x000000070ba00000, 0x000000070bc00000|  0%| F|  |TAMS 0x000000070ba00000, 0x000000070ba00000| Untracked 
|  88|0x000000070bc00000, 0x000000070bc00000, 0x000000070be00000|  0%| F|  |TAMS 0x000000070bc00000, 0x000000070bc00000| Untracked 
|  89|0x000000070be00000, 0x000000070be00000, 0x000000070c000000|  0%| F|  |TAMS 0x000000070be00000, 0x000000070be00000| Untracked 
|  90|0x000000070c000000, 0x000000070c000000, 0x000000070c200000|  0%| F|  |TAMS 0x000000070c000000, 0x000000070c000000| Untracked 
|  91|0x000000070c200000, 0x000000070c200000, 0x000000070c400000|  0%| F|  |TAMS 0x000000070c200000, 0x000000070c200000| Untracked 
|  92|0x000000070c400000, 0x000000070c400000, 0x000000070c600000|  0%| F|  |TAMS 0x000000070c400000, 0x000000070c400000| Untracked 
|  93|0x000000070c600000, 0x000000070c600000, 0x000000070c800000|  0%| F|  |TAMS 0x000000070c600000, 0x000000070c600000| Untracked 
|  94|0x000000070c800000, 0x000000070c800000, 0x000000070ca00000|  0%| F|  |TAMS 0x000000070c800000, 0x000000070c800000| Untracked 
|  95|0x000000070ca00000, 0x000000070ca00000, 0x000000070cc00000|  0%| F|  |TAMS 0x000000070ca00000, 0x000000070ca00000| Untracked 
|  96|0x000000070cc00000, 0x000000070cc00000, 0x000000070ce00000|  0%| F|  |TAMS 0x000000070cc00000, 0x000000070cc00000| Untracked 
|  97|0x000000070ce00000, 0x000000070ce00000, 0x000000070d000000|  0%| F|  |TAMS 0x000000070ce00000, 0x000000070ce00000| Untracked 
|  98|0x000000070d000000, 0x000000070d000000, 0x000000070d200000|  0%| F|  |TAMS 0x000000070d000000, 0x000000070d000000| Untracked 
|  99|0x000000070d200000, 0x000000070d200000, 0x000000070d400000|  0%| F|  |TAMS 0x000000070d200000, 0x000000070d200000| Untracked 
| 100|0x000000070d400000, 0x000000070d400000, 0x000000070d600000|  0%| F|  |TAMS 0x000000070d400000, 0x000000070d400000| Untracked 
| 101|0x000000070d600000, 0x000000070d600000, 0x000000070d800000|  0%| F|  |TAMS 0x000000070d600000, 0x000000070d600000| Untracked 
| 102|0x000000070d800000, 0x000000070d800000, 0x000000070da00000|  0%| F|  |TAMS 0x000000070d800000, 0x000000070d800000| Untracked 
| 103|0x000000070da00000, 0x000000070da00000, 0x000000070dc00000|  0%| F|  |TAMS 0x000000070da00000, 0x000000070da00000| Untracked 
| 104|0x000000070dc00000, 0x000000070dc00000, 0x000000070de00000|  0%| F|  |TAMS 0x000000070dc00000, 0x000000070dc00000| Untracked 
| 105|0x000000070de00000, 0x000000070de00000, 0x000000070e000000|  0%| F|  |TAMS 0x000000070de00000, 0x000000070de00000| Untracked 
| 106|0x000000070e000000, 0x000000070e1980e8, 0x000000070e200000| 79%| E|  |TAMS 0x000000070e000000, 0x000000070e000000| Complete 
| 107|0x000000070e200000, 0x000000070e400000, 0x000000070e400000|100%| E|CS|TAMS 0x000000070e200000, 0x000000070e200000| Complete 
| 108|0x000000070e400000, 0x000000070e600000, 0x000000070e600000|100%| E|CS|TAMS 0x000000070e400000, 0x000000070e400000| Complete 
| 109|0x000000070e600000, 0x000000070e615bf0, 0x000000070e800000|  4%| S|CS|TAMS 0x000000070e600000, 0x000000070e600000| Complete 
| 110|0x000000070e800000, 0x000000070ea00000, 0x000000070ea00000|100%| S|CS|TAMS 0x000000070e800000, 0x000000070e800000| Complete 
| 111|0x000000070ea00000, 0x000000070ec00000, 0x000000070ec00000|100%| E|CS|TAMS 0x000000070ea00000, 0x000000070ea00000| Complete 
| 112|0x000000070ec00000, 0x000000070ee00000, 0x000000070ee00000|100%| E|CS|TAMS 0x000000070ec00000, 0x000000070ec00000| Complete 
| 113|0x000000070ee00000, 0x000000070f000000, 0x000000070f000000|100%| E|CS|TAMS 0x000000070ee00000, 0x000000070ee00000| Complete 
| 114|0x000000070f000000, 0x000000070f200000, 0x000000070f200000|100%| E|CS|TAMS 0x000000070f000000, 0x000000070f000000| Complete 
| 115|0x000000070f200000, 0x000000070f400000, 0x000000070f400000|100%| E|CS|TAMS 0x000000070f200000, 0x000000070f200000| Complete 
| 116|0x000000070f400000, 0x000000070f600000, 0x000000070f600000|100%| E|CS|TAMS 0x000000070f400000, 0x000000070f400000| Complete 
| 117|0x000000070f600000, 0x000000070f800000, 0x000000070f800000|100%| E|CS|TAMS 0x000000070f600000, 0x000000070f600000| Complete 
| 118|0x000000070f800000, 0x000000070fa00000, 0x000000070fa00000|100%| E|CS|TAMS 0x000000070f800000, 0x000000070f800000| Complete 
| 119|0x000000070fa00000, 0x000000070fc00000, 0x000000070fc00000|100%| E|CS|TAMS 0x000000070fa00000, 0x000000070fa00000| Complete 
| 120|0x000000070fc00000, 0x000000070fe00000, 0x000000070fe00000|100%| E|CS|TAMS 0x000000070fc00000, 0x000000070fc00000| Complete 
| 121|0x000000070fe00000, 0x0000000710000000, 0x0000000710000000|100%| E|CS|TAMS 0x000000070fe00000, 0x000000070fe00000| Complete 
| 122|0x0000000710000000, 0x0000000710200000, 0x0000000710200000|100%| E|CS|TAMS 0x0000000710000000, 0x0000000710000000| Complete 
| 123|0x0000000710200000, 0x0000000710400000, 0x0000000710400000|100%| E|CS|TAMS 0x0000000710200000, 0x0000000710200000| Complete 
| 124|0x0000000710400000, 0x0000000710600000, 0x0000000710600000|100%| E|CS|TAMS 0x0000000710400000, 0x0000000710400000| Complete 
| 125|0x0000000710600000, 0x0000000710800000, 0x0000000710800000|100%| E|CS|TAMS 0x0000000710600000, 0x0000000710600000| Complete 
| 126|0x0000000710800000, 0x0000000710a00000, 0x0000000710a00000|100%| E|CS|TAMS 0x0000000710800000, 0x0000000710800000| Complete 
| 127|0x0000000710a00000, 0x0000000710c00000, 0x0000000710c00000|100%| E|CS|TAMS 0x0000000710a00000, 0x0000000710a00000| Complete 

Card table byte_map: [0x000001d4f3b40000,0x000001d4f4340000] _byte_map_base: 0x000001d4f033a000

Marking Bits (Prev, Next): (CMBitMap*) 0x000001d4dbc019b0, (CMBitMap*) 0x000001d4dbc019f0
 Prev Bits: [0x000001d4f4b40000, 0x000001d4f8b10000)
 Next Bits: [0x000001d4f8b10000, 0x000001d4fcae0000)

Polling page: 0x000001d4d9bd0000

Metaspace:

Usage:
  Non-class:      5.76 MB capacity,     5.69 MB ( 99%) used,    62.52 KB (  1%) free+waste,     8.69 KB ( <1%) overhead. 
      Class:    672.00 KB capacity,   609.11 KB ( 91%) used,    58.95 KB (  9%) free+waste,     3.94 KB ( <1%) overhead. 
       Both:      6.42 MB capacity,     6.29 MB ( 98%) used,   121.48 KB (  2%) free+waste,    12.62 KB ( <1%) overhead. 

Virtual space:
  Non-class space:        8.00 MB reserved,       6.00 MB ( 75%) committed 
      Class space:        1.00 GB reserved,     768.00 KB ( <1%) committed 
             Both:        1.01 GB reserved,       6.75 MB ( <1%) committed 

Chunk freelists:
   Non-Class:  50.00 KB
       Class:  0 bytes
        Both:  50.00 KB

MaxMetaspaceSize: 17179869184.00 GB
CompressedClassSpaceSize: 1.00 GB

CodeHeap 'non-profiled nmethods': size=120000Kb used=899Kb max_used=899Kb free=119100Kb
 bounds [0x000001d4eb8c0000, 0x000001d4ebb30000, 0x000001d4f2df0000]
CodeHeap 'profiled nmethods': size=120000Kb used=2175Kb max_used=2175Kb free=117824Kb
 bounds [0x000001d4e4390000, 0x000001d4e4600000, 0x000001d4eb8c0000]
CodeHeap 'non-nmethods': size=5760Kb used=1249Kb max_used=1288Kb free=4510Kb
 bounds [0x000001d4e3df0000, 0x000001d4e4060000, 0x000001d4e4390000]
 total_blobs=1822 nmethods=1292 adapters=443
 compilation: enabled
              stopped_count=0, restarted_count=0
 full_count=0

Compilation events (20 events):
Event: 10.315 Thread 0x000001d480016d20 1285       3       object.turret.TurretSpear::update (104 bytes)
Event: 10.315 Thread 0x000001d480016d20 nmethod 1285 0x000001d4e45a7c10 code [0x000001d4e45a7e60, 0x000001d4e45a8848]
Event: 10.459 Thread 0x000001d480014030 1286       4       object.turret.TurretSpear::update (104 bytes)
Event: 10.464 Thread 0x000001d480014030 nmethod 1286 0x000001d4eb99cb90 code [0x000001d4eb99cd60, 0x000001d4eb99d1a8]
Event: 10.498 Thread 0x000001d480014030 1287       4       sun.java2d.d3d.D3DScreenUpdateManager::createGraphics (76 bytes)
Event: 10.505 Thread 0x000001d480014030 nmethod 1287 0x000001d4eb99d490 code [0x000001d4eb99d680, 0x000001d4eb99e1f0]
Event: 10.697 Thread 0x000001d480014030 1288       4       java.awt.EventQueue::eventToCacheIndex (80 bytes)
Event: 10.698 Thread 0x000001d480014030 nmethod 1288 0x000001d4eb99e910 code [0x000001d4eb99ea80, 0x000001d4eb99eb58]
Event: 10.816 Thread 0x000001d480016d20 1289       3       object.bullet.BulletSpear::render (445 bytes)
Event: 10.817 Thread 0x000001d480016d20 nmethod 1289 0x000001d4e45a8b90 code [0x000001d4e45a8f20, 0x000001d4e45aa868]
Event: 10.866 Thread 0x000001d480014030 1290       4       java.util.concurrent.locks.ReentrantLock$Sync::isHeldExclusively (16 bytes)
Event: 10.866 Thread 0x000001d480014030 nmethod 1290 0x000001d4eb99ec10 code [0x000001d4eb99ed80, 0x000001d4eb99ee18]
Event: 10.869 Thread 0x000001d480014030 1291       4       java.awt.EventQueue::getNextEventPrivate (76 bytes)
Event: 10.873 Thread 0x000001d480014030 nmethod 1291 0x000001d4eb99ef10 code [0x000001d4eb99f0a0, 0x000001d4eb99f518]
Event: 10.880 Thread 0x000001d480014030 1292       4       sun.awt.SunToolkit::getAppContext (42 bytes)
Event: 10.881 Thread 0x000001d480014030 nmethod 1292 0x000001d4eb99f790 code [0x000001d4eb99f920, 0x000001d4eb99f9d8]
Event: 11.060 Thread 0x000001d480014030 1293       4       object.bullet.BulletSpear::render (445 bytes)
Event: 11.065 Thread 0x000001d480014030 nmethod 1293 0x000001d4eb99fb10 code [0x000001d4eb99fdc0, 0x000001d4eb9a07a0]
Event: 11.510 Thread 0x000001d480016d20 1294       3       sun.java2d.pipe.BufferedContext::validate (575 bytes)
Event: 11.512 Thread 0x000001d480016d20 nmethod 1294 0x000001d4e45aaa90 code [0x000001d4e45ab000, 0x000001d4e45aec18]

GC Heap History (4 events):
Event: 2.671 GC heap before
{Heap before GC invocations=0 (full 0):
 garbage-first heap   total 262144K, used 22528K [0x0000000700c00000, 0x0000000800000000)
  region size 2048K, 11 young (22528K), 0 survivors (0K)
 Metaspace       used 6261K, capacity 6379K, committed 6656K, reserved 1056768K
  class space    used 608K, capacity 671K, committed 768K, reserved 1048576K
}
Event: 2.674 GC heap after
{Heap after GC invocations=1 (full 0):
 garbage-first heap   total 262144K, used 1947K [0x0000000700c00000, 0x0000000800000000)
  region size 2048K, 1 young (2048K), 1 survivors (2048K)
 Metaspace       used 6261K, capacity 6379K, committed 6656K, reserved 1056768K
  class space    used 608K, capacity 671K, committed 768K, reserved 1048576K
}
Event: 6.556 GC heap before
{Heap before GC invocations=1 (full 0):
 garbage-first heap   total 262144K, used 34715K [0x0000000700c00000, 0x0000000800000000)
  region size 2048K, 17 young (34816K), 1 survivors (2048K)
 Metaspace       used 6371K, capacity 6507K, committed 6656K, reserved 1056768K
  class space    used 608K, capacity 671K, committed 768K, reserved 1048576K
}
Event: 6.558 GC heap after
{Heap after GC invocations=2 (full 0):
 garbage-first heap   total 262144K, used 2134K [0x0000000700c00000, 0x0000000800000000)
  region size 2048K, 2 young (4096K), 2 survivors (4096K)
 Metaspace       used 6371K, capacity 6507K, committed 6656K, reserved 1056768K
  class space    used 608K, capacity 671K, committed 768K, reserved 1048576K
}

Deoptimization events (20 events):
Event: 11.509 Thread 0x000001d481086ae0 Uncommon trap: trap_request=0xffffff45 fr.pc=0x000001d4eb99dd18 relative=0x0000000000000698
Event: 11.509 Thread 0x000001d481086ae0 Uncommon trap: reason=unstable_if action=reinterpret pc=0x000001d4eb99dd18 method=sun.java2d.d3d.D3DScreenUpdateManager.createGraphics(Lsun/java2d/SurfaceData;Lsun/awt/windows/WComponentPeer;Ljava/awt/Color;Ljava/awt/Color;Ljava/awt/Font;)Ljava/awt/Graphi
Event: 11.509 Thread 0x000001d481086ae0 DEOPT PACKING pc=0x000001d4eb99dd18 sp=0x0000007f40d3ee50
Event: 11.509 Thread 0x000001d481086ae0 DEOPT UNPACKING pc=0x000001d4e3e3e42f sp=0x0000007f40d3ee38 mode 2
Event: 11.509 Thread 0x000001d481086ae0 Uncommon trap: trap_request=0xffffff45 fr.pc=0x000001d4eb951544 relative=0x0000000000000f64
Event: 11.509 Thread 0x000001d481086ae0 Uncommon trap: reason=unstable_if action=reinterpret pc=0x000001d4eb951544 method=sun.java2d.d3d.D3DScreenUpdateManager.runUpdateNow()V @ 8 c2
Event: 11.509 Thread 0x000001d481086ae0 DEOPT PACKING pc=0x000001d4eb951544 sp=0x0000007f40d3ecc0
Event: 11.509 Thread 0x000001d481086ae0 DEOPT UNPACKING pc=0x000001d4e3e3e42f sp=0x0000007f40d3eb78 mode 2
Event: 11.509 Thread 0x000001d481086ae0 Uncommon trap: trap_request=0xffffff45 fr.pc=0x000001d4eb9821c0 relative=0x00000000000018a0
Event: 11.509 Thread 0x000001d481086ae0 Uncommon trap: reason=unstable_if action=reinterpret pc=0x000001d4eb9821c0 method=sun.java2d.pipe.BufferedContext.validate(Lsun/java2d/pipe/hw/AccelSurface;Lsun/java2d/pipe/hw/AccelSurface;Lsun/java2d/pipe/Region;Ljava/awt/Composite;Ljava/awt/geom/AffineT
Event: 11.509 Thread 0x000001d481086ae0 DEOPT PACKING pc=0x000001d4eb9821c0 sp=0x0000007f40d3eac0
Event: 11.509 Thread 0x000001d481086ae0 DEOPT UNPACKING pc=0x000001d4e3e3e42f sp=0x0000007f40d3ea68 mode 2
Event: 11.509 Thread 0x000001d481086ae0 Uncommon trap: trap_request=0xffffff45 fr.pc=0x000001d4eb948740 relative=0x00000000000046a0
Event: 11.509 Thread 0x000001d481086ae0 Uncommon trap: reason=unstable_if action=reinterpret pc=0x000001d4eb948740 method=sun.java2d.pipe.DrawImage.scaleImage(Lsun/java2d/SunGraphics2D;Ljava/awt/Image;IIIILjava/awt/Color;)Z @ 92 c2
Event: 11.509 Thread 0x000001d481086ae0 DEOPT PACKING pc=0x000001d4eb948740 sp=0x0000007f40d3ed80
Event: 11.509 Thread 0x000001d481086ae0 DEOPT UNPACKING pc=0x000001d4e3e3e42f sp=0x0000007f40d3ebc0 mode 2
Event: 11.510 Thread 0x000001d481086ae0 Uncommon trap: trap_request=0xffffff45 fr.pc=0x000001d4eb94f6a0 relative=0x0000000000000100
Event: 11.510 Thread 0x000001d481086ae0 Uncommon trap: reason=unstable_if action=reinterpret pc=0x000001d4eb94f6a0 method=sun.awt.image.VolatileSurfaceManager.validate(Ljava/awt/GraphicsConfiguration;)I @ 90 c2
Event: 11.510 Thread 0x000001d481086ae0 DEOPT PACKING pc=0x000001d4eb94f6a0 sp=0x0000007f40d3ef20
Event: 11.510 Thread 0x000001d481086ae0 DEOPT UNPACKING pc=0x000001d4e3e3e42f sp=0x0000007f40d3ee50 mode 2

Classes unloaded (0 events):
No events

Classes redefined (0 events):
No events

Internal exceptions (11 events):
Event: 0.066 Thread 0x000001d4801b9d60 Exception <a 'java/lang/NoSuchMethodError'{0x0000000710808948}: 'java.lang.Object java.lang.invoke.DirectMethodHandle$Holder.invokeStatic(java.lang.Object)'> (0x0000000710808948) 
thrown [./open/src/hotspot/share/interpreter/linkResolver.cpp, line 782]
Event: 0.067 Thread 0x000001d4801b9d60 Exception <a 'java/lang/NoSuchMethodError'{0x000000071080c258}: 'java.lang.Object java.lang.invoke.DirectMethodHandle$Holder.invokeStaticInit(java.lang.Object)'> (0x000000071080c258) 
thrown [./open/src/hotspot/share/interpreter/linkResolver.cpp, line 782]
Event: 0.069 Thread 0x000001d4dbbb10f0 Exception <a 'java/lang/ClassNotFoundException'{0x0000000710bd8818}: sun/awt/resources/spi/awtProvider> (0x0000000710bd8818) 
thrown [./open/src/hotspot/share/classfile/systemDictionary.cpp, line 295]
Event: 0.070 Thread 0x000001d4801b9d60 Exception <a 'java/lang/NoSuchMethodError'{0x00000007108195d0}: 'void java.lang.invoke.DirectMethodHandle$Holder.invokeStatic(java.lang.Object, java.lang.Object)'> (0x00000007108195d0) 
thrown [./open/src/hotspot/share/interpreter/linkResolver.cpp, line 782]
Event: 0.084 Thread 0x000001d4dbbb10f0 Exception <a 'java/io/FileNotFoundException'{0x00000007108a31a0}> (0x00000007108a31a0) 
thrown [./open/src/hotspot/share/prims/jni.cpp, line 578]
Event: 0.088 Thread 0x000001d4dbbb10f0 Exception <a 'java/io/FileNotFoundException'{0x00000007108d1a00}> (0x00000007108d1a00) 
thrown [./open/src/hotspot/share/prims/jni.cpp, line 578]
Event: 0.090 Thread 0x000001d4dbbb10f0 Exception <a 'java/lang/NoSuchMethodError'{0x00000007108d7378}: 'void java.lang.invoke.DirectMethodHandle$Holder.invokeSpecial(java.lang.Object, java.lang.Object, java.lang.Object)'> (0x00000007108d7378) 
thrown [./open/src/hotspot/share/interpreter/linkResolver.cpp, line 782]
Event: 0.267 Thread 0x000001d4dbbb10f0 Exception <a 'java/lang/NoSuchMethodError'{0x00000007109e69b8}: 'void java.lang.invoke.DirectMethodHandle$Holder.invokeStaticInit(java.lang.Object)'> (0x00000007109e69b8) 
thrown [./open/src/hotspot/share/interpreter/linkResolver.cpp, line 782]
Event: 1.025 Thread 0x000001d480011380 Implicit null exception at 0x000001d4eb908036 to 0x000001d4eb90825e
Event: 9.273 Thread 0x000001d4803e6370 Exception <a 'java/lang/NoSuchMethodError'{0x000000070fd1f6d0}: 'void java.lang.invoke.DirectMethodHandle$Holder.invokeVirtual(java.lang.Object, java.lang.Object)'> (0x000000070fd1f6d0) 
thrown [./open/src/hotspot/share/interpreter/linkResolver.cpp, line 782]
Event: 9.279 Thread 0x000001d481086ae0 Implicit null exception at 0x000001d4eb8f0acc to 0x000001d4eb8f0cc0

Events (20 events):
Event: 2.674 Executing VM operation: HandshakeAllThreads
Event: 2.674 Executing VM operation: HandshakeAllThreads done
Event: 3.687 Executing VM operation: HandshakeAllThreads
Event: 3.687 Executing VM operation: HandshakeAllThreads done
Event: 4.700 Executing VM operation: HandshakeAllThreads
Event: 4.700 Executing VM operation: HandshakeAllThreads done
Event: 5.715 Executing VM operation: HandshakeAllThreads
Event: 5.715 Executing VM operation: HandshakeAllThreads done
Event: 6.556 Executing VM operation: G1CollectForAllocation
Event: 6.558 Executing VM operation: G1CollectForAllocation done
Event: 6.558 Executing VM operation: HandshakeAllThreads
Event: 6.558 Executing VM operation: HandshakeAllThreads done
Event: 8.583 Executing VM operation: HandshakeAllThreads
Event: 8.583 Executing VM operation: HandshakeAllThreads done
Event: 9.595 Executing VM operation: HandshakeAllThreads
Event: 9.595 Executing VM operation: HandshakeAllThreads done
Event: 11.509 Thread 0x000001d481087e20 Thread added: 0x000001d481087e20
Event: 11.509 Thread 0x000001d481086fb0 Thread added: 0x000001d481086fb0
Event: 11.509 Thread 0x000001d481086fb0 Thread exited: 0x000001d481086fb0
Event: 11.509 Thread 0x000001d48107a120 Thread exited: 0x000001d48107a120


Dynamic libraries:
0x00007ff7e2720000 - 0x00007ff7e272f000 	C:\Program Files\Java\jdk-15.0.1\bin\java.exe
0x00007ffe1bf30000 - 0x00007ffe1c125000 	C:\WINDOWS\SYSTEM32\ntdll.dll
0x00007ffe1a940000 - 0x00007ffe1a9fd000 	C:\WINDOWS\System32\KERNEL32.DLL
0x00007ffe19b40000 - 0x00007ffe19e09000 	C:\WINDOWS\System32\KERNELBASE.dll
0x00007ffe197c0000 - 0x00007ffe198c0000 	C:\WINDOWS\System32\ucrtbase.dll
0x00007ffe153d0000 - 0x00007ffe153e9000 	C:\Program Files\Java\jdk-15.0.1\bin\VCRUNTIME140.dll
0x00007ffe15380000 - 0x00007ffe15398000 	C:\Program Files\Java\jdk-15.0.1\bin\jli.dll
0x00007ffe1b740000 - 0x00007ffe1b7ec000 	C:\WINDOWS\System32\ADVAPI32.dll
0x00007ffe1aa00000 - 0x00007ffe1aa9e000 	C:\WINDOWS\System32\msvcrt.dll
0x00007ffe1af50000 - 0x00007ffe1afeb000 	C:\WINDOWS\System32\sechost.dll
0x00007ffe1b610000 - 0x00007ffe1b73a000 	C:\WINDOWS\System32\RPCRT4.dll
0x00007ffe1b7f0000 - 0x00007ffe1b990000 	C:\WINDOWS\System32\USER32.dll
0x00007ffe07230000 - 0x00007ffe074ca000 	C:\WINDOWS\WinSxS\amd64_microsoft.windows.common-controls_6595b64144ccf1df_6.0.19041.1083_none_60bbe31371f34e71\COMCTL32.dll
0x00007ffe19a80000 - 0x00007ffe19aa2000 	C:\WINDOWS\System32\win32u.dll
0x00007ffe1a020000 - 0x00007ffe1a04a000 	C:\WINDOWS\System32\GDI32.dll
0x00007ffe198c0000 - 0x00007ffe199cb000 	C:\WINDOWS\System32\gdi32full.dll
0x00007ffe19720000 - 0x00007ffe197bd000 	C:\WINDOWS\System32\msvcp_win.dll
0x00007ffe12270000 - 0x00007ffe1227a000 	C:\WINDOWS\SYSTEM32\VERSION.dll
0x00007ffe1acd0000 - 0x00007ffe1ad00000 	C:\WINDOWS\System32\IMM32.DLL
0x00007ffe15400000 - 0x00007ffe1540c000 	C:\Program Files\Java\jdk-15.0.1\bin\vcruntime140_1.dll
0x00007ffe09590000 - 0x00007ffe09621000 	C:\Program Files\Java\jdk-15.0.1\bin\msvcp140.dll
0x00007ffdc0b50000 - 0x00007ffdc16ae000 	C:\Program Files\Java\jdk-15.0.1\bin\server\jvm.dll
0x00007ffe1aaa0000 - 0x00007ffe1aaa8000 	C:\WINDOWS\System32\PSAPI.DLL
0x00007ffe03670000 - 0x00007ffe03679000 	C:\WINDOWS\SYSTEM32\WSOCK32.dll
0x00007ffe0b100000 - 0x00007ffe0b127000 	C:\WINDOWS\SYSTEM32\WINMM.dll
0x00007ffe1aab0000 - 0x00007ffe1ab1b000 	C:\WINDOWS\System32\WS2_32.dll
0x00007ffe175c0000 - 0x00007ffe175d2000 	C:\WINDOWS\SYSTEM32\kernel.appcore.dll
0x00007ffe15370000 - 0x00007ffe1537a000 	C:\Program Files\Java\jdk-15.0.1\bin\jimage.dll
0x00007ffe02b90000 - 0x00007ffe02d74000 	C:\WINDOWS\SYSTEM32\DBGHELP.DLL
0x00007ffe02650000 - 0x00007ffe0267c000 	C:\WINDOWS\SYSTEM32\dbgcore.DLL
0x00007ffe19ab0000 - 0x00007ffe19b33000 	C:\WINDOWS\System32\bcryptPrimitives.dll
0x00007ffe15350000 - 0x00007ffe1535e000 	C:\Program Files\Java\jdk-15.0.1\bin\instrument.dll
0x00007ffe15310000 - 0x00007ffe15335000 	C:\Program Files\Java\jdk-15.0.1\bin\java.dll
0x00007ffe1a170000 - 0x00007ffe1a8af000 	C:\WINDOWS\System32\SHELL32.dll
0x00007ffe177c0000 - 0x00007ffe17f51000 	C:\WINDOWS\SYSTEM32\windows.storage.dll
0x00007ffe1baa0000 - 0x00007ffe1bdf5000 	C:\WINDOWS\System32\combase.dll
0x00007ffe190e0000 - 0x00007ffe1910c000 	C:\WINDOWS\SYSTEM32\Wldp.dll
0x00007ffe1b010000 - 0x00007ffe1b0be000 	C:\WINDOWS\System32\SHCORE.dll
0x00007ffe1a0b0000 - 0x00007ffe1a105000 	C:\WINDOWS\System32\shlwapi.dll
0x00007ffe195b0000 - 0x00007ffe195cf000 	C:\WINDOWS\SYSTEM32\profapi.dll
0x00007ffe09570000 - 0x00007ffe09588000 	C:\Program Files\Java\jdk-15.0.1\bin\zip.dll
0x00007ffe152f0000 - 0x00007ffe15309000 	C:\Program Files\Java\jdk-15.0.1\bin\net.dll
0x00007ffe14190000 - 0x00007ffe1429a000 	C:\WINDOWS\SYSTEM32\WINHTTP.dll
0x00007ffe18e40000 - 0x00007ffe18eaa000 	C:\WINDOWS\system32\mswsock.dll
0x00007ffe152d0000 - 0x00007ffe152e2000 	C:\Program Files\Java\jdk-15.0.1\bin\nio.dll
0x00007ffe09380000 - 0x00007ffe0939a000 	C:\Program Files\JetBrains\IntelliJ IDEA Community Edition 2020.2\bin\breakgen64.dll
0x00007ffe02820000 - 0x00007ffe029a0000 	C:\Program Files\Java\jdk-15.0.1\bin\awt.dll
0x00007ffe1b530000 - 0x00007ffe1b5fd000 	C:\WINDOWS\System32\OLEAUT32.dll
0x00007ffe16f70000 - 0x00007ffe17000000 	C:\WINDOWS\SYSTEM32\apphelp.dll
0x00007ffe17100000 - 0x00007ffe1719e000 	C:\WINDOWS\system32\uxtheme.dll
0x00007ffe1ad00000 - 0x00007ffe1ae15000 	C:\WINDOWS\System32\MSCTF.dll
0x00007ffe1ae20000 - 0x00007ffe1af4a000 	C:\WINDOWS\System32\ole32.dll
0x00007ffe173e0000 - 0x00007ffe1740f000 	C:\WINDOWS\system32\DWMAPI.DLL
0x00007ffdb7470000 - 0x00007ffdb7595000 	C:\WINDOWS\system32\opengl32.dll
0x00007ffdb5830000 - 0x00007ffdb585c000 	C:\WINDOWS\SYSTEM32\GLU32.dll
0x00007ffdfcb50000 - 0x00007ffdfcd1e000 	C:\WINDOWS\system32\d3d9.dll
0x00007ffe0ed80000 - 0x00007ffe0ee82000 	C:\WINDOWS\System32\DriverStore\FileRepository\nv_dispi.inf_amd64_8e1b465b962975a0\nvldumdx.dll
0x00007ffe19260000 - 0x00007ffe19272000 	C:\WINDOWS\SYSTEM32\msasn1.dll
0x00007ffe12210000 - 0x00007ffe12241000 	C:\WINDOWS\SYSTEM32\cryptnet.dll
0x00007ffe19e40000 - 0x00007ffe19f9f000 	C:\WINDOWS\System32\CRYPT32.dll
0x00007ffe19040000 - 0x00007ffe1904c000 	C:\WINDOWS\SYSTEM32\cryptbase.dll
0x00007ffe19670000 - 0x00007ffe196d0000 	C:\WINDOWS\System32\WINTRUST.DLL
0x00007ffe1aff0000 - 0x00007ffe1b00d000 	C:\WINDOWS\System32\imagehlp.dll
0x00007ffe19020000 - 0x00007ffe19038000 	C:\WINDOWS\SYSTEM32\CRYPTSP.dll
0x00007ffe18770000 - 0x00007ffe187a4000 	C:\WINDOWS\system32\rsaenh.dll
0x00007ffe19e10000 - 0x00007ffe19e37000 	C:\WINDOWS\System32\bcrypt.dll
0x00007ffdc3740000 - 0x00007ffdc515c000 	C:\WINDOWS\System32\DriverStore\FileRepository\nv_dispi.inf_amd64_8e1b465b962975a0\nvd3dumx.dll
0x00007ffdca930000 - 0x00007ffdcabe9000 	C:\WINDOWS\system32\nvspcap64.dll
0x00007ffe184c0000 - 0x00007ffe184f3000 	C:\WINDOWS\SYSTEM32\ntmarta.dll
0x00007ffe17f70000 - 0x00007ffe17f93000 	C:\WINDOWS\SYSTEM32\gpapi.dll
0x00007ffe0f240000 - 0x00007ffe0f27b000 	C:\WINDOWS\SYSTEM32\dxcore.dll
0x00007ffe196d0000 - 0x00007ffe1971e000 	C:\WINDOWS\System32\cfgmgr32.dll
0x00007ffe04430000 - 0x00007ffe044b5000 	C:\Program Files\Java\jdk-15.0.1\bin\freetype.dll
0x00007ffdfa490000 - 0x00007ffdfa539000 	C:\Program Files\Java\jdk-15.0.1\bin\fontmanager.dll
0x00007ffe0eff0000 - 0x00007ffe0f0e9000 	C:\WINDOWS\SYSTEM32\textinputframework.dll
0x00007ffe16990000 - 0x00007ffe16cee000 	C:\WINDOWS\System32\CoreUIComponents.dll
0x00007ffe16cf0000 - 0x00007ffe16de2000 	C:\WINDOWS\System32\CoreMessaging.dll
0x00007ffe162c0000 - 0x00007ffe16414000 	C:\WINDOWS\SYSTEM32\wintypes.dll

dbghelp: loaded successfully - version: 4.0.5 - missing functions: none
symbol engine: initialized successfully - sym options: 0x614 - pdb path: .;C:\Program Files\Java\jdk-15.0.1\bin;C:\WINDOWS\SYSTEM32;C:\WINDOWS\WinSxS\amd64_microsoft.windows.common-controls_6595b64144ccf1df_6.0.19041.1083_none_60bbe31371f34e71;C:\Program Files\Java\jdk-15.0.1\bin\server;C:\Program Files\JetBrains\IntelliJ IDEA Community Edition 2020.2\bin;C:\WINDOWS\System32\DriverStore\FileRepository\nv_dispi.inf_amd64_8e1b465b962975a0

VM Arguments:
jvm_args: -javaagent:C:\Program Files\JetBrains\IntelliJ IDEA Community Edition 2020.2\lib\idea_rt.jar=50598:C:\Program Files\JetBrains\IntelliJ IDEA Community Edition 2020.2\bin -Dfile.encoding=UTF-8 
java_command: game.Game
java_class_path (initial): C:\Users\rarii\Desktop\Dateien\DAM\2021S2\Serveis i processos\DAM_M09_EAC2P1_Enunciat2021S2\PixelTD\out\production\PixelTD
Launcher Type: SUN_STANDARD

[Global flags]
     intx CICompilerCount                          = 4                                         {product} {ergonomic}
     uint ConcGCThreads                            = 3                                         {product} {ergonomic}
     uint G1ConcRefinementThreads                  = 10                                        {product} {ergonomic}
   size_t G1HeapRegionSize                         = 2097152                                   {product} {ergonomic}
    uintx GCDrainStackTargetSize                   = 64                                        {product} {ergonomic}
   size_t InitialHeapSize                          = 268435456                                 {product} {ergonomic}
   size_t MarkStackSize                            = 4194304                                   {product} {ergonomic}
   size_t MaxHeapSize                              = 4282384384                                {product} {ergonomic}
   size_t MaxNewSize                               = 2569011200                                {product} {ergonomic}
   size_t MinHeapDeltaBytes                        = 2097152                                   {product} {ergonomic}
   size_t MinHeapSize                              = 8388608                                   {product} {ergonomic}
    uintx NonNMethodCodeHeapSize                   = 5839372                                {pd product} {ergonomic}
    uintx NonProfiledCodeHeapSize                  = 122909434                              {pd product} {ergonomic}
    uintx ProfiledCodeHeapSize                     = 122909434                              {pd product} {ergonomic}
    uintx ReservedCodeCacheSize                    = 251658240                              {pd product} {ergonomic}
     bool SegmentedCodeCache                       = true                                      {product} {ergonomic}
   size_t SoftMaxHeapSize                          = 4282384384                             {manageable} {ergonomic}
     bool UseCompressedClassPointers               = true                                 {lp64_product} {ergonomic}
     bool UseCompressedOops                        = true                                 {lp64_product} {ergonomic}
     bool UseG1GC                                  = true                                      {product} {ergonomic}
     bool UseLargePagesIndividualAllocation        = false                                  {pd product} {ergonomic}

Logging:
Log output configuration:
 #0: stdout all=warning uptime,level,tags
 #1: stderr all=off uptime,level,tags

Environment Variables:
PATH=C:\Program Files (x86)\Common Files\Oracle\Java\javapath;C:\ProgramData\Oracle\Java\javapath;C:\Program Files\Common Files\Oracle\Java\javapath;C:\Windows\system32;C:\Windows;C:\Windows\System32\Wbem;C:\Windows\System32\WindowsPowerShell\v1.0\;C:\Windows\System32\OpenSSH\;C:\Program Files (x86)\NVIDIA Corporation\PhysX\Common;C:\Program Files\NVIDIA Corporation\NVIDIA NvDLISR;C:\Program Files\dotnet\;C:\Program Files\PuTTY\;C:\Program Files\PostgreSQL\13\bin;C:\WINDOWS\system32;C:\WINDOWS;C:\WINDOWS\System32\Wbem;C:\WINDOWS\System32\WindowsPowerShell\v1.0\;C:\WINDOWS\System32\OpenSSH\;C:\Program Files\Git\cmd;C:\Users\rarii\AppData\Local\Microsoft\WindowsApps;C:\Users\rarii\AppData\Local\Programs\Microsoft VS Code\bin;C:\Users\rarii\.dotnet\tools;C:\Users\rarii\.dotnet\tools;C:\Users\rarii\AppData\Local\Microsoft\WindowsApps;C:\Users\rarii\AppData\Local\GitHubDesktop\bin
USERNAME=HERMES
OS=Windows_NT
PROCESSOR_IDENTIFIER=AMD64 Family 23 Model 113 Stepping 0, AuthenticAMD



---------------  S Y S T E M  ---------------

OS:
 Windows 10 , 64 bit Build 19041 (10.0.19041.1023)
OS uptime: 0 days 2:12 hours

CPU: total 12 (initial active 12) (12 cores per cpu, 2 threads per core) family 23 model 113 stepping 0 microcode 0x0, cmov, cx8, fxsr, mmx, sse, sse2, sse3, ssse3, sse4.1, sse4.2, popcnt, vzeroupper, avx, avx2, aes, clmul, 3dnowpref, lzcnt, sse4a, ht, tsc, tscinvbit, tscinv, bmi1, bmi2, adx, sha, fma, clflush, clflushopt

Memory: 4k page, system-wide physical 16334M (8766M free)
TotalPageFile size 18766M (AvailPageFile size 8641M)
current process WorkingSet (physical memory assigned to process): 229M, peak: 239M
current process commit charge ("private bytes"): 558M, peak: 567M

vm_info: Java HotSpot(TM) 64-Bit Server VM (15.0.1+9-18) for windows-amd64 JRE (15.0.1+9-18), built on Sep 15 2020 14:43:54 by "mach5one" with unknown MS VC++:1925

END.
