#
# A fatal error has been detected by the Java Runtime Environment:
#
#  EXCEPTION_ACCESS_VIOLATION (0xc0000005) at pc=0x0000000000000000, pid=2032, tid=1608
#
# JRE version: Java(TM) SE Runtime Environment (15.0.1+9) (build 15.0.1+9-18)
# Java VM: Java HotSpot(TM) 64-Bit Server VM (15.0.1+9-18, mixed mode, sharing, tiered, compressed oops, g1 gc, windows-amd64)
# Problematic frame:
# C  0x0000000000000000
#
# No core dump will be written. Minidumps are not enabled by default on client versions of Windows
#
# If you would like to submit a bug report, please visit:
#   https://bugreport.java.com/bugreport/crash.jsp
# The crash happened outside the Java Virtual Machine in native code.
# See problematic frame for where to report the bug.
#

---------------  S U M M A R Y ------------

Command Line: -javaagent:C:\Program Files\JetBrains\IntelliJ IDEA Community Edition 2020.2\lib\idea_rt.jar=52656:C:\Program Files\JetBrains\IntelliJ IDEA Community Edition 2020.2\bin -Dfile.encoding=UTF-8 game.Game

Host: AMD Ryzen 5 3600 6-Core Processor              , 12 cores, 15G,  Windows 10 , 64 bit Build 19041 (10.0.19041.1023)
Time: Sat Jul 10 23:00:48 2021 Mitteleuropäische Sommerzeit    elapsed time: 23.497285 seconds (0d 0h 0m 23s)

---------------  T H R E A D  ---------------

Current thread (0x0000027cacd24db0):  JavaThread "AWT-Windows" daemon [_thread_in_native, id=1608, stack(0x000000f79f300000,0x000000f79f400000)]

Stack: [0x000000f79f300000,0x000000f79f400000],  sp=0x000000f79f3feeb8,  free space=1019k
Native frames: (J=compiled Java code, j=interpreted, Vv=VM code, C=native code)

Java frames: (J=compiled Java code, j=interpreted, Vv=VM code)
j  sun.awt.windows.WToolkit.eventLoop()V+0 java.desktop@15.0.1
j  sun.awt.windows.WToolkit.run()V+50 java.desktop@15.0.1
j  java.lang.Thread.run()V+11 java.base@15.0.1
v  ~StubRoutines::call_stub

siginfo: EXCEPTION_ACCESS_VIOLATION (0xc0000005), data execution prevention violation at address 0x0000000000000000


Register to memory mapping:

RIP=0x0 is NULL
RAX=0x0 is NULL
RBX=0x0000027cb5e10150 points into unknown readable memory: 0x0000027cadca34c0 | c0 34 ca ad 7c 02 00 00
RCX=0x0 is NULL
RDX=0x0000027cadca34c0 points into unknown readable memory: 0xb62a2a0073655243 | 43 52 65 73 00 2a 2a b6
RSP=0x000000f79f3feeb8 is pointing into the stack for thread: 0x0000027cacd24db0
RBP=0x00007ffdebc1c7e0 awt.dll
RSI=0x0 is NULL
RDI=0x0000027cad94a5f0 points into unknown readable memory: 0x0000000000000000 | 00 00 00 00 00 00 00 00
R8 =0x0000027cb5e10150 points into unknown readable memory: 0x0000027cadca34c0 | c0 34 ca ad 7c 02 00 00
R9 =0x0000000000000001 is an unknown value
R10=0x0000000000008000 is an unknown value
R11=0x000000f79f3ff080 is pointing into the stack for thread: 0x0000027cacd24db0
R12=0x0 is NULL
R13={method} {0x0000027cac2aecc8} 'eventLoop' '()V' in 'sun/awt/windows/WToolkit'
R14=0x000000f79f3ff368 is pointing into the stack for thread: 0x0000027cacd24db0
R15=0x0000027cacd24db0 is a thread


Registers:
RAX=0x0000000000000000, RBX=0x0000027cb5e10150, RCX=0x0000000000000000, RDX=0x0000027cadca34c0
RSP=0x000000f79f3feeb8, RBP=0x00007ffdebc1c7e0, RSI=0x0000000000000000, RDI=0x0000027cad94a5f0
R8 =0x0000027cb5e10150, R9 =0x0000000000000001, R10=0x0000000000008000, R11=0x000000f79f3ff080
R12=0x0000000000000000, R13=0x0000027cac2aecc0, R14=0x000000f79f3ff368, R15=0x0000027cacd24db0
RIP=0x0000000000000000, EFLAGS=0x0000000000010206

Top of Stack: (sp=0x000000f79f3feeb8)
0x000000f79f3feeb8:   00007ffe13510158 0000027cacd24db0
0x000000f79f3feec8:   0000000000000000 0000027cac2aecc0
0x000000f79f3feed8:   0000000000000000 0000027cad94a5f0
0x000000f79f3feee8:   00007ffe13510087 0000027cb5e10150
0x000000f79f3feef8:   0000027cad92b6d0 00007ffdebc1c7e0
0x000000f79f3fef08:   0000000000000000 0000027cada40f40
0x000000f79f3fef18:   00007ffe134ee22e 0000027cad8042e0
0x000000f79f3fef28:   00007ffe1db96fff 0000027cad8ac4b0
0x000000f79f3fef38:   0000000000000000 0000027cad94a5f0
0x000000f79f3fef48:   0000027cb5e10150 0000027cac2aecc0
0x000000f79f3fef58:   00007ffe200b5ba1 0000027cad806f10
0x000000f79f3fef68:   00007ffe134ee14b 0000000000000000
0x000000f79f3fef78:   0000027c86470000 fffffffffffffffe
0x000000f79f3fef88:   fffffffffffffffe 000000f79f3ff368
0x000000f79f3fef98:   00007ffe134ee0b0 0000000000000001
0x000000f79f3fefa8:   0000000000000001 0000027cad8042e0 

Instructions: (pc=0x0000000000000000)
0xffffffffffffff00:   


Stack slot to memory mapping:
stack at sp + 0 slots: 0x00007ffe13510158 d3d9.dll
stack at sp + 1 slots: 0x0000027cacd24db0 is a thread
stack at sp + 2 slots: 0x0 is NULL
stack at sp + 3 slots: {method} {0x0000027cac2aecc8} 'eventLoop' '()V' in 'sun/awt/windows/WToolkit'
stack at sp + 4 slots: 0x0 is NULL
stack at sp + 5 slots: 0x0000027cad94a5f0 points into unknown readable memory: 0x0000000000000000 | 00 00 00 00 00 00 00 00
stack at sp + 6 slots: 0x00007ffe13510087 d3d9.dll
stack at sp + 7 slots: 0x0000027cb5e10150 points into unknown readable memory: 0x0000027cadca34c0 | c0 34 ca ad 7c 02 00 00


---------------  P R O C E S S  ---------------

Threads class SMR info:
_java_thread_list=0x0000027cba611180, length=18, elements={
0x0000027cac163370, 0x0000027cac1666f0, 0x0000027cac16e2f0, 0x0000027cac97cff0,
0x0000027cac980060, 0x0000027cac983600, 0x0000027cac9891a0, 0x0000027cac98a430,
0x0000027cac147a90, 0x0000027cacaf7ce0, 0x0000027cacafcc60, 0x0000027cacd24410,
0x0000027cacd248e0, 0x0000027cacd24db0, 0x0000027cacd25750, 0x0000027cacd25c20,
0x0000027cacd22c00, 0x0000027cacd235a0
}

Java Threads: ( => current thread )
  0x0000027cac163370 JavaThread "Reference Handler" daemon [_thread_blocked, id=1236, stack(0x000000f79e500000,0x000000f79e600000)]
  0x0000027cac1666f0 JavaThread "Finalizer" daemon [_thread_blocked, id=9220, stack(0x000000f79e600000,0x000000f79e700000)]
  0x0000027cac16e2f0 JavaThread "Signal Dispatcher" daemon [_thread_blocked, id=14552, stack(0x000000f79e700000,0x000000f79e800000)]
  0x0000027cac97cff0 JavaThread "Attach Listener" daemon [_thread_blocked, id=12152, stack(0x000000f79e800000,0x000000f79e900000)]
  0x0000027cac980060 JavaThread "Service Thread" daemon [_thread_blocked, id=12168, stack(0x000000f79e900000,0x000000f79ea00000)]
  0x0000027cac983600 JavaThread "C2 CompilerThread0" daemon [_thread_blocked, id=11836, stack(0x000000f79ea00000,0x000000f79eb00000)]
  0x0000027cac9891a0 JavaThread "C1 CompilerThread0" daemon [_thread_blocked, id=15392, stack(0x000000f79eb00000,0x000000f79ec00000)]
  0x0000027cac98a430 JavaThread "Sweeper thread" daemon [_thread_blocked, id=6084, stack(0x000000f79ec00000,0x000000f79ed00000)]
  0x0000027cac147a90 JavaThread "Common-Cleaner" daemon [_thread_blocked, id=7652, stack(0x000000f79ed00000,0x000000f79ee00000)]
  0x0000027cacaf7ce0 JavaThread "Monitor Ctrl-Break" daemon [_thread_in_native, id=1208, stack(0x000000f79ee00000,0x000000f79ef00000)]
  0x0000027cacafcc60 JavaThread "Notification Thread" daemon [_thread_blocked, id=1012, stack(0x000000f79ef00000,0x000000f79f000000)]
  0x0000027cacd24410 JavaThread "Java2D Disposer" daemon [_thread_blocked, id=1612, stack(0x000000f79f100000,0x000000f79f200000)]
  0x0000027cacd248e0 JavaThread "AWT-Shutdown" [_thread_blocked, id=10980, stack(0x000000f79f200000,0x000000f79f300000)]
=>0x0000027cacd24db0 JavaThread "AWT-Windows" daemon [_thread_in_native, id=1608, stack(0x000000f79f300000,0x000000f79f400000)]
  0x0000027cacd25750 JavaThread "AWT-EventQueue-0" [_thread_blocked, id=5436, stack(0x000000f79f6e0000,0x000000f79f7e0000)]
  0x0000027cacd25c20 JavaThread "Rendering Thread" [_thread_in_native, id=15272, stack(0x000000f79f8e0000,0x000000f79f9e0000)]
  0x0000027cacd22c00 JavaThread "DestroyJavaVM" [_thread_blocked, id=12956, stack(0x000000f79de00000,0x000000f79df00000)]
  0x0000027cacd235a0 JavaThread "ToolkitShutdown" daemon [_thread_in_native, id=16352, stack(0x000000f7a01d0000,0x000000f7a02d0000)]

Other Threads:
  0x0000027cac15e330 VMThread "VM Thread" [stack: 0x000000f79e400000,0x000000f79e500000] [id=15568]
  0x0000027cacafea50 WatcherThread [stack: 0x000000f79f000000,0x000000f79f100000] [id=14400]
  0x0000027c885f2570 GCTaskThread "GC Thread#0" [stack: 0x000000f79df00000,0x000000f79e000000] [id=12344]
  0x0000027caccff1e0 GCTaskThread "GC Thread#1" [stack: 0x000000f79fad0000,0x000000f79fbd0000] [id=14160]
  0x0000027caccfd200 GCTaskThread "GC Thread#2" [stack: 0x000000f79fbd0000,0x000000f79fcd0000] [id=9796]
  0x0000027caccff510 GCTaskThread "GC Thread#3" [stack: 0x000000f79fcd0000,0x000000f79fdd0000] [id=13404]
  0x0000027caccfdec0 GCTaskThread "GC Thread#4" [stack: 0x000000f79fdd0000,0x000000f79fed0000] [id=9340]
  0x0000027caccfe1f0 GCTaskThread "GC Thread#5" [stack: 0x000000f79fed0000,0x000000f79ffd0000] [id=3308]
  0x0000027caccfe520 GCTaskThread "GC Thread#6" [stack: 0x000000f79ffd0000,0x000000f7a00d0000] [id=13896]
  0x0000027caccfe850 GCTaskThread "GC Thread#7" [stack: 0x000000f7a00d0000,0x000000f7a01d0000] [id=10172]
  0x0000027c88603600 ConcurrentGCThread "G1 Main Marker" [stack: 0x000000f79e000000,0x000000f79e100000] [id=5868]
  0x0000027c88604990 ConcurrentGCThread "G1 Conc#0" [stack: 0x000000f79e100000,0x000000f79e200000] [id=14680]
  0x0000027c8867d6c0 ConcurrentGCThread "G1 Refine#0" [stack: 0x000000f79e200000,0x000000f79e300000] [id=15984]
  0x0000027c8867e2c0 ConcurrentGCThread "G1 Young RemSet Sampling" [stack: 0x000000f79e300000,0x000000f79e400000] [id=7660]

Threads with active compile tasks:

VM state: not at safepoint (normal execution)

VM Mutex/Monitor currently owned by a thread: None

Heap address: 0x0000000700c00000, size: 4084 MB, Compressed Oops mode: Zero based, Oop shift amount: 3
CDS archive(s) mapped at: [0x0000000800000000-0x0000000800b50000-0x0000000800b50000), size 11862016, SharedBaseAddress: 0x0000000800000000, ArchiveRelocationMode: 0.
Compressed class space mapped at: 0x0000000800b50000-0x0000000840b50000, size: 1073741824
Narrow klass base: 0x0000000800000000, Narrow klass shift: 3, Narrow klass range: 0x100000000

GC Precious Log:
 CPUs: 12 total, 12 available
 Memory: 16334M
 Large Page Support: Disabled
 NUMA Support: Disabled
 Compressed Oops: Enabled (Zero based)
 Heap Region Size: 2M
 Heap Min Capacity: 8M
 Heap Initial Capacity: 256M
 Heap Max Capacity: 4084M
 Pre-touch: Disabled
 Parallel Workers: 10
 Concurrent Workers: 3
 Concurrent Refinement Workers: 10
 Periodic GC: Disabled

Heap:
 garbage-first heap   total 262144K, used 10240K [0x0000000700c00000, 0x0000000800000000)
  region size 2048K, 6 young (12288K), 1 survivors (2048K)
 Metaspace       used 6572K, capacity 6734K, committed 6912K, reserved 1056768K
  class space    used 618K, capacity 704K, committed 768K, reserved 1048576K

Heap Regions: E=young(eden), S=young(survivor), O=old, HS=humongous(starts), HC=humongous(continues), CS=collection set, F=free, OA=open archive, CA=closed archive, TAMS=top-at-mark-start (previous, next)
|   0|0x0000000700c00000, 0x0000000700c00000, 0x0000000700e00000|  0%| F|  |TAMS 0x0000000700c00000, 0x0000000700c00000| Untracked 
|   1|0x0000000700e00000, 0x0000000700e00000, 0x0000000701000000|  0%| F|  |TAMS 0x0000000700e00000, 0x0000000700e00000| Untracked 
|   2|0x0000000701000000, 0x0000000701000000, 0x0000000701200000|  0%| F|  |TAMS 0x0000000701000000, 0x0000000701000000| Untracked 
|   3|0x0000000701200000, 0x0000000701200000, 0x0000000701400000|  0%| F|  |TAMS 0x0000000701200000, 0x0000000701200000| Untracked 
|   4|0x0000000701400000, 0x0000000701400000, 0x0000000701600000|  0%| F|  |TAMS 0x0000000701400000, 0x0000000701400000| Untracked 
|   5|0x0000000701600000, 0x0000000701600000, 0x0000000701800000|  0%| F|  |TAMS 0x0000000701600000, 0x0000000701600000| Untracked 
|   6|0x0000000701800000, 0x0000000701800000, 0x0000000701a00000|  0%| F|  |TAMS 0x0000000701800000, 0x0000000701800000| Untracked 
|   7|0x0000000701a00000, 0x0000000701a00000, 0x0000000701c00000|  0%| F|  |TAMS 0x0000000701a00000, 0x0000000701a00000| Untracked 
|   8|0x0000000701c00000, 0x0000000701c00000, 0x0000000701e00000|  0%| F|  |TAMS 0x0000000701c00000, 0x0000000701c00000| Untracked 
|   9|0x0000000701e00000, 0x0000000701e00000, 0x0000000702000000|  0%| F|  |TAMS 0x0000000701e00000, 0x0000000701e00000| Untracked 
|  10|0x0000000702000000, 0x0000000702000000, 0x0000000702200000|  0%| F|  |TAMS 0x0000000702000000, 0x0000000702000000| Untracked 
|  11|0x0000000702200000, 0x0000000702200000, 0x0000000702400000|  0%| F|  |TAMS 0x0000000702200000, 0x0000000702200000| Untracked 
|  12|0x0000000702400000, 0x0000000702400000, 0x0000000702600000|  0%| F|  |TAMS 0x0000000702400000, 0x0000000702400000| Untracked 
|  13|0x0000000702600000, 0x0000000702600000, 0x0000000702800000|  0%| F|  |TAMS 0x0000000702600000, 0x0000000702600000| Untracked 
|  14|0x0000000702800000, 0x0000000702800000, 0x0000000702a00000|  0%| F|  |TAMS 0x0000000702800000, 0x0000000702800000| Untracked 
|  15|0x0000000702a00000, 0x0000000702a00000, 0x0000000702c00000|  0%| F|  |TAMS 0x0000000702a00000, 0x0000000702a00000| Untracked 
|  16|0x0000000702c00000, 0x0000000702c00000, 0x0000000702e00000|  0%| F|  |TAMS 0x0000000702c00000, 0x0000000702c00000| Untracked 
|  17|0x0000000702e00000, 0x0000000702e00000, 0x0000000703000000|  0%| F|  |TAMS 0x0000000702e00000, 0x0000000702e00000| Untracked 
|  18|0x0000000703000000, 0x0000000703000000, 0x0000000703200000|  0%| F|  |TAMS 0x0000000703000000, 0x0000000703000000| Untracked 
|  19|0x0000000703200000, 0x0000000703200000, 0x0000000703400000|  0%| F|  |TAMS 0x0000000703200000, 0x0000000703200000| Untracked 
|  20|0x0000000703400000, 0x0000000703400000, 0x0000000703600000|  0%| F|  |TAMS 0x0000000703400000, 0x0000000703400000| Untracked 
|  21|0x0000000703600000, 0x0000000703600000, 0x0000000703800000|  0%| F|  |TAMS 0x0000000703600000, 0x0000000703600000| Untracked 
|  22|0x0000000703800000, 0x0000000703800000, 0x0000000703a00000|  0%| F|  |TAMS 0x0000000703800000, 0x0000000703800000| Untracked 
|  23|0x0000000703a00000, 0x0000000703a00000, 0x0000000703c00000|  0%| F|  |TAMS 0x0000000703a00000, 0x0000000703a00000| Untracked 
|  24|0x0000000703c00000, 0x0000000703c00000, 0x0000000703e00000|  0%| F|  |TAMS 0x0000000703c00000, 0x0000000703c00000| Untracked 
|  25|0x0000000703e00000, 0x0000000703e00000, 0x0000000704000000|  0%| F|  |TAMS 0x0000000703e00000, 0x0000000703e00000| Untracked 
|  26|0x0000000704000000, 0x0000000704000000, 0x0000000704200000|  0%| F|  |TAMS 0x0000000704000000, 0x0000000704000000| Untracked 
|  27|0x0000000704200000, 0x0000000704200000, 0x0000000704400000|  0%| F|  |TAMS 0x0000000704200000, 0x0000000704200000| Untracked 
|  28|0x0000000704400000, 0x0000000704400000, 0x0000000704600000|  0%| F|  |TAMS 0x0000000704400000, 0x0000000704400000| Untracked 
|  29|0x0000000704600000, 0x0000000704600000, 0x0000000704800000|  0%| F|  |TAMS 0x0000000704600000, 0x0000000704600000| Untracked 
|  30|0x0000000704800000, 0x0000000704800000, 0x0000000704a00000|  0%| F|  |TAMS 0x0000000704800000, 0x0000000704800000| Untracked 
|  31|0x0000000704a00000, 0x0000000704a00000, 0x0000000704c00000|  0%| F|  |TAMS 0x0000000704a00000, 0x0000000704a00000| Untracked 
|  32|0x0000000704c00000, 0x0000000704c00000, 0x0000000704e00000|  0%| F|  |TAMS 0x0000000704c00000, 0x0000000704c00000| Untracked 
|  33|0x0000000704e00000, 0x0000000704e00000, 0x0000000705000000|  0%| F|  |TAMS 0x0000000704e00000, 0x0000000704e00000| Untracked 
|  34|0x0000000705000000, 0x0000000705000000, 0x0000000705200000|  0%| F|  |TAMS 0x0000000705000000, 0x0000000705000000| Untracked 
|  35|0x0000000705200000, 0x0000000705200000, 0x0000000705400000|  0%| F|  |TAMS 0x0000000705200000, 0x0000000705200000| Untracked 
|  36|0x0000000705400000, 0x0000000705400000, 0x0000000705600000|  0%| F|  |TAMS 0x0000000705400000, 0x0000000705400000| Untracked 
|  37|0x0000000705600000, 0x0000000705600000, 0x0000000705800000|  0%| F|  |TAMS 0x0000000705600000, 0x0000000705600000| Untracked 
|  38|0x0000000705800000, 0x0000000705800000, 0x0000000705a00000|  0%| F|  |TAMS 0x0000000705800000, 0x0000000705800000| Untracked 
|  39|0x0000000705a00000, 0x0000000705a00000, 0x0000000705c00000|  0%| F|  |TAMS 0x0000000705a00000, 0x0000000705a00000| Untracked 
|  40|0x0000000705c00000, 0x0000000705c00000, 0x0000000705e00000|  0%| F|  |TAMS 0x0000000705c00000, 0x0000000705c00000| Untracked 
|  41|0x0000000705e00000, 0x0000000705e00000, 0x0000000706000000|  0%| F|  |TAMS 0x0000000705e00000, 0x0000000705e00000| Untracked 
|  42|0x0000000706000000, 0x0000000706000000, 0x0000000706200000|  0%| F|  |TAMS 0x0000000706000000, 0x0000000706000000| Untracked 
|  43|0x0000000706200000, 0x0000000706200000, 0x0000000706400000|  0%| F|  |TAMS 0x0000000706200000, 0x0000000706200000| Untracked 
|  44|0x0000000706400000, 0x0000000706400000, 0x0000000706600000|  0%| F|  |TAMS 0x0000000706400000, 0x0000000706400000| Untracked 
|  45|0x0000000706600000, 0x0000000706600000, 0x0000000706800000|  0%| F|  |TAMS 0x0000000706600000, 0x0000000706600000| Untracked 
|  46|0x0000000706800000, 0x0000000706800000, 0x0000000706a00000|  0%| F|  |TAMS 0x0000000706800000, 0x0000000706800000| Untracked 
|  47|0x0000000706a00000, 0x0000000706a00000, 0x0000000706c00000|  0%| F|  |TAMS 0x0000000706a00000, 0x0000000706a00000| Untracked 
|  48|0x0000000706c00000, 0x0000000706c00000, 0x0000000706e00000|  0%| F|  |TAMS 0x0000000706c00000, 0x0000000706c00000| Untracked 
|  49|0x0000000706e00000, 0x0000000706e00000, 0x0000000707000000|  0%| F|  |TAMS 0x0000000706e00000, 0x0000000706e00000| Untracked 
|  50|0x0000000707000000, 0x0000000707000000, 0x0000000707200000|  0%| F|  |TAMS 0x0000000707000000, 0x0000000707000000| Untracked 
|  51|0x0000000707200000, 0x0000000707400000, 0x0000000707400000|100%| S|CS|TAMS 0x0000000707200000, 0x0000000707200000| Complete 
|  52|0x0000000707400000, 0x0000000707400000, 0x0000000707600000|  0%| F|  |TAMS 0x0000000707400000, 0x0000000707400000| Untracked 
|  53|0x0000000707600000, 0x0000000707600000, 0x0000000707800000|  0%| F|  |TAMS 0x0000000707600000, 0x0000000707600000| Untracked 
|  54|0x0000000707800000, 0x0000000707800000, 0x0000000707a00000|  0%| F|  |TAMS 0x0000000707800000, 0x0000000707800000| Untracked 
|  55|0x0000000707a00000, 0x0000000707a00000, 0x0000000707c00000|  0%| F|  |TAMS 0x0000000707a00000, 0x0000000707a00000| Untracked 
|  56|0x0000000707c00000, 0x0000000707c00000, 0x0000000707e00000|  0%| F|  |TAMS 0x0000000707c00000, 0x0000000707c00000| Untracked 
|  57|0x0000000707e00000, 0x0000000707e00000, 0x0000000708000000|  0%| F|  |TAMS 0x0000000707e00000, 0x0000000707e00000| Untracked 
|  58|0x0000000708000000, 0x0000000708000000, 0x0000000708200000|  0%| F|  |TAMS 0x0000000708000000, 0x0000000708000000| Untracked 
|  59|0x0000000708200000, 0x0000000708200000, 0x0000000708400000|  0%| F|  |TAMS 0x0000000708200000, 0x0000000708200000| Untracked 
|  60|0x0000000708400000, 0x0000000708400000, 0x0000000708600000|  0%| F|  |TAMS 0x0000000708400000, 0x0000000708400000| Untracked 
|  61|0x0000000708600000, 0x0000000708600000, 0x0000000708800000|  0%| F|  |TAMS 0x0000000708600000, 0x0000000708600000| Untracked 
|  62|0x0000000708800000, 0x0000000708800000, 0x0000000708a00000|  0%| F|  |TAMS 0x0000000708800000, 0x0000000708800000| Untracked 
|  63|0x0000000708a00000, 0x0000000708a00000, 0x0000000708c00000|  0%| F|  |TAMS 0x0000000708a00000, 0x0000000708a00000| Untracked 
|  64|0x0000000708c00000, 0x0000000708c00000, 0x0000000708e00000|  0%| F|  |TAMS 0x0000000708c00000, 0x0000000708c00000| Untracked 
|  65|0x0000000708e00000, 0x0000000708e00000, 0x0000000709000000|  0%| F|  |TAMS 0x0000000708e00000, 0x0000000708e00000| Untracked 
|  66|0x0000000709000000, 0x0000000709000000, 0x0000000709200000|  0%| F|  |TAMS 0x0000000709000000, 0x0000000709000000| Untracked 
|  67|0x0000000709200000, 0x0000000709200000, 0x0000000709400000|  0%| F|  |TAMS 0x0000000709200000, 0x0000000709200000| Untracked 
|  68|0x0000000709400000, 0x0000000709400000, 0x0000000709600000|  0%| F|  |TAMS 0x0000000709400000, 0x0000000709400000| Untracked 
|  69|0x0000000709600000, 0x0000000709600000, 0x0000000709800000|  0%| F|  |TAMS 0x0000000709600000, 0x0000000709600000| Untracked 
|  70|0x0000000709800000, 0x0000000709800000, 0x0000000709a00000|  0%| F|  |TAMS 0x0000000709800000, 0x0000000709800000| Untracked 
|  71|0x0000000709a00000, 0x0000000709a00000, 0x0000000709c00000|  0%| F|  |TAMS 0x0000000709a00000, 0x0000000709a00000| Untracked 
|  72|0x0000000709c00000, 0x0000000709c00000, 0x0000000709e00000|  0%| F|  |TAMS 0x0000000709c00000, 0x0000000709c00000| Untracked 
|  73|0x0000000709e00000, 0x0000000709e00000, 0x000000070a000000|  0%| F|  |TAMS 0x0000000709e00000, 0x0000000709e00000| Untracked 
|  74|0x000000070a000000, 0x000000070a000000, 0x000000070a200000|  0%| F|  |TAMS 0x000000070a000000, 0x000000070a000000| Untracked 
|  75|0x000000070a200000, 0x000000070a200000, 0x000000070a400000|  0%| F|  |TAMS 0x000000070a200000, 0x000000070a200000| Untracked 
|  76|0x000000070a400000, 0x000000070a400000, 0x000000070a600000|  0%| F|  |TAMS 0x000000070a400000, 0x000000070a400000| Untracked 
|  77|0x000000070a600000, 0x000000070a600000, 0x000000070a800000|  0%| F|  |TAMS 0x000000070a600000, 0x000000070a600000| Untracked 
|  78|0x000000070a800000, 0x000000070a800000, 0x000000070aa00000|  0%| F|  |TAMS 0x000000070a800000, 0x000000070a800000| Untracked 
|  79|0x000000070aa00000, 0x000000070aa00000, 0x000000070ac00000|  0%| F|  |TAMS 0x000000070aa00000, 0x000000070aa00000| Untracked 
|  80|0x000000070ac00000, 0x000000070ac00000, 0x000000070ae00000|  0%| F|  |TAMS 0x000000070ac00000, 0x000000070ac00000| Untracked 
|  81|0x000000070ae00000, 0x000000070ae00000, 0x000000070b000000|  0%| F|  |TAMS 0x000000070ae00000, 0x000000070ae00000| Untracked 
|  82|0x000000070b000000, 0x000000070b000000, 0x000000070b200000|  0%| F|  |TAMS 0x000000070b000000, 0x000000070b000000| Untracked 
|  83|0x000000070b200000, 0x000000070b200000, 0x000000070b400000|  0%| F|  |TAMS 0x000000070b200000, 0x000000070b200000| Untracked 
|  84|0x000000070b400000, 0x000000070b400000, 0x000000070b600000|  0%| F|  |TAMS 0x000000070b400000, 0x000000070b400000| Untracked 
|  85|0x000000070b600000, 0x000000070b600000, 0x000000070b800000|  0%| F|  |TAMS 0x000000070b600000, 0x000000070b600000| Untracked 
|  86|0x000000070b800000, 0x000000070b800000, 0x000000070ba00000|  0%| F|  |TAMS 0x000000070b800000, 0x000000070b800000| Untracked 
|  87|0x000000070ba00000, 0x000000070ba00000, 0x000000070bc00000|  0%| F|  |TAMS 0x000000070ba00000, 0x000000070ba00000| Untracked 
|  88|0x000000070bc00000, 0x000000070bc00000, 0x000000070be00000|  0%| F|  |TAMS 0x000000070bc00000, 0x000000070bc00000| Untracked 
|  89|0x000000070be00000, 0x000000070be00000, 0x000000070c000000|  0%| F|  |TAMS 0x000000070be00000, 0x000000070be00000| Untracked 
|  90|0x000000070c000000, 0x000000070c000000, 0x000000070c200000|  0%| F|  |TAMS 0x000000070c000000, 0x000000070c000000| Untracked 
|  91|0x000000070c200000, 0x000000070c200000, 0x000000070c400000|  0%| F|  |TAMS 0x000000070c200000, 0x000000070c200000| Untracked 
|  92|0x000000070c400000, 0x000000070c400000, 0x000000070c600000|  0%| F|  |TAMS 0x000000070c400000, 0x000000070c400000| Untracked 
|  93|0x000000070c600000, 0x000000070c600000, 0x000000070c800000|  0%| F|  |TAMS 0x000000070c600000, 0x000000070c600000| Untracked 
|  94|0x000000070c800000, 0x000000070c800000, 0x000000070ca00000|  0%| F|  |TAMS 0x000000070c800000, 0x000000070c800000| Untracked 
|  95|0x000000070ca00000, 0x000000070ca00000, 0x000000070cc00000|  0%| F|  |TAMS 0x000000070ca00000, 0x000000070ca00000| Untracked 
|  96|0x000000070cc00000, 0x000000070cc00000, 0x000000070ce00000|  0%| F|  |TAMS 0x000000070cc00000, 0x000000070cc00000| Untracked 
|  97|0x000000070ce00000, 0x000000070ce00000, 0x000000070d000000|  0%| F|  |TAMS 0x000000070ce00000, 0x000000070ce00000| Untracked 
|  98|0x000000070d000000, 0x000000070d000000, 0x000000070d200000|  0%| F|  |TAMS 0x000000070d000000, 0x000000070d000000| Untracked 
|  99|0x000000070d200000, 0x000000070d200000, 0x000000070d400000|  0%| F|  |TAMS 0x000000070d200000, 0x000000070d200000| Untracked 
| 100|0x000000070d400000, 0x000000070d400000, 0x000000070d600000|  0%| F|  |TAMS 0x000000070d400000, 0x000000070d400000| Untracked 
| 101|0x000000070d600000, 0x000000070d600000, 0x000000070d800000|  0%| F|  |TAMS 0x000000070d600000, 0x000000070d600000| Untracked 
| 102|0x000000070d800000, 0x000000070d800000, 0x000000070da00000|  0%| F|  |TAMS 0x000000070d800000, 0x000000070d800000| Untracked 
| 103|0x000000070da00000, 0x000000070da00000, 0x000000070dc00000|  0%| F|  |TAMS 0x000000070da00000, 0x000000070da00000| Untracked 
| 104|0x000000070dc00000, 0x000000070dc00000, 0x000000070de00000|  0%| F|  |TAMS 0x000000070dc00000, 0x000000070dc00000| Untracked 
| 105|0x000000070de00000, 0x000000070de00000, 0x000000070e000000|  0%| F|  |TAMS 0x000000070de00000, 0x000000070de00000| Untracked 
| 106|0x000000070e000000, 0x000000070e000000, 0x000000070e200000|  0%| F|  |TAMS 0x000000070e000000, 0x000000070e000000| Untracked 
| 107|0x000000070e200000, 0x000000070e200000, 0x000000070e400000|  0%| F|  |TAMS 0x000000070e200000, 0x000000070e200000| Untracked 
| 108|0x000000070e400000, 0x000000070e400000, 0x000000070e600000|  0%| F|  |TAMS 0x000000070e400000, 0x000000070e400000| Untracked 
| 109|0x000000070e600000, 0x000000070e600000, 0x000000070e800000|  0%| F|  |TAMS 0x000000070e600000, 0x000000070e600000| Untracked 
| 110|0x000000070e800000, 0x000000070e800000, 0x000000070ea00000|  0%| F|  |TAMS 0x000000070e800000, 0x000000070e800000| Untracked 
| 111|0x000000070ea00000, 0x000000070ea00000, 0x000000070ec00000|  0%| F|  |TAMS 0x000000070ea00000, 0x000000070ea00000| Untracked 
| 112|0x000000070ec00000, 0x000000070ec00000, 0x000000070ee00000|  0%| F|  |TAMS 0x000000070ec00000, 0x000000070ec00000| Untracked 
| 113|0x000000070ee00000, 0x000000070ee00000, 0x000000070f000000|  0%| F|  |TAMS 0x000000070ee00000, 0x000000070ee00000| Untracked 
| 114|0x000000070f000000, 0x000000070f000000, 0x000000070f200000|  0%| F|  |TAMS 0x000000070f000000, 0x000000070f000000| Untracked 
| 115|0x000000070f200000, 0x000000070f200000, 0x000000070f400000|  0%| F|  |TAMS 0x000000070f200000, 0x000000070f200000| Untracked 
| 116|0x000000070f400000, 0x000000070f400000, 0x000000070f600000|  0%| F|  |TAMS 0x000000070f400000, 0x000000070f400000| Untracked 
| 117|0x000000070f600000, 0x000000070f600000, 0x000000070f800000|  0%| F|  |TAMS 0x000000070f600000, 0x000000070f600000| Untracked 
| 118|0x000000070f800000, 0x000000070f800000, 0x000000070fa00000|  0%| F|  |TAMS 0x000000070f800000, 0x000000070f800000| Untracked 
| 119|0x000000070fa00000, 0x000000070fa00000, 0x000000070fc00000|  0%| F|  |TAMS 0x000000070fa00000, 0x000000070fa00000| Untracked 
| 120|0x000000070fc00000, 0x000000070fc00000, 0x000000070fe00000|  0%| F|  |TAMS 0x000000070fc00000, 0x000000070fc00000| Untracked 
| 121|0x000000070fe00000, 0x000000070fe00000, 0x0000000710000000|  0%| F|  |TAMS 0x000000070fe00000, 0x000000070fe00000| Untracked 
| 122|0x0000000710000000, 0x0000000710000000, 0x0000000710200000|  0%| F|  |TAMS 0x0000000710000000, 0x0000000710000000| Untracked 
| 123|0x0000000710200000, 0x000000071039a1b0, 0x0000000710400000| 80%| E|  |TAMS 0x0000000710200000, 0x0000000710200000| Complete 
| 124|0x0000000710400000, 0x0000000710600000, 0x0000000710600000|100%| E|CS|TAMS 0x0000000710400000, 0x0000000710400000| Complete 
| 125|0x0000000710600000, 0x0000000710800000, 0x0000000710800000|100%| E|CS|TAMS 0x0000000710600000, 0x0000000710600000| Complete 
| 126|0x0000000710800000, 0x0000000710a00000, 0x0000000710a00000|100%| E|CS|TAMS 0x0000000710800000, 0x0000000710800000| Complete 
| 127|0x0000000710a00000, 0x0000000710c00000, 0x0000000710c00000|100%| E|CS|TAMS 0x0000000710a00000, 0x0000000710a00000| Complete 

Card table byte_map: [0x0000027ca0530000,0x0000027ca0d30000] _byte_map_base: 0x0000027c9cd2a000

Marking Bits (Prev, Next): (CMBitMap*) 0x0000027c885f2d60, (CMBitMap*) 0x0000027c885f2da0
 Prev Bits: [0x0000027ca1530000, 0x0000027ca5500000)
 Next Bits: [0x0000027ca5500000, 0x0000027ca94d0000)

Polling page: 0x0000027c86440000

Metaspace:

Usage:
  Non-class:      5.89 MB capacity,     5.82 MB ( 99%) used,    66.48 KB (  1%) free+waste,     8.81 KB ( <1%) overhead. 
      Class:    704.00 KB capacity,   618.01 KB ( 88%) used,    81.99 KB ( 12%) free+waste,     4.00 KB ( <1%) overhead. 
       Both:      6.58 MB capacity,     6.42 MB ( 98%) used,   148.48 KB (  2%) free+waste,    12.81 KB ( <1%) overhead. 

Virtual space:
  Non-class space:        8.00 MB reserved,       6.00 MB ( 75%) committed 
      Class space:        1.00 GB reserved,     768.00 KB ( <1%) committed 
             Both:        1.01 GB reserved,       6.75 MB ( <1%) committed 

Chunk freelists:
   Non-Class:  50.00 KB
       Class:  0 bytes
        Both:  50.00 KB

MaxMetaspaceSize: 17179869184.00 GB
CompressedClassSpaceSize: 1.00 GB

CodeHeap 'non-profiled nmethods': size=120000Kb used=974Kb max_used=974Kb free=119025Kb
 bounds [0x0000027c982b0000, 0x0000027c98520000, 0x0000027c9f7e0000]
CodeHeap 'profiled nmethods': size=120000Kb used=2265Kb max_used=2265Kb free=117734Kb
 bounds [0x0000027c90d80000, 0x0000027c90ff0000, 0x0000027c982b0000]
CodeHeap 'non-nmethods': size=5760Kb used=1254Kb max_used=1291Kb free=4505Kb
 bounds [0x0000027c907e0000, 0x0000027c90a50000, 0x0000027c90d80000]
 total_blobs=1914 nmethods=1376 adapters=451
 compilation: enabled
              stopped_count=0, restarted_count=0
 full_count=0

Compilation events (20 events):
Event: 16.050 Thread 0x0000027cac983600 1369       4       java.util.HashMap::get (19 bytes)
Event: 16.052 Thread 0x0000027cac983600 nmethod 1369 0x0000027c98392d10 code [0x0000027c98392ec0, 0x0000027c983933c8]
Event: 19.993 Thread 0x0000027cac983600 1370 %     4       graphics.Renderer$2::run @ 18 (159 bytes)
Event: 20.032 Thread 0x0000027cac983600 nmethod 1370% 0x0000027c98393710 code [0x0000027c98393aa0, 0x0000027c98396030]
Event: 20.558 Thread 0x0000027cac983600 1371       4       java.security.ProtectionDomain$JavaSecurityAccessImpl::doIntersectionPrivilege (22 bytes)
Event: 20.562 Thread 0x0000027cac983600 nmethod 1371 0x0000027c98397510 code [0x0000027c983976c0, 0x0000027c98397c48]
Event: 21.051 Thread 0x0000027cac983600 1372       4       java.awt.AWTEvent::<init> (81 bytes)
Event: 21.055 Thread 0x0000027cac983600 nmethod 1372 0x0000027c98398110 code [0x0000027c983982c0, 0x0000027c983988d8]
Event: 21.121 Thread 0x0000027cac983600 1373       4       sun.awt.SunToolkit::postEvent (144 bytes)
Event: 21.143 Thread 0x0000027cac983600 nmethod 1373 0x0000027c98398d90 code [0x0000027c98399020, 0x0000027c9839acf0]
Event: 21.177 Thread 0x0000027cac983600 1374   !   4       java.awt.EventQueue::setCurrentEventAndMostRecentTimeImpl (191 bytes)
Event: 21.183 Thread 0x0000027cac983600 nmethod 1374 0x0000027c9839bb10 code [0x0000027c9839bd00, 0x0000027c9839c5e8]
Event: 21.183 Thread 0x0000027cac983600 1375       4       java.awt.EventQueue::dispatchEvent (80 bytes)
Event: 21.212 Thread 0x0000027cac983600 nmethod 1375 0x0000027c9839cb10 code [0x0000027c9839cee0, 0x0000027c9839f5e0]
Event: 21.213 Thread 0x0000027cac983600 1376       4       java.awt.EventQueue::getAccessControlContextFrom (53 bytes)
Event: 21.213 Thread 0x0000027cac983600 nmethod 1376 0x0000027c983a1710 code [0x0000027c983a18a0, 0x0000027c983a1958]
Event: 21.750 Thread 0x0000027cac983600 1377       4       java.awt.EventDispatchThread$HierarchyEventFilter::acceptEvent (225 bytes)
Event: 21.751 Thread 0x0000027cac983600 nmethod 1377 0x0000027c983a1a90 code [0x0000027c983a1c00, 0x0000027c983a1c98]
Event: 22.775 Thread 0x0000027cac983600 1378       4       java.awt.EventQueue::dispatchEventImpl (136 bytes)
Event: 22.782 Thread 0x0000027cac983600 nmethod 1378 0x0000027c983a1d90 code [0x0000027c983a2040, 0x0000027c983a2df8]

GC Heap History (6 events):
Event: 2.864 GC heap before
{Heap before GC invocations=0 (full 0):
 garbage-first heap   total 262144K, used 22528K [0x0000000700c00000, 0x0000000800000000)
  region size 2048K, 11 young (22528K), 0 survivors (0K)
 Metaspace       used 6397K, capacity 6574K, committed 6912K, reserved 1056768K
  class space    used 609K, capacity 672K, committed 768K, reserved 1048576K
}
Event: 2.866 GC heap after
{Heap after GC invocations=1 (full 0):
 garbage-first heap   total 262144K, used 1950K [0x0000000700c00000, 0x0000000800000000)
  region size 2048K, 1 young (2048K), 1 survivors (2048K)
 Metaspace       used 6397K, capacity 6574K, committed 6912K, reserved 1056768K
  class space    used 609K, capacity 672K, committed 768K, reserved 1048576K
}
Event: 6.808 GC heap before
{Heap before GC invocations=1 (full 0):
 garbage-first heap   total 262144K, used 34718K [0x0000000700c00000, 0x0000000800000000)
  region size 2048K, 17 young (34816K), 1 survivors (2048K)
 Metaspace       used 6566K, capacity 6734K, committed 6912K, reserved 1056768K
  class space    used 617K, capacity 704K, committed 768K, reserved 1048576K
}
Event: 6.810 GC heap after
{Heap after GC invocations=2 (full 0):
 garbage-first heap   total 262144K, used 2048K [0x0000000700c00000, 0x0000000800000000)
  region size 2048K, 1 young (2048K), 1 survivors (2048K)
 Metaspace       used 6566K, capacity 6734K, committed 6912K, reserved 1056768K
  class space    used 617K, capacity 704K, committed 768K, reserved 1048576K
}
Event: 22.503 GC heap before
{Heap before GC invocations=2 (full 0):
 garbage-first heap   total 262144K, used 155648K [0x0000000700c00000, 0x0000000800000000)
  region size 2048K, 76 young (155648K), 1 survivors (2048K)
 Metaspace       used 6570K, capacity 6734K, committed 6912K, reserved 1056768K
  class space    used 618K, capacity 704K, committed 768K, reserved 1048576K
}
Event: 22.505 GC heap after
{Heap after GC invocations=3 (full 0):
 garbage-first heap   total 262144K, used 2048K [0x0000000700c00000, 0x0000000800000000)
  region size 2048K, 1 young (2048K), 1 survivors (2048K)
 Metaspace       used 6570K, capacity 6734K, committed 6912K, reserved 1056768K
  class space    used 618K, capacity 704K, committed 768K, reserved 1048576K
}

Deoptimization events (20 events):
Event: 23.482 Thread 0x0000027cacd25c20 Uncommon trap: trap_request=0xffffff45 fr.pc=0x0000027c9834d734 relative=0x0000000000000374
Event: 23.482 Thread 0x0000027cacd25c20 Uncommon trap: reason=unstable_if action=reinterpret pc=0x0000027c9834d734 method=sun.java2d.d3d.D3DScreenUpdateManager.runUpdateNow()V @ 8 c2
Event: 23.482 Thread 0x0000027cacd25c20 DEOPT PACKING pc=0x0000027c9834d734 sp=0x000000f79f9ded60
Event: 23.483 Thread 0x0000027cacd25c20 DEOPT UNPACKING pc=0x0000027c9082e42f sp=0x000000f79f9ded08 mode 2
Event: 23.483 Thread 0x0000027cacd25c20 Uncommon trap: trap_request=0xffffff45 fr.pc=0x0000027c9838f924 relative=0x0000000000001804
Event: 23.483 Thread 0x0000027cacd25c20 Uncommon trap: reason=unstable_if action=reinterpret pc=0x0000027c9838f924 method=sun.java2d.pipe.BufferedContext.validate(Lsun/java2d/pipe/hw/AccelSurface;Lsun/java2d/pipe/hw/AccelSurface;Lsun/java2d/pipe/Region;Ljava/awt/Composite;Ljava/awt/geom/AffineT
Event: 23.483 Thread 0x0000027cacd25c20 DEOPT PACKING pc=0x0000027c9838f924 sp=0x000000f79f9dec60
Event: 23.483 Thread 0x0000027cacd25c20 DEOPT UNPACKING pc=0x0000027c9082e42f sp=0x000000f79f9dec08 mode 2
Event: 23.483 Thread 0x0000027cacd25c20 Uncommon trap: trap_request=0xffffff45 fr.pc=0x0000027c9833b44c relative=0x00000000000048ac
Event: 23.483 Thread 0x0000027cacd25c20 Uncommon trap: reason=unstable_if action=reinterpret pc=0x0000027c9833b44c method=sun.java2d.pipe.DrawImage.scaleImage(Lsun/java2d/SunGraphics2D;Ljava/awt/Image;IIIILjava/awt/Color;)Z @ 92 c2
Event: 23.483 Thread 0x0000027cacd25c20 DEOPT PACKING pc=0x0000027c9833b44c sp=0x000000f79f9def20
Event: 23.483 Thread 0x0000027cacd25c20 DEOPT UNPACKING pc=0x0000027c9082e42f sp=0x000000f79f9decd0 mode 2
Event: 23.483 Thread 0x0000027cacd25c20 Uncommon trap: trap_request=0xffffff45 fr.pc=0x0000027c98345020 relative=0x0000000000003c20
Event: 23.483 Thread 0x0000027cacd25c20 Uncommon trap: reason=unstable_if action=reinterpret pc=0x0000027c98345020 method=sun.java2d.pipe.DrawImage.scaleImage(Lsun/java2d/SunGraphics2D;Ljava/awt/Image;IIIILjava/awt/Color;)Z @ 92 c2
Event: 23.483 Thread 0x0000027cacd25c20 DEOPT PACKING pc=0x0000027c98345020 sp=0x000000f79f9decf0
Event: 23.483 Thread 0x0000027cacd25c20 DEOPT UNPACKING pc=0x0000027c9082e42f sp=0x000000f79f9ded20 mode 2
Event: 23.483 Thread 0x0000027cacd25c20 Uncommon trap: trap_request=0xffffff45 fr.pc=0x0000027c9839553c relative=0x0000000000001a9c
Event: 23.483 Thread 0x0000027cacd25c20 Uncommon trap: reason=unstable_if action=reinterpret pc=0x0000027c9839553c method=sun.awt.image.VolatileSurfaceManager.validate(Ljava/awt/GraphicsConfiguration;)I @ 90 c2
Event: 23.483 Thread 0x0000027cacd25c20 DEOPT PACKING pc=0x0000027c9839553c sp=0x000000f79f9df0a0
Event: 23.483 Thread 0x0000027cacd25c20 DEOPT UNPACKING pc=0x0000027c9082e42f sp=0x000000f79f9defa0 mode 2

Classes unloaded (0 events):
No events

Classes redefined (0 events):
No events

Internal exceptions (11 events):
Event: 0.067 Thread 0x0000027cacaf7ce0 Exception <a 'java/lang/NoSuchMethodError'{0x0000000710808948}: 'java.lang.Object java.lang.invoke.DirectMethodHandle$Holder.invokeStatic(java.lang.Object)'> (0x0000000710808948) 
thrown [./open/src/hotspot/share/interpreter/linkResolver.cpp, line 782]
Event: 0.067 Thread 0x0000027cacaf7ce0 Exception <a 'java/lang/NoSuchMethodError'{0x000000071080c258}: 'java.lang.Object java.lang.invoke.DirectMethodHandle$Holder.invokeStaticInit(java.lang.Object)'> (0x000000071080c258) 
thrown [./open/src/hotspot/share/interpreter/linkResolver.cpp, line 782]
Event: 0.071 Thread 0x0000027c885a1d60 Exception <a 'java/lang/ClassNotFoundException'{0x0000000710bdada8}: sun/awt/resources/spi/awtProvider> (0x0000000710bdada8) 
thrown [./open/src/hotspot/share/classfile/systemDictionary.cpp, line 295]
Event: 0.071 Thread 0x0000027cacaf7ce0 Exception <a 'java/lang/NoSuchMethodError'{0x00000007108195d0}: 'void java.lang.invoke.DirectMethodHandle$Holder.invokeStatic(java.lang.Object, java.lang.Object)'> (0x00000007108195d0) 
thrown [./open/src/hotspot/share/interpreter/linkResolver.cpp, line 782]
Event: 0.085 Thread 0x0000027c885a1d60 Exception <a 'java/io/FileNotFoundException'{0x00000007108a54f0}> (0x00000007108a54f0) 
thrown [./open/src/hotspot/share/prims/jni.cpp, line 578]
Event: 0.091 Thread 0x0000027c885a1d60 Exception <a 'java/io/FileNotFoundException'{0x00000007108d3d50}> (0x00000007108d3d50) 
thrown [./open/src/hotspot/share/prims/jni.cpp, line 578]
Event: 0.093 Thread 0x0000027c885a1d60 Exception <a 'java/lang/NoSuchMethodError'{0x00000007108d96c8}: 'void java.lang.invoke.DirectMethodHandle$Holder.invokeSpecial(java.lang.Object, java.lang.Object, java.lang.Object)'> (0x00000007108d96c8) 
thrown [./open/src/hotspot/share/interpreter/linkResolver.cpp, line 782]
Event: 0.285 Thread 0x0000027c885a1d60 Exception <a 'java/lang/NoSuchMethodError'{0x00000007109e8cf8}: 'void java.lang.invoke.DirectMethodHandle$Holder.invokeStaticInit(java.lang.Object)'> (0x00000007109e8cf8) 
thrown [./open/src/hotspot/share/interpreter/linkResolver.cpp, line 782]
Event: 1.019 Thread 0x0000027cac97cff0 Implicit null exception at 0x0000027c982f4935 to 0x0000027c982f4b5a
Event: 1.119 Thread 0x0000027cacd24db0 Exception <a 'java/lang/NoSuchMethodError'{0x000000071096a5b0}: 'void java.lang.invoke.DirectMethodHandle$Holder.invokeVirtual(java.lang.Object, java.lang.Object)'> (0x000000071096a5b0) 
thrown [./open/src/hotspot/share/interpreter/linkResolver.cpp, line 782]
Event: 1.125 Thread 0x0000027cacd25c20 Implicit null exception at 0x0000027c982eb4cc to 0x0000027c982eb6c0

Events (20 events):
Event: 14.900 loading class java/security/DomainCombiner
Event: 14.900 loading class java/security/DomainCombiner done
Event: 14.914 Executing VM operation: HandshakeAllThreads
Event: 14.914 Executing VM operation: HandshakeAllThreads done
Event: 15.917 Executing VM operation: HandshakeAllThreads
Event: 15.917 Executing VM operation: HandshakeAllThreads done
Event: 16.931 Executing VM operation: HandshakeAllThreads
Event: 16.931 Executing VM operation: HandshakeAllThreads done
Event: 20.959 Executing VM operation: HandshakeAllThreads
Event: 20.959 Executing VM operation: HandshakeAllThreads done
Event: 21.973 Executing VM operation: HandshakeAllThreads
Event: 21.973 Executing VM operation: HandshakeAllThreads done
Event: 22.503 Executing VM operation: G1CollectForAllocation
Event: 22.505 Executing VM operation: G1CollectForAllocation done
Event: 22.505 Executing VM operation: HandshakeAllThreads
Event: 22.505 Executing VM operation: HandshakeAllThreads done
Event: 23.482 Thread 0x0000027cacd235a0 Thread added: 0x0000027cacd235a0
Event: 23.482 Thread 0x0000027cacd23a70 Thread added: 0x0000027cacd23a70
Event: 23.482 Thread 0x0000027cacd23a70 Thread exited: 0x0000027cacd23a70
Event: 23.482 Thread 0x0000027cacd22260 Thread exited: 0x0000027cacd22260


Dynamic libraries:
0x00007ff6aac70000 - 0x00007ff6aac7f000 	C:\Program Files\Java\jdk-15.0.1\bin\java.exe
0x00007ffe20090000 - 0x00007ffe20285000 	C:\WINDOWS\SYSTEM32\ntdll.dll
0x00007ffe1e240000 - 0x00007ffe1e2fd000 	C:\WINDOWS\System32\KERNEL32.DLL
0x00007ffe1db70000 - 0x00007ffe1de39000 	C:\WINDOWS\System32\KERNELBASE.dll
0x00007ffe1da10000 - 0x00007ffe1db10000 	C:\WINDOWS\System32\ucrtbase.dll
0x00007ffe18480000 - 0x00007ffe18499000 	C:\Program Files\Java\jdk-15.0.1\bin\VCRUNTIME140.dll
0x00007ffe1b0b0000 - 0x00007ffe1b0c8000 	C:\Program Files\Java\jdk-15.0.1\bin\jli.dll
0x00007ffe1e190000 - 0x00007ffe1e23c000 	C:\WINDOWS\System32\ADVAPI32.dll
0x00007ffe1fd30000 - 0x00007ffe1fdce000 	C:\WINDOWS\System32\msvcrt.dll
0x00007ffe1f200000 - 0x00007ffe1f29b000 	C:\WINDOWS\System32\sechost.dll
0x00007ffe1e300000 - 0x00007ffe1e42a000 	C:\WINDOWS\System32\RPCRT4.dll
0x00007ffe1e430000 - 0x00007ffe1e5d0000 	C:\WINDOWS\System32\USER32.dll
0x00007ffe1d9e0000 - 0x00007ffe1da02000 	C:\WINDOWS\System32\win32u.dll
0x00007ffe09b20000 - 0x00007ffe09dba000 	C:\WINDOWS\WinSxS\amd64_microsoft.windows.common-controls_6595b64144ccf1df_6.0.19041.1083_none_60bbe31371f34e71\COMCTL32.dll
0x00007ffe1e830000 - 0x00007ffe1e85a000 	C:\WINDOWS\System32\GDI32.dll
0x00007ffe1de40000 - 0x00007ffe1df4b000 	C:\WINDOWS\System32\gdi32full.dll
0x00007ffe1d940000 - 0x00007ffe1d9dd000 	C:\WINDOWS\System32\msvcp_win.dll
0x00007ffe16560000 - 0x00007ffe1656a000 	C:\WINDOWS\SYSTEM32\VERSION.dll
0x00007ffe1f2a0000 - 0x00007ffe1f2d0000 	C:\WINDOWS\System32\IMM32.DLL
0x00007ffe19300000 - 0x00007ffe1930c000 	C:\Program Files\Java\jdk-15.0.1\bin\vcruntime140_1.dll
0x00007ffe04240000 - 0x00007ffe042d1000 	C:\Program Files\Java\jdk-15.0.1\bin\msvcp140.dll
0x00007ffdcc4d0000 - 0x00007ffdcd02e000 	C:\Program Files\Java\jdk-15.0.1\bin\server\jvm.dll
0x00007ffe20040000 - 0x00007ffe20048000 	C:\WINDOWS\System32\PSAPI.DLL
0x00007ffe06170000 - 0x00007ffe06179000 	C:\WINDOWS\SYSTEM32\WSOCK32.dll
0x00007ffe1f0b0000 - 0x00007ffe1f11b000 	C:\WINDOWS\System32\WS2_32.dll
0x00007ffe126d0000 - 0x00007ffe126f7000 	C:\WINDOWS\SYSTEM32\WINMM.dll
0x00007ffe1b640000 - 0x00007ffe1b652000 	C:\WINDOWS\SYSTEM32\kernel.appcore.dll
0x00007ffe192c0000 - 0x00007ffe192ca000 	C:\Program Files\Java\jdk-15.0.1\bin\jimage.dll
0x00007ffe0bb60000 - 0x00007ffe0bd44000 	C:\WINDOWS\SYSTEM32\DBGHELP.DLL
0x00007ffe0f370000 - 0x00007ffe0f39c000 	C:\WINDOWS\SYSTEM32\dbgcore.DLL
0x00007ffe1d880000 - 0x00007ffe1d903000 	C:\WINDOWS\System32\bcryptPrimitives.dll
0x00007ffe12110000 - 0x00007ffe1211e000 	C:\Program Files\Java\jdk-15.0.1\bin\instrument.dll
0x00007ffe06ea0000 - 0x00007ffe06ec5000 	C:\Program Files\Java\jdk-15.0.1\bin\java.dll
0x00007ffe1f470000 - 0x00007ffe1fbaf000 	C:\WINDOWS\System32\SHELL32.dll
0x00007ffe1b920000 - 0x00007ffe1c0b1000 	C:\WINDOWS\SYSTEM32\windows.storage.dll
0x00007ffe1e860000 - 0x00007ffe1ebb5000 	C:\WINDOWS\System32\combase.dll
0x00007ffe1d240000 - 0x00007ffe1d26c000 	C:\WINDOWS\SYSTEM32\Wldp.dll
0x00007ffe1fc70000 - 0x00007ffe1fd1e000 	C:\WINDOWS\System32\SHCORE.dll
0x00007ffe1fdd0000 - 0x00007ffe1fe25000 	C:\WINDOWS\System32\shlwapi.dll
0x00007ffe1d710000 - 0x00007ffe1d72f000 	C:\WINDOWS\SYSTEM32\profapi.dll
0x00007ffe06e80000 - 0x00007ffe06e98000 	C:\Program Files\Java\jdk-15.0.1\bin\zip.dll
0x00007ffe11ed0000 - 0x00007ffe11ee9000 	C:\Program Files\Java\jdk-15.0.1\bin\net.dll
0x00007ffe0fea0000 - 0x00007ffe0ffaa000 	C:\WINDOWS\SYSTEM32\WINHTTP.dll
0x00007ffe1cfa0000 - 0x00007ffe1d00a000 	C:\WINDOWS\system32\mswsock.dll
0x00007ffe10230000 - 0x00007ffe10242000 	C:\Program Files\Java\jdk-15.0.1\bin\nio.dll
0x00007ffe06dc0000 - 0x00007ffe06dda000 	C:\Program Files\JetBrains\IntelliJ IDEA Community Edition 2020.2\bin\breakgen64.dll
0x00007ffdebaf0000 - 0x00007ffdebc70000 	C:\Program Files\Java\jdk-15.0.1\bin\awt.dll
0x00007ffe1e760000 - 0x00007ffe1e82d000 	C:\WINDOWS\System32\OLEAUT32.dll
0x00007ffe1b110000 - 0x00007ffe1b1a0000 	C:\WINDOWS\SYSTEM32\apphelp.dll
0x00007ffe1b260000 - 0x00007ffe1b2fe000 	C:\WINDOWS\system32\uxtheme.dll
0x00007ffe1f350000 - 0x00007ffe1f465000 	C:\WINDOWS\System32\MSCTF.dll
0x00007ffe1e5d0000 - 0x00007ffe1e6fa000 	C:\WINDOWS\System32\ole32.dll
0x00007ffe1b610000 - 0x00007ffe1b63f000 	C:\WINDOWS\system32\DWMAPI.DLL
0x00007ffdc3240000 - 0x00007ffdc3365000 	C:\WINDOWS\system32\opengl32.dll
0x00007ffdc3210000 - 0x00007ffdc323c000 	C:\WINDOWS\SYSTEM32\GLU32.dll
0x00007ffe134e0000 - 0x00007ffe136ae000 	C:\WINDOWS\system32\d3d9.dll
0x00007ffe12cf0000 - 0x00007ffe12df2000 	C:\WINDOWS\System32\DriverStore\FileRepository\nv_dispi.inf_amd64_8e1b465b962975a0\nvldumdx.dll
0x00007ffe1d3c0000 - 0x00007ffe1d3d2000 	C:\WINDOWS\SYSTEM32\msasn1.dll
0x00007ffe16500000 - 0x00007ffe16531000 	C:\WINDOWS\SYSTEM32\cryptnet.dll
0x00007ffe1dfa0000 - 0x00007ffe1e0ff000 	C:\WINDOWS\System32\CRYPT32.dll
0x00007ffe1d1a0000 - 0x00007ffe1d1ac000 	C:\WINDOWS\SYSTEM32\cryptbase.dll
0x00007ffe1db10000 - 0x00007ffe1db70000 	C:\WINDOWS\System32\WINTRUST.DLL
0x00007ffe1f330000 - 0x00007ffe1f34d000 	C:\WINDOWS\System32\imagehlp.dll
0x00007ffe1d180000 - 0x00007ffe1d198000 	C:\WINDOWS\SYSTEM32\CRYPTSP.dll
0x00007ffe1c8d0000 - 0x00007ffe1c904000 	C:\WINDOWS\system32\rsaenh.dll
0x00007ffe1d910000 - 0x00007ffe1d937000 	C:\WINDOWS\System32\bcrypt.dll
0x00007ffdcf670000 - 0x00007ffdd108c000 	C:\WINDOWS\System32\DriverStore\FileRepository\nv_dispi.inf_amd64_8e1b465b962975a0\nvd3dumx.dll
0x00007ffdd66a0000 - 0x00007ffdd6959000 	C:\WINDOWS\system32\nvspcap64.dll
0x00007ffe1c620000 - 0x00007ffe1c653000 	C:\WINDOWS\SYSTEM32\ntmarta.dll
0x00007ffe1c0d0000 - 0x00007ffe1c0f3000 	C:\WINDOWS\SYSTEM32\gpapi.dll
0x00007ffe149e0000 - 0x00007ffe14a1b000 	C:\WINDOWS\SYSTEM32\dxcore.dll
0x00007ffe1df50000 - 0x00007ffe1df9e000 	C:\WINDOWS\System32\cfgmgr32.dll
0x00007ffdedc70000 - 0x00007ffdedcf5000 	C:\Program Files\Java\jdk-15.0.1\bin\freetype.dll
0x00007ffdeba40000 - 0x00007ffdebae9000 	C:\Program Files\Java\jdk-15.0.1\bin\fontmanager.dll
0x00007ffe08cc0000 - 0x00007ffe08db9000 	C:\WINDOWS\SYSTEM32\textinputframework.dll
0x00007ffe1adc0000 - 0x00007ffe1aeb2000 	C:\WINDOWS\System32\CoreMessaging.dll
0x00007ffe1aa30000 - 0x00007ffe1ad8e000 	C:\WINDOWS\System32\CoreUIComponents.dll
0x00007ffe1a340000 - 0x00007ffe1a494000 	C:\WINDOWS\SYSTEM32\wintypes.dll

dbghelp: loaded successfully - version: 4.0.5 - missing functions: none
symbol engine: initialized successfully - sym options: 0x614 - pdb path: .;C:\Program Files\Java\jdk-15.0.1\bin;C:\WINDOWS\SYSTEM32;C:\WINDOWS\WinSxS\amd64_microsoft.windows.common-controls_6595b64144ccf1df_6.0.19041.1083_none_60bbe31371f34e71;C:\Program Files\Java\jdk-15.0.1\bin\server;C:\Program Files\JetBrains\IntelliJ IDEA Community Edition 2020.2\bin;C:\WINDOWS\System32\DriverStore\FileRepository\nv_dispi.inf_amd64_8e1b465b962975a0

VM Arguments:
jvm_args: -javaagent:C:\Program Files\JetBrains\IntelliJ IDEA Community Edition 2020.2\lib\idea_rt.jar=52656:C:\Program Files\JetBrains\IntelliJ IDEA Community Edition 2020.2\bin -Dfile.encoding=UTF-8 
java_command: game.Game
java_class_path (initial): C:\Users\rarii\Desktop\Dateien\DAM\2021S2\Serveis i processos\DAM_M09_EAC2P1_Enunciat2021S2\PixelTD\out\production\PixelTD
Launcher Type: SUN_STANDARD

[Global flags]
     intx CICompilerCount                          = 4                                         {product} {ergonomic}
     uint ConcGCThreads                            = 3                                         {product} {ergonomic}
     uint G1ConcRefinementThreads                  = 10                                        {product} {ergonomic}
   size_t G1HeapRegionSize                         = 2097152                                   {product} {ergonomic}
    uintx GCDrainStackTargetSize                   = 64                                        {product} {ergonomic}
   size_t InitialHeapSize                          = 268435456                                 {product} {ergonomic}
   size_t MarkStackSize                            = 4194304                                   {product} {ergonomic}
   size_t MaxHeapSize                              = 4282384384                                {product} {ergonomic}
   size_t MaxNewSize                               = 2569011200                                {product} {ergonomic}
   size_t MinHeapDeltaBytes                        = 2097152                                   {product} {ergonomic}
   size_t MinHeapSize                              = 8388608                                   {product} {ergonomic}
    uintx NonNMethodCodeHeapSize                   = 5839372                                {pd product} {ergonomic}
    uintx NonProfiledCodeHeapSize                  = 122909434                              {pd product} {ergonomic}
    uintx ProfiledCodeHeapSize                     = 122909434                              {pd product} {ergonomic}
    uintx ReservedCodeCacheSize                    = 251658240                              {pd product} {ergonomic}
     bool SegmentedCodeCache                       = true                                      {product} {ergonomic}
   size_t SoftMaxHeapSize                          = 4282384384                             {manageable} {ergonomic}
     bool UseCompressedClassPointers               = true                                 {lp64_product} {ergonomic}
     bool UseCompressedOops                        = true                                 {lp64_product} {ergonomic}
     bool UseG1GC                                  = true                                      {product} {ergonomic}
     bool UseLargePagesIndividualAllocation        = false                                  {pd product} {ergonomic}

Logging:
Log output configuration:
 #0: stdout all=warning uptime,level,tags
 #1: stderr all=off uptime,level,tags

Environment Variables:
PATH=C:\Program Files (x86)\Common Files\Oracle\Java\javapath;C:\ProgramData\Oracle\Java\javapath;C:\Program Files\Common Files\Oracle\Java\javapath;C:\Windows\system32;C:\Windows;C:\Windows\System32\Wbem;C:\Windows\System32\WindowsPowerShell\v1.0\;C:\Windows\System32\OpenSSH\;C:\Program Files (x86)\NVIDIA Corporation\PhysX\Common;C:\Program Files\NVIDIA Corporation\NVIDIA NvDLISR;C:\Program Files\dotnet\;C:\Program Files\PuTTY\;C:\Program Files\PostgreSQL\13\bin;C:\WINDOWS\system32;C:\WINDOWS;C:\WINDOWS\System32\Wbem;C:\WINDOWS\System32\WindowsPowerShell\v1.0\;C:\WINDOWS\System32\OpenSSH\;C:\Program Files\Git\cmd;C:\Users\rarii\AppData\Local\Microsoft\WindowsApps;C:\Users\rarii\AppData\Local\Programs\Microsoft VS Code\bin;C:\Users\rarii\.dotnet\tools;C:\Users\rarii\.dotnet\tools;C:\Users\rarii\AppData\Local\Microsoft\WindowsApps;C:\Users\rarii\AppData\Local\GitHubDesktop\bin
USERNAME=HERMES
OS=Windows_NT
PROCESSOR_IDENTIFIER=AMD64 Family 23 Model 113 Stepping 0, AuthenticAMD



---------------  S Y S T E M  ---------------

OS:
 Windows 10 , 64 bit Build 19041 (10.0.19041.1023)
OS uptime: 0 days 12:57 hours

CPU: total 12 (initial active 12) (12 cores per cpu, 2 threads per core) family 23 model 113 stepping 0 microcode 0x0, cmov, cx8, fxsr, mmx, sse, sse2, sse3, ssse3, sse4.1, sse4.2, popcnt, vzeroupper, avx, avx2, aes, clmul, 3dnowpref, lzcnt, sse4a, ht, tsc, tscinvbit, tscinv, bmi1, bmi2, adx, sha, fma, clflush, clflushopt

Memory: 4k page, system-wide physical 16334M (8269M free)
TotalPageFile size 18766M (AvailPageFile size 7703M)
current process WorkingSet (physical memory assigned to process): 234M, peak: 240M
current process commit charge ("private bytes"): 444M, peak: 548M

vm_info: Java HotSpot(TM) 64-Bit Server VM (15.0.1+9-18) for windows-amd64 JRE (15.0.1+9-18), built on Sep 15 2020 14:43:54 by "mach5one" with unknown MS VC++:1925

END.
