#
# A fatal error has been detected by the Java Runtime Environment:
#
#  EXCEPTION_ACCESS_VIOLATION (0xc0000005) at pc=0x0000000000000000, pid=14620, tid=7484
#
# JRE version: Java(TM) SE Runtime Environment (15.0.1+9) (build 15.0.1+9-18)
# Java VM: Java HotSpot(TM) 64-Bit Server VM (15.0.1+9-18, mixed mode, sharing, tiered, compressed oops, g1 gc, windows-amd64)
# Problematic frame:
# C  0x0000000000000000
#
# No core dump will be written. Minidumps are not enabled by default on client versions of Windows
#
# If you would like to submit a bug report, please visit:
#   https://bugreport.java.com/bugreport/crash.jsp
# The crash happened outside the Java Virtual Machine in native code.
# See problematic frame for where to report the bug.
#

---------------  S U M M A R Y ------------

Command Line: -javaagent:C:\Program Files\JetBrains\IntelliJ IDEA Community Edition 2020.2\lib\idea_rt.jar=52642:C:\Program Files\JetBrains\IntelliJ IDEA Community Edition 2020.2\bin -Dfile.encoding=UTF-8 game.Game

Host: AMD Ryzen 5 3600 6-Core Processor              , 12 cores, 15G,  Windows 10 , 64 bit Build 19041 (10.0.19041.1023)
Time: Sat Jul 10 22:57:02 2021 Mitteleuropäische Sommerzeit    elapsed time: 15.676730 seconds (0d 0h 0m 15s)

---------------  T H R E A D  ---------------

Current thread (0x0000020b7f945200):  JavaThread "AWT-Windows" daemon [_thread_in_native, id=7484, stack(0x0000001078400000,0x0000001078500000)]

Stack: [0x0000001078400000,0x0000001078500000],  sp=0x00000010784fef88,  free space=1019k
Native frames: (J=compiled Java code, j=interpreted, Vv=VM code, C=native code)

Java frames: (J=compiled Java code, j=interpreted, Vv=VM code)
j  sun.awt.windows.WToolkit.eventLoop()V+0 java.desktop@15.0.1
j  sun.awt.windows.WToolkit.run()V+50 java.desktop@15.0.1
j  java.lang.Thread.run()V+11 java.base@15.0.1
v  ~StubRoutines::call_stub

siginfo: EXCEPTION_ACCESS_VIOLATION (0xc0000005), data execution prevention violation at address 0x0000000000000000


Register to memory mapping:

RIP=0x0 is NULL
RAX=0x0 is NULL
RBX=0x0000020b1f1c4470 points into unknown readable memory: 0x0000020b1f8fd130 | 30 d1 8f 1f 0b 02 00 00
RCX=0x0 is NULL
RDX=0x0000020b1f8fd130 points into unknown readable memory: 0x0000000073655243 | 43 52 65 73 00 00 00 00
RSP=0x00000010784fef88 is pointing into the stack for thread: 0x0000020b7f945200
RBP=0x00007ffdcb9bc7e0 awt.dll
RSI=0x0 is NULL
RDI=0x0000020b1f5cc890 points into unknown readable memory: 0x0000020b28908010 | 10 80 90 28 0b 02 00 00
R8 =0x0000020b1f1c4470 points into unknown readable memory: 0x0000020b1f8fd130 | 30 d1 8f 1f 0b 02 00 00
R9 =0x0000000000000001 is an unknown value
R10=0x0000000000008000 is an unknown value
R11=0x00000010784ff150 is pointing into the stack for thread: 0x0000020b7f945200
R12=0x0 is NULL
R13={method} {0x0000020b7eeaee68} 'eventLoop' '()V' in 'sun/awt/windows/WToolkit'
R14=0x00000010784ff438 is pointing into the stack for thread: 0x0000020b7f945200
R15=0x0000020b7f945200 is a thread


Registers:
RAX=0x0000000000000000, RBX=0x0000020b1f1c4470, RCX=0x0000000000000000, RDX=0x0000020b1f8fd130
RSP=0x00000010784fef88, RBP=0x00007ffdcb9bc7e0, RSI=0x0000000000000000, RDI=0x0000020b1f5cc890
R8 =0x0000020b1f1c4470, R9 =0x0000000000000001, R10=0x0000000000008000, R11=0x00000010784ff150
R12=0x0000000000000000, R13=0x0000020b7eeaee60, R14=0x00000010784ff438, R15=0x0000020b7f945200
RIP=0x0000000000000000, EFLAGS=0x0000000000010206

Top of Stack: (sp=0x00000010784fef88)
0x00000010784fef88:   00007ffe13510158 0000020b7f945200
0x00000010784fef98:   0000000000000000 0000020b7eeaee60
0x00000010784fefa8:   0000000000000000 0000020b1f5cc890
0x00000010784fefb8:   00007ffe13510087 0000020b1f1c4470
0x00000010784fefc8:   0000020b1f5903d0 00007ffdcb9bc7e0
0x00000010784fefd8:   0000000000000000 0000020b1f69d2e0
0x00000010784fefe8:   00007ffe134ee22e 0000020b1f46a220
0x00000010784feff8:   00007ffe1db96fff 0000020b1f1c54f0
0x00000010784ff008:   0000000000000000 0000020b1f5cc890
0x00000010784ff018:   0000020b1f1c4470 0000020b7eeaee60
0x00000010784ff028:   00007ffe200b5ba1 0000020b1f46c9d0
0x00000010784ff038:   00007ffe134ee14b 0000000000000000
0x00000010784ff048:   0000020b78120000 fffffffffffffffe
0x00000010784ff058:   fffffffffffffffe 00000010784ff438
0x00000010784ff068:   00007ffe134ee0b0 0000000000000001
0x00000010784ff078:   0000000000000001 0000020b1f46a220 

Instructions: (pc=0x0000000000000000)
0xffffffffffffff00:   


Stack slot to memory mapping:
stack at sp + 0 slots: 0x00007ffe13510158 d3d9.dll
stack at sp + 1 slots: 0x0000020b7f945200 is a thread
stack at sp + 2 slots: 0x0 is NULL
stack at sp + 3 slots: {method} {0x0000020b7eeaee68} 'eventLoop' '()V' in 'sun/awt/windows/WToolkit'
stack at sp + 4 slots: 0x0 is NULL
stack at sp + 5 slots: 0x0000020b1f5cc890 points into unknown readable memory: 0x0000020b28908010 | 10 80 90 28 0b 02 00 00
stack at sp + 6 slots: 0x00007ffe13510087 d3d9.dll
stack at sp + 7 slots: 0x0000020b1f1c4470 points into unknown readable memory: 0x0000020b1f8fd130 | 30 d1 8f 1f 0b 02 00 00


---------------  P R O C E S S  ---------------

Threads class SMR info:
_java_thread_list=0x0000020b28752b80, length=18, elements={
0x0000020b7ed69970, 0x0000020b7ed6a540, 0x0000020b7f57e9a0, 0x0000020b7f582870,
0x0000020b7f583320, 0x0000020b7f586120, 0x0000020b7f586c10, 0x0000020b7f587700,
0x0000020b7f699fe0, 0x0000020b7f729480, 0x0000020b7f73de90, 0x0000020b7f902550,
0x0000020b7f944080, 0x0000020b7f945200, 0x0000020b1f8c7870, 0x0000020b27def660,
0x0000020b27dee7f0, 0x0000020b27df09a0
}

Java Threads: ( => current thread )
  0x0000020b7ed69970 JavaThread "Reference Handler" daemon [_thread_blocked, id=456, stack(0x0000001077500000,0x0000001077600000)]
  0x0000020b7ed6a540 JavaThread "Finalizer" daemon [_thread_blocked, id=14332, stack(0x0000001077600000,0x0000001077700000)]
  0x0000020b7f57e9a0 JavaThread "Signal Dispatcher" daemon [_thread_blocked, id=6492, stack(0x0000001077700000,0x0000001077800000)]
  0x0000020b7f582870 JavaThread "Attach Listener" daemon [_thread_blocked, id=10876, stack(0x0000001077800000,0x0000001077900000)]
  0x0000020b7f583320 JavaThread "Service Thread" daemon [_thread_blocked, id=13568, stack(0x0000001077900000,0x0000001077a00000)]
  0x0000020b7f586120 JavaThread "C2 CompilerThread0" daemon [_thread_blocked, id=9540, stack(0x0000001077a00000,0x0000001077b00000)]
  0x0000020b7f586c10 JavaThread "C1 CompilerThread0" daemon [_thread_blocked, id=9928, stack(0x0000001077b00000,0x0000001077c00000)]
  0x0000020b7f587700 JavaThread "Sweeper thread" daemon [_thread_blocked, id=16160, stack(0x0000001077c00000,0x0000001077d00000)]
  0x0000020b7f699fe0 JavaThread "Common-Cleaner" daemon [_thread_blocked, id=14164, stack(0x0000001077d00000,0x0000001077e00000)]
  0x0000020b7f729480 JavaThread "Monitor Ctrl-Break" daemon [_thread_in_native, id=15060, stack(0x0000001077f00000,0x0000001078000000)]
  0x0000020b7f73de90 JavaThread "Notification Thread" daemon [_thread_blocked, id=5812, stack(0x0000001078000000,0x0000001078100000)]
  0x0000020b7f902550 JavaThread "Java2D Disposer" daemon [_thread_blocked, id=1548, stack(0x0000001078200000,0x0000001078300000)]
  0x0000020b7f944080 JavaThread "AWT-Shutdown" [_thread_blocked, id=12132, stack(0x0000001078300000,0x0000001078400000)]
=>0x0000020b7f945200 JavaThread "AWT-Windows" daemon [_thread_in_native, id=7484, stack(0x0000001078400000,0x0000001078500000)]
  0x0000020b1f8c7870 JavaThread "AWT-EventQueue-0" [_thread_blocked, id=14932, stack(0x0000001078700000,0x0000001078800000)]
  0x0000020b27def660 JavaThread "Rendering Thread" [_thread_in_native, id=14012, stack(0x0000001078900000,0x0000001078a00000)]
  0x0000020b27dee7f0 JavaThread "DestroyJavaVM" [_thread_blocked, id=9940, stack(0x0000001076e00000,0x0000001076f00000)]
  0x0000020b27df09a0 JavaThread "ToolkitShutdown" daemon [_thread_in_native, id=2824, stack(0x0000001079160000,0x0000001079260000)]

Other Threads:
  0x0000020b7ed660e0 VMThread "VM Thread" [stack: 0x0000001077400000,0x0000001077500000] [id=16308]
  0x0000020b7f7400a0 WatcherThread [stack: 0x0000001078100000,0x0000001078200000] [id=12024]
  0x0000020b7a2d3dd0 GCTaskThread "GC Thread#0" [stack: 0x0000001076f00000,0x0000001077000000] [id=2280]
  0x0000020b7f914f10 GCTaskThread "GC Thread#1" [stack: 0x0000001078a00000,0x0000001078b00000] [id=3296]
  0x0000020b7f918210 GCTaskThread "GC Thread#2" [stack: 0x0000001078b00000,0x0000001078c00000] [id=8104]
  0x0000020b7f915f00 GCTaskThread "GC Thread#3" [stack: 0x0000001078c00000,0x0000001078d00000] [id=8392]
  0x0000020b7f916bc0 GCTaskThread "GC Thread#4" [stack: 0x0000001078d00000,0x0000001078e00000] [id=10788]
  0x0000020b7f917220 GCTaskThread "GC Thread#5" [stack: 0x0000001078e00000,0x0000001078f00000] [id=15408]
  0x0000020b7f916ef0 GCTaskThread "GC Thread#6" [stack: 0x0000001078f00000,0x0000001079000000] [id=13956]
  0x0000020b7f917550 GCTaskThread "GC Thread#7" [stack: 0x0000001079000000,0x0000001079100000] [id=2380]
  0x0000020b7a2e5ef0 ConcurrentGCThread "G1 Main Marker" [stack: 0x0000001077000000,0x0000001077100000] [id=12380]
  0x0000020b7a2e7280 ConcurrentGCThread "G1 Conc#0" [stack: 0x0000001077100000,0x0000001077200000] [id=15224]
  0x0000020b7a35e720 ConcurrentGCThread "G1 Refine#0" [stack: 0x0000001077200000,0x0000001077300000] [id=8244]
  0x0000020b7ebd84b0 ConcurrentGCThread "G1 Young RemSet Sampling" [stack: 0x0000001077300000,0x0000001077400000] [id=11496]

Threads with active compile tasks:

VM state: not at safepoint (normal execution)

VM Mutex/Monitor currently owned by a thread: None

Heap address: 0x0000000700c00000, size: 4084 MB, Compressed Oops mode: Zero based, Oop shift amount: 3
CDS archive(s) mapped at: [0x0000000800000000-0x0000000800b50000-0x0000000800b50000), size 11862016, SharedBaseAddress: 0x0000000800000000, ArchiveRelocationMode: 0.
Compressed class space mapped at: 0x0000000800b50000-0x0000000840b50000, size: 1073741824
Narrow klass base: 0x0000000800000000, Narrow klass shift: 3, Narrow klass range: 0x100000000

GC Precious Log:
 CPUs: 12 total, 12 available
 Memory: 16334M
 Large Page Support: Disabled
 NUMA Support: Disabled
 Compressed Oops: Enabled (Zero based)
 Heap Region Size: 2M
 Heap Min Capacity: 8M
 Heap Initial Capacity: 256M
 Heap Max Capacity: 4084M
 Pre-touch: Disabled
 Parallel Workers: 10
 Concurrent Workers: 3
 Concurrent Refinement Workers: 10
 Periodic GC: Disabled

Heap:
 garbage-first heap   total 262144K, used 79958K [0x0000000700c00000, 0x0000000800000000)
  region size 2048K, 41 young (83968K), 2 survivors (4096K)
 Metaspace       used 6538K, capacity 6737K, committed 6912K, reserved 1056768K
  class space    used 620K, capacity 705K, committed 768K, reserved 1048576K

Heap Regions: E=young(eden), S=young(survivor), O=old, HS=humongous(starts), HC=humongous(continues), CS=collection set, F=free, OA=open archive, CA=closed archive, TAMS=top-at-mark-start (previous, next)
|   0|0x0000000700c00000, 0x0000000700c00000, 0x0000000700e00000|  0%| F|  |TAMS 0x0000000700c00000, 0x0000000700c00000| Untracked 
|   1|0x0000000700e00000, 0x0000000700e00000, 0x0000000701000000|  0%| F|  |TAMS 0x0000000700e00000, 0x0000000700e00000| Untracked 
|   2|0x0000000701000000, 0x0000000701000000, 0x0000000701200000|  0%| F|  |TAMS 0x0000000701000000, 0x0000000701000000| Untracked 
|   3|0x0000000701200000, 0x0000000701200000, 0x0000000701400000|  0%| F|  |TAMS 0x0000000701200000, 0x0000000701200000| Untracked 
|   4|0x0000000701400000, 0x0000000701400000, 0x0000000701600000|  0%| F|  |TAMS 0x0000000701400000, 0x0000000701400000| Untracked 
|   5|0x0000000701600000, 0x0000000701600000, 0x0000000701800000|  0%| F|  |TAMS 0x0000000701600000, 0x0000000701600000| Untracked 
|   6|0x0000000701800000, 0x0000000701800000, 0x0000000701a00000|  0%| F|  |TAMS 0x0000000701800000, 0x0000000701800000| Untracked 
|   7|0x0000000701a00000, 0x0000000701a00000, 0x0000000701c00000|  0%| F|  |TAMS 0x0000000701a00000, 0x0000000701a00000| Untracked 
|   8|0x0000000701c00000, 0x0000000701c00000, 0x0000000701e00000|  0%| F|  |TAMS 0x0000000701c00000, 0x0000000701c00000| Untracked 
|   9|0x0000000701e00000, 0x0000000701e00000, 0x0000000702000000|  0%| F|  |TAMS 0x0000000701e00000, 0x0000000701e00000| Untracked 
|  10|0x0000000702000000, 0x0000000702000000, 0x0000000702200000|  0%| F|  |TAMS 0x0000000702000000, 0x0000000702000000| Untracked 
|  11|0x0000000702200000, 0x0000000702200000, 0x0000000702400000|  0%| F|  |TAMS 0x0000000702200000, 0x0000000702200000| Untracked 
|  12|0x0000000702400000, 0x0000000702400000, 0x0000000702600000|  0%| F|  |TAMS 0x0000000702400000, 0x0000000702400000| Untracked 
|  13|0x0000000702600000, 0x0000000702600000, 0x0000000702800000|  0%| F|  |TAMS 0x0000000702600000, 0x0000000702600000| Untracked 
|  14|0x0000000702800000, 0x0000000702800000, 0x0000000702a00000|  0%| F|  |TAMS 0x0000000702800000, 0x0000000702800000| Untracked 
|  15|0x0000000702a00000, 0x0000000702a00000, 0x0000000702c00000|  0%| F|  |TAMS 0x0000000702a00000, 0x0000000702a00000| Untracked 
|  16|0x0000000702c00000, 0x0000000702c00000, 0x0000000702e00000|  0%| F|  |TAMS 0x0000000702c00000, 0x0000000702c00000| Untracked 
|  17|0x0000000702e00000, 0x0000000702e00000, 0x0000000703000000|  0%| F|  |TAMS 0x0000000702e00000, 0x0000000702e00000| Untracked 
|  18|0x0000000703000000, 0x0000000703000000, 0x0000000703200000|  0%| F|  |TAMS 0x0000000703000000, 0x0000000703000000| Untracked 
|  19|0x0000000703200000, 0x0000000703200000, 0x0000000703400000|  0%| F|  |TAMS 0x0000000703200000, 0x0000000703200000| Untracked 
|  20|0x0000000703400000, 0x0000000703400000, 0x0000000703600000|  0%| F|  |TAMS 0x0000000703400000, 0x0000000703400000| Untracked 
|  21|0x0000000703600000, 0x0000000703600000, 0x0000000703800000|  0%| F|  |TAMS 0x0000000703600000, 0x0000000703600000| Untracked 
|  22|0x0000000703800000, 0x0000000703800000, 0x0000000703a00000|  0%| F|  |TAMS 0x0000000703800000, 0x0000000703800000| Untracked 
|  23|0x0000000703a00000, 0x0000000703a00000, 0x0000000703c00000|  0%| F|  |TAMS 0x0000000703a00000, 0x0000000703a00000| Untracked 
|  24|0x0000000703c00000, 0x0000000703c00000, 0x0000000703e00000|  0%| F|  |TAMS 0x0000000703c00000, 0x0000000703c00000| Untracked 
|  25|0x0000000703e00000, 0x0000000703e00000, 0x0000000704000000|  0%| F|  |TAMS 0x0000000703e00000, 0x0000000703e00000| Untracked 
|  26|0x0000000704000000, 0x0000000704000000, 0x0000000704200000|  0%| F|  |TAMS 0x0000000704000000, 0x0000000704000000| Untracked 
|  27|0x0000000704200000, 0x0000000704200000, 0x0000000704400000|  0%| F|  |TAMS 0x0000000704200000, 0x0000000704200000| Untracked 
|  28|0x0000000704400000, 0x0000000704400000, 0x0000000704600000|  0%| F|  |TAMS 0x0000000704400000, 0x0000000704400000| Untracked 
|  29|0x0000000704600000, 0x0000000704600000, 0x0000000704800000|  0%| F|  |TAMS 0x0000000704600000, 0x0000000704600000| Untracked 
|  30|0x0000000704800000, 0x0000000704800000, 0x0000000704a00000|  0%| F|  |TAMS 0x0000000704800000, 0x0000000704800000| Untracked 
|  31|0x0000000704a00000, 0x0000000704a00000, 0x0000000704c00000|  0%| F|  |TAMS 0x0000000704a00000, 0x0000000704a00000| Untracked 
|  32|0x0000000704c00000, 0x0000000704c00000, 0x0000000704e00000|  0%| F|  |TAMS 0x0000000704c00000, 0x0000000704c00000| Untracked 
|  33|0x0000000704e00000, 0x0000000704e00000, 0x0000000705000000|  0%| F|  |TAMS 0x0000000704e00000, 0x0000000704e00000| Untracked 
|  34|0x0000000705000000, 0x0000000705000000, 0x0000000705200000|  0%| F|  |TAMS 0x0000000705000000, 0x0000000705000000| Untracked 
|  35|0x0000000705200000, 0x0000000705200000, 0x0000000705400000|  0%| F|  |TAMS 0x0000000705200000, 0x0000000705200000| Untracked 
|  36|0x0000000705400000, 0x0000000705400000, 0x0000000705600000|  0%| F|  |TAMS 0x0000000705400000, 0x0000000705400000| Untracked 
|  37|0x0000000705600000, 0x0000000705600000, 0x0000000705800000|  0%| F|  |TAMS 0x0000000705600000, 0x0000000705600000| Untracked 
|  38|0x0000000705800000, 0x0000000705800000, 0x0000000705a00000|  0%| F|  |TAMS 0x0000000705800000, 0x0000000705800000| Untracked 
|  39|0x0000000705a00000, 0x0000000705a00000, 0x0000000705c00000|  0%| F|  |TAMS 0x0000000705a00000, 0x0000000705a00000| Untracked 
|  40|0x0000000705c00000, 0x0000000705c00000, 0x0000000705e00000|  0%| F|  |TAMS 0x0000000705c00000, 0x0000000705c00000| Untracked 
|  41|0x0000000705e00000, 0x0000000705e00000, 0x0000000706000000|  0%| F|  |TAMS 0x0000000705e00000, 0x0000000705e00000| Untracked 
|  42|0x0000000706000000, 0x0000000706000000, 0x0000000706200000|  0%| F|  |TAMS 0x0000000706000000, 0x0000000706000000| Untracked 
|  43|0x0000000706200000, 0x0000000706200000, 0x0000000706400000|  0%| F|  |TAMS 0x0000000706200000, 0x0000000706200000| Untracked 
|  44|0x0000000706400000, 0x0000000706400000, 0x0000000706600000|  0%| F|  |TAMS 0x0000000706400000, 0x0000000706400000| Untracked 
|  45|0x0000000706600000, 0x0000000706600000, 0x0000000706800000|  0%| F|  |TAMS 0x0000000706600000, 0x0000000706600000| Untracked 
|  46|0x0000000706800000, 0x0000000706800000, 0x0000000706a00000|  0%| F|  |TAMS 0x0000000706800000, 0x0000000706800000| Untracked 
|  47|0x0000000706a00000, 0x0000000706a00000, 0x0000000706c00000|  0%| F|  |TAMS 0x0000000706a00000, 0x0000000706a00000| Untracked 
|  48|0x0000000706c00000, 0x0000000706c00000, 0x0000000706e00000|  0%| F|  |TAMS 0x0000000706c00000, 0x0000000706c00000| Untracked 
|  49|0x0000000706e00000, 0x0000000706e00000, 0x0000000707000000|  0%| F|  |TAMS 0x0000000706e00000, 0x0000000706e00000| Untracked 
|  50|0x0000000707000000, 0x0000000707000000, 0x0000000707200000|  0%| F|  |TAMS 0x0000000707000000, 0x0000000707000000| Untracked 
|  51|0x0000000707200000, 0x0000000707200000, 0x0000000707400000|  0%| F|  |TAMS 0x0000000707200000, 0x0000000707200000| Untracked 
|  52|0x0000000707400000, 0x0000000707400000, 0x0000000707600000|  0%| F|  |TAMS 0x0000000707400000, 0x0000000707400000| Untracked 
|  53|0x0000000707600000, 0x0000000707600000, 0x0000000707800000|  0%| F|  |TAMS 0x0000000707600000, 0x0000000707600000| Untracked 
|  54|0x0000000707800000, 0x0000000707800000, 0x0000000707a00000|  0%| F|  |TAMS 0x0000000707800000, 0x0000000707800000| Untracked 
|  55|0x0000000707a00000, 0x0000000707a00000, 0x0000000707c00000|  0%| F|  |TAMS 0x0000000707a00000, 0x0000000707a00000| Untracked 
|  56|0x0000000707c00000, 0x0000000707c00000, 0x0000000707e00000|  0%| F|  |TAMS 0x0000000707c00000, 0x0000000707c00000| Untracked 
|  57|0x0000000707e00000, 0x0000000707e00000, 0x0000000708000000|  0%| F|  |TAMS 0x0000000707e00000, 0x0000000707e00000| Untracked 
|  58|0x0000000708000000, 0x0000000708000000, 0x0000000708200000|  0%| F|  |TAMS 0x0000000708000000, 0x0000000708000000| Untracked 
|  59|0x0000000708200000, 0x0000000708200000, 0x0000000708400000|  0%| F|  |TAMS 0x0000000708200000, 0x0000000708200000| Untracked 
|  60|0x0000000708400000, 0x0000000708400000, 0x0000000708600000|  0%| F|  |TAMS 0x0000000708400000, 0x0000000708400000| Untracked 
|  61|0x0000000708600000, 0x0000000708600000, 0x0000000708800000|  0%| F|  |TAMS 0x0000000708600000, 0x0000000708600000| Untracked 
|  62|0x0000000708800000, 0x0000000708800000, 0x0000000708a00000|  0%| F|  |TAMS 0x0000000708800000, 0x0000000708800000| Untracked 
|  63|0x0000000708a00000, 0x0000000708a00000, 0x0000000708c00000|  0%| F|  |TAMS 0x0000000708a00000, 0x0000000708a00000| Untracked 
|  64|0x0000000708c00000, 0x0000000708c00000, 0x0000000708e00000|  0%| F|  |TAMS 0x0000000708c00000, 0x0000000708c00000| Untracked 
|  65|0x0000000708e00000, 0x0000000708e00000, 0x0000000709000000|  0%| F|  |TAMS 0x0000000708e00000, 0x0000000708e00000| Untracked 
|  66|0x0000000709000000, 0x0000000709000000, 0x0000000709200000|  0%| F|  |TAMS 0x0000000709000000, 0x0000000709000000| Untracked 
|  67|0x0000000709200000, 0x0000000709200000, 0x0000000709400000|  0%| F|  |TAMS 0x0000000709200000, 0x0000000709200000| Untracked 
|  68|0x0000000709400000, 0x0000000709400000, 0x0000000709600000|  0%| F|  |TAMS 0x0000000709400000, 0x0000000709400000| Untracked 
|  69|0x0000000709600000, 0x0000000709600000, 0x0000000709800000|  0%| F|  |TAMS 0x0000000709600000, 0x0000000709600000| Untracked 
|  70|0x0000000709800000, 0x0000000709800000, 0x0000000709a00000|  0%| F|  |TAMS 0x0000000709800000, 0x0000000709800000| Untracked 
|  71|0x0000000709a00000, 0x0000000709a00000, 0x0000000709c00000|  0%| F|  |TAMS 0x0000000709a00000, 0x0000000709a00000| Untracked 
|  72|0x0000000709c00000, 0x0000000709c00000, 0x0000000709e00000|  0%| F|  |TAMS 0x0000000709c00000, 0x0000000709c00000| Untracked 
|  73|0x0000000709e00000, 0x0000000709e00000, 0x000000070a000000|  0%| F|  |TAMS 0x0000000709e00000, 0x0000000709e00000| Untracked 
|  74|0x000000070a000000, 0x000000070a000000, 0x000000070a200000|  0%| F|  |TAMS 0x000000070a000000, 0x000000070a000000| Untracked 
|  75|0x000000070a200000, 0x000000070a200000, 0x000000070a400000|  0%| F|  |TAMS 0x000000070a200000, 0x000000070a200000| Untracked 
|  76|0x000000070a400000, 0x000000070a400000, 0x000000070a600000|  0%| F|  |TAMS 0x000000070a400000, 0x000000070a400000| Untracked 
|  77|0x000000070a600000, 0x000000070a600000, 0x000000070a800000|  0%| F|  |TAMS 0x000000070a600000, 0x000000070a600000| Untracked 
|  78|0x000000070a800000, 0x000000070a800000, 0x000000070aa00000|  0%| F|  |TAMS 0x000000070a800000, 0x000000070a800000| Untracked 
|  79|0x000000070aa00000, 0x000000070aa00000, 0x000000070ac00000|  0%| F|  |TAMS 0x000000070aa00000, 0x000000070aa00000| Untracked 
|  80|0x000000070ac00000, 0x000000070ac00000, 0x000000070ae00000|  0%| F|  |TAMS 0x000000070ac00000, 0x000000070ac00000| Untracked 
|  81|0x000000070ae00000, 0x000000070ae00000, 0x000000070b000000|  0%| F|  |TAMS 0x000000070ae00000, 0x000000070ae00000| Untracked 
|  82|0x000000070b000000, 0x000000070b000000, 0x000000070b200000|  0%| F|  |TAMS 0x000000070b000000, 0x000000070b000000| Untracked 
|  83|0x000000070b200000, 0x000000070b200000, 0x000000070b400000|  0%| F|  |TAMS 0x000000070b200000, 0x000000070b200000| Untracked 
|  84|0x000000070b400000, 0x000000070b400000, 0x000000070b600000|  0%| F|  |TAMS 0x000000070b400000, 0x000000070b400000| Untracked 
|  85|0x000000070b600000, 0x000000070b600000, 0x000000070b800000|  0%| F|  |TAMS 0x000000070b600000, 0x000000070b600000| Untracked 
|  86|0x000000070b800000, 0x000000070b800000, 0x000000070ba00000|  0%| F|  |TAMS 0x000000070b800000, 0x000000070b800000| Untracked 
|  87|0x000000070ba00000, 0x000000070bbbdf20, 0x000000070bc00000| 87%| E|  |TAMS 0x000000070ba00000, 0x000000070ba00000| Complete 
|  88|0x000000070bc00000, 0x000000070be00000, 0x000000070be00000|100%| E|CS|TAMS 0x000000070bc00000, 0x000000070bc00000| Complete 
|  89|0x000000070be00000, 0x000000070c000000, 0x000000070c000000|100%| E|CS|TAMS 0x000000070be00000, 0x000000070be00000| Complete 
|  90|0x000000070c000000, 0x000000070c200000, 0x000000070c200000|100%| E|CS|TAMS 0x000000070c000000, 0x000000070c000000| Complete 
|  91|0x000000070c200000, 0x000000070c400000, 0x000000070c400000|100%| E|CS|TAMS 0x000000070c200000, 0x000000070c200000| Complete 
|  92|0x000000070c400000, 0x000000070c600000, 0x000000070c600000|100%| E|CS|TAMS 0x000000070c400000, 0x000000070c400000| Complete 
|  93|0x000000070c600000, 0x000000070c800000, 0x000000070c800000|100%| E|CS|TAMS 0x000000070c600000, 0x000000070c600000| Complete 
|  94|0x000000070c800000, 0x000000070ca00000, 0x000000070ca00000|100%| E|CS|TAMS 0x000000070c800000, 0x000000070c800000| Complete 
|  95|0x000000070ca00000, 0x000000070cc00000, 0x000000070cc00000|100%| E|CS|TAMS 0x000000070ca00000, 0x000000070ca00000| Complete 
|  96|0x000000070cc00000, 0x000000070ce00000, 0x000000070ce00000|100%| E|CS|TAMS 0x000000070cc00000, 0x000000070cc00000| Complete 
|  97|0x000000070ce00000, 0x000000070d000000, 0x000000070d000000|100%| E|CS|TAMS 0x000000070ce00000, 0x000000070ce00000| Complete 
|  98|0x000000070d000000, 0x000000070d200000, 0x000000070d200000|100%| E|CS|TAMS 0x000000070d000000, 0x000000070d000000| Complete 
|  99|0x000000070d200000, 0x000000070d400000, 0x000000070d400000|100%| E|CS|TAMS 0x000000070d200000, 0x000000070d200000| Complete 
| 100|0x000000070d400000, 0x000000070d600000, 0x000000070d600000|100%| E|CS|TAMS 0x000000070d400000, 0x000000070d400000| Complete 
| 101|0x000000070d600000, 0x000000070d800000, 0x000000070d800000|100%| E|CS|TAMS 0x000000070d600000, 0x000000070d600000| Complete 
| 102|0x000000070d800000, 0x000000070da00000, 0x000000070da00000|100%| E|CS|TAMS 0x000000070d800000, 0x000000070d800000| Complete 
| 103|0x000000070da00000, 0x000000070dc00000, 0x000000070dc00000|100%| E|CS|TAMS 0x000000070da00000, 0x000000070da00000| Complete 
| 104|0x000000070dc00000, 0x000000070de00000, 0x000000070de00000|100%| E|CS|TAMS 0x000000070dc00000, 0x000000070dc00000| Complete 
| 105|0x000000070de00000, 0x000000070e000000, 0x000000070e000000|100%| E|CS|TAMS 0x000000070de00000, 0x000000070de00000| Complete 
| 106|0x000000070e000000, 0x000000070e200000, 0x000000070e200000|100%| E|CS|TAMS 0x000000070e000000, 0x000000070e000000| Complete 
| 107|0x000000070e200000, 0x000000070e400000, 0x000000070e400000|100%| E|CS|TAMS 0x000000070e200000, 0x000000070e200000| Complete 
| 108|0x000000070e400000, 0x000000070e600000, 0x000000070e600000|100%| E|CS|TAMS 0x000000070e400000, 0x000000070e400000| Complete 
| 109|0x000000070e600000, 0x000000070e615bc0, 0x000000070e800000|  4%| S|CS|TAMS 0x000000070e600000, 0x000000070e600000| Complete 
| 110|0x000000070e800000, 0x000000070ea00000, 0x000000070ea00000|100%| S|CS|TAMS 0x000000070e800000, 0x000000070e800000| Complete 
| 111|0x000000070ea00000, 0x000000070ec00000, 0x000000070ec00000|100%| E|CS|TAMS 0x000000070ea00000, 0x000000070ea00000| Complete 
| 112|0x000000070ec00000, 0x000000070ee00000, 0x000000070ee00000|100%| E|CS|TAMS 0x000000070ec00000, 0x000000070ec00000| Complete 
| 113|0x000000070ee00000, 0x000000070f000000, 0x000000070f000000|100%| E|CS|TAMS 0x000000070ee00000, 0x000000070ee00000| Complete 
| 114|0x000000070f000000, 0x000000070f200000, 0x000000070f200000|100%| E|CS|TAMS 0x000000070f000000, 0x000000070f000000| Complete 
| 115|0x000000070f200000, 0x000000070f400000, 0x000000070f400000|100%| E|CS|TAMS 0x000000070f200000, 0x000000070f200000| Complete 
| 116|0x000000070f400000, 0x000000070f600000, 0x000000070f600000|100%| E|CS|TAMS 0x000000070f400000, 0x000000070f400000| Complete 
| 117|0x000000070f600000, 0x000000070f800000, 0x000000070f800000|100%| E|CS|TAMS 0x000000070f600000, 0x000000070f600000| Complete 
| 118|0x000000070f800000, 0x000000070fa00000, 0x000000070fa00000|100%| E|CS|TAMS 0x000000070f800000, 0x000000070f800000| Complete 
| 119|0x000000070fa00000, 0x000000070fc00000, 0x000000070fc00000|100%| E|CS|TAMS 0x000000070fa00000, 0x000000070fa00000| Complete 
| 120|0x000000070fc00000, 0x000000070fe00000, 0x000000070fe00000|100%| E|CS|TAMS 0x000000070fc00000, 0x000000070fc00000| Complete 
| 121|0x000000070fe00000, 0x0000000710000000, 0x0000000710000000|100%| E|CS|TAMS 0x000000070fe00000, 0x000000070fe00000| Complete 
| 122|0x0000000710000000, 0x0000000710200000, 0x0000000710200000|100%| E|CS|TAMS 0x0000000710000000, 0x0000000710000000| Complete 
| 123|0x0000000710200000, 0x0000000710400000, 0x0000000710400000|100%| E|CS|TAMS 0x0000000710200000, 0x0000000710200000| Complete 
| 124|0x0000000710400000, 0x0000000710600000, 0x0000000710600000|100%| E|CS|TAMS 0x0000000710400000, 0x0000000710400000| Complete 
| 125|0x0000000710600000, 0x0000000710800000, 0x0000000710800000|100%| E|CS|TAMS 0x0000000710600000, 0x0000000710600000| Complete 
| 126|0x0000000710800000, 0x0000000710a00000, 0x0000000710a00000|100%| E|CS|TAMS 0x0000000710800000, 0x0000000710800000| Complete 
| 127|0x0000000710a00000, 0x0000000710c00000, 0x0000000710c00000|100%| E|CS|TAMS 0x0000000710a00000, 0x0000000710a00000| Complete 

Card table byte_map: [0x0000020b7b0c0000,0x0000020b7b8c0000] _byte_map_base: 0x0000020b778ba000

Marking Bits (Prev, Next): (CMBitMap*) 0x0000020b7a2d4640, (CMBitMap*) 0x0000020b7a2d4680
 Prev Bits: [0x0000020b17160000, 0x0000020b1b130000)
 Next Bits: [0x0000020b1b130000, 0x0000020b1f100000)

Polling page: 0x0000020b79a60000

Metaspace:

Usage:
  Non-class:      5.89 MB capacity,     5.78 MB ( 98%) used,   105.11 KB (  2%) free+waste,     8.94 KB ( <1%) overhead. 
      Class:    705.00 KB capacity,   620.12 KB ( 88%) used,    80.82 KB ( 11%) free+waste,     4.06 KB ( <1%) overhead. 
       Both:      6.58 MB capacity,     6.38 MB ( 97%) used,   185.93 KB (  3%) free+waste,    13.00 KB ( <1%) overhead. 

Virtual space:
  Non-class space:        8.00 MB reserved,       6.00 MB ( 75%) committed 
      Class space:        1.00 GB reserved,     768.00 KB ( <1%) committed 
             Both:        1.01 GB reserved,       6.75 MB ( <1%) committed 

Chunk freelists:
   Non-Class:  48.00 KB
       Class:  0 bytes
        Both:  48.00 KB

MaxMetaspaceSize: 17179869184.00 GB
CompressedClassSpaceSize: 1.00 GB

CodeHeap 'non-profiled nmethods': size=120000Kb used=829Kb max_used=829Kb free=119170Kb
 bounds [0x0000020b0fc30000, 0x0000020b0fea0000, 0x0000020b17160000]
CodeHeap 'profiled nmethods': size=120000Kb used=2102Kb max_used=2102Kb free=117897Kb
 bounds [0x0000020b08700000, 0x0000020b08970000, 0x0000020b0fc30000]
CodeHeap 'non-nmethods': size=5760Kb used=1258Kb max_used=1297Kb free=4501Kb
 bounds [0x0000020b08160000, 0x0000020b083d0000, 0x0000020b08700000]
 total_blobs=1819 nmethods=1278 adapters=454
 compilation: enabled
              stopped_count=0, restarted_count=0
 full_count=0

Compilation events (20 events):
Event: 14.264 Thread 0x0000020b7f586120 1270       4       java.security.AccessController::getContext (23 bytes)
Event: 14.266 Thread 0x0000020b7f586120 nmethod 1270 0x0000020b0fcf0190 code [0x0000020b0fcf0340, 0x0000020b0fcf0618]
Event: 14.308 Thread 0x0000020b7f586120 1271       4       jdk.internal.logger.AbstractLoggerWrapper::isLoggable (26 bytes)
Event: 14.309 Thread 0x0000020b7f586120 nmethod 1271 0x0000020b0fcf0a10 code [0x0000020b0fcf0ba0, 0x0000020b0fcf0cd8]
Event: 14.318 Thread 0x0000020b7f586120 1272   !   4       sun.awt.PostEventQueue::flush (168 bytes)
Event: 14.426 Thread 0x0000020b7f586120 nmethod 1272 0x0000020b0fcf0f10 code [0x0000020b0fcf13a0, 0x0000020b0fcf78d0]
Event: 14.426 Thread 0x0000020b7f586120 1273       4       java.util.concurrent.locks.ReentrantLock$Sync::isHeldExclusively (16 bytes)
Event: 14.427 Thread 0x0000020b7f586120 nmethod 1273 0x0000020b0fcfa410 code [0x0000020b0fcfa580, 0x0000020b0fcfa618]
Event: 14.427 Thread 0x0000020b7f586120 1274       4       java.util.concurrent.locks.AbstractQueuedSynchronizer$Node::setStatusRelaxed (12 bytes)
Event: 14.427 Thread 0x0000020b7f586120 nmethod 1274 0x0000020b0fcfa710 code [0x0000020b0fcfa880, 0x0000020b0fcfa8d8]
Event: 14.478 Thread 0x0000020b7f586120 1275 % !   4       sun.java2d.d3d.D3DScreenUpdateManager::run @ 105 (267 bytes)
Event: 14.498 Thread 0x0000020b7f586120 nmethod 1275% 0x0000020b0fcfaa10 code [0x0000020b0fcfad00, 0x0000020b0fcfcfd0]
Event: 14.630 Thread 0x0000020b7f586120 1276       4       java.util.HashMap::afterNodeRemoval (1 bytes)
Event: 14.631 Thread 0x0000020b7f586120 nmethod 1276 0x0000020b0fcfe310 code [0x0000020b0fcfe480, 0x0000020b0fcfe4d8]
Event: 15.198 Thread 0x0000020b7f586120 1277       4       sun.awt.SunToolkit::getAppContext (42 bytes)
Event: 15.199 Thread 0x0000020b7f586120 nmethod 1277 0x0000020b0fcfe610 code [0x0000020b0fcfe7a0, 0x0000020b0fcfe858]
Event: 15.228 Thread 0x0000020b7f586120 1278       4       java.awt.EventQueue::getNextEventPrivate (76 bytes)
Event: 15.232 Thread 0x0000020b7f586120 nmethod 1278 0x0000020b0fcfe990 code [0x0000020b0fcfeb20, 0x0000020b0fcfef98]
Event: 15.656 Thread 0x0000020b7f586120 1279       4       java.util.concurrent.locks.ReentrantLock$NonfairSync::tryAcquire (27 bytes)
Event: 15.657 Thread 0x0000020b7f586120 nmethod 1279 0x0000020b0fcff210 code [0x0000020b0fcff380, 0x0000020b0fcff4d8]

GC Heap History (4 events):
Event: 2.441 GC heap before
{Heap before GC invocations=0 (full 0):
 garbage-first heap   total 262144K, used 22528K [0x0000000700c00000, 0x0000000800000000)
  region size 2048K, 11 young (22528K), 0 survivors (0K)
 Metaspace       used 6214K, capacity 6382K, committed 6656K, reserved 1056768K
  class space    used 611K, capacity 672K, committed 768K, reserved 1048576K
}
Event: 2.444 GC heap after
{Heap after GC invocations=1 (full 0):
 garbage-first heap   total 262144K, used 1953K [0x0000000700c00000, 0x0000000800000000)
  region size 2048K, 1 young (2048K), 1 survivors (2048K)
 Metaspace       used 6214K, capacity 6382K, committed 6656K, reserved 1056768K
  class space    used 611K, capacity 672K, committed 768K, reserved 1048576K
}
Event: 6.204 GC heap before
{Heap before GC invocations=1 (full 0):
 garbage-first heap   total 262144K, used 34721K [0x0000000700c00000, 0x0000000800000000)
  region size 2048K, 17 young (34816K), 1 survivors (2048K)
 Metaspace       used 6217K, capacity 6382K, committed 6656K, reserved 1056768K
  class space    used 611K, capacity 672K, committed 768K, reserved 1048576K
}
Event: 6.206 GC heap after
{Heap after GC invocations=2 (full 0):
 garbage-first heap   total 262144K, used 2134K [0x0000000700c00000, 0x0000000800000000)
  region size 2048K, 2 young (4096K), 2 survivors (4096K)
 Metaspace       used 6217K, capacity 6382K, committed 6656K, reserved 1056768K
  class space    used 611K, capacity 672K, committed 768K, reserved 1048576K
}

Deoptimization events (20 events):
Event: 15.665 Thread 0x0000020b27def660 Uncommon trap: trap_request=0xffffff45 fr.pc=0x0000020b0fcd7e5c relative=0x00000000000020bc
Event: 15.665 Thread 0x0000020b27def660 Uncommon trap: reason=unstable_if action=reinterpret pc=0x0000020b0fcd7e5c method=sun.java2d.d3d.D3DScreenUpdateManager.runUpdateNow()V @ 8 c2
Event: 15.665 Thread 0x0000020b27def660 DEOPT PACKING pc=0x0000020b0fcd7e5c sp=0x00000010789ff0d0
Event: 15.665 Thread 0x0000020b27def660 DEOPT UNPACKING pc=0x0000020b081ae42f sp=0x00000010789fe9c0 mode 2
Event: 15.665 Thread 0x0000020b27def660 Uncommon trap: trap_request=0xffffff45 fr.pc=0x0000020b0fcedd60 relative=0x0000000000000740
Event: 15.665 Thread 0x0000020b27def660 Uncommon trap: reason=unstable_if action=reinterpret pc=0x0000020b0fcedd60 method=sun.java2d.d3d.D3DScreenUpdateManager.createGraphics(Lsun/java2d/SurfaceData;Lsun/awt/windows/WComponentPeer;Ljava/awt/Color;Ljava/awt/Color;Ljava/awt/Font;)Ljava/awt/Graphi
Event: 15.665 Thread 0x0000020b27def660 DEOPT PACKING pc=0x0000020b0fcedd60 sp=0x00000010789ff150
Event: 15.665 Thread 0x0000020b27def660 DEOPT UNPACKING pc=0x0000020b081ae42f sp=0x00000010789ff078 mode 2
Event: 15.665 Thread 0x0000020b27def660 Uncommon trap: trap_request=0xffffff45 fr.pc=0x0000020b0fcdec70 relative=0x0000000000001830
Event: 15.665 Thread 0x0000020b27def660 Uncommon trap: reason=unstable_if action=reinterpret pc=0x0000020b0fcdec70 method=sun.java2d.pipe.BufferedContext.validate(Lsun/java2d/pipe/hw/AccelSurface;Lsun/java2d/pipe/hw/AccelSurface;Lsun/java2d/pipe/Region;Ljava/awt/Composite;Ljava/awt/geom/AffineT
Event: 15.665 Thread 0x0000020b27def660 DEOPT PACKING pc=0x0000020b0fcdec70 sp=0x00000010789fe7c0
Event: 15.665 Thread 0x0000020b27def660 DEOPT UNPACKING pc=0x0000020b081ae42f sp=0x00000010789fe768 mode 2
Event: 15.665 Thread 0x0000020b27def660 Uncommon trap: trap_request=0xffffff45 fr.pc=0x0000020b0fce97cc relative=0x000000000000048c
Event: 15.665 Thread 0x0000020b27def660 Uncommon trap: reason=unstable_if action=reinterpret pc=0x0000020b0fce97cc method=sun.java2d.d3d.D3DScreenUpdateManager.trackScreenSurface(Lsun/java2d/SurfaceData;)V @ 4 c2
Event: 15.665 Thread 0x0000020b27def660 DEOPT PACKING pc=0x0000020b0fce97cc sp=0x00000010789fee90
Event: 15.665 Thread 0x0000020b27def660 DEOPT UNPACKING pc=0x0000020b081ae42f sp=0x00000010789fee68 mode 2
Event: 15.665 Thread 0x0000020b27def660 Uncommon trap: trap_request=0xffffff45 fr.pc=0x0000020b0fcb51a0 relative=0x0000000000000100
Event: 15.665 Thread 0x0000020b27def660 Uncommon trap: reason=unstable_if action=reinterpret pc=0x0000020b0fcb51a0 method=sun.awt.image.VolatileSurfaceManager.validate(Ljava/awt/GraphicsConfiguration;)I @ 90 c2
Event: 15.665 Thread 0x0000020b27def660 DEOPT PACKING pc=0x0000020b0fcb51a0 sp=0x00000010789ff210
Event: 15.665 Thread 0x0000020b27def660 DEOPT UNPACKING pc=0x0000020b081ae42f sp=0x00000010789ff130 mode 2

Classes unloaded (0 events):
No events

Classes redefined (0 events):
No events

Internal exceptions (13 events):
Event: 0.065 Thread 0x0000020b7f729480 Exception <a 'java/lang/NoSuchMethodError'{0x0000000710808948}: 'java.lang.Object java.lang.invoke.DirectMethodHandle$Holder.invokeStatic(java.lang.Object)'> (0x0000000710808948) 
thrown [./open/src/hotspot/share/interpreter/linkResolver.cpp, line 782]
Event: 0.066 Thread 0x0000020b7f729480 Exception <a 'java/lang/NoSuchMethodError'{0x000000071080c258}: 'java.lang.Object java.lang.invoke.DirectMethodHandle$Holder.invokeStaticInit(java.lang.Object)'> (0x000000071080c258) 
thrown [./open/src/hotspot/share/interpreter/linkResolver.cpp, line 782]
Event: 0.069 Thread 0x0000020b7a2825c0 Exception <a 'java/lang/ClassNotFoundException'{0x0000000710bdada8}: sun/awt/resources/spi/awtProvider> (0x0000000710bdada8) 
thrown [./open/src/hotspot/share/classfile/systemDictionary.cpp, line 295]
Event: 0.069 Thread 0x0000020b7f729480 Exception <a 'java/lang/NoSuchMethodError'{0x00000007108195d0}: 'void java.lang.invoke.DirectMethodHandle$Holder.invokeStatic(java.lang.Object, java.lang.Object)'> (0x00000007108195d0) 
thrown [./open/src/hotspot/share/interpreter/linkResolver.cpp, line 782]
Event: 0.084 Thread 0x0000020b7a2825c0 Exception <a 'java/io/FileNotFoundException'{0x00000007108a5558}> (0x00000007108a5558) 
thrown [./open/src/hotspot/share/prims/jni.cpp, line 578]
Event: 0.089 Thread 0x0000020b7a2825c0 Exception <a 'java/io/FileNotFoundException'{0x00000007108d3db8}> (0x00000007108d3db8) 
thrown [./open/src/hotspot/share/prims/jni.cpp, line 578]
Event: 0.091 Thread 0x0000020b7a2825c0 Exception <a 'java/lang/NoSuchMethodError'{0x00000007108d9730}: 'void java.lang.invoke.DirectMethodHandle$Holder.invokeSpecial(java.lang.Object, java.lang.Object, java.lang.Object)'> (0x00000007108d9730) 
thrown [./open/src/hotspot/share/interpreter/linkResolver.cpp, line 782]
Event: 0.270 Thread 0x0000020b7a2825c0 Exception <a 'java/lang/NoSuchMethodError'{0x00000007109e8d68}: 'void java.lang.invoke.DirectMethodHandle$Holder.invokeStaticInit(java.lang.Object)'> (0x00000007109e8d68) 
thrown [./open/src/hotspot/share/interpreter/linkResolver.cpp, line 782]
Event: 1.022 Thread 0x0000020b7f582870 Implicit null exception at 0x0000020b0fc737b5 to 0x0000020b0fc739da
Event: 2.444 Thread 0x0000020b27def660 Implicit null exception at 0x0000020b0fc6cba0 to 0x0000020b0fc6e84c
Event: 12.073 Thread 0x0000020b7f945200 Exception <a 'java/lang/NoSuchMethodError'{0x000000070f1108a0}: 'void java.lang.invoke.DirectMethodHandle$Holder.invokeVirtual(java.lang.Object, java.lang.Object)'> (0x000000070f1108a0) 
thrown [./open/src/hotspot/share/interpreter/linkResolver.cpp, line 782]
Event: 12.076 Thread 0x0000020b27def660 Implicit null exception at 0x0000020b0fca7f2f to 0x0000020b0fca821a
Event: 12.086 Thread 0x0000020b1f8fe5b0 Implicit null exception at 0x0000020b0fc6aa4c to 0x0000020b0fc6ac40

Events (20 events):
Event: 6.546 loading class java/awt/geom/Path2D$Float$CopyIterator done
Event: 7.221 Executing VM operation: HandshakeAllThreads
Event: 7.221 Executing VM operation: HandshakeAllThreads done
Event: 10.252 Executing VM operation: HandshakeAllThreads
Event: 10.252 Executing VM operation: HandshakeAllThreads done
Event: 11.267 Executing VM operation: HandshakeAllThreads
Event: 11.267 Executing VM operation: HandshakeAllThreads done
Event: 11.286 Loaded shared library C:\Program Files\Java\jdk-15.0.1\bin\java.dll
Event: 12.275 Executing VM operation: HandshakeAllThreads
Event: 12.275 Executing VM operation: HandshakeAllThreads done
Event: 13.280 Executing VM operation: HandshakeAllThreads
Event: 13.280 Executing VM operation: HandshakeAllThreads done
Event: 14.289 Executing VM operation: HandshakeAllThreads
Event: 14.289 Executing VM operation: HandshakeAllThreads done
Event: 15.302 Executing VM operation: HandshakeAllThreads
Event: 15.303 Executing VM operation: HandshakeAllThreads done
Event: 15.664 Thread 0x0000020b27df09a0 Thread added: 0x0000020b27df09a0
Event: 15.665 Thread 0x0000020b27dee320 Thread added: 0x0000020b27dee320
Event: 15.665 Thread 0x0000020b27dee320 Thread exited: 0x0000020b27dee320
Event: 15.665 Thread 0x0000020b1f8fe5b0 Thread exited: 0x0000020b1f8fe5b0


Dynamic libraries:
0x00007ff6aac70000 - 0x00007ff6aac7f000 	C:\Program Files\Java\jdk-15.0.1\bin\java.exe
0x00007ffe20090000 - 0x00007ffe20285000 	C:\WINDOWS\SYSTEM32\ntdll.dll
0x00007ffe1e240000 - 0x00007ffe1e2fd000 	C:\WINDOWS\System32\KERNEL32.DLL
0x00007ffe1db70000 - 0x00007ffe1de39000 	C:\WINDOWS\System32\KERNELBASE.dll
0x00007ffe1da10000 - 0x00007ffe1db10000 	C:\WINDOWS\System32\ucrtbase.dll
0x00007ffe1b0b0000 - 0x00007ffe1b0c8000 	C:\Program Files\Java\jdk-15.0.1\bin\jli.dll
0x00007ffe18480000 - 0x00007ffe18499000 	C:\Program Files\Java\jdk-15.0.1\bin\VCRUNTIME140.dll
0x00007ffe1e190000 - 0x00007ffe1e23c000 	C:\WINDOWS\System32\ADVAPI32.dll
0x00007ffe1fd30000 - 0x00007ffe1fdce000 	C:\WINDOWS\System32\msvcrt.dll
0x00007ffe1f200000 - 0x00007ffe1f29b000 	C:\WINDOWS\System32\sechost.dll
0x00007ffe1e300000 - 0x00007ffe1e42a000 	C:\WINDOWS\System32\RPCRT4.dll
0x00007ffe1e430000 - 0x00007ffe1e5d0000 	C:\WINDOWS\System32\USER32.dll
0x00007ffe1d9e0000 - 0x00007ffe1da02000 	C:\WINDOWS\System32\win32u.dll
0x00007ffe09b20000 - 0x00007ffe09dba000 	C:\WINDOWS\WinSxS\amd64_microsoft.windows.common-controls_6595b64144ccf1df_6.0.19041.1083_none_60bbe31371f34e71\COMCTL32.dll
0x00007ffe1e830000 - 0x00007ffe1e85a000 	C:\WINDOWS\System32\GDI32.dll
0x00007ffe1de40000 - 0x00007ffe1df4b000 	C:\WINDOWS\System32\gdi32full.dll
0x00007ffe1d940000 - 0x00007ffe1d9dd000 	C:\WINDOWS\System32\msvcp_win.dll
0x00007ffe16560000 - 0x00007ffe1656a000 	C:\WINDOWS\SYSTEM32\VERSION.dll
0x00007ffe1f2a0000 - 0x00007ffe1f2d0000 	C:\WINDOWS\System32\IMM32.DLL
0x00007ffe19300000 - 0x00007ffe1930c000 	C:\Program Files\Java\jdk-15.0.1\bin\vcruntime140_1.dll
0x00007ffe04240000 - 0x00007ffe042d1000 	C:\Program Files\Java\jdk-15.0.1\bin\msvcp140.dll
0x00007ffdcc4d0000 - 0x00007ffdcd02e000 	C:\Program Files\Java\jdk-15.0.1\bin\server\jvm.dll
0x00007ffe20040000 - 0x00007ffe20048000 	C:\WINDOWS\System32\PSAPI.DLL
0x00007ffe126d0000 - 0x00007ffe126f7000 	C:\WINDOWS\SYSTEM32\WINMM.dll
0x00007ffe06170000 - 0x00007ffe06179000 	C:\WINDOWS\SYSTEM32\WSOCK32.dll
0x00007ffe1f0b0000 - 0x00007ffe1f11b000 	C:\WINDOWS\System32\WS2_32.dll
0x00007ffe1b640000 - 0x00007ffe1b652000 	C:\WINDOWS\SYSTEM32\kernel.appcore.dll
0x00007ffe192c0000 - 0x00007ffe192ca000 	C:\Program Files\Java\jdk-15.0.1\bin\jimage.dll
0x00007ffe0bb60000 - 0x00007ffe0bd44000 	C:\WINDOWS\SYSTEM32\DBGHELP.DLL
0x00007ffe0f370000 - 0x00007ffe0f39c000 	C:\WINDOWS\SYSTEM32\dbgcore.DLL
0x00007ffe1d880000 - 0x00007ffe1d903000 	C:\WINDOWS\System32\bcryptPrimitives.dll
0x00007ffe12020000 - 0x00007ffe1202e000 	C:\Program Files\Java\jdk-15.0.1\bin\instrument.dll
0x00007ffe06ea0000 - 0x00007ffe06ec5000 	C:\Program Files\Java\jdk-15.0.1\bin\java.dll
0x00007ffe1f470000 - 0x00007ffe1fbaf000 	C:\WINDOWS\System32\SHELL32.dll
0x00007ffe1b920000 - 0x00007ffe1c0b1000 	C:\WINDOWS\SYSTEM32\windows.storage.dll
0x00007ffe1e860000 - 0x00007ffe1ebb5000 	C:\WINDOWS\System32\combase.dll
0x00007ffe1d240000 - 0x00007ffe1d26c000 	C:\WINDOWS\SYSTEM32\Wldp.dll
0x00007ffe1fc70000 - 0x00007ffe1fd1e000 	C:\WINDOWS\System32\SHCORE.dll
0x00007ffe1fdd0000 - 0x00007ffe1fe25000 	C:\WINDOWS\System32\shlwapi.dll
0x00007ffe1d710000 - 0x00007ffe1d72f000 	C:\WINDOWS\SYSTEM32\profapi.dll
0x00007ffe06e80000 - 0x00007ffe06e98000 	C:\Program Files\Java\jdk-15.0.1\bin\zip.dll
0x00007ffe11ed0000 - 0x00007ffe11ee9000 	C:\Program Files\Java\jdk-15.0.1\bin\net.dll
0x00007ffe0fea0000 - 0x00007ffe0ffaa000 	C:\WINDOWS\SYSTEM32\WINHTTP.dll
0x00007ffe1cfa0000 - 0x00007ffe1d00a000 	C:\WINDOWS\system32\mswsock.dll
0x00007ffe10230000 - 0x00007ffe10242000 	C:\Program Files\Java\jdk-15.0.1\bin\nio.dll
0x00007ffe041e0000 - 0x00007ffe041fa000 	C:\Program Files\JetBrains\IntelliJ IDEA Community Edition 2020.2\bin\breakgen64.dll
0x00007ffdcb890000 - 0x00007ffdcba10000 	C:\Program Files\Java\jdk-15.0.1\bin\awt.dll
0x00007ffe1e760000 - 0x00007ffe1e82d000 	C:\WINDOWS\System32\OLEAUT32.dll
0x00007ffe1b110000 - 0x00007ffe1b1a0000 	C:\WINDOWS\SYSTEM32\apphelp.dll
0x00007ffe1b260000 - 0x00007ffe1b2fe000 	C:\WINDOWS\system32\uxtheme.dll
0x00007ffe1f350000 - 0x00007ffe1f465000 	C:\WINDOWS\System32\MSCTF.dll
0x00007ffe1e5d0000 - 0x00007ffe1e6fa000 	C:\WINDOWS\System32\ole32.dll
0x00007ffe1b610000 - 0x00007ffe1b63f000 	C:\WINDOWS\system32\DWMAPI.DLL
0x00007ffdc3240000 - 0x00007ffdc3365000 	C:\WINDOWS\system32\opengl32.dll
0x00007ffdc3210000 - 0x00007ffdc323c000 	C:\WINDOWS\SYSTEM32\GLU32.dll
0x00007ffe134e0000 - 0x00007ffe136ae000 	C:\WINDOWS\system32\d3d9.dll
0x00007ffe12cf0000 - 0x00007ffe12df2000 	C:\WINDOWS\System32\DriverStore\FileRepository\nv_dispi.inf_amd64_8e1b465b962975a0\nvldumdx.dll
0x00007ffe1d3c0000 - 0x00007ffe1d3d2000 	C:\WINDOWS\SYSTEM32\msasn1.dll
0x00007ffe16500000 - 0x00007ffe16531000 	C:\WINDOWS\SYSTEM32\cryptnet.dll
0x00007ffe1dfa0000 - 0x00007ffe1e0ff000 	C:\WINDOWS\System32\CRYPT32.dll
0x00007ffe1d1a0000 - 0x00007ffe1d1ac000 	C:\WINDOWS\SYSTEM32\cryptbase.dll
0x00007ffe1db10000 - 0x00007ffe1db70000 	C:\WINDOWS\System32\WINTRUST.DLL
0x00007ffe1f330000 - 0x00007ffe1f34d000 	C:\WINDOWS\System32\imagehlp.dll
0x00007ffe1d180000 - 0x00007ffe1d198000 	C:\WINDOWS\SYSTEM32\CRYPTSP.dll
0x00007ffe1c8d0000 - 0x00007ffe1c904000 	C:\WINDOWS\system32\rsaenh.dll
0x00007ffe1d910000 - 0x00007ffe1d937000 	C:\WINDOWS\System32\bcrypt.dll
0x00007ffdcf670000 - 0x00007ffdd108c000 	C:\WINDOWS\System32\DriverStore\FileRepository\nv_dispi.inf_amd64_8e1b465b962975a0\nvd3dumx.dll
0x00007ffdd66a0000 - 0x00007ffdd6959000 	C:\WINDOWS\system32\nvspcap64.dll
0x00007ffe1c620000 - 0x00007ffe1c653000 	C:\WINDOWS\SYSTEM32\ntmarta.dll
0x00007ffe1c0d0000 - 0x00007ffe1c0f3000 	C:\WINDOWS\SYSTEM32\gpapi.dll
0x00007ffe149e0000 - 0x00007ffe14a1b000 	C:\WINDOWS\SYSTEM32\dxcore.dll
0x00007ffe1df50000 - 0x00007ffe1df9e000 	C:\WINDOWS\System32\cfgmgr32.dll
0x00007ffdedc70000 - 0x00007ffdedcf5000 	C:\Program Files\Java\jdk-15.0.1\bin\freetype.dll
0x00007ffdebbc0000 - 0x00007ffdebc69000 	C:\Program Files\Java\jdk-15.0.1\bin\fontmanager.dll
0x00007ffe08cc0000 - 0x00007ffe08db9000 	C:\WINDOWS\SYSTEM32\textinputframework.dll
0x00007ffe1aa30000 - 0x00007ffe1ad8e000 	C:\WINDOWS\System32\CoreUIComponents.dll
0x00007ffe1adc0000 - 0x00007ffe1aeb2000 	C:\WINDOWS\System32\CoreMessaging.dll
0x00007ffe1a340000 - 0x00007ffe1a494000 	C:\WINDOWS\SYSTEM32\wintypes.dll

dbghelp: loaded successfully - version: 4.0.5 - missing functions: none
symbol engine: initialized successfully - sym options: 0x614 - pdb path: .;C:\Program Files\Java\jdk-15.0.1\bin;C:\WINDOWS\SYSTEM32;C:\WINDOWS\WinSxS\amd64_microsoft.windows.common-controls_6595b64144ccf1df_6.0.19041.1083_none_60bbe31371f34e71;C:\Program Files\Java\jdk-15.0.1\bin\server;C:\Program Files\JetBrains\IntelliJ IDEA Community Edition 2020.2\bin;C:\WINDOWS\System32\DriverStore\FileRepository\nv_dispi.inf_amd64_8e1b465b962975a0

VM Arguments:
jvm_args: -javaagent:C:\Program Files\JetBrains\IntelliJ IDEA Community Edition 2020.2\lib\idea_rt.jar=52642:C:\Program Files\JetBrains\IntelliJ IDEA Community Edition 2020.2\bin -Dfile.encoding=UTF-8 
java_command: game.Game
java_class_path (initial): C:\Users\rarii\Desktop\Dateien\DAM\2021S2\Serveis i processos\DAM_M09_EAC2P1_Enunciat2021S2\PixelTD\out\production\PixelTD
Launcher Type: SUN_STANDARD

[Global flags]
     intx CICompilerCount                          = 4                                         {product} {ergonomic}
     uint ConcGCThreads                            = 3                                         {product} {ergonomic}
     uint G1ConcRefinementThreads                  = 10                                        {product} {ergonomic}
   size_t G1HeapRegionSize                         = 2097152                                   {product} {ergonomic}
    uintx GCDrainStackTargetSize                   = 64                                        {product} {ergonomic}
   size_t InitialHeapSize                          = 268435456                                 {product} {ergonomic}
   size_t MarkStackSize                            = 4194304                                   {product} {ergonomic}
   size_t MaxHeapSize                              = 4282384384                                {product} {ergonomic}
   size_t MaxNewSize                               = 2569011200                                {product} {ergonomic}
   size_t MinHeapDeltaBytes                        = 2097152                                   {product} {ergonomic}
   size_t MinHeapSize                              = 8388608                                   {product} {ergonomic}
    uintx NonNMethodCodeHeapSize                   = 5839372                                {pd product} {ergonomic}
    uintx NonProfiledCodeHeapSize                  = 122909434                              {pd product} {ergonomic}
    uintx ProfiledCodeHeapSize                     = 122909434                              {pd product} {ergonomic}
    uintx ReservedCodeCacheSize                    = 251658240                              {pd product} {ergonomic}
     bool SegmentedCodeCache                       = true                                      {product} {ergonomic}
   size_t SoftMaxHeapSize                          = 4282384384                             {manageable} {ergonomic}
     bool UseCompressedClassPointers               = true                                 {lp64_product} {ergonomic}
     bool UseCompressedOops                        = true                                 {lp64_product} {ergonomic}
     bool UseG1GC                                  = true                                      {product} {ergonomic}
     bool UseLargePagesIndividualAllocation        = false                                  {pd product} {ergonomic}

Logging:
Log output configuration:
 #0: stdout all=warning uptime,level,tags
 #1: stderr all=off uptime,level,tags

Environment Variables:
PATH=C:\Program Files (x86)\Common Files\Oracle\Java\javapath;C:\ProgramData\Oracle\Java\javapath;C:\Program Files\Common Files\Oracle\Java\javapath;C:\Windows\system32;C:\Windows;C:\Windows\System32\Wbem;C:\Windows\System32\WindowsPowerShell\v1.0\;C:\Windows\System32\OpenSSH\;C:\Program Files (x86)\NVIDIA Corporation\PhysX\Common;C:\Program Files\NVIDIA Corporation\NVIDIA NvDLISR;C:\Program Files\dotnet\;C:\Program Files\PuTTY\;C:\Program Files\PostgreSQL\13\bin;C:\WINDOWS\system32;C:\WINDOWS;C:\WINDOWS\System32\Wbem;C:\WINDOWS\System32\WindowsPowerShell\v1.0\;C:\WINDOWS\System32\OpenSSH\;C:\Program Files\Git\cmd;C:\Users\rarii\AppData\Local\Microsoft\WindowsApps;C:\Users\rarii\AppData\Local\Programs\Microsoft VS Code\bin;C:\Users\rarii\.dotnet\tools;C:\Users\rarii\.dotnet\tools;C:\Users\rarii\AppData\Local\Microsoft\WindowsApps;C:\Users\rarii\AppData\Local\GitHubDesktop\bin
USERNAME=HERMES
OS=Windows_NT
PROCESSOR_IDENTIFIER=AMD64 Family 23 Model 113 Stepping 0, AuthenticAMD



---------------  S Y S T E M  ---------------

OS:
 Windows 10 , 64 bit Build 19041 (10.0.19041.1023)
OS uptime: 0 days 12:53 hours

CPU: total 12 (initial active 12) (12 cores per cpu, 2 threads per core) family 23 model 113 stepping 0 microcode 0x0, cmov, cx8, fxsr, mmx, sse, sse2, sse3, ssse3, sse4.1, sse4.2, popcnt, vzeroupper, avx, avx2, aes, clmul, 3dnowpref, lzcnt, sse4a, ht, tsc, tscinvbit, tscinv, bmi1, bmi2, adx, sha, fma, clflush, clflushopt

Memory: 4k page, system-wide physical 16334M (8237M free)
TotalPageFile size 18766M (AvailPageFile size 7616M)
current process WorkingSet (physical memory assigned to process): 248M, peak: 259M
current process commit charge ("private bytes"): 540M, peak: 557M

vm_info: Java HotSpot(TM) 64-Bit Server VM (15.0.1+9-18) for windows-amd64 JRE (15.0.1+9-18), built on Sep 15 2020 14:43:54 by "mach5one" with unknown MS VC++:1925

END.
