#
# A fatal error has been detected by the Java Runtime Environment:
#
#  EXCEPTION_ACCESS_VIOLATION (0xc0000005) at pc=0x0000000000000000, pid=9416, tid=7140
#
# JRE version: Java(TM) SE Runtime Environment (15.0.1+9) (build 15.0.1+9-18)
# Java VM: Java HotSpot(TM) 64-Bit Server VM (15.0.1+9-18, mixed mode, sharing, tiered, compressed oops, g1 gc, windows-amd64)
# Problematic frame:
# C  0x0000000000000000
#
# No core dump will be written. Minidumps are not enabled by default on client versions of Windows
#
# If you would like to submit a bug report, please visit:
#   https://bugreport.java.com/bugreport/crash.jsp
# The crash happened outside the Java Virtual Machine in native code.
# See problematic frame for where to report the bug.
#

---------------  S U M M A R Y ------------

Command Line: -javaagent:C:\Program Files\JetBrains\IntelliJ IDEA Community Edition 2020.2\lib\idea_rt.jar=50934:C:\Program Files\JetBrains\IntelliJ IDEA Community Edition 2020.2\bin -Dfile.encoding=UTF-8 game.Game

Host: AMD Ryzen 5 3600 6-Core Processor              , 12 cores, 15G,  Windows 10 , 64 bit Build 19041 (10.0.19041.1023)
Time: Sun Jul 11 13:50:05 2021 Mitteleuropäische Sommerzeit    elapsed time: 30.698011 seconds (0d 0h 0m 30s)

---------------  T H R E A D  ---------------

Current thread (0x00000201ffad6a50):  JavaThread "AWT-Windows" daemon [_thread_in_native, id=7140, stack(0x000000e1ee700000,0x000000e1ee800000)]

Stack: [0x000000e1ee700000,0x000000e1ee800000],  sp=0x000000e1ee7fe958,  free space=1018k
Native frames: (J=compiled Java code, j=interpreted, Vv=VM code, C=native code)

Java frames: (J=compiled Java code, j=interpreted, Vv=VM code)
j  sun.awt.windows.WToolkit.eventLoop()V+0 java.desktop@15.0.1
j  sun.awt.windows.WToolkit.run()V+50 java.desktop@15.0.1
j  java.lang.Thread.run()V+11 java.base@15.0.1
v  ~StubRoutines::call_stub

siginfo: EXCEPTION_ACCESS_VIOLATION (0xc0000005), data execution prevention violation at address 0x0000000000000000


Register to memory mapping:

RIP=0x0 is NULL
RAX=0x0 is NULL
RBX=0x0000020182586270 points into unknown readable memory: 0x000002018acf38e0 | e0 38 cf 8a 01 02 00 00
RCX=0x0 is NULL
RDX=0x000002018acf38e0 points into unknown readable memory: 0x0000000073655243 | 43 52 65 73 00 00 00 00
RSP=0x000000e1ee7fe958 is pointing into the stack for thread: 0x00000201ffad6a50
RBP=0x00007ffdf580c7e0 awt.dll
RSI=0x0 is NULL
RDI=0x00000201824be550 points into unknown readable memory: 0x0000000000000000 | 00 00 00 00 00 00 00 00
R8 =0x0000020182586270 points into unknown readable memory: 0x000002018acf38e0 | e0 38 cf 8a 01 02 00 00
R9 =0x0000000000000001 is an unknown value
R10=0x0000000000008000 is an unknown value
R11=0x000000e1ee7feb20 is pointing into the stack for thread: 0x00000201ffad6a50
R12=0x0 is NULL
R13={method} {0x00000201ff03eb38} 'eventLoop' '()V' in 'sun/awt/windows/WToolkit'
R14=0x000000e1ee7fee08 is pointing into the stack for thread: 0x00000201ffad6a50
R15=0x00000201ffad6a50 is a thread


Registers:
RAX=0x0000000000000000, RBX=0x0000020182586270, RCX=0x0000000000000000, RDX=0x000002018acf38e0
RSP=0x000000e1ee7fe958, RBP=0x00007ffdf580c7e0, RSI=0x0000000000000000, RDI=0x00000201824be550
R8 =0x0000020182586270, R9 =0x0000000000000001, R10=0x0000000000008000, R11=0x000000e1ee7feb20
R12=0x0000000000000000, R13=0x00000201ff03eb30, R14=0x000000e1ee7fee08, R15=0x00000201ffad6a50
RIP=0x0000000000000000, EFLAGS=0x0000000000010202

Top of Stack: (sp=0x000000e1ee7fe958)
0x000000e1ee7fe958:   00007ffdfcb80158 00000201ffad6a50
0x000000e1ee7fe968:   0000000000000000 00000201ff03eb30
0x000000e1ee7fe978:   0000000000000000 00000201824be550
0x000000e1ee7fe988:   00007ffdfcb80087 0000020182586270
0x000000e1ee7fe998:   000002018248ffc0 00007ffdf580c7e0
0x000000e1ee7fe9a8:   0000000000000000 00000201825b3700
0x000000e1ee7fe9b8:   00007ffdfcb5e22e 000002018231d360
0x000000e1ee7fe9c8:   00007ffe19b66fff 00000201ffaf4590
0x000000e1ee7fe9d8:   0000000000000000 00000201824be550
0x000000e1ee7fe9e8:   0000020182586270 00000201ff03eb30
0x000000e1ee7fe9f8:   00007ffe1bf55ba1 000002018236bd70
0x000000e1ee7fea08:   00007ffdfcb5e14b 0000000000000000
0x000000e1ee7fea18:   00000201dafc0000 fffffffffffffffe
0x000000e1ee7fea28:   fffffffffffffffe 000000e1ee7fee08
0x000000e1ee7fea38:   00007ffdfcb5e0b0 0000000000000001
0x000000e1ee7fea48:   0000000000000001 000002018231d360 

Instructions: (pc=0x0000000000000000)
0xffffffffffffff00:   


Stack slot to memory mapping:
stack at sp + 0 slots: 0x00007ffdfcb80158 d3d9.dll
stack at sp + 1 slots: 0x00000201ffad6a50 is a thread
stack at sp + 2 slots: 0x0 is NULL
stack at sp + 3 slots: {method} {0x00000201ff03eb38} 'eventLoop' '()V' in 'sun/awt/windows/WToolkit'
stack at sp + 4 slots: 0x0 is NULL
stack at sp + 5 slots: 0x00000201824be550 points into unknown readable memory: 0x0000000000000000 | 00 00 00 00 00 00 00 00
stack at sp + 6 slots: 0x00007ffdfcb80087 d3d9.dll
stack at sp + 7 slots: 0x0000020182586270 points into unknown readable memory: 0x000002018acf38e0 | e0 38 cf 8a 01 02 00 00


---------------  P R O C E S S  ---------------

Threads class SMR info:
_java_thread_list=0x000002018b03f960, length=18, elements={
0x00000201feef7c80, 0x00000201feef8760, 0x00000201ff70da00, 0x00000201ff7103d0,
0x00000201ff710d90, 0x00000201ff713ea0, 0x00000201ff717e50, 0x00000201ff721040,
0x00000201ff8294b0, 0x00000201ff87d970, 0x00000201ff884830, 0x00000201ffab8170,
0x00000201ffabb2a0, 0x00000201ffad6a50, 0x00000201827e6200, 0x000002018ad0f6d0,
0x000002018ad0fba0, 0x000002018ad0ed30
}

Java Threads: ( => current thread )
  0x00000201feef7c80 JavaThread "Reference Handler" daemon [_thread_blocked, id=32, stack(0x000000e1ed900000,0x000000e1eda00000)]
  0x00000201feef8760 JavaThread "Finalizer" daemon [_thread_blocked, id=5016, stack(0x000000e1eda00000,0x000000e1edb00000)]
  0x00000201ff70da00 JavaThread "Signal Dispatcher" daemon [_thread_blocked, id=264, stack(0x000000e1edb00000,0x000000e1edc00000)]
  0x00000201ff7103d0 JavaThread "Attach Listener" daemon [_thread_blocked, id=10124, stack(0x000000e1edc00000,0x000000e1edd00000)]
  0x00000201ff710d90 JavaThread "Service Thread" daemon [_thread_blocked, id=9316, stack(0x000000e1edd00000,0x000000e1ede00000)]
  0x00000201ff713ea0 JavaThread "C2 CompilerThread0" daemon [_thread_blocked, id=1536, stack(0x000000e1ede00000,0x000000e1edf00000)]
  0x00000201ff717e50 JavaThread "C1 CompilerThread0" daemon [_thread_blocked, id=6648, stack(0x000000e1edf00000,0x000000e1ee000000)]
  0x00000201ff721040 JavaThread "Sweeper thread" daemon [_thread_blocked, id=14208, stack(0x000000e1ee000000,0x000000e1ee100000)]
  0x00000201ff8294b0 JavaThread "Common-Cleaner" daemon [_thread_blocked, id=5024, stack(0x000000e1ee100000,0x000000e1ee200000)]
  0x00000201ff87d970 JavaThread "Monitor Ctrl-Break" daemon [_thread_in_native, id=4272, stack(0x000000e1ee200000,0x000000e1ee300000)]
  0x00000201ff884830 JavaThread "Notification Thread" daemon [_thread_blocked, id=9808, stack(0x000000e1ee300000,0x000000e1ee400000)]
  0x00000201ffab8170 JavaThread "Java2D Disposer" daemon [_thread_blocked, id=14616, stack(0x000000e1ee500000,0x000000e1ee600000)]
  0x00000201ffabb2a0 JavaThread "AWT-Shutdown" [_thread_blocked, id=1420, stack(0x000000e1ee600000,0x000000e1ee700000)]
=>0x00000201ffad6a50 JavaThread "AWT-Windows" daemon [_thread_in_native, id=7140, stack(0x000000e1ee700000,0x000000e1ee800000)]
  0x00000201827e6200 JavaThread "AWT-EventQueue-0" [_thread_blocked, id=8320, stack(0x000000e1eea70000,0x000000e1eeb70000)]
  0x000002018ad0f6d0 JavaThread "Rendering Thread" [_thread_in_native, id=7008, stack(0x000000e1eec70000,0x000000e1eed70000)]
  0x000002018ad0fba0 JavaThread "DestroyJavaVM" [_thread_blocked, id=11388, stack(0x000000e1ed200000,0x000000e1ed300000)]
  0x000002018ad0ed30 JavaThread "ToolkitShutdown" daemon [_thread_in_native, id=14504, stack(0x000000e1ef760000,0x000000e1ef860000)]

Other Threads:
  0x00000201feef34d0 VMThread "VM Thread" [stack: 0x000000e1ed800000,0x000000e1ed900000] [id=6492]
  0x00000201ff885180 WatcherThread [stack: 0x000000e1ee400000,0x000000e1ee500000] [id=3772]
  0x00000201dd382dd0 GCTaskThread "GC Thread#0" [stack: 0x000000e1ed300000,0x000000e1ed400000] [id=2760]
  0x00000201ffabc690 GCTaskThread "GC Thread#1" [stack: 0x000000e1eede0000,0x000000e1eeee0000] [id=2036]
  0x00000201ffabc9c0 GCTaskThread "GC Thread#2" [stack: 0x000000e1eeee0000,0x000000e1eefe0000] [id=14408]
  0x00000201ffabe340 GCTaskThread "GC Thread#3" [stack: 0x000000e1eefe0000,0x000000e1ef0e0000] [id=2756]
  0x00000201ffabccf0 GCTaskThread "GC Thread#4" [stack: 0x000000e1ef0e0000,0x000000e1ef1e0000] [id=916]
  0x00000201ffabd9b0 GCTaskThread "GC Thread#5" [stack: 0x000000e1ef1e0000,0x000000e1ef2e0000] [id=1052]
  0x00000201ffabe670 GCTaskThread "GC Thread#6" [stack: 0x000000e1ef2e0000,0x000000e1ef3e0000] [id=3020]
  0x00000201ffabdce0 GCTaskThread "GC Thread#7" [stack: 0x000000e1ef3e0000,0x000000e1ef4e0000] [id=10232]
  0x00000201dd394e80 ConcurrentGCThread "G1 Main Marker" [stack: 0x000000e1ed400000,0x000000e1ed500000] [id=7664]
  0x00000201dd397130 ConcurrentGCThread "G1 Conc#0" [stack: 0x000000e1ed500000,0x000000e1ed600000] [id=15028]
  0x00000201dd40e4f0 ConcurrentGCThread "G1 Refine#0" [stack: 0x000000e1ed600000,0x000000e1ed700000] [id=13476]
  0x00000201fed68250 ConcurrentGCThread "G1 Young RemSet Sampling" [stack: 0x000000e1ed700000,0x000000e1ed800000] [id=14956]

Threads with active compile tasks:

VM state: not at safepoint (normal execution)

VM Mutex/Monitor currently owned by a thread: None

Heap address: 0x0000000700c00000, size: 4084 MB, Compressed Oops mode: Zero based, Oop shift amount: 3
CDS archive(s) mapped at: [0x0000000800000000-0x0000000800b50000-0x0000000800b50000), size 11862016, SharedBaseAddress: 0x0000000800000000, ArchiveRelocationMode: 0.
Compressed class space mapped at: 0x0000000800b50000-0x0000000840b50000, size: 1073741824
Narrow klass base: 0x0000000800000000, Narrow klass shift: 3, Narrow klass range: 0x100000000

GC Precious Log:
 CPUs: 12 total, 12 available
 Memory: 16334M
 Large Page Support: Disabled
 NUMA Support: Disabled
 Compressed Oops: Enabled (Zero based)
 Heap Region Size: 2M
 Heap Min Capacity: 8M
 Heap Initial Capacity: 256M
 Heap Max Capacity: 4084M
 Pre-touch: Disabled
 Parallel Workers: 10
 Concurrent Workers: 3
 Concurrent Refinement Workers: 10
 Periodic GC: Disabled

Heap:
 garbage-first heap   total 262144K, used 127068K [0x0000000700c00000, 0x0000000800000000)
  region size 2048K, 64 young (131072K), 2 survivors (4096K)
 Metaspace       used 6742K, capacity 6862K, committed 7168K, reserved 1056768K
  class space    used 629K, capacity 704K, committed 768K, reserved 1048576K

Heap Regions: E=young(eden), S=young(survivor), O=old, HS=humongous(starts), HC=humongous(continues), CS=collection set, F=free, OA=open archive, CA=closed archive, TAMS=top-at-mark-start (previous, next)
|   0|0x0000000700c00000, 0x0000000700c00000, 0x0000000700e00000|  0%| F|  |TAMS 0x0000000700c00000, 0x0000000700c00000| Untracked 
|   1|0x0000000700e00000, 0x0000000700e00000, 0x0000000701000000|  0%| F|  |TAMS 0x0000000700e00000, 0x0000000700e00000| Untracked 
|   2|0x0000000701000000, 0x0000000701000000, 0x0000000701200000|  0%| F|  |TAMS 0x0000000701000000, 0x0000000701000000| Untracked 
|   3|0x0000000701200000, 0x0000000701200000, 0x0000000701400000|  0%| F|  |TAMS 0x0000000701200000, 0x0000000701200000| Untracked 
|   4|0x0000000701400000, 0x0000000701400000, 0x0000000701600000|  0%| F|  |TAMS 0x0000000701400000, 0x0000000701400000| Untracked 
|   5|0x0000000701600000, 0x0000000701600000, 0x0000000701800000|  0%| F|  |TAMS 0x0000000701600000, 0x0000000701600000| Untracked 
|   6|0x0000000701800000, 0x0000000701800000, 0x0000000701a00000|  0%| F|  |TAMS 0x0000000701800000, 0x0000000701800000| Untracked 
|   7|0x0000000701a00000, 0x0000000701a00000, 0x0000000701c00000|  0%| F|  |TAMS 0x0000000701a00000, 0x0000000701a00000| Untracked 
|   8|0x0000000701c00000, 0x0000000701c00000, 0x0000000701e00000|  0%| F|  |TAMS 0x0000000701c00000, 0x0000000701c00000| Untracked 
|   9|0x0000000701e00000, 0x0000000701e00000, 0x0000000702000000|  0%| F|  |TAMS 0x0000000701e00000, 0x0000000701e00000| Untracked 
|  10|0x0000000702000000, 0x0000000702000000, 0x0000000702200000|  0%| F|  |TAMS 0x0000000702000000, 0x0000000702000000| Untracked 
|  11|0x0000000702200000, 0x0000000702200000, 0x0000000702400000|  0%| F|  |TAMS 0x0000000702200000, 0x0000000702200000| Untracked 
|  12|0x0000000702400000, 0x0000000702400000, 0x0000000702600000|  0%| F|  |TAMS 0x0000000702400000, 0x0000000702400000| Untracked 
|  13|0x0000000702600000, 0x0000000702600000, 0x0000000702800000|  0%| F|  |TAMS 0x0000000702600000, 0x0000000702600000| Untracked 
|  14|0x0000000702800000, 0x0000000702800000, 0x0000000702a00000|  0%| F|  |TAMS 0x0000000702800000, 0x0000000702800000| Untracked 
|  15|0x0000000702a00000, 0x0000000702a00000, 0x0000000702c00000|  0%| F|  |TAMS 0x0000000702a00000, 0x0000000702a00000| Untracked 
|  16|0x0000000702c00000, 0x0000000702c00000, 0x0000000702e00000|  0%| F|  |TAMS 0x0000000702c00000, 0x0000000702c00000| Untracked 
|  17|0x0000000702e00000, 0x0000000702e00000, 0x0000000703000000|  0%| F|  |TAMS 0x0000000702e00000, 0x0000000702e00000| Untracked 
|  18|0x0000000703000000, 0x0000000703000000, 0x0000000703200000|  0%| F|  |TAMS 0x0000000703000000, 0x0000000703000000| Untracked 
|  19|0x0000000703200000, 0x0000000703200000, 0x0000000703400000|  0%| F|  |TAMS 0x0000000703200000, 0x0000000703200000| Untracked 
|  20|0x0000000703400000, 0x0000000703400000, 0x0000000703600000|  0%| F|  |TAMS 0x0000000703400000, 0x0000000703400000| Untracked 
|  21|0x0000000703600000, 0x0000000703600000, 0x0000000703800000|  0%| F|  |TAMS 0x0000000703600000, 0x0000000703600000| Untracked 
|  22|0x0000000703800000, 0x0000000703800000, 0x0000000703a00000|  0%| F|  |TAMS 0x0000000703800000, 0x0000000703800000| Untracked 
|  23|0x0000000703a00000, 0x0000000703a00000, 0x0000000703c00000|  0%| F|  |TAMS 0x0000000703a00000, 0x0000000703a00000| Untracked 
|  24|0x0000000703c00000, 0x0000000703c00000, 0x0000000703e00000|  0%| F|  |TAMS 0x0000000703c00000, 0x0000000703c00000| Untracked 
|  25|0x0000000703e00000, 0x0000000703e00000, 0x0000000704000000|  0%| F|  |TAMS 0x0000000703e00000, 0x0000000703e00000| Untracked 
|  26|0x0000000704000000, 0x0000000704000000, 0x0000000704200000|  0%| F|  |TAMS 0x0000000704000000, 0x0000000704000000| Untracked 
|  27|0x0000000704200000, 0x0000000704200000, 0x0000000704400000|  0%| F|  |TAMS 0x0000000704200000, 0x0000000704200000| Untracked 
|  28|0x0000000704400000, 0x0000000704400000, 0x0000000704600000|  0%| F|  |TAMS 0x0000000704400000, 0x0000000704400000| Untracked 
|  29|0x0000000704600000, 0x0000000704600000, 0x0000000704800000|  0%| F|  |TAMS 0x0000000704600000, 0x0000000704600000| Untracked 
|  30|0x0000000704800000, 0x0000000704800000, 0x0000000704a00000|  0%| F|  |TAMS 0x0000000704800000, 0x0000000704800000| Untracked 
|  31|0x0000000704a00000, 0x0000000704a00000, 0x0000000704c00000|  0%| F|  |TAMS 0x0000000704a00000, 0x0000000704a00000| Untracked 
|  32|0x0000000704c00000, 0x0000000704c00000, 0x0000000704e00000|  0%| F|  |TAMS 0x0000000704c00000, 0x0000000704c00000| Untracked 
|  33|0x0000000704e00000, 0x0000000704e00000, 0x0000000705000000|  0%| F|  |TAMS 0x0000000704e00000, 0x0000000704e00000| Untracked 
|  34|0x0000000705000000, 0x0000000705000000, 0x0000000705200000|  0%| F|  |TAMS 0x0000000705000000, 0x0000000705000000| Untracked 
|  35|0x0000000705200000, 0x0000000705200000, 0x0000000705400000|  0%| F|  |TAMS 0x0000000705200000, 0x0000000705200000| Untracked 
|  36|0x0000000705400000, 0x0000000705400000, 0x0000000705600000|  0%| F|  |TAMS 0x0000000705400000, 0x0000000705400000| Untracked 
|  37|0x0000000705600000, 0x0000000705600000, 0x0000000705800000|  0%| F|  |TAMS 0x0000000705600000, 0x0000000705600000| Untracked 
|  38|0x0000000705800000, 0x0000000705800000, 0x0000000705a00000|  0%| F|  |TAMS 0x0000000705800000, 0x0000000705800000| Untracked 
|  39|0x0000000705a00000, 0x0000000705a00000, 0x0000000705c00000|  0%| F|  |TAMS 0x0000000705a00000, 0x0000000705a00000| Untracked 
|  40|0x0000000705c00000, 0x0000000705c00000, 0x0000000705e00000|  0%| F|  |TAMS 0x0000000705c00000, 0x0000000705c00000| Untracked 
|  41|0x0000000705e00000, 0x0000000705e00000, 0x0000000706000000|  0%| F|  |TAMS 0x0000000705e00000, 0x0000000705e00000| Untracked 
|  42|0x0000000706000000, 0x0000000706000000, 0x0000000706200000|  0%| F|  |TAMS 0x0000000706000000, 0x0000000706000000| Untracked 
|  43|0x0000000706200000, 0x0000000706200000, 0x0000000706400000|  0%| F|  |TAMS 0x0000000706200000, 0x0000000706200000| Untracked 
|  44|0x0000000706400000, 0x0000000706400000, 0x0000000706600000|  0%| F|  |TAMS 0x0000000706400000, 0x0000000706400000| Untracked 
|  45|0x0000000706600000, 0x0000000706600000, 0x0000000706800000|  0%| F|  |TAMS 0x0000000706600000, 0x0000000706600000| Untracked 
|  46|0x0000000706800000, 0x0000000706800000, 0x0000000706a00000|  0%| F|  |TAMS 0x0000000706800000, 0x0000000706800000| Untracked 
|  47|0x0000000706a00000, 0x0000000706a00000, 0x0000000706c00000|  0%| F|  |TAMS 0x0000000706a00000, 0x0000000706a00000| Untracked 
|  48|0x0000000706c00000, 0x0000000706c00000, 0x0000000706e00000|  0%| F|  |TAMS 0x0000000706c00000, 0x0000000706c00000| Untracked 
|  49|0x0000000706e00000, 0x0000000706e00000, 0x0000000707000000|  0%| F|  |TAMS 0x0000000706e00000, 0x0000000706e00000| Untracked 
|  50|0x0000000707000000, 0x00000007070170b0, 0x0000000707200000|  4%| S|CS|TAMS 0x0000000707000000, 0x0000000707000000| Complete 
|  51|0x0000000707200000, 0x0000000707400000, 0x0000000707400000|100%| S|CS|TAMS 0x0000000707200000, 0x0000000707200000| Complete 
|  52|0x0000000707400000, 0x0000000707400000, 0x0000000707600000|  0%| F|  |TAMS 0x0000000707400000, 0x0000000707400000| Untracked 
|  53|0x0000000707600000, 0x0000000707600000, 0x0000000707800000|  0%| F|  |TAMS 0x0000000707600000, 0x0000000707600000| Untracked 
|  54|0x0000000707800000, 0x0000000707800000, 0x0000000707a00000|  0%| F|  |TAMS 0x0000000707800000, 0x0000000707800000| Untracked 
|  55|0x0000000707a00000, 0x0000000707a00000, 0x0000000707c00000|  0%| F|  |TAMS 0x0000000707a00000, 0x0000000707a00000| Untracked 
|  56|0x0000000707c00000, 0x0000000707c00000, 0x0000000707e00000|  0%| F|  |TAMS 0x0000000707c00000, 0x0000000707c00000| Untracked 
|  57|0x0000000707e00000, 0x0000000707e00000, 0x0000000708000000|  0%| F|  |TAMS 0x0000000707e00000, 0x0000000707e00000| Untracked 
|  58|0x0000000708000000, 0x0000000708000000, 0x0000000708200000|  0%| F|  |TAMS 0x0000000708000000, 0x0000000708000000| Untracked 
|  59|0x0000000708200000, 0x0000000708200000, 0x0000000708400000|  0%| F|  |TAMS 0x0000000708200000, 0x0000000708200000| Untracked 
|  60|0x0000000708400000, 0x0000000708400000, 0x0000000708600000|  0%| F|  |TAMS 0x0000000708400000, 0x0000000708400000| Untracked 
|  61|0x0000000708600000, 0x0000000708600000, 0x0000000708800000|  0%| F|  |TAMS 0x0000000708600000, 0x0000000708600000| Untracked 
|  62|0x0000000708800000, 0x0000000708800000, 0x0000000708a00000|  0%| F|  |TAMS 0x0000000708800000, 0x0000000708800000| Untracked 
|  63|0x0000000708a00000, 0x0000000708a00000, 0x0000000708c00000|  0%| F|  |TAMS 0x0000000708a00000, 0x0000000708a00000| Untracked 
|  64|0x0000000708c00000, 0x0000000708c00000, 0x0000000708e00000|  0%| F|  |TAMS 0x0000000708c00000, 0x0000000708c00000| Untracked 
|  65|0x0000000708e00000, 0x0000000708e00000, 0x0000000709000000|  0%| F|  |TAMS 0x0000000708e00000, 0x0000000708e00000| Untracked 
|  66|0x0000000709000000, 0x0000000709100800, 0x0000000709200000| 50%| E|  |TAMS 0x0000000709000000, 0x0000000709000000| Complete 
|  67|0x0000000709200000, 0x0000000709400000, 0x0000000709400000|100%| E|CS|TAMS 0x0000000709200000, 0x0000000709200000| Complete 
|  68|0x0000000709400000, 0x0000000709600000, 0x0000000709600000|100%| E|CS|TAMS 0x0000000709400000, 0x0000000709400000| Complete 
|  69|0x0000000709600000, 0x0000000709800000, 0x0000000709800000|100%| E|CS|TAMS 0x0000000709600000, 0x0000000709600000| Complete 
|  70|0x0000000709800000, 0x0000000709a00000, 0x0000000709a00000|100%| E|CS|TAMS 0x0000000709800000, 0x0000000709800000| Complete 
|  71|0x0000000709a00000, 0x0000000709c00000, 0x0000000709c00000|100%| E|CS|TAMS 0x0000000709a00000, 0x0000000709a00000| Complete 
|  72|0x0000000709c00000, 0x0000000709e00000, 0x0000000709e00000|100%| E|CS|TAMS 0x0000000709c00000, 0x0000000709c00000| Complete 
|  73|0x0000000709e00000, 0x000000070a000000, 0x000000070a000000|100%| E|CS|TAMS 0x0000000709e00000, 0x0000000709e00000| Complete 
|  74|0x000000070a000000, 0x000000070a200000, 0x000000070a200000|100%| E|CS|TAMS 0x000000070a000000, 0x000000070a000000| Complete 
|  75|0x000000070a200000, 0x000000070a400000, 0x000000070a400000|100%| E|CS|TAMS 0x000000070a200000, 0x000000070a200000| Complete 
|  76|0x000000070a400000, 0x000000070a600000, 0x000000070a600000|100%| E|CS|TAMS 0x000000070a400000, 0x000000070a400000| Complete 
|  77|0x000000070a600000, 0x000000070a800000, 0x000000070a800000|100%| E|CS|TAMS 0x000000070a600000, 0x000000070a600000| Complete 
|  78|0x000000070a800000, 0x000000070aa00000, 0x000000070aa00000|100%| E|CS|TAMS 0x000000070a800000, 0x000000070a800000| Complete 
|  79|0x000000070aa00000, 0x000000070ac00000, 0x000000070ac00000|100%| E|CS|TAMS 0x000000070aa00000, 0x000000070aa00000| Complete 
|  80|0x000000070ac00000, 0x000000070ae00000, 0x000000070ae00000|100%| E|CS|TAMS 0x000000070ac00000, 0x000000070ac00000| Complete 
|  81|0x000000070ae00000, 0x000000070b000000, 0x000000070b000000|100%| E|CS|TAMS 0x000000070ae00000, 0x000000070ae00000| Complete 
|  82|0x000000070b000000, 0x000000070b200000, 0x000000070b200000|100%| E|CS|TAMS 0x000000070b000000, 0x000000070b000000| Complete 
|  83|0x000000070b200000, 0x000000070b400000, 0x000000070b400000|100%| E|CS|TAMS 0x000000070b200000, 0x000000070b200000| Complete 
|  84|0x000000070b400000, 0x000000070b600000, 0x000000070b600000|100%| E|CS|TAMS 0x000000070b400000, 0x000000070b400000| Complete 
|  85|0x000000070b600000, 0x000000070b800000, 0x000000070b800000|100%| E|CS|TAMS 0x000000070b600000, 0x000000070b600000| Complete 
|  86|0x000000070b800000, 0x000000070ba00000, 0x000000070ba00000|100%| E|CS|TAMS 0x000000070b800000, 0x000000070b800000| Complete 
|  87|0x000000070ba00000, 0x000000070bc00000, 0x000000070bc00000|100%| E|CS|TAMS 0x000000070ba00000, 0x000000070ba00000| Complete 
|  88|0x000000070bc00000, 0x000000070be00000, 0x000000070be00000|100%| E|CS|TAMS 0x000000070bc00000, 0x000000070bc00000| Complete 
|  89|0x000000070be00000, 0x000000070c000000, 0x000000070c000000|100%| E|CS|TAMS 0x000000070be00000, 0x000000070be00000| Complete 
|  90|0x000000070c000000, 0x000000070c200000, 0x000000070c200000|100%| E|CS|TAMS 0x000000070c000000, 0x000000070c000000| Complete 
|  91|0x000000070c200000, 0x000000070c400000, 0x000000070c400000|100%| E|CS|TAMS 0x000000070c200000, 0x000000070c200000| Complete 
|  92|0x000000070c400000, 0x000000070c600000, 0x000000070c600000|100%| E|CS|TAMS 0x000000070c400000, 0x000000070c400000| Complete 
|  93|0x000000070c600000, 0x000000070c800000, 0x000000070c800000|100%| E|CS|TAMS 0x000000070c600000, 0x000000070c600000| Complete 
|  94|0x000000070c800000, 0x000000070ca00000, 0x000000070ca00000|100%| E|CS|TAMS 0x000000070c800000, 0x000000070c800000| Complete 
|  95|0x000000070ca00000, 0x000000070cc00000, 0x000000070cc00000|100%| E|CS|TAMS 0x000000070ca00000, 0x000000070ca00000| Complete 
|  96|0x000000070cc00000, 0x000000070ce00000, 0x000000070ce00000|100%| E|CS|TAMS 0x000000070cc00000, 0x000000070cc00000| Complete 
|  97|0x000000070ce00000, 0x000000070d000000, 0x000000070d000000|100%| E|CS|TAMS 0x000000070ce00000, 0x000000070ce00000| Complete 
|  98|0x000000070d000000, 0x000000070d200000, 0x000000070d200000|100%| E|CS|TAMS 0x000000070d000000, 0x000000070d000000| Complete 
|  99|0x000000070d200000, 0x000000070d400000, 0x000000070d400000|100%| E|CS|TAMS 0x000000070d200000, 0x000000070d200000| Complete 
| 100|0x000000070d400000, 0x000000070d600000, 0x000000070d600000|100%| E|CS|TAMS 0x000000070d400000, 0x000000070d400000| Complete 
| 101|0x000000070d600000, 0x000000070d800000, 0x000000070d800000|100%| E|CS|TAMS 0x000000070d600000, 0x000000070d600000| Complete 
| 102|0x000000070d800000, 0x000000070da00000, 0x000000070da00000|100%| E|CS|TAMS 0x000000070d800000, 0x000000070d800000| Complete 
| 103|0x000000070da00000, 0x000000070dc00000, 0x000000070dc00000|100%| E|CS|TAMS 0x000000070da00000, 0x000000070da00000| Complete 
| 104|0x000000070dc00000, 0x000000070de00000, 0x000000070de00000|100%| E|CS|TAMS 0x000000070dc00000, 0x000000070dc00000| Complete 
| 105|0x000000070de00000, 0x000000070e000000, 0x000000070e000000|100%| E|CS|TAMS 0x000000070de00000, 0x000000070de00000| Complete 
| 106|0x000000070e000000, 0x000000070e200000, 0x000000070e200000|100%| E|CS|TAMS 0x000000070e000000, 0x000000070e000000| Complete 
| 107|0x000000070e200000, 0x000000070e400000, 0x000000070e400000|100%| E|CS|TAMS 0x000000070e200000, 0x000000070e200000| Complete 
| 108|0x000000070e400000, 0x000000070e600000, 0x000000070e600000|100%| E|CS|TAMS 0x000000070e400000, 0x000000070e400000| Complete 
| 109|0x000000070e600000, 0x000000070e800000, 0x000000070e800000|100%| E|CS|TAMS 0x000000070e600000, 0x000000070e600000| Complete 
| 110|0x000000070e800000, 0x000000070ea00000, 0x000000070ea00000|100%| E|CS|TAMS 0x000000070e800000, 0x000000070e800000| Complete 
| 111|0x000000070ea00000, 0x000000070ec00000, 0x000000070ec00000|100%| E|CS|TAMS 0x000000070ea00000, 0x000000070ea00000| Complete 
| 112|0x000000070ec00000, 0x000000070ee00000, 0x000000070ee00000|100%| E|CS|TAMS 0x000000070ec00000, 0x000000070ec00000| Complete 
| 113|0x000000070ee00000, 0x000000070f000000, 0x000000070f000000|100%| E|CS|TAMS 0x000000070ee00000, 0x000000070ee00000| Complete 
| 114|0x000000070f000000, 0x000000070f200000, 0x000000070f200000|100%| E|CS|TAMS 0x000000070f000000, 0x000000070f000000| Complete 
| 115|0x000000070f200000, 0x000000070f400000, 0x000000070f400000|100%| E|CS|TAMS 0x000000070f200000, 0x000000070f200000| Complete 
| 116|0x000000070f400000, 0x000000070f600000, 0x000000070f600000|100%| E|CS|TAMS 0x000000070f400000, 0x000000070f400000| Complete 
| 117|0x000000070f600000, 0x000000070f800000, 0x000000070f800000|100%| E|CS|TAMS 0x000000070f600000, 0x000000070f600000| Complete 
| 118|0x000000070f800000, 0x000000070fa00000, 0x000000070fa00000|100%| E|CS|TAMS 0x000000070f800000, 0x000000070f800000| Complete 
| 119|0x000000070fa00000, 0x000000070fc00000, 0x000000070fc00000|100%| E|CS|TAMS 0x000000070fa00000, 0x000000070fa00000| Complete 
| 120|0x000000070fc00000, 0x000000070fe00000, 0x000000070fe00000|100%| E|CS|TAMS 0x000000070fc00000, 0x000000070fc00000| Complete 
| 121|0x000000070fe00000, 0x0000000710000000, 0x0000000710000000|100%| E|CS|TAMS 0x000000070fe00000, 0x000000070fe00000| Complete 
| 122|0x0000000710000000, 0x0000000710200000, 0x0000000710200000|100%| E|CS|TAMS 0x0000000710000000, 0x0000000710000000| Complete 
| 123|0x0000000710200000, 0x0000000710400000, 0x0000000710400000|100%| E|CS|TAMS 0x0000000710200000, 0x0000000710200000| Complete 
| 124|0x0000000710400000, 0x0000000710600000, 0x0000000710600000|100%| E|CS|TAMS 0x0000000710400000, 0x0000000710400000| Complete 
| 125|0x0000000710600000, 0x0000000710800000, 0x0000000710800000|100%| E|CS|TAMS 0x0000000710600000, 0x0000000710600000| Complete 
| 126|0x0000000710800000, 0x0000000710a00000, 0x0000000710a00000|100%| E|CS|TAMS 0x0000000710800000, 0x0000000710800000| Complete 
| 127|0x0000000710a00000, 0x0000000710c00000, 0x0000000710c00000|100%| E|CS|TAMS 0x0000000710a00000, 0x0000000710a00000| Complete 

Card table byte_map: [0x00000201f52c0000,0x00000201f5ac0000] _byte_map_base: 0x00000201f1aba000

Marking Bits (Prev, Next): (CMBitMap*) 0x00000201dd383550, (CMBitMap*) 0x00000201dd383590
 Prev Bits: [0x00000201f62c0000, 0x00000201fa290000)
 Next Bits: [0x00000201fa290000, 0x00000201fe260000)

Polling page: 0x00000201db2b0000

Metaspace:

Usage:
  Non-class:      6.01 MB capacity,     5.97 MB (>99%) used,    35.50 KB ( <1%) free+waste,     8.94 KB ( <1%) overhead. 
      Class:    704.00 KB capacity,   629.41 KB ( 89%) used,    70.59 KB ( 10%) free+waste,     4.00 KB ( <1%) overhead. 
       Both:      6.70 MB capacity,     6.58 MB ( 98%) used,   106.09 KB (  2%) free+waste,    12.94 KB ( <1%) overhead. 

Virtual space:
  Non-class space:        8.00 MB reserved,       6.25 MB ( 78%) committed 
      Class space:        1.00 GB reserved,     768.00 KB ( <1%) committed 
             Both:        1.01 GB reserved,       7.00 MB ( <1%) committed 

Chunk freelists:
   Non-Class:  50.00 KB
       Class:  0 bytes
        Both:  50.00 KB

MaxMetaspaceSize: 17179869184.00 GB
CompressedClassSpaceSize: 1.00 GB

CodeHeap 'non-profiled nmethods': size=120000Kb used=1106Kb max_used=1106Kb free=118894Kb
 bounds [0x00000201ed040000, 0x00000201ed2b0000, 0x00000201f4570000]
CodeHeap 'profiled nmethods': size=120000Kb used=2481Kb max_used=2481Kb free=117518Kb
 bounds [0x00000201e5b10000, 0x00000201e5d80000, 0x00000201ed040000]
CodeHeap 'non-nmethods': size=5760Kb used=1267Kb max_used=1293Kb free=4492Kb
 bounds [0x00000201e5570000, 0x00000201e57e0000, 0x00000201e5b10000]
 total_blobs=2032 nmethods=1478 adapters=467
 compilation: enabled
              stopped_count=0, restarted_count=0
 full_count=0

Compilation events (20 events):
Event: 24.881 Thread 0x00000201ff713ea0 1469       4       java.nio.Buffer::<init> (105 bytes)
Event: 24.883 Thread 0x00000201ff713ea0 nmethod 1469 0x00000201ed14b290 code [0x00000201ed14b420, 0x00000201ed14b758]
Event: 24.893 Thread 0x00000201ff713ea0 1470   !   4       java.io.BufferedWriter::flushBuffer (53 bytes)
Event: 24.900 Thread 0x00000201ff713ea0 nmethod 1470 0x00000201ed14ba10 code [0x00000201ed14bbe0, 0x00000201ed14c8e8]
Event: 24.909 Thread 0x00000201ff713ea0 1471       4       java.nio.ByteBuffer::flip (7 bytes)
Event: 24.909 Thread 0x00000201ff713ea0 nmethod 1471 0x00000201ed14d310 code [0x00000201ed14d480, 0x00000201ed14d4f8]
Event: 24.912 Thread 0x00000201ff713ea0 1472       4       java.nio.ByteBuffer::clear (7 bytes)
Event: 24.912 Thread 0x00000201ff713ea0 nmethod 1472 0x00000201ed14d610 code [0x00000201ed14d780, 0x00000201ed14d7f8]
Event: 24.929 Thread 0x00000201ff713ea0 1473   !   4       java.io.PrintStream::writeln (81 bytes)
Event: 24.944 Thread 0x00000201ff713ea0 nmethod 1473 0x00000201ed14d910 code [0x00000201ed14db80, 0x00000201ed14fe88]
Event: 24.944 Thread 0x00000201ff713ea0 1474   !   4       sun.nio.cs.StreamEncoder::flushBuffer (42 bytes)
Event: 24.949 Thread 0x00000201ff713ea0 nmethod 1474 0x00000201ed151410 code [0x00000201ed151600, 0x00000201ed152448]
Event: 25.820 Thread 0x00000201ff717e50 1475       3       object.bullet.BulletSpear::render (453 bytes)
Event: 25.821 Thread 0x00000201ff717e50 nmethod 1475 0x00000201e5d7a690 code [0x00000201e5d7aa40, 0x00000201e5d7c3f8]
Event: 25.965 Thread 0x00000201ff713ea0 1476       4       object.bullet.BulletSpear::render (453 bytes)
Event: 25.971 Thread 0x00000201ff713ea0 nmethod 1476 0x00000201ed152c90 code [0x00000201ed152fa0, 0x00000201ed153b18]
Event: 26.488 Thread 0x00000201ff713ea0 1477       4       java.awt.EventQueue::eventToCacheIndex (80 bytes)
Event: 26.489 Thread 0x00000201ff713ea0 nmethod 1477 0x00000201ed154190 code [0x00000201ed154320, 0x00000201ed1543f8]
Event: 30.685 Thread 0x00000201ff713ea0 1478       4       sun.java2d.SunGraphics2D::validatePipe (30 bytes)
Event: 30.685 Thread 0x00000201ff713ea0 nmethod 1478 0x00000201ed154510 code [0x00000201ed1546a0, 0x00000201ed154758]

GC Heap History (6 events):
Event: 2.562 GC heap before
{Heap before GC invocations=0 (full 0):
 garbage-first heap   total 262144K, used 22528K [0x0000000700c00000, 0x0000000800000000)
  region size 2048K, 11 young (22528K), 0 survivors (0K)
 Metaspace       used 6161K, capacity 6315K, committed 6656K, reserved 1056768K
  class space    used 607K, capacity 671K, committed 768K, reserved 1048576K
}
Event: 2.565 GC heap after
{Heap after GC invocations=1 (full 0):
 garbage-first heap   total 262144K, used 1945K [0x0000000700c00000, 0x0000000800000000)
  region size 2048K, 1 young (2048K), 1 survivors (2048K)
 Metaspace       used 6161K, capacity 6315K, committed 6656K, reserved 1056768K
  class space    used 607K, capacity 671K, committed 768K, reserved 1048576K
}
Event: 6.473 GC heap before
{Heap before GC invocations=1 (full 0):
 garbage-first heap   total 262144K, used 34713K [0x0000000700c00000, 0x0000000800000000)
  region size 2048K, 17 young (34816K), 1 survivors (2048K)
 Metaspace       used 6503K, capacity 6638K, committed 6912K, reserved 1056768K
  class space    used 616K, capacity 672K, committed 768K, reserved 1048576K
}
Event: 6.475 GC heap after
{Heap after GC invocations=2 (full 0):
 garbage-first heap   total 262144K, used 2044K [0x0000000700c00000, 0x0000000800000000)
  region size 2048K, 1 young (2048K), 1 survivors (2048K)
 Metaspace       used 6503K, capacity 6638K, committed 6912K, reserved 1056768K
  class space    used 616K, capacity 672K, committed 768K, reserved 1048576K
}
Event: 19.700 GC heap before
{Heap before GC invocations=2 (full 0):
 garbage-first heap   total 262144K, used 155644K [0x0000000700c00000, 0x0000000800000000)
  region size 2048K, 76 young (155648K), 1 survivors (2048K)
 Metaspace       used 6543K, capacity 6702K, committed 6912K, reserved 1056768K
  class space    used 616K, capacity 672K, committed 768K, reserved 1048576K
}
Event: 19.702 GC heap after
{Heap after GC invocations=3 (full 0):
 garbage-first heap   total 262144K, used 2140K [0x0000000700c00000, 0x0000000800000000)
  region size 2048K, 2 young (4096K), 2 survivors (4096K)
 Metaspace       used 6543K, capacity 6702K, committed 6912K, reserved 1056768K
  class space    used 616K, capacity 672K, committed 768K, reserved 1048576K
}

Deoptimization events (20 events):
Event: 30.685 Thread 0x000002018ad0f6d0 Uncommon trap: trap_request=0xffffffc6 fr.pc=0x00000201ed1451a0 relative=0x0000000000001c00
Event: 30.685 Thread 0x000002018ad0f6d0 Uncommon trap: reason=bimorphic_or_optimized_type_check action=maybe_recompile pc=0x00000201ed1451a0 method=sun.java2d.SunGraphics2D.validateColor()V @ 95 c2
Event: 30.685 Thread 0x000002018ad0f6d0 DEOPT PACKING pc=0x00000201ed1451a0 sp=0x000000e1eed6f100
Event: 30.685 Thread 0x000002018ad0f6d0 DEOPT UNPACKING pc=0x00000201e55be42f sp=0x000000e1eed6efe8 mode 2
Event: 30.685 Thread 0x000002018ad0f6d0 Uncommon trap: trap_request=0xffffffde fr.pc=0x00000201ed09d370 relative=0x0000000000000f70
Event: 30.685 Thread 0x000002018ad0f6d0 Uncommon trap: reason=class_check action=maybe_recompile pc=0x00000201ed09d370 method=sun.java2d.SunGraphics2D.drawString(Ljava/lang/String;II)V @ 68 c2
Event: 30.685 Thread 0x000002018ad0f6d0 DEOPT PACKING pc=0x00000201ed09d370 sp=0x000000e1eed6f040
Event: 30.685 Thread 0x000002018ad0f6d0 DEOPT UNPACKING pc=0x00000201e55be42f sp=0x000000e1eed6f008 mode 2
Event: 30.685 Thread 0x000002018ad0f6d0 Uncommon trap: trap_request=0xffffffde fr.pc=0x00000201ed0a0b5c relative=0x0000000000000e9c
Event: 30.685 Thread 0x000002018ad0f6d0 Uncommon trap: reason=class_check action=maybe_recompile pc=0x00000201ed0a0b5c method=sun.java2d.pipe.GlyphListPipe.drawString(Lsun/java2d/SunGraphics2D;Ljava/lang/String;DD)V @ 165 c2
Event: 30.685 Thread 0x000002018ad0f6d0 DEOPT PACKING pc=0x00000201ed0a0b5c sp=0x000000e1eed6efa0
Event: 30.685 Thread 0x000002018ad0f6d0 DEOPT UNPACKING pc=0x00000201e55be42f sp=0x000000e1eed6ef68 mode 2
Event: 30.685 Thread 0x000002018ad0f6d0 Uncommon trap: trap_request=0xffffff45 fr.pc=0x00000201ed0ef2c8 relative=0x0000000000003728
Event: 30.685 Thread 0x000002018ad0f6d0 Uncommon trap: reason=unstable_if action=reinterpret pc=0x00000201ed0ef2c8 method=sun.java2d.pipe.DrawImage.scaleImage(Lsun/java2d/SunGraphics2D;Ljava/awt/Image;IIIILjava/awt/Color;)Z @ 92 c2
Event: 30.685 Thread 0x000002018ad0f6d0 DEOPT PACKING pc=0x00000201ed0ef2c8 sp=0x000000e1eed6ef30
Event: 30.685 Thread 0x000002018ad0f6d0 DEOPT UNPACKING pc=0x00000201e55be42f sp=0x000000e1eed6ed28 mode 2
Event: 30.685 Thread 0x000002018ad0f6d0 Uncommon trap: trap_request=0xffffff45 fr.pc=0x00000201ed082ce8 relative=0x0000000000000068
Event: 30.685 Thread 0x000002018ad0f6d0 Uncommon trap: reason=unstable_if action=reinterpret pc=0x00000201ed082ce8 method=sun.java2d.pipe.RenderQueue.ensureCapacity(I)V @ 8 c2
Event: 30.685 Thread 0x000002018ad0f6d0 DEOPT PACKING pc=0x00000201ed082ce8 sp=0x000000e1eed6e650
Event: 30.685 Thread 0x000002018ad0f6d0 DEOPT UNPACKING pc=0x00000201e55be42f sp=0x000000e1eed6e5e8 mode 2

Classes unloaded (0 events):
No events

Classes redefined (0 events):
No events

Internal exceptions (11 events):
Event: 0.069 Thread 0x00000201ff87d970 Exception <a 'java/lang/NoSuchMethodError'{0x0000000710808948}: 'java.lang.Object java.lang.invoke.DirectMethodHandle$Holder.invokeStatic(java.lang.Object)'> (0x0000000710808948) 
thrown [./open/src/hotspot/share/interpreter/linkResolver.cpp, line 782]
Event: 0.069 Thread 0x00000201ff87d970 Exception <a 'java/lang/NoSuchMethodError'{0x000000071080c258}: 'java.lang.Object java.lang.invoke.DirectMethodHandle$Holder.invokeStaticInit(java.lang.Object)'> (0x000000071080c258) 
thrown [./open/src/hotspot/share/interpreter/linkResolver.cpp, line 782]
Event: 0.071 Thread 0x00000201dd332110 Exception <a 'java/lang/ClassNotFoundException'{0x0000000710bd8818}: sun/awt/resources/spi/awtProvider> (0x0000000710bd8818) 
thrown [./open/src/hotspot/share/classfile/systemDictionary.cpp, line 295]
Event: 0.073 Thread 0x00000201ff87d970 Exception <a 'java/lang/NoSuchMethodError'{0x00000007108195d0}: 'void java.lang.invoke.DirectMethodHandle$Holder.invokeStatic(java.lang.Object, java.lang.Object)'> (0x00000007108195d0) 
thrown [./open/src/hotspot/share/interpreter/linkResolver.cpp, line 782]
Event: 0.085 Thread 0x00000201dd332110 Exception <a 'java/io/FileNotFoundException'{0x00000007108a31a0}> (0x00000007108a31a0) 
thrown [./open/src/hotspot/share/prims/jni.cpp, line 578]
Event: 0.090 Thread 0x00000201dd332110 Exception <a 'java/io/FileNotFoundException'{0x00000007108d1a00}> (0x00000007108d1a00) 
thrown [./open/src/hotspot/share/prims/jni.cpp, line 578]
Event: 0.093 Thread 0x00000201dd332110 Exception <a 'java/lang/NoSuchMethodError'{0x00000007108d7378}: 'void java.lang.invoke.DirectMethodHandle$Holder.invokeSpecial(java.lang.Object, java.lang.Object, java.lang.Object)'> (0x00000007108d7378) 
thrown [./open/src/hotspot/share/interpreter/linkResolver.cpp, line 782]
Event: 0.266 Thread 0x00000201dd332110 Exception <a 'java/lang/NoSuchMethodError'{0x00000007109e6a90}: 'void java.lang.invoke.DirectMethodHandle$Holder.invokeStaticInit(java.lang.Object)'> (0x00000007109e6a90) 
thrown [./open/src/hotspot/share/interpreter/linkResolver.cpp, line 782]
Event: 1.020 Thread 0x00000201ff7103d0 Implicit null exception at 0x00000201ed0876b6 to 0x00000201ed0878de
Event: 4.042 Thread 0x00000201ffad6a50 Exception <a 'java/lang/NoSuchMethodError'{0x000000071049a1d8}: 'void java.lang.invoke.DirectMethodHandle$Holder.invokeVirtual(java.lang.Object, java.lang.Object)'> (0x000000071049a1d8) 
thrown [./open/src/hotspot/share/interpreter/linkResolver.cpp, line 782]
Event: 4.048 Thread 0x00000201827e6200 Implicit null exception at 0x00000201ed075acc to 0x00000201ed075cc0

Events (20 events):
Event: 30.683 loading class java/awt/image/WritableRaster done
Event: 30.683 loading class sun/awt/image/SunWritableRaster done
Event: 30.683 loading class java/awt/image/SinglePixelPackedSampleModel
Event: 30.683 loading class java/awt/image/SampleModel
Event: 30.683 loading class java/awt/image/SampleModel done
Event: 30.683 loading class java/awt/image/SinglePixelPackedSampleModel done
Event: 30.683 loading class sun/awt/image/IntegerInterleavedRaster
Event: 30.683 loading class sun/awt/image/IntegerComponentRaster
Event: 30.683 loading class sun/awt/image/IntegerComponentRaster done
Event: 30.683 loading class sun/awt/image/IntegerInterleavedRaster done
Event: 30.684 loading class sun/awt/image/NativeLibLoader
Event: 30.684 loading class sun/awt/image/NativeLibLoader done
Event: 30.684 loading class sun/awt/image/NativeLibLoader$1
Event: 30.684 loading class sun/awt/image/NativeLibLoader$1 done
Event: 30.684 loading class java/awt/image/BufferedImage$1
Event: 30.684 loading class java/awt/image/BufferedImage$1 done
Event: 30.684 loading class sun/awt/image/BufImgSurfaceData
Event: 30.684 loading class sun/awt/image/BufImgSurfaceData done
Event: 30.685 loading class sun/awt/image/BufImgSurfaceData$ICMColorData
Event: 30.685 loading class sun/awt/image/BufImgSurfaceData$ICMColorData done


Dynamic libraries:
0x00007ff7e2720000 - 0x00007ff7e272f000 	C:\Program Files\Java\jdk-15.0.1\bin\java.exe
0x00007ffe1bf30000 - 0x00007ffe1c125000 	C:\WINDOWS\SYSTEM32\ntdll.dll
0x00007ffe1a940000 - 0x00007ffe1a9fd000 	C:\WINDOWS\System32\KERNEL32.DLL
0x00007ffe19b40000 - 0x00007ffe19e09000 	C:\WINDOWS\System32\KERNELBASE.dll
0x00007ffe197c0000 - 0x00007ffe198c0000 	C:\WINDOWS\System32\ucrtbase.dll
0x00007ffe153d0000 - 0x00007ffe153e9000 	C:\Program Files\Java\jdk-15.0.1\bin\VCRUNTIME140.dll
0x00007ffe15380000 - 0x00007ffe15398000 	C:\Program Files\Java\jdk-15.0.1\bin\jli.dll
0x00007ffe1b740000 - 0x00007ffe1b7ec000 	C:\WINDOWS\System32\ADVAPI32.dll
0x00007ffe1aa00000 - 0x00007ffe1aa9e000 	C:\WINDOWS\System32\msvcrt.dll
0x00007ffe1af50000 - 0x00007ffe1afeb000 	C:\WINDOWS\System32\sechost.dll
0x00007ffe1b610000 - 0x00007ffe1b73a000 	C:\WINDOWS\System32\RPCRT4.dll
0x00007ffe1b7f0000 - 0x00007ffe1b990000 	C:\WINDOWS\System32\USER32.dll
0x00007ffe07230000 - 0x00007ffe074ca000 	C:\WINDOWS\WinSxS\amd64_microsoft.windows.common-controls_6595b64144ccf1df_6.0.19041.1083_none_60bbe31371f34e71\COMCTL32.dll
0x00007ffe19a80000 - 0x00007ffe19aa2000 	C:\WINDOWS\System32\win32u.dll
0x00007ffe1a020000 - 0x00007ffe1a04a000 	C:\WINDOWS\System32\GDI32.dll
0x00007ffe198c0000 - 0x00007ffe199cb000 	C:\WINDOWS\System32\gdi32full.dll
0x00007ffe19720000 - 0x00007ffe197bd000 	C:\WINDOWS\System32\msvcp_win.dll
0x00007ffe12270000 - 0x00007ffe1227a000 	C:\WINDOWS\SYSTEM32\VERSION.dll
0x00007ffe1acd0000 - 0x00007ffe1ad00000 	C:\WINDOWS\System32\IMM32.DLL
0x00007ffe15400000 - 0x00007ffe1540c000 	C:\Program Files\Java\jdk-15.0.1\bin\vcruntime140_1.dll
0x00007ffe095c0000 - 0x00007ffe09651000 	C:\Program Files\Java\jdk-15.0.1\bin\msvcp140.dll
0x00007ffdc0b50000 - 0x00007ffdc16ae000 	C:\Program Files\Java\jdk-15.0.1\bin\server\jvm.dll
0x00007ffe1aaa0000 - 0x00007ffe1aaa8000 	C:\WINDOWS\System32\PSAPI.DLL
0x00007ffe03670000 - 0x00007ffe03679000 	C:\WINDOWS\SYSTEM32\WSOCK32.dll
0x00007ffe0b100000 - 0x00007ffe0b127000 	C:\WINDOWS\SYSTEM32\WINMM.dll
0x00007ffe1aab0000 - 0x00007ffe1ab1b000 	C:\WINDOWS\System32\WS2_32.dll
0x00007ffe175c0000 - 0x00007ffe175d2000 	C:\WINDOWS\SYSTEM32\kernel.appcore.dll
0x00007ffe15370000 - 0x00007ffe1537a000 	C:\Program Files\Java\jdk-15.0.1\bin\jimage.dll
0x00007ffe02b90000 - 0x00007ffe02d74000 	C:\WINDOWS\SYSTEM32\DBGHELP.DLL
0x00007ffe02650000 - 0x00007ffe0267c000 	C:\WINDOWS\SYSTEM32\dbgcore.DLL
0x00007ffe19ab0000 - 0x00007ffe19b33000 	C:\WINDOWS\System32\bcryptPrimitives.dll
0x00007ffe15300000 - 0x00007ffe1530e000 	C:\Program Files\Java\jdk-15.0.1\bin\instrument.dll
0x00007ffe15310000 - 0x00007ffe15335000 	C:\Program Files\Java\jdk-15.0.1\bin\java.dll
0x00007ffe1a170000 - 0x00007ffe1a8af000 	C:\WINDOWS\System32\SHELL32.dll
0x00007ffe177c0000 - 0x00007ffe17f51000 	C:\WINDOWS\SYSTEM32\windows.storage.dll
0x00007ffe1baa0000 - 0x00007ffe1bdf5000 	C:\WINDOWS\System32\combase.dll
0x00007ffe190e0000 - 0x00007ffe1910c000 	C:\WINDOWS\SYSTEM32\Wldp.dll
0x00007ffe1b010000 - 0x00007ffe1b0be000 	C:\WINDOWS\System32\SHCORE.dll
0x00007ffe1a0b0000 - 0x00007ffe1a105000 	C:\WINDOWS\System32\shlwapi.dll
0x00007ffe195b0000 - 0x00007ffe195cf000 	C:\WINDOWS\SYSTEM32\profapi.dll
0x00007ffe095a0000 - 0x00007ffe095b8000 	C:\Program Files\Java\jdk-15.0.1\bin\zip.dll
0x00007ffe152e0000 - 0x00007ffe152f9000 	C:\Program Files\Java\jdk-15.0.1\bin\net.dll
0x00007ffe14190000 - 0x00007ffe1429a000 	C:\WINDOWS\SYSTEM32\WINHTTP.dll
0x00007ffe18e40000 - 0x00007ffe18eaa000 	C:\WINDOWS\system32\mswsock.dll
0x00007ffe152c0000 - 0x00007ffe152d2000 	C:\Program Files\Java\jdk-15.0.1\bin\nio.dll
0x00007ffe09380000 - 0x00007ffe0939a000 	C:\Program Files\JetBrains\IntelliJ IDEA Community Edition 2020.2\bin\breakgen64.dll
0x00007ffdf56e0000 - 0x00007ffdf5860000 	C:\Program Files\Java\jdk-15.0.1\bin\awt.dll
0x00007ffe1b530000 - 0x00007ffe1b5fd000 	C:\WINDOWS\System32\OLEAUT32.dll
0x00007ffe16f70000 - 0x00007ffe17000000 	C:\WINDOWS\SYSTEM32\apphelp.dll
0x00007ffe17100000 - 0x00007ffe1719e000 	C:\WINDOWS\system32\uxtheme.dll
0x00007ffe1ad00000 - 0x00007ffe1ae15000 	C:\WINDOWS\System32\MSCTF.dll
0x00007ffe1ae20000 - 0x00007ffe1af4a000 	C:\WINDOWS\System32\ole32.dll
0x00007ffe173e0000 - 0x00007ffe1740f000 	C:\WINDOWS\system32\DWMAPI.DLL
0x00007ffdb7470000 - 0x00007ffdb7595000 	C:\WINDOWS\system32\opengl32.dll
0x00007ffdb5830000 - 0x00007ffdb585c000 	C:\WINDOWS\SYSTEM32\GLU32.dll
0x00007ffdfcb50000 - 0x00007ffdfcd1e000 	C:\WINDOWS\system32\d3d9.dll
0x00007ffe0ed80000 - 0x00007ffe0ee82000 	C:\WINDOWS\System32\DriverStore\FileRepository\nv_dispi.inf_amd64_8e1b465b962975a0\nvldumdx.dll
0x00007ffe19260000 - 0x00007ffe19272000 	C:\WINDOWS\SYSTEM32\msasn1.dll
0x00007ffe12210000 - 0x00007ffe12241000 	C:\WINDOWS\SYSTEM32\cryptnet.dll
0x00007ffe19e40000 - 0x00007ffe19f9f000 	C:\WINDOWS\System32\CRYPT32.dll
0x00007ffe19040000 - 0x00007ffe1904c000 	C:\WINDOWS\SYSTEM32\cryptbase.dll
0x00007ffe19670000 - 0x00007ffe196d0000 	C:\WINDOWS\System32\WINTRUST.DLL
0x00007ffe1aff0000 - 0x00007ffe1b00d000 	C:\WINDOWS\System32\imagehlp.dll
0x00007ffe19020000 - 0x00007ffe19038000 	C:\WINDOWS\SYSTEM32\CRYPTSP.dll
0x00007ffe18770000 - 0x00007ffe187a4000 	C:\WINDOWS\system32\rsaenh.dll
0x00007ffe19e10000 - 0x00007ffe19e37000 	C:\WINDOWS\System32\bcrypt.dll
0x00007ffdc3740000 - 0x00007ffdc515c000 	C:\WINDOWS\System32\DriverStore\FileRepository\nv_dispi.inf_amd64_8e1b465b962975a0\nvd3dumx.dll
0x00007ffdca930000 - 0x00007ffdcabe9000 	C:\WINDOWS\system32\nvspcap64.dll
0x00007ffe184c0000 - 0x00007ffe184f3000 	C:\WINDOWS\SYSTEM32\ntmarta.dll
0x00007ffe17f70000 - 0x00007ffe17f93000 	C:\WINDOWS\SYSTEM32\gpapi.dll
0x00007ffe0f240000 - 0x00007ffe0f27b000 	C:\WINDOWS\SYSTEM32\dxcore.dll
0x00007ffe196d0000 - 0x00007ffe1971e000 	C:\WINDOWS\System32\cfgmgr32.dll
0x00007ffe02b00000 - 0x00007ffe02b85000 	C:\Program Files\Java\jdk-15.0.1\bin\freetype.dll
0x00007ffdf5630000 - 0x00007ffdf56d9000 	C:\Program Files\Java\jdk-15.0.1\bin\fontmanager.dll
0x00007ffe0eff0000 - 0x00007ffe0f0e9000 	C:\WINDOWS\SYSTEM32\textinputframework.dll
0x00007ffe16990000 - 0x00007ffe16cee000 	C:\WINDOWS\System32\CoreUIComponents.dll
0x00007ffe16cf0000 - 0x00007ffe16de2000 	C:\WINDOWS\System32\CoreMessaging.dll
0x00007ffe162c0000 - 0x00007ffe16414000 	C:\WINDOWS\SYSTEM32\wintypes.dll

dbghelp: loaded successfully - version: 4.0.5 - missing functions: none
symbol engine: initialized successfully - sym options: 0x614 - pdb path: .;C:\Program Files\Java\jdk-15.0.1\bin;C:\WINDOWS\SYSTEM32;C:\WINDOWS\WinSxS\amd64_microsoft.windows.common-controls_6595b64144ccf1df_6.0.19041.1083_none_60bbe31371f34e71;C:\Program Files\Java\jdk-15.0.1\bin\server;C:\Program Files\JetBrains\IntelliJ IDEA Community Edition 2020.2\bin;C:\WINDOWS\System32\DriverStore\FileRepository\nv_dispi.inf_amd64_8e1b465b962975a0

VM Arguments:
jvm_args: -javaagent:C:\Program Files\JetBrains\IntelliJ IDEA Community Edition 2020.2\lib\idea_rt.jar=50934:C:\Program Files\JetBrains\IntelliJ IDEA Community Edition 2020.2\bin -Dfile.encoding=UTF-8 
java_command: game.Game
java_class_path (initial): C:\Users\rarii\Desktop\Dateien\DAM\2021S2\Serveis i processos\DAM_M09_EAC2P1_Enunciat2021S2\PixelTD\out\production\PixelTD
Launcher Type: SUN_STANDARD

[Global flags]
     intx CICompilerCount                          = 4                                         {product} {ergonomic}
     uint ConcGCThreads                            = 3                                         {product} {ergonomic}
     uint G1ConcRefinementThreads                  = 10                                        {product} {ergonomic}
   size_t G1HeapRegionSize                         = 2097152                                   {product} {ergonomic}
    uintx GCDrainStackTargetSize                   = 64                                        {product} {ergonomic}
   size_t InitialHeapSize                          = 268435456                                 {product} {ergonomic}
   size_t MarkStackSize                            = 4194304                                   {product} {ergonomic}
   size_t MaxHeapSize                              = 4282384384                                {product} {ergonomic}
   size_t MaxNewSize                               = 2569011200                                {product} {ergonomic}
   size_t MinHeapDeltaBytes                        = 2097152                                   {product} {ergonomic}
   size_t MinHeapSize                              = 8388608                                   {product} {ergonomic}
    uintx NonNMethodCodeHeapSize                   = 5839372                                {pd product} {ergonomic}
    uintx NonProfiledCodeHeapSize                  = 122909434                              {pd product} {ergonomic}
    uintx ProfiledCodeHeapSize                     = 122909434                              {pd product} {ergonomic}
    uintx ReservedCodeCacheSize                    = 251658240                              {pd product} {ergonomic}
     bool SegmentedCodeCache                       = true                                      {product} {ergonomic}
   size_t SoftMaxHeapSize                          = 4282384384                             {manageable} {ergonomic}
     bool UseCompressedClassPointers               = true                                 {lp64_product} {ergonomic}
     bool UseCompressedOops                        = true                                 {lp64_product} {ergonomic}
     bool UseG1GC                                  = true                                      {product} {ergonomic}
     bool UseLargePagesIndividualAllocation        = false                                  {pd product} {ergonomic}

Logging:
Log output configuration:
 #0: stdout all=warning uptime,level,tags
 #1: stderr all=off uptime,level,tags

Environment Variables:
PATH=C:\Program Files (x86)\Common Files\Oracle\Java\javapath;C:\ProgramData\Oracle\Java\javapath;C:\Program Files\Common Files\Oracle\Java\javapath;C:\Windows\system32;C:\Windows;C:\Windows\System32\Wbem;C:\Windows\System32\WindowsPowerShell\v1.0\;C:\Windows\System32\OpenSSH\;C:\Program Files (x86)\NVIDIA Corporation\PhysX\Common;C:\Program Files\NVIDIA Corporation\NVIDIA NvDLISR;C:\Program Files\dotnet\;C:\Program Files\PuTTY\;C:\Program Files\PostgreSQL\13\bin;C:\WINDOWS\system32;C:\WINDOWS;C:\WINDOWS\System32\Wbem;C:\WINDOWS\System32\WindowsPowerShell\v1.0\;C:\WINDOWS\System32\OpenSSH\;C:\Program Files\Git\cmd;C:\Users\rarii\AppData\Local\Microsoft\WindowsApps;C:\Users\rarii\AppData\Local\Programs\Microsoft VS Code\bin;C:\Users\rarii\.dotnet\tools;C:\Users\rarii\.dotnet\tools;C:\Users\rarii\AppData\Local\Microsoft\WindowsApps;C:\Users\rarii\AppData\Local\GitHubDesktop\bin
USERNAME=HERMES
OS=Windows_NT
PROCESSOR_IDENTIFIER=AMD64 Family 23 Model 113 Stepping 0, AuthenticAMD



---------------  S Y S T E M  ---------------

OS:
 Windows 10 , 64 bit Build 19041 (10.0.19041.1023)
OS uptime: 0 days 4:05 hours

CPU: total 12 (initial active 12) (12 cores per cpu, 2 threads per core) family 23 model 113 stepping 0 microcode 0x0, cmov, cx8, fxsr, mmx, sse, sse2, sse3, ssse3, sse4.1, sse4.2, popcnt, vzeroupper, avx, avx2, aes, clmul, 3dnowpref, lzcnt, sse4a, ht, tsc, tscinvbit, tscinv, bmi1, bmi2, adx, sha, fma, clflush, clflushopt

Memory: 4k page, system-wide physical 16334M (8386M free)
TotalPageFile size 18766M (AvailPageFile size 8318M)
current process WorkingSet (physical memory assigned to process): 237M, peak: 252M
current process commit charge ("private bytes"): 441M, peak: 564M

vm_info: Java HotSpot(TM) 64-Bit Server VM (15.0.1+9-18) for windows-amd64 JRE (15.0.1+9-18), built on Sep 15 2020 14:43:54 by "mach5one" with unknown MS VC++:1925

END.
