#
# A fatal error has been detected by the Java Runtime Environment:
#
#  EXCEPTION_ACCESS_VIOLATION (0xc0000005) at pc=0x0000000000000000, pid=14064, tid=3116
#
# JRE version: Java(TM) SE Runtime Environment (15.0.1+9) (build 15.0.1+9-18)
# Java VM: Java HotSpot(TM) 64-Bit Server VM (15.0.1+9-18, mixed mode, sharing, tiered, compressed oops, g1 gc, windows-amd64)
# Problematic frame:
# C  0x0000000000000000
#
# No core dump will be written. Minidumps are not enabled by default on client versions of Windows
#
# If you would like to submit a bug report, please visit:
#   https://bugreport.java.com/bugreport/crash.jsp
# The crash happened outside the Java Virtual Machine in native code.
# See problematic frame for where to report the bug.
#

---------------  S U M M A R Y ------------

Command Line: -javaagent:C:\Program Files\JetBrains\IntelliJ IDEA Community Edition 2020.2\lib\idea_rt.jar=50569:C:\Program Files\JetBrains\IntelliJ IDEA Community Edition 2020.2\bin -Dfile.encoding=UTF-8 game.Game

Host: AMD Ryzen 5 3600 6-Core Processor              , 12 cores, 15G,  Windows 10 , 64 bit Build 19041 (10.0.19041.1023)
Time: Sun Jul 11 11:51:42 2021 Mitteleuropäische Sommerzeit    elapsed time: 40.158418 seconds (0d 0h 0m 40s)

---------------  T H R E A D  ---------------

Current thread (0x00000277c8714ec0):  JavaThread "AWT-Windows" daemon [_thread_in_native, id=3116, stack(0x000000c579200000,0x000000c579300000)]

Stack: [0x000000c579200000,0x000000c579300000],  sp=0x000000c5792feb68,  free space=1018k
Native frames: (J=compiled Java code, j=interpreted, Vv=VM code, C=native code)

Java frames: (J=compiled Java code, j=interpreted, Vv=VM code)
j  sun.awt.windows.WToolkit.eventLoop()V+0 java.desktop@15.0.1
j  sun.awt.windows.WToolkit.run()V+50 java.desktop@15.0.1
j  java.lang.Thread.run()V+11 java.base@15.0.1
v  ~StubRoutines::call_stub

siginfo: EXCEPTION_ACCESS_VIOLATION (0xc0000005), data execution prevention violation at address 0x0000000000000000


Register to memory mapping:

RIP=0x0 is NULL
RAX=0x0 is NULL
RBX=0x00000277c9726bd0 points into unknown readable memory: 0x00000277d1c88f90 | 90 8f c8 d1 77 02 00 00
RCX=0x0 is NULL
RDX=0x00000277d1c88f90 points into unknown readable memory: 0x0000000073655243 | 43 52 65 73 00 00 00 00
RSP=0x000000c5792feb68 is pointing into the stack for thread: 0x00000277c8714ec0
RBP=0x00007ffdc0afc7e0 awt.dll
RSI=0x0 is NULL
RDI=0x00000277c976ee40 points into unknown readable memory: 0x0000000000000000 | 00 00 00 00 00 00 00 00
R8 =0x00000277c9726bd0 points into unknown readable memory: 0x00000277d1c88f90 | 90 8f c8 d1 77 02 00 00
R9 =0x0000000000000001 is an unknown value
R10=0x0000000000008000 is an unknown value
R11=0x000000c5792fed30 is pointing into the stack for thread: 0x00000277c8714ec0
R12=0x0 is NULL
R13={method} {0x00000277c803dd58} 'eventLoop' '()V' in 'sun/awt/windows/WToolkit'
R14=0x000000c5792ff018 is pointing into the stack for thread: 0x00000277c8714ec0
R15=0x00000277c8714ec0 is a thread


Registers:
RAX=0x0000000000000000, RBX=0x00000277c9726bd0, RCX=0x0000000000000000, RDX=0x00000277d1c88f90
RSP=0x000000c5792feb68, RBP=0x00007ffdc0afc7e0, RSI=0x0000000000000000, RDI=0x00000277c976ee40
R8 =0x00000277c9726bd0, R9 =0x0000000000000001, R10=0x0000000000008000, R11=0x000000c5792fed30
R12=0x0000000000000000, R13=0x00000277c803dd50, R14=0x000000c5792ff018, R15=0x00000277c8714ec0
RIP=0x0000000000000000, EFLAGS=0x0000000000010206

Top of Stack: (sp=0x000000c5792feb68)
0x000000c5792feb68:   00007ffdfcb80158 00000277c8714ec0
0x000000c5792feb78:   0000000000000000 00000277c803dd50
0x000000c5792feb88:   0000000000000000 00000277c976ee40
0x000000c5792feb98:   00007ffdfcb80087 00000277c9726bd0
0x000000c5792feba8:   00000277c974e070 00007ffdc0afc7e0
0x000000c5792febb8:   0000000000000000 00000277c9ab5960
0x000000c5792febc8:   00007ffdfcb5e22e 00000277c9628520
0x000000c5792febd8:   00007ffe19b66fff 00000277c9726e10
0x000000c5792febe8:   0000000000000000 00000277c976ee40
0x000000c5792febf8:   00000277c9726bd0 00000277c803dd50
0x000000c5792fec08:   00007ffe1bf55ba1 00000277c962a900
0x000000c5792fec18:   00007ffdfcb5e14b 0000000000000000
0x000000c5792fec28:   00000277a2040000 fffffffffffffffe
0x000000c5792fec38:   fffffffffffffffe 000000c5792ff018
0x000000c5792fec48:   00007ffdfcb5e0b0 0000000000000001
0x000000c5792fec58:   0000000000000001 00000277c9628520 

Instructions: (pc=0x0000000000000000)
0xffffffffffffff00:   


Stack slot to memory mapping:
stack at sp + 0 slots: 0x00007ffdfcb80158 d3d9.dll
stack at sp + 1 slots: 0x00000277c8714ec0 is a thread
stack at sp + 2 slots: 0x0 is NULL
stack at sp + 3 slots: {method} {0x00000277c803dd58} 'eventLoop' '()V' in 'sun/awt/windows/WToolkit'
stack at sp + 4 slots: 0x0 is NULL
stack at sp + 5 slots: 0x00000277c976ee40 points into unknown readable memory: 0x0000000000000000 | 00 00 00 00 00 00 00 00
stack at sp + 6 slots: 0x00007ffdfcb80087 d3d9.dll
stack at sp + 7 slots: 0x00000277c9726bd0 points into unknown readable memory: 0x00000277d1c88f90 | 90 8f c8 d1 77 02 00 00


---------------  P R O C E S S  ---------------

Threads class SMR info:
_java_thread_list=0x00000277d1d0d2c0, length=18, elements={
0x00000277c7ef7df0, 0x00000277c7ef88d0, 0x00000277c870c2f0, 0x00000277c870fcd0,
0x00000277c87131e0, 0x00000277c871f3d0, 0x00000277c87245b0, 0x00000277c87255e0,
0x00000277c8712d10, 0x00000277c8711500, 0x00000277c87136b0, 0x00000277c87119d0,
0x00000277c8711ea0, 0x00000277c8714ec0, 0x00000277c8714520, 0x00000277d1c01920,
0x00000277d1bfda90, 0x00000277d1bfdf60
}

Java Threads: ( => current thread )
  0x00000277c7ef7df0 JavaThread "Reference Handler" daemon [_thread_blocked, id=5852, stack(0x000000c578400000,0x000000c578500000)]
  0x00000277c7ef88d0 JavaThread "Finalizer" daemon [_thread_blocked, id=3284, stack(0x000000c578500000,0x000000c578600000)]
  0x00000277c870c2f0 JavaThread "Signal Dispatcher" daemon [_thread_blocked, id=8468, stack(0x000000c578600000,0x000000c578700000)]
  0x00000277c870fcd0 JavaThread "Attach Listener" daemon [_thread_blocked, id=12112, stack(0x000000c578700000,0x000000c578800000)]
  0x00000277c87131e0 JavaThread "Service Thread" daemon [_thread_blocked, id=6756, stack(0x000000c578800000,0x000000c578900000)]
  0x00000277c871f3d0 JavaThread "C2 CompilerThread0" daemon [_thread_blocked, id=15872, stack(0x000000c578900000,0x000000c578a00000)]
  0x00000277c87245b0 JavaThread "C1 CompilerThread0" daemon [_thread_blocked, id=9136, stack(0x000000c578a00000,0x000000c578b00000)]
  0x00000277c87255e0 JavaThread "Sweeper thread" daemon [_thread_blocked, id=7452, stack(0x000000c578b00000,0x000000c578c00000)]
  0x00000277c8712d10 JavaThread "Common-Cleaner" daemon [_thread_blocked, id=11388, stack(0x000000c578c00000,0x000000c578d00000)]
  0x00000277c8711500 JavaThread "Monitor Ctrl-Break" daemon [_thread_in_native, id=13364, stack(0x000000c578d00000,0x000000c578e00000)]
  0x00000277c87136b0 JavaThread "Notification Thread" daemon [_thread_blocked, id=6676, stack(0x000000c578e00000,0x000000c578f00000)]
  0x00000277c87119d0 JavaThread "Java2D Disposer" daemon [_thread_blocked, id=5096, stack(0x000000c579000000,0x000000c579100000)]
  0x00000277c8711ea0 JavaThread "AWT-Shutdown" [_thread_blocked, id=10184, stack(0x000000c579100000,0x000000c579200000)]
=>0x00000277c8714ec0 JavaThread "AWT-Windows" daemon [_thread_in_native, id=3116, stack(0x000000c579200000,0x000000c579300000)]
  0x00000277c8714520 JavaThread "AWT-EventQueue-0" [_thread_blocked, id=476, stack(0x000000c579570000,0x000000c579670000)]
  0x00000277d1c01920 JavaThread "Rendering Thread" [_thread_in_native, id=8256, stack(0x000000c579770000,0x000000c579870000)]
  0x00000277d1bfda90 JavaThread "DestroyJavaVM" [_thread_blocked, id=15832, stack(0x000000c577d00000,0x000000c577e00000)]
  0x00000277d1bfdf60 JavaThread "ToolkitShutdown" daemon [_thread_in_native, id=12480, stack(0x000000c57a350000,0x000000c57a450000)]

Other Threads:
  0x00000277c7ef1630 VMThread "VM Thread" [stack: 0x000000c578300000,0x000000c578400000] [id=2524]
  0x00000277c88902f0 WatcherThread [stack: 0x000000c578f00000,0x000000c579000000] [id=9380]
  0x00000277a42d1cf0 GCTaskThread "GC Thread#0" [stack: 0x000000c577e00000,0x000000c577f00000] [id=6544]
  0x00000277c8a7b6a0 GCTaskThread "GC Thread#1" [stack: 0x000000c579a50000,0x000000c579b50000] [id=15180]
  0x00000277c8a7b9d0 GCTaskThread "GC Thread#2" [stack: 0x000000c579b50000,0x000000c579c50000] [id=7708]
  0x00000277c8a7e340 GCTaskThread "GC Thread#3" [stack: 0x000000c579c50000,0x000000c579d50000] [id=15504]
  0x00000277c8a7e670 GCTaskThread "GC Thread#4" [stack: 0x000000c579d50000,0x000000c579e50000] [id=9412]
  0x00000277c8a7dce0 GCTaskThread "GC Thread#5" [stack: 0x000000c579e50000,0x000000c579f50000] [id=11136]
  0x00000277c8a7c360 GCTaskThread "GC Thread#6" [stack: 0x000000c579f50000,0x000000c57a050000] [id=5844]
  0x00000277c8a7d350 GCTaskThread "GC Thread#7" [stack: 0x000000c57a050000,0x000000c57a150000] [id=11712]
  0x00000277a42e4530 ConcurrentGCThread "G1 Main Marker" [stack: 0x000000c577f00000,0x000000c578000000] [id=15104]
  0x00000277a42e67e0 ConcurrentGCThread "G1 Conc#0" [stack: 0x000000c578000000,0x000000c578100000] [id=9592]
  0x00000277a435e450 ConcurrentGCThread "G1 Refine#0" [stack: 0x000000c578100000,0x000000c578200000] [id=8680]
  0x00000277c7d6a100 ConcurrentGCThread "G1 Young RemSet Sampling" [stack: 0x000000c578200000,0x000000c578300000] [id=8412]

Threads with active compile tasks:

VM state: not at safepoint (normal execution)

VM Mutex/Monitor currently owned by a thread: None

Heap address: 0x0000000700c00000, size: 4084 MB, Compressed Oops mode: Zero based, Oop shift amount: 3
CDS archive(s) mapped at: [0x0000000800000000-0x0000000800b50000-0x0000000800b50000), size 11862016, SharedBaseAddress: 0x0000000800000000, ArchiveRelocationMode: 0.
Compressed class space mapped at: 0x0000000800b50000-0x0000000840b50000, size: 1073741824
Narrow klass base: 0x0000000800000000, Narrow klass shift: 3, Narrow klass range: 0x100000000

GC Precious Log:
 CPUs: 12 total, 12 available
 Memory: 16334M
 Large Page Support: Disabled
 NUMA Support: Disabled
 Compressed Oops: Enabled (Zero based)
 Heap Region Size: 2M
 Heap Min Capacity: 8M
 Heap Initial Capacity: 256M
 Heap Max Capacity: 4084M
 Pre-touch: Disabled
 Parallel Workers: 10
 Concurrent Workers: 3
 Concurrent Refinement Workers: 10
 Periodic GC: Disabled

Heap:
 garbage-first heap   total 262144K, used 14432K [0x0000000700c00000, 0x0000000800000000)
  region size 2048K, 10 young (20480K), 2 survivors (4096K)
 Metaspace       used 6782K, capacity 6926K, committed 7168K, reserved 1056768K
  class space    used 631K, capacity 704K, committed 768K, reserved 1048576K

Heap Regions: E=young(eden), S=young(survivor), O=old, HS=humongous(starts), HC=humongous(continues), CS=collection set, F=free, OA=open archive, CA=closed archive, TAMS=top-at-mark-start (previous, next)
|   0|0x0000000700c00000, 0x0000000700c00000, 0x0000000700e00000|  0%| F|  |TAMS 0x0000000700c00000, 0x0000000700c00000| Untracked 
|   1|0x0000000700e00000, 0x0000000700e00000, 0x0000000701000000|  0%| F|  |TAMS 0x0000000700e00000, 0x0000000700e00000| Untracked 
|   2|0x0000000701000000, 0x0000000701000000, 0x0000000701200000|  0%| F|  |TAMS 0x0000000701000000, 0x0000000701000000| Untracked 
|   3|0x0000000701200000, 0x0000000701200000, 0x0000000701400000|  0%| F|  |TAMS 0x0000000701200000, 0x0000000701200000| Untracked 
|   4|0x0000000701400000, 0x0000000701400000, 0x0000000701600000|  0%| F|  |TAMS 0x0000000701400000, 0x0000000701400000| Untracked 
|   5|0x0000000701600000, 0x0000000701600000, 0x0000000701800000|  0%| F|  |TAMS 0x0000000701600000, 0x0000000701600000| Untracked 
|   6|0x0000000701800000, 0x0000000701800000, 0x0000000701a00000|  0%| F|  |TAMS 0x0000000701800000, 0x0000000701800000| Untracked 
|   7|0x0000000701a00000, 0x0000000701a00000, 0x0000000701c00000|  0%| F|  |TAMS 0x0000000701a00000, 0x0000000701a00000| Untracked 
|   8|0x0000000701c00000, 0x0000000701c00000, 0x0000000701e00000|  0%| F|  |TAMS 0x0000000701c00000, 0x0000000701c00000| Untracked 
|   9|0x0000000701e00000, 0x0000000701e00000, 0x0000000702000000|  0%| F|  |TAMS 0x0000000701e00000, 0x0000000701e00000| Untracked 
|  10|0x0000000702000000, 0x0000000702000000, 0x0000000702200000|  0%| F|  |TAMS 0x0000000702000000, 0x0000000702000000| Untracked 
|  11|0x0000000702200000, 0x0000000702200000, 0x0000000702400000|  0%| F|  |TAMS 0x0000000702200000, 0x0000000702200000| Untracked 
|  12|0x0000000702400000, 0x0000000702400000, 0x0000000702600000|  0%| F|  |TAMS 0x0000000702400000, 0x0000000702400000| Untracked 
|  13|0x0000000702600000, 0x0000000702600000, 0x0000000702800000|  0%| F|  |TAMS 0x0000000702600000, 0x0000000702600000| Untracked 
|  14|0x0000000702800000, 0x0000000702800000, 0x0000000702a00000|  0%| F|  |TAMS 0x0000000702800000, 0x0000000702800000| Untracked 
|  15|0x0000000702a00000, 0x0000000702a00000, 0x0000000702c00000|  0%| F|  |TAMS 0x0000000702a00000, 0x0000000702a00000| Untracked 
|  16|0x0000000702c00000, 0x0000000702c00000, 0x0000000702e00000|  0%| F|  |TAMS 0x0000000702c00000, 0x0000000702c00000| Untracked 
|  17|0x0000000702e00000, 0x0000000702e00000, 0x0000000703000000|  0%| F|  |TAMS 0x0000000702e00000, 0x0000000702e00000| Untracked 
|  18|0x0000000703000000, 0x0000000703000000, 0x0000000703200000|  0%| F|  |TAMS 0x0000000703000000, 0x0000000703000000| Untracked 
|  19|0x0000000703200000, 0x0000000703200000, 0x0000000703400000|  0%| F|  |TAMS 0x0000000703200000, 0x0000000703200000| Untracked 
|  20|0x0000000703400000, 0x0000000703400000, 0x0000000703600000|  0%| F|  |TAMS 0x0000000703400000, 0x0000000703400000| Untracked 
|  21|0x0000000703600000, 0x0000000703600000, 0x0000000703800000|  0%| F|  |TAMS 0x0000000703600000, 0x0000000703600000| Untracked 
|  22|0x0000000703800000, 0x0000000703800000, 0x0000000703a00000|  0%| F|  |TAMS 0x0000000703800000, 0x0000000703800000| Untracked 
|  23|0x0000000703a00000, 0x0000000703a00000, 0x0000000703c00000|  0%| F|  |TAMS 0x0000000703a00000, 0x0000000703a00000| Untracked 
|  24|0x0000000703c00000, 0x0000000703c00000, 0x0000000703e00000|  0%| F|  |TAMS 0x0000000703c00000, 0x0000000703c00000| Untracked 
|  25|0x0000000703e00000, 0x0000000703e00000, 0x0000000704000000|  0%| F|  |TAMS 0x0000000703e00000, 0x0000000703e00000| Untracked 
|  26|0x0000000704000000, 0x0000000704000000, 0x0000000704200000|  0%| F|  |TAMS 0x0000000704000000, 0x0000000704000000| Untracked 
|  27|0x0000000704200000, 0x0000000704200000, 0x0000000704400000|  0%| F|  |TAMS 0x0000000704200000, 0x0000000704200000| Untracked 
|  28|0x0000000704400000, 0x0000000704400000, 0x0000000704600000|  0%| F|  |TAMS 0x0000000704400000, 0x0000000704400000| Untracked 
|  29|0x0000000704600000, 0x0000000704600000, 0x0000000704800000|  0%| F|  |TAMS 0x0000000704600000, 0x0000000704600000| Untracked 
|  30|0x0000000704800000, 0x0000000704800000, 0x0000000704a00000|  0%| F|  |TAMS 0x0000000704800000, 0x0000000704800000| Untracked 
|  31|0x0000000704a00000, 0x0000000704a00000, 0x0000000704c00000|  0%| F|  |TAMS 0x0000000704a00000, 0x0000000704a00000| Untracked 
|  32|0x0000000704c00000, 0x0000000704c00000, 0x0000000704e00000|  0%| F|  |TAMS 0x0000000704c00000, 0x0000000704c00000| Untracked 
|  33|0x0000000704e00000, 0x0000000704e00000, 0x0000000705000000|  0%| F|  |TAMS 0x0000000704e00000, 0x0000000704e00000| Untracked 
|  34|0x0000000705000000, 0x0000000705000000, 0x0000000705200000|  0%| F|  |TAMS 0x0000000705000000, 0x0000000705000000| Untracked 
|  35|0x0000000705200000, 0x0000000705200000, 0x0000000705400000|  0%| F|  |TAMS 0x0000000705200000, 0x0000000705200000| Untracked 
|  36|0x0000000705400000, 0x0000000705400000, 0x0000000705600000|  0%| F|  |TAMS 0x0000000705400000, 0x0000000705400000| Untracked 
|  37|0x0000000705600000, 0x0000000705600000, 0x0000000705800000|  0%| F|  |TAMS 0x0000000705600000, 0x0000000705600000| Untracked 
|  38|0x0000000705800000, 0x0000000705800000, 0x0000000705a00000|  0%| F|  |TAMS 0x0000000705800000, 0x0000000705800000| Untracked 
|  39|0x0000000705a00000, 0x0000000705a00000, 0x0000000705c00000|  0%| F|  |TAMS 0x0000000705a00000, 0x0000000705a00000| Untracked 
|  40|0x0000000705c00000, 0x0000000705c00000, 0x0000000705e00000|  0%| F|  |TAMS 0x0000000705c00000, 0x0000000705c00000| Untracked 
|  41|0x0000000705e00000, 0x0000000705e00000, 0x0000000706000000|  0%| F|  |TAMS 0x0000000705e00000, 0x0000000705e00000| Untracked 
|  42|0x0000000706000000, 0x0000000706000000, 0x0000000706200000|  0%| F|  |TAMS 0x0000000706000000, 0x0000000706000000| Untracked 
|  43|0x0000000706200000, 0x0000000706200000, 0x0000000706400000|  0%| F|  |TAMS 0x0000000706200000, 0x0000000706200000| Untracked 
|  44|0x0000000706400000, 0x0000000706400000, 0x0000000706600000|  0%| F|  |TAMS 0x0000000706400000, 0x0000000706400000| Untracked 
|  45|0x0000000706600000, 0x0000000706600000, 0x0000000706800000|  0%| F|  |TAMS 0x0000000706600000, 0x0000000706600000| Untracked 
|  46|0x0000000706800000, 0x0000000706800000, 0x0000000706a00000|  0%| F|  |TAMS 0x0000000706800000, 0x0000000706800000| Untracked 
|  47|0x0000000706a00000, 0x0000000706a00000, 0x0000000706c00000|  0%| F|  |TAMS 0x0000000706a00000, 0x0000000706a00000| Untracked 
|  48|0x0000000706c00000, 0x0000000706c00000, 0x0000000706e00000|  0%| F|  |TAMS 0x0000000706c00000, 0x0000000706c00000| Untracked 
|  49|0x0000000706e00000, 0x0000000706e00000, 0x0000000707000000|  0%| F|  |TAMS 0x0000000706e00000, 0x0000000706e00000| Untracked 
|  50|0x0000000707000000, 0x0000000707018020, 0x0000000707200000|  4%| S|CS|TAMS 0x0000000707000000, 0x0000000707000000| Complete 
|  51|0x0000000707200000, 0x0000000707400000, 0x0000000707400000|100%| S|CS|TAMS 0x0000000707200000, 0x0000000707200000| Complete 
|  52|0x0000000707400000, 0x0000000707400000, 0x0000000707600000|  0%| F|  |TAMS 0x0000000707400000, 0x0000000707400000| Untracked 
|  53|0x0000000707600000, 0x0000000707600000, 0x0000000707800000|  0%| F|  |TAMS 0x0000000707600000, 0x0000000707600000| Untracked 
|  54|0x0000000707800000, 0x0000000707800000, 0x0000000707a00000|  0%| F|  |TAMS 0x0000000707800000, 0x0000000707800000| Untracked 
|  55|0x0000000707a00000, 0x0000000707a00000, 0x0000000707c00000|  0%| F|  |TAMS 0x0000000707a00000, 0x0000000707a00000| Untracked 
|  56|0x0000000707c00000, 0x0000000707c00000, 0x0000000707e00000|  0%| F|  |TAMS 0x0000000707c00000, 0x0000000707c00000| Untracked 
|  57|0x0000000707e00000, 0x0000000707e00000, 0x0000000708000000|  0%| F|  |TAMS 0x0000000707e00000, 0x0000000707e00000| Untracked 
|  58|0x0000000708000000, 0x0000000708000000, 0x0000000708200000|  0%| F|  |TAMS 0x0000000708000000, 0x0000000708000000| Untracked 
|  59|0x0000000708200000, 0x0000000708200000, 0x0000000708400000|  0%| F|  |TAMS 0x0000000708200000, 0x0000000708200000| Untracked 
|  60|0x0000000708400000, 0x0000000708400000, 0x0000000708600000|  0%| F|  |TAMS 0x0000000708400000, 0x0000000708400000| Untracked 
|  61|0x0000000708600000, 0x0000000708600000, 0x0000000708800000|  0%| F|  |TAMS 0x0000000708600000, 0x0000000708600000| Untracked 
|  62|0x0000000708800000, 0x0000000708800000, 0x0000000708a00000|  0%| F|  |TAMS 0x0000000708800000, 0x0000000708800000| Untracked 
|  63|0x0000000708a00000, 0x0000000708a00000, 0x0000000708c00000|  0%| F|  |TAMS 0x0000000708a00000, 0x0000000708a00000| Untracked 
|  64|0x0000000708c00000, 0x0000000708c00000, 0x0000000708e00000|  0%| F|  |TAMS 0x0000000708c00000, 0x0000000708c00000| Untracked 
|  65|0x0000000708e00000, 0x0000000708e00000, 0x0000000709000000|  0%| F|  |TAMS 0x0000000708e00000, 0x0000000708e00000| Untracked 
|  66|0x0000000709000000, 0x0000000709000000, 0x0000000709200000|  0%| F|  |TAMS 0x0000000709000000, 0x0000000709000000| Untracked 
|  67|0x0000000709200000, 0x0000000709200000, 0x0000000709400000|  0%| F|  |TAMS 0x0000000709200000, 0x0000000709200000| Untracked 
|  68|0x0000000709400000, 0x0000000709400000, 0x0000000709600000|  0%| F|  |TAMS 0x0000000709400000, 0x0000000709400000| Untracked 
|  69|0x0000000709600000, 0x0000000709600000, 0x0000000709800000|  0%| F|  |TAMS 0x0000000709600000, 0x0000000709600000| Untracked 
|  70|0x0000000709800000, 0x0000000709800000, 0x0000000709a00000|  0%| F|  |TAMS 0x0000000709800000, 0x0000000709800000| Untracked 
|  71|0x0000000709a00000, 0x0000000709a00000, 0x0000000709c00000|  0%| F|  |TAMS 0x0000000709a00000, 0x0000000709a00000| Untracked 
|  72|0x0000000709c00000, 0x0000000709c00000, 0x0000000709e00000|  0%| F|  |TAMS 0x0000000709c00000, 0x0000000709c00000| Untracked 
|  73|0x0000000709e00000, 0x0000000709e00000, 0x000000070a000000|  0%| F|  |TAMS 0x0000000709e00000, 0x0000000709e00000| Untracked 
|  74|0x000000070a000000, 0x000000070a000000, 0x000000070a200000|  0%| F|  |TAMS 0x000000070a000000, 0x000000070a000000| Untracked 
|  75|0x000000070a200000, 0x000000070a200000, 0x000000070a400000|  0%| F|  |TAMS 0x000000070a200000, 0x000000070a200000| Untracked 
|  76|0x000000070a400000, 0x000000070a400000, 0x000000070a600000|  0%| F|  |TAMS 0x000000070a400000, 0x000000070a400000| Untracked 
|  77|0x000000070a600000, 0x000000070a600000, 0x000000070a800000|  0%| F|  |TAMS 0x000000070a600000, 0x000000070a600000| Untracked 
|  78|0x000000070a800000, 0x000000070a800000, 0x000000070aa00000|  0%| F|  |TAMS 0x000000070a800000, 0x000000070a800000| Untracked 
|  79|0x000000070aa00000, 0x000000070aa00000, 0x000000070ac00000|  0%| F|  |TAMS 0x000000070aa00000, 0x000000070aa00000| Untracked 
|  80|0x000000070ac00000, 0x000000070ac00000, 0x000000070ae00000|  0%| F|  |TAMS 0x000000070ac00000, 0x000000070ac00000| Untracked 
|  81|0x000000070ae00000, 0x000000070ae00000, 0x000000070b000000|  0%| F|  |TAMS 0x000000070ae00000, 0x000000070ae00000| Untracked 
|  82|0x000000070b000000, 0x000000070b000000, 0x000000070b200000|  0%| F|  |TAMS 0x000000070b000000, 0x000000070b000000| Untracked 
|  83|0x000000070b200000, 0x000000070b200000, 0x000000070b400000|  0%| F|  |TAMS 0x000000070b200000, 0x000000070b200000| Untracked 
|  84|0x000000070b400000, 0x000000070b400000, 0x000000070b600000|  0%| F|  |TAMS 0x000000070b400000, 0x000000070b400000| Untracked 
|  85|0x000000070b600000, 0x000000070b600000, 0x000000070b800000|  0%| F|  |TAMS 0x000000070b600000, 0x000000070b600000| Untracked 
|  86|0x000000070b800000, 0x000000070b800000, 0x000000070ba00000|  0%| F|  |TAMS 0x000000070b800000, 0x000000070b800000| Untracked 
|  87|0x000000070ba00000, 0x000000070ba00000, 0x000000070bc00000|  0%| F|  |TAMS 0x000000070ba00000, 0x000000070ba00000| Untracked 
|  88|0x000000070bc00000, 0x000000070bc00000, 0x000000070be00000|  0%| F|  |TAMS 0x000000070bc00000, 0x000000070bc00000| Untracked 
|  89|0x000000070be00000, 0x000000070be00000, 0x000000070c000000|  0%| F|  |TAMS 0x000000070be00000, 0x000000070be00000| Untracked 
|  90|0x000000070c000000, 0x000000070c000000, 0x000000070c200000|  0%| F|  |TAMS 0x000000070c000000, 0x000000070c000000| Untracked 
|  91|0x000000070c200000, 0x000000070c200000, 0x000000070c400000|  0%| F|  |TAMS 0x000000070c200000, 0x000000070c200000| Untracked 
|  92|0x000000070c400000, 0x000000070c400000, 0x000000070c600000|  0%| F|  |TAMS 0x000000070c400000, 0x000000070c400000| Untracked 
|  93|0x000000070c600000, 0x000000070c600000, 0x000000070c800000|  0%| F|  |TAMS 0x000000070c600000, 0x000000070c600000| Untracked 
|  94|0x000000070c800000, 0x000000070c800000, 0x000000070ca00000|  0%| F|  |TAMS 0x000000070c800000, 0x000000070c800000| Untracked 
|  95|0x000000070ca00000, 0x000000070ca00000, 0x000000070cc00000|  0%| F|  |TAMS 0x000000070ca00000, 0x000000070ca00000| Untracked 
|  96|0x000000070cc00000, 0x000000070cc00000, 0x000000070ce00000|  0%| F|  |TAMS 0x000000070cc00000, 0x000000070cc00000| Untracked 
|  97|0x000000070ce00000, 0x000000070ce00000, 0x000000070d000000|  0%| F|  |TAMS 0x000000070ce00000, 0x000000070ce00000| Untracked 
|  98|0x000000070d000000, 0x000000070d000000, 0x000000070d200000|  0%| F|  |TAMS 0x000000070d000000, 0x000000070d000000| Untracked 
|  99|0x000000070d200000, 0x000000070d200000, 0x000000070d400000|  0%| F|  |TAMS 0x000000070d200000, 0x000000070d200000| Untracked 
| 100|0x000000070d400000, 0x000000070d400000, 0x000000070d600000|  0%| F|  |TAMS 0x000000070d400000, 0x000000070d400000| Untracked 
| 101|0x000000070d600000, 0x000000070d600000, 0x000000070d800000|  0%| F|  |TAMS 0x000000070d600000, 0x000000070d600000| Untracked 
| 102|0x000000070d800000, 0x000000070d800000, 0x000000070da00000|  0%| F|  |TAMS 0x000000070d800000, 0x000000070d800000| Untracked 
| 103|0x000000070da00000, 0x000000070da00000, 0x000000070dc00000|  0%| F|  |TAMS 0x000000070da00000, 0x000000070da00000| Untracked 
| 104|0x000000070dc00000, 0x000000070dc00000, 0x000000070de00000|  0%| F|  |TAMS 0x000000070dc00000, 0x000000070dc00000| Untracked 
| 105|0x000000070de00000, 0x000000070de00000, 0x000000070e000000|  0%| F|  |TAMS 0x000000070de00000, 0x000000070de00000| Untracked 
| 106|0x000000070e000000, 0x000000070e000000, 0x000000070e200000|  0%| F|  |TAMS 0x000000070e000000, 0x000000070e000000| Untracked 
| 107|0x000000070e200000, 0x000000070e200000, 0x000000070e400000|  0%| F|  |TAMS 0x000000070e200000, 0x000000070e200000| Untracked 
| 108|0x000000070e400000, 0x000000070e400000, 0x000000070e600000|  0%| F|  |TAMS 0x000000070e400000, 0x000000070e400000| Untracked 
| 109|0x000000070e600000, 0x000000070e600000, 0x000000070e800000|  0%| F|  |TAMS 0x000000070e600000, 0x000000070e600000| Untracked 
| 110|0x000000070e800000, 0x000000070e800000, 0x000000070ea00000|  0%| F|  |TAMS 0x000000070e800000, 0x000000070e800000| Untracked 
| 111|0x000000070ea00000, 0x000000070ea00000, 0x000000070ec00000|  0%| F|  |TAMS 0x000000070ea00000, 0x000000070ea00000| Untracked 
| 112|0x000000070ec00000, 0x000000070ec00000, 0x000000070ee00000|  0%| F|  |TAMS 0x000000070ec00000, 0x000000070ec00000| Untracked 
| 113|0x000000070ee00000, 0x000000070ee00000, 0x000000070f000000|  0%| F|  |TAMS 0x000000070ee00000, 0x000000070ee00000| Untracked 
| 114|0x000000070f000000, 0x000000070f000000, 0x000000070f200000|  0%| F|  |TAMS 0x000000070f000000, 0x000000070f000000| Untracked 
| 115|0x000000070f200000, 0x000000070f200000, 0x000000070f400000|  0%| F|  |TAMS 0x000000070f200000, 0x000000070f200000| Untracked 
| 116|0x000000070f400000, 0x000000070f400000, 0x000000070f600000|  0%| F|  |TAMS 0x000000070f400000, 0x000000070f400000| Untracked 
| 117|0x000000070f600000, 0x000000070f600000, 0x000000070f800000|  0%| F|  |TAMS 0x000000070f600000, 0x000000070f600000| Untracked 
| 118|0x000000070f800000, 0x000000070f800000, 0x000000070fa00000|  0%| F|  |TAMS 0x000000070f800000, 0x000000070f800000| Untracked 
| 119|0x000000070fa00000, 0x000000070fa00000, 0x000000070fc00000|  0%| F|  |TAMS 0x000000070fa00000, 0x000000070fa00000| Untracked 
| 120|0x000000070fc00000, 0x000000070fce1010, 0x000000070fe00000| 43%| E|  |TAMS 0x000000070fc00000, 0x000000070fc00000| Complete 
| 121|0x000000070fe00000, 0x000000070ff29a58, 0x0000000710000000| 58%| E|  |TAMS 0x000000070fe00000, 0x000000070fe00000| Complete 
| 122|0x0000000710000000, 0x0000000710200000, 0x0000000710200000|100%| E|CS|TAMS 0x0000000710000000, 0x0000000710000000| Complete 
| 123|0x0000000710200000, 0x0000000710400000, 0x0000000710400000|100%| E|CS|TAMS 0x0000000710200000, 0x0000000710200000| Complete 
| 124|0x0000000710400000, 0x0000000710600000, 0x0000000710600000|100%| E|CS|TAMS 0x0000000710400000, 0x0000000710400000| Complete 
| 125|0x0000000710600000, 0x0000000710800000, 0x0000000710800000|100%| E|CS|TAMS 0x0000000710600000, 0x0000000710600000| Complete 
| 126|0x0000000710800000, 0x0000000710a00000, 0x0000000710a00000|100%| E|CS|TAMS 0x0000000710800000, 0x0000000710800000| Complete 
| 127|0x0000000710a00000, 0x0000000710c00000, 0x0000000710c00000|100%| E|CS|TAMS 0x0000000710a00000, 0x0000000710a00000| Complete 

Card table byte_map: [0x00000277bc220000,0x00000277bca20000] _byte_map_base: 0x00000277b8a1a000

Marking Bits (Prev, Next): (CMBitMap*) 0x00000277a42d2470, (CMBitMap*) 0x00000277a42d24b0
 Prev Bits: [0x00000277bd220000, 0x00000277c11f0000)
 Next Bits: [0x00000277c11f0000, 0x00000277c51c0000)

Polling page: 0x00000277a3a60000

Metaspace:

Usage:
  Non-class:      6.08 MB capacity,     6.01 MB ( 99%) used,    62.07 KB ( <1%) free+waste,     9.00 KB ( <1%) overhead. 
      Class:    704.00 KB capacity,   631.19 KB ( 90%) used,    68.81 KB ( 10%) free+waste,     4.00 KB ( <1%) overhead. 
       Both:      6.76 MB capacity,     6.62 MB ( 98%) used,   130.88 KB (  2%) free+waste,    13.00 KB ( <1%) overhead. 

Virtual space:
  Non-class space:        8.00 MB reserved,       6.25 MB ( 78%) committed 
      Class space:        1.00 GB reserved,     768.00 KB ( <1%) committed 
             Both:        1.01 GB reserved,       7.00 MB ( <1%) committed 

Chunk freelists:
   Non-Class:  50.00 KB
       Class:  0 bytes
        Both:  50.00 KB

MaxMetaspaceSize: 17179869184.00 GB
CompressedClassSpaceSize: 1.00 GB

CodeHeap 'non-profiled nmethods': size=120000Kb used=1116Kb max_used=1116Kb free=118883Kb
 bounds [0x00000277b3f90000, 0x00000277b4200000, 0x00000277bb4c0000]
CodeHeap 'profiled nmethods': size=120000Kb used=2478Kb max_used=2478Kb free=117521Kb
 bounds [0x00000277aca60000, 0x00000277accd0000, 0x00000277b3f90000]
CodeHeap 'non-nmethods': size=5760Kb used=1270Kb max_used=1291Kb free=4489Kb
 bounds [0x00000277ac4c0000, 0x00000277ac730000, 0x00000277aca60000]
 total_blobs=2017 nmethods=1458 adapters=472
 compilation: enabled
              stopped_count=0, restarted_count=0
 full_count=0

Compilation events (20 events):
Event: 21.885 Thread 0x00000277c871f3d0 1450       4       sun.java2d.loops.ProcessPath$DrawHandler::setBounds (16 bytes)
Event: 21.885 Thread 0x00000277c871f3d0 nmethod 1450 0x00000277b409ed10 code [0x00000277b409eec0, 0x00000277b409ef98]
Event: 21.885 Thread 0x00000277c871f3d0 1451   !   4       sun.java2d.SunGraphics2D::drawOval (74 bytes)
Event: 21.903 Thread 0x00000277c871f3d0 nmethod 1451 0x00000277b409f010 code [0x00000277b409f2e0, 0x00000277b40a0da0]
Event: 22.003 Thread 0x00000277c871f3d0 1452       4       sun.awt.image.PixelConverter$ArgbPre::rgbToPixel (100 bytes)
Event: 22.003 Thread 0x00000277c871f3d0 nmethod 1452 0x00000277b40a1f90 code [0x00000277b40a2100, 0x00000277b40a2178]
Event: 29.339 Thread 0x00000277c87245b0 1453       3       object.bullet.BulletSpear::render (458 bytes)
Event: 29.340 Thread 0x00000277c87245b0 nmethod 1453 0x00000277accc7490 code [0x00000277accc7880, 0x00000277accc9458]
Event: 29.451 Thread 0x00000277c871f3d0 1454       4       object.bullet.BulletSpear::render (458 bytes)
Event: 29.462 Thread 0x00000277c871f3d0 nmethod 1454 0x00000277b40a2290 code [0x00000277b40a25a0, 0x00000277b40a37a0]
Event: 34.840 Thread 0x00000277c87245b0 1455       3       object.bullet.BulletSpear::render (458 bytes)
Event: 34.841 Thread 0x00000277c87245b0 nmethod 1455 0x00000277accc9790 code [0x00000277accc9b80, 0x00000277acccb758]
Event: 34.927 Thread 0x00000277c871f3d0 1456       4       object.bullet.BulletSpear::render (458 bytes)
Event: 34.937 Thread 0x00000277c871f3d0 nmethod 1456 0x00000277b40a4410 code [0x00000277b40a4720, 0x00000277b40a5900]
Event: 38.815 Thread 0x00000277c871f3d0 1457       4       sun.util.logging.PlatformLogger::isLoggable (23 bytes)
Event: 38.816 Thread 0x00000277c871f3d0 nmethod 1457 0x00000277b40a6590 code [0x00000277b40a6720, 0x00000277b40a6898]
Event: 39.018 Thread 0x00000277c871f3d0 1458  s    4       java.awt.Toolkit::getDefaultToolkit (53 bytes)
Event: 39.018 Thread 0x00000277c871f3d0 nmethod 1458 0x00000277b40a6b10 code [0x00000277b40a6ca0, 0x00000277b40a6e38]
Event: 40.143 Thread 0x00000277c871f3d0 1459       4       java.security.AccessController::checkContext (49 bytes)
Event: 40.143 Thread 0x00000277c871f3d0 nmethod 1459 0x00000277b40a6f10 code [0x00000277b40a7080, 0x00000277b40a70f8]

GC Heap History (10 events):
Event: 2.798 GC heap before
{Heap before GC invocations=0 (full 0):
 garbage-first heap   total 262144K, used 22528K [0x0000000700c00000, 0x0000000800000000)
  region size 2048K, 11 young (22528K), 0 survivors (0K)
 Metaspace       used 6502K, capacity 6638K, committed 6912K, reserved 1056768K
  class space    used 611K, capacity 672K, committed 768K, reserved 1048576K
}
Event: 2.800 GC heap after
{Heap after GC invocations=1 (full 0):
 garbage-first heap   total 262144K, used 1994K [0x0000000700c00000, 0x0000000800000000)
  region size 2048K, 1 young (2048K), 1 survivors (2048K)
 Metaspace       used 6502K, capacity 6638K, committed 6912K, reserved 1056768K
  class space    used 611K, capacity 672K, committed 768K, reserved 1048576K
}
Event: 5.979 GC heap before
{Heap before GC invocations=1 (full 0):
 garbage-first heap   total 262144K, used 34762K [0x0000000700c00000, 0x0000000800000000)
  region size 2048K, 17 young (34816K), 1 survivors (2048K)
 Metaspace       used 6514K, capacity 6638K, committed 6912K, reserved 1056768K
  class space    used 611K, capacity 672K, committed 768K, reserved 1048576K
}
Event: 5.981 GC heap after
{Heap after GC invocations=2 (full 0):
 garbage-first heap   total 262144K, used 2136K [0x0000000700c00000, 0x0000000800000000)
  region size 2048K, 2 young (4096K), 2 survivors (4096K)
 Metaspace       used 6514K, capacity 6638K, committed 6912K, reserved 1056768K
  class space    used 611K, capacity 672K, committed 768K, reserved 1048576K
}
Event: 17.925 GC heap before
{Heap before GC invocations=2 (full 0):
 garbage-first heap   total 262144K, used 153688K [0x0000000700c00000, 0x0000000800000000)
  region size 2048K, 76 young (155648K), 2 survivors (4096K)
 Metaspace       used 6628K, capacity 6798K, committed 6912K, reserved 1056768K
  class space    used 619K, capacity 704K, committed 768K, reserved 1048576K
}
Event: 17.927 GC heap after
{Heap after GC invocations=3 (full 0):
 garbage-first heap   total 262144K, used 2190K [0x0000000700c00000, 0x0000000800000000)
  region size 2048K, 2 young (4096K), 2 survivors (4096K)
 Metaspace       used 6628K, capacity 6798K, committed 6912K, reserved 1056768K
  class space    used 619K, capacity 704K, committed 768K, reserved 1048576K
}
Event: 28.983 GC heap before
{Heap before GC invocations=3 (full 0):
 garbage-first heap   total 262144K, used 153742K [0x0000000700c00000, 0x0000000800000000)
  region size 2048K, 76 young (155648K), 2 survivors (4096K)
 Metaspace       used 6628K, capacity 6798K, committed 6912K, reserved 1056768K
  class space    used 619K, capacity 704K, committed 768K, reserved 1048576K
}
Event: 28.985 GC heap after
{Heap after GC invocations=4 (full 0):
 garbage-first heap   total 262144K, used 2143K [0x0000000700c00000, 0x0000000800000000)
  region size 2048K, 2 young (4096K), 2 survivors (4096K)
 Metaspace       used 6628K, capacity 6798K, committed 6912K, reserved 1056768K
  class space    used 619K, capacity 704K, committed 768K, reserved 1048576K
}
Event: 39.315 GC heap before
{Heap before GC invocations=4 (full 0):
 garbage-first heap   total 262144K, used 153695K [0x0000000700c00000, 0x0000000800000000)
  region size 2048K, 76 young (155648K), 2 survivors (4096K)
 Metaspace       used 6628K, capacity 6798K, committed 6912K, reserved 1056768K
  class space    used 619K, capacity 704K, committed 768K, reserved 1048576K
}
Event: 39.317 GC heap after
{Heap after GC invocations=5 (full 0):
 garbage-first heap   total 262144K, used 2144K [0x0000000700c00000, 0x0000000800000000)
  region size 2048K, 2 young (4096K), 2 survivors (4096K)
 Metaspace       used 6628K, capacity 6798K, committed 6912K, reserved 1056768K
  class space    used 619K, capacity 704K, committed 768K, reserved 1048576K
}

Deoptimization events (20 events):
Event: 40.146 Thread 0x00000277d1c01920 Uncommon trap: trap_request=0xffffffde fr.pc=0x00000277b3fd6c9c relative=0x000000000000007c
Event: 40.146 Thread 0x00000277d1c01920 Uncommon trap: reason=class_check action=maybe_recompile pc=0x00000277b3fd6c9c method=sun.java2d.loops.SurfaceType.pixelFor(ILjava/awt/image/ColorModel;)I @ 6 c2
Event: 40.146 Thread 0x00000277d1c01920 DEOPT PACKING pc=0x00000277b3fd6c9c sp=0x000000c57986ede0
Event: 40.146 Thread 0x00000277d1c01920 DEOPT UNPACKING pc=0x00000277ac50e42f sp=0x000000c57986ed00 mode 2
Event: 40.146 Thread 0x00000277d1c01920 Uncommon trap: trap_request=0xffffffde fr.pc=0x00000277b4026b10 relative=0x0000000000000130
Event: 40.146 Thread 0x00000277d1c01920 Uncommon trap: reason=class_check action=maybe_recompile pc=0x00000277b4026b10 method=sun.java2d.SunGraphics2D.drawString(Ljava/lang/String;II)V @ 68 c2
Event: 40.146 Thread 0x00000277d1c01920 DEOPT PACKING pc=0x00000277b4026b10 sp=0x000000c57986ee60
Event: 40.146 Thread 0x00000277d1c01920 DEOPT UNPACKING pc=0x00000277ac50e42f sp=0x000000c57986ee08 mode 2
Event: 40.146 Thread 0x00000277d1c01920 Uncommon trap: trap_request=0xffffffde fr.pc=0x00000277b4055de4 relative=0x0000000000000e84
Event: 40.146 Thread 0x00000277d1c01920 Uncommon trap: reason=class_check action=maybe_recompile pc=0x00000277b4055de4 method=sun.java2d.pipe.GlyphListPipe.drawString(Lsun/java2d/SunGraphics2D;Ljava/lang/String;DD)V @ 165 c2
Event: 40.146 Thread 0x00000277d1c01920 DEOPT PACKING pc=0x00000277b4055de4 sp=0x000000c57986ed60
Event: 40.146 Thread 0x00000277d1c01920 DEOPT UNPACKING pc=0x00000277ac50e42f sp=0x000000c57986ed68 mode 2
Event: 40.146 Thread 0x00000277d1c01920 Uncommon trap: trap_request=0xffffff45 fr.pc=0x00000277b403072c relative=0x0000000000004a0c
Event: 40.146 Thread 0x00000277d1c01920 Uncommon trap: reason=unstable_if action=reinterpret pc=0x00000277b403072c method=sun.java2d.pipe.DrawImage.scaleImage(Lsun/java2d/SunGraphics2D;Ljava/awt/Image;IIIILjava/awt/Color;)Z @ 92 c2
Event: 40.146 Thread 0x00000277d1c01920 DEOPT PACKING pc=0x00000277b403072c sp=0x000000c57986ed40
Event: 40.146 Thread 0x00000277d1c01920 DEOPT UNPACKING pc=0x00000277ac50e42f sp=0x000000c57986eb28 mode 2
Event: 40.146 Thread 0x00000277d1c01920 Uncommon trap: trap_request=0xffffff45 fr.pc=0x00000277b4029aa0 relative=0x0000000000000100
Event: 40.146 Thread 0x00000277d1c01920 Uncommon trap: reason=unstable_if action=reinterpret pc=0x00000277b4029aa0 method=sun.awt.image.VolatileSurfaceManager.validate(Ljava/awt/GraphicsConfiguration;)I @ 90 c2
Event: 40.146 Thread 0x00000277d1c01920 DEOPT PACKING pc=0x00000277b4029aa0 sp=0x000000c57986eeb0
Event: 40.146 Thread 0x00000277d1c01920 DEOPT UNPACKING pc=0x00000277ac50e42f sp=0x000000c57986ede0 mode 2

Classes unloaded (0 events):
No events

Classes redefined (0 events):
No events

Internal exceptions (12 events):
Event: 0.067 Thread 0x00000277c8711500 Exception <a 'java/lang/NoSuchMethodError'{0x0000000710808948}: 'java.lang.Object java.lang.invoke.DirectMethodHandle$Holder.invokeStatic(java.lang.Object)'> (0x0000000710808948) 
thrown [./open/src/hotspot/share/interpreter/linkResolver.cpp, line 782]
Event: 0.068 Thread 0x00000277c8711500 Exception <a 'java/lang/NoSuchMethodError'{0x000000071080c258}: 'java.lang.Object java.lang.invoke.DirectMethodHandle$Holder.invokeStaticInit(java.lang.Object)'> (0x000000071080c258) 
thrown [./open/src/hotspot/share/interpreter/linkResolver.cpp, line 782]
Event: 0.070 Thread 0x00000277a4280d80 Exception <a 'java/lang/ClassNotFoundException'{0x0000000710bd8818}: sun/awt/resources/spi/awtProvider> (0x0000000710bd8818) 
thrown [./open/src/hotspot/share/classfile/systemDictionary.cpp, line 295]
Event: 0.072 Thread 0x00000277c8711500 Exception <a 'java/lang/NoSuchMethodError'{0x00000007108195d0}: 'void java.lang.invoke.DirectMethodHandle$Holder.invokeStatic(java.lang.Object, java.lang.Object)'> (0x00000007108195d0) 
thrown [./open/src/hotspot/share/interpreter/linkResolver.cpp, line 782]
Event: 0.086 Thread 0x00000277a4280d80 Exception <a 'java/io/FileNotFoundException'{0x00000007108a31a0}> (0x00000007108a31a0) 
thrown [./open/src/hotspot/share/prims/jni.cpp, line 578]
Event: 0.091 Thread 0x00000277a4280d80 Exception <a 'java/io/FileNotFoundException'{0x00000007108d1a00}> (0x00000007108d1a00) 
thrown [./open/src/hotspot/share/prims/jni.cpp, line 578]
Event: 0.094 Thread 0x00000277a4280d80 Exception <a 'java/lang/NoSuchMethodError'{0x00000007108d7378}: 'void java.lang.invoke.DirectMethodHandle$Holder.invokeSpecial(java.lang.Object, java.lang.Object, java.lang.Object)'> (0x00000007108d7378) 
thrown [./open/src/hotspot/share/interpreter/linkResolver.cpp, line 782]
Event: 0.282 Thread 0x00000277a4280d80 Exception <a 'java/lang/NoSuchMethodError'{0x00000007109e69b8}: 'void java.lang.invoke.DirectMethodHandle$Holder.invokeStaticInit(java.lang.Object)'> (0x00000007109e69b8) 
thrown [./open/src/hotspot/share/interpreter/linkResolver.cpp, line 782]
Event: 1.027 Thread 0x00000277c870fcd0 Implicit null exception at 0x00000277b3fd81b6 to 0x00000277b3fd83e2
Event: 1.078 Thread 0x00000277c8714ec0 Exception <a 'java/lang/NoSuchMethodError'{0x0000000710968288}: 'void java.lang.invoke.DirectMethodHandle$Holder.invokeVirtual(java.lang.Object, java.lang.Object)'> (0x0000000710968288) 
thrown [./open/src/hotspot/share/interpreter/linkResolver.cpp, line 782]
Event: 1.085 Thread 0x00000277d1c01920 Implicit null exception at 0x00000277b3fc16cc to 0x00000277b3fc18c0
Event: 2.801 Thread 0x00000277d1c01920 Implicit null exception at 0x00000277b3fe8adb to 0x00000277b3fea688

Events (20 events):
Event: 40.144 loading class java/awt/image/WritableRaster done
Event: 40.144 loading class sun/awt/image/SunWritableRaster done
Event: 40.144 loading class java/awt/image/SinglePixelPackedSampleModel
Event: 40.144 loading class java/awt/image/SampleModel
Event: 40.144 loading class java/awt/image/SampleModel done
Event: 40.144 loading class java/awt/image/SinglePixelPackedSampleModel done
Event: 40.144 loading class sun/awt/image/IntegerInterleavedRaster
Event: 40.145 loading class sun/awt/image/IntegerComponentRaster
Event: 40.145 loading class sun/awt/image/IntegerComponentRaster done
Event: 40.145 loading class sun/awt/image/IntegerInterleavedRaster done
Event: 40.145 loading class sun/awt/image/NativeLibLoader
Event: 40.145 loading class sun/awt/image/NativeLibLoader done
Event: 40.145 loading class sun/awt/image/NativeLibLoader$1
Event: 40.145 loading class sun/awt/image/NativeLibLoader$1 done
Event: 40.145 loading class java/awt/image/BufferedImage$1
Event: 40.145 loading class java/awt/image/BufferedImage$1 done
Event: 40.145 loading class sun/awt/image/BufImgSurfaceData
Event: 40.146 loading class sun/awt/image/BufImgSurfaceData done
Event: 40.146 loading class sun/awt/image/BufImgSurfaceData$ICMColorData
Event: 40.146 loading class sun/awt/image/BufImgSurfaceData$ICMColorData done


Dynamic libraries:
0x00007ff7e2720000 - 0x00007ff7e272f000 	C:\Program Files\Java\jdk-15.0.1\bin\java.exe
0x00007ffe1bf30000 - 0x00007ffe1c125000 	C:\WINDOWS\SYSTEM32\ntdll.dll
0x00007ffe1a940000 - 0x00007ffe1a9fd000 	C:\WINDOWS\System32\KERNEL32.DLL
0x00007ffe19b40000 - 0x00007ffe19e09000 	C:\WINDOWS\System32\KERNELBASE.dll
0x00007ffe197c0000 - 0x00007ffe198c0000 	C:\WINDOWS\System32\ucrtbase.dll
0x00007ffe153d0000 - 0x00007ffe153e8000 	C:\Program Files\Java\jdk-15.0.1\bin\jli.dll
0x00007ffe15380000 - 0x00007ffe15399000 	C:\Program Files\Java\jdk-15.0.1\bin\VCRUNTIME140.dll
0x00007ffe1b740000 - 0x00007ffe1b7ec000 	C:\WINDOWS\System32\ADVAPI32.dll
0x00007ffe1aa00000 - 0x00007ffe1aa9e000 	C:\WINDOWS\System32\msvcrt.dll
0x00007ffe1af50000 - 0x00007ffe1afeb000 	C:\WINDOWS\System32\sechost.dll
0x00007ffe1b610000 - 0x00007ffe1b73a000 	C:\WINDOWS\System32\RPCRT4.dll
0x00007ffe1b7f0000 - 0x00007ffe1b990000 	C:\WINDOWS\System32\USER32.dll
0x00007ffe07230000 - 0x00007ffe074ca000 	C:\WINDOWS\WinSxS\amd64_microsoft.windows.common-controls_6595b64144ccf1df_6.0.19041.1083_none_60bbe31371f34e71\COMCTL32.dll
0x00007ffe19a80000 - 0x00007ffe19aa2000 	C:\WINDOWS\System32\win32u.dll
0x00007ffe1a020000 - 0x00007ffe1a04a000 	C:\WINDOWS\System32\GDI32.dll
0x00007ffe198c0000 - 0x00007ffe199cb000 	C:\WINDOWS\System32\gdi32full.dll
0x00007ffe19720000 - 0x00007ffe197bd000 	C:\WINDOWS\System32\msvcp_win.dll
0x00007ffe12270000 - 0x00007ffe1227a000 	C:\WINDOWS\SYSTEM32\VERSION.dll
0x00007ffe1acd0000 - 0x00007ffe1ad00000 	C:\WINDOWS\System32\IMM32.DLL
0x00007ffe15400000 - 0x00007ffe1540c000 	C:\Program Files\Java\jdk-15.0.1\bin\vcruntime140_1.dll
0x00007ffe09590000 - 0x00007ffe09621000 	C:\Program Files\Java\jdk-15.0.1\bin\msvcp140.dll
0x00007ffdc0b50000 - 0x00007ffdc16ae000 	C:\Program Files\Java\jdk-15.0.1\bin\server\jvm.dll
0x00007ffe1aaa0000 - 0x00007ffe1aaa8000 	C:\WINDOWS\System32\PSAPI.DLL
0x00007ffe03670000 - 0x00007ffe03679000 	C:\WINDOWS\SYSTEM32\WSOCK32.dll
0x00007ffe0b100000 - 0x00007ffe0b127000 	C:\WINDOWS\SYSTEM32\WINMM.dll
0x00007ffe1aab0000 - 0x00007ffe1ab1b000 	C:\WINDOWS\System32\WS2_32.dll
0x00007ffe175c0000 - 0x00007ffe175d2000 	C:\WINDOWS\SYSTEM32\kernel.appcore.dll
0x00007ffe15370000 - 0x00007ffe1537a000 	C:\Program Files\Java\jdk-15.0.1\bin\jimage.dll
0x00007ffe02b90000 - 0x00007ffe02d74000 	C:\WINDOWS\SYSTEM32\DBGHELP.DLL
0x00007ffe02650000 - 0x00007ffe0267c000 	C:\WINDOWS\SYSTEM32\dbgcore.DLL
0x00007ffe19ab0000 - 0x00007ffe19b33000 	C:\WINDOWS\System32\bcryptPrimitives.dll
0x00007ffe15300000 - 0x00007ffe1530e000 	C:\Program Files\Java\jdk-15.0.1\bin\instrument.dll
0x00007ffe15310000 - 0x00007ffe15335000 	C:\Program Files\Java\jdk-15.0.1\bin\java.dll
0x00007ffe1a170000 - 0x00007ffe1a8af000 	C:\WINDOWS\System32\SHELL32.dll
0x00007ffe177c0000 - 0x00007ffe17f51000 	C:\WINDOWS\SYSTEM32\windows.storage.dll
0x00007ffe1baa0000 - 0x00007ffe1bdf5000 	C:\WINDOWS\System32\combase.dll
0x00007ffe190e0000 - 0x00007ffe1910c000 	C:\WINDOWS\SYSTEM32\Wldp.dll
0x00007ffe1b010000 - 0x00007ffe1b0be000 	C:\WINDOWS\System32\SHCORE.dll
0x00007ffe1a0b0000 - 0x00007ffe1a105000 	C:\WINDOWS\System32\shlwapi.dll
0x00007ffe195b0000 - 0x00007ffe195cf000 	C:\WINDOWS\SYSTEM32\profapi.dll
0x00007ffe09570000 - 0x00007ffe09588000 	C:\Program Files\Java\jdk-15.0.1\bin\zip.dll
0x00007ffe152e0000 - 0x00007ffe152f9000 	C:\Program Files\Java\jdk-15.0.1\bin\net.dll
0x00007ffe14190000 - 0x00007ffe1429a000 	C:\WINDOWS\SYSTEM32\WINHTTP.dll
0x00007ffe18e40000 - 0x00007ffe18eaa000 	C:\WINDOWS\system32\mswsock.dll
0x00007ffe152c0000 - 0x00007ffe152d2000 	C:\Program Files\Java\jdk-15.0.1\bin\nio.dll
0x00007ffe027c0000 - 0x00007ffe027da000 	C:\Program Files\JetBrains\IntelliJ IDEA Community Edition 2020.2\bin\breakgen64.dll
0x00007ffdc09d0000 - 0x00007ffdc0b50000 	C:\Program Files\Java\jdk-15.0.1\bin\awt.dll
0x00007ffe1b530000 - 0x00007ffe1b5fd000 	C:\WINDOWS\System32\OLEAUT32.dll
0x00007ffe16f70000 - 0x00007ffe17000000 	C:\WINDOWS\SYSTEM32\apphelp.dll
0x00007ffe17100000 - 0x00007ffe1719e000 	C:\WINDOWS\system32\uxtheme.dll
0x00007ffe1ad00000 - 0x00007ffe1ae15000 	C:\WINDOWS\System32\MSCTF.dll
0x00007ffe1ae20000 - 0x00007ffe1af4a000 	C:\WINDOWS\System32\ole32.dll
0x00007ffe173e0000 - 0x00007ffe1740f000 	C:\WINDOWS\system32\DWMAPI.DLL
0x00007ffdb7470000 - 0x00007ffdb7595000 	C:\WINDOWS\system32\opengl32.dll
0x00007ffdb5830000 - 0x00007ffdb585c000 	C:\WINDOWS\SYSTEM32\GLU32.dll
0x00007ffdfcb50000 - 0x00007ffdfcd1e000 	C:\WINDOWS\system32\d3d9.dll
0x00007ffe0ed80000 - 0x00007ffe0ee82000 	C:\WINDOWS\System32\DriverStore\FileRepository\nv_dispi.inf_amd64_8e1b465b962975a0\nvldumdx.dll
0x00007ffe19260000 - 0x00007ffe19272000 	C:\WINDOWS\SYSTEM32\msasn1.dll
0x00007ffe12210000 - 0x00007ffe12241000 	C:\WINDOWS\SYSTEM32\cryptnet.dll
0x00007ffe19e40000 - 0x00007ffe19f9f000 	C:\WINDOWS\System32\CRYPT32.dll
0x00007ffe19040000 - 0x00007ffe1904c000 	C:\WINDOWS\SYSTEM32\cryptbase.dll
0x00007ffe19670000 - 0x00007ffe196d0000 	C:\WINDOWS\System32\WINTRUST.DLL
0x00007ffe1aff0000 - 0x00007ffe1b00d000 	C:\WINDOWS\System32\imagehlp.dll
0x00007ffe19020000 - 0x00007ffe19038000 	C:\WINDOWS\SYSTEM32\CRYPTSP.dll
0x00007ffe18770000 - 0x00007ffe187a4000 	C:\WINDOWS\system32\rsaenh.dll
0x00007ffe19e10000 - 0x00007ffe19e37000 	C:\WINDOWS\System32\bcrypt.dll
0x00007ffdc3740000 - 0x00007ffdc515c000 	C:\WINDOWS\System32\DriverStore\FileRepository\nv_dispi.inf_amd64_8e1b465b962975a0\nvd3dumx.dll
0x00007ffdca930000 - 0x00007ffdcabe9000 	C:\WINDOWS\system32\nvspcap64.dll
0x00007ffe184c0000 - 0x00007ffe184f3000 	C:\WINDOWS\SYSTEM32\ntmarta.dll
0x00007ffe17f70000 - 0x00007ffe17f93000 	C:\WINDOWS\SYSTEM32\gpapi.dll
0x00007ffe0f240000 - 0x00007ffe0f27b000 	C:\WINDOWS\SYSTEM32\dxcore.dll
0x00007ffe196d0000 - 0x00007ffe1971e000 	C:\WINDOWS\System32\cfgmgr32.dll
0x00007ffde7fa0000 - 0x00007ffde8025000 	C:\Program Files\Java\jdk-15.0.1\bin\freetype.dll
0x00007ffdc0920000 - 0x00007ffdc09c9000 	C:\Program Files\Java\jdk-15.0.1\bin\fontmanager.dll
0x00007ffe0eff0000 - 0x00007ffe0f0e9000 	C:\WINDOWS\SYSTEM32\textinputframework.dll
0x00007ffe16cf0000 - 0x00007ffe16de2000 	C:\WINDOWS\System32\CoreMessaging.dll
0x00007ffe16990000 - 0x00007ffe16cee000 	C:\WINDOWS\System32\CoreUIComponents.dll
0x00007ffe162c0000 - 0x00007ffe16414000 	C:\WINDOWS\SYSTEM32\wintypes.dll

dbghelp: loaded successfully - version: 4.0.5 - missing functions: none
symbol engine: initialized successfully - sym options: 0x614 - pdb path: .;C:\Program Files\Java\jdk-15.0.1\bin;C:\WINDOWS\SYSTEM32;C:\WINDOWS\WinSxS\amd64_microsoft.windows.common-controls_6595b64144ccf1df_6.0.19041.1083_none_60bbe31371f34e71;C:\Program Files\Java\jdk-15.0.1\bin\server;C:\Program Files\JetBrains\IntelliJ IDEA Community Edition 2020.2\bin;C:\WINDOWS\System32\DriverStore\FileRepository\nv_dispi.inf_amd64_8e1b465b962975a0

VM Arguments:
jvm_args: -javaagent:C:\Program Files\JetBrains\IntelliJ IDEA Community Edition 2020.2\lib\idea_rt.jar=50569:C:\Program Files\JetBrains\IntelliJ IDEA Community Edition 2020.2\bin -Dfile.encoding=UTF-8 
java_command: game.Game
java_class_path (initial): C:\Users\rarii\Desktop\Dateien\DAM\2021S2\Serveis i processos\DAM_M09_EAC2P1_Enunciat2021S2\PixelTD\out\production\PixelTD
Launcher Type: SUN_STANDARD

[Global flags]
     intx CICompilerCount                          = 4                                         {product} {ergonomic}
     uint ConcGCThreads                            = 3                                         {product} {ergonomic}
     uint G1ConcRefinementThreads                  = 10                                        {product} {ergonomic}
   size_t G1HeapRegionSize                         = 2097152                                   {product} {ergonomic}
    uintx GCDrainStackTargetSize                   = 64                                        {product} {ergonomic}
   size_t InitialHeapSize                          = 268435456                                 {product} {ergonomic}
   size_t MarkStackSize                            = 4194304                                   {product} {ergonomic}
   size_t MaxHeapSize                              = 4282384384                                {product} {ergonomic}
   size_t MaxNewSize                               = 2569011200                                {product} {ergonomic}
   size_t MinHeapDeltaBytes                        = 2097152                                   {product} {ergonomic}
   size_t MinHeapSize                              = 8388608                                   {product} {ergonomic}
    uintx NonNMethodCodeHeapSize                   = 5839372                                {pd product} {ergonomic}
    uintx NonProfiledCodeHeapSize                  = 122909434                              {pd product} {ergonomic}
    uintx ProfiledCodeHeapSize                     = 122909434                              {pd product} {ergonomic}
    uintx ReservedCodeCacheSize                    = 251658240                              {pd product} {ergonomic}
     bool SegmentedCodeCache                       = true                                      {product} {ergonomic}
   size_t SoftMaxHeapSize                          = 4282384384                             {manageable} {ergonomic}
     bool UseCompressedClassPointers               = true                                 {lp64_product} {ergonomic}
     bool UseCompressedOops                        = true                                 {lp64_product} {ergonomic}
     bool UseG1GC                                  = true                                      {product} {ergonomic}
     bool UseLargePagesIndividualAllocation        = false                                  {pd product} {ergonomic}

Logging:
Log output configuration:
 #0: stdout all=warning uptime,level,tags
 #1: stderr all=off uptime,level,tags

Environment Variables:
PATH=C:\Program Files (x86)\Common Files\Oracle\Java\javapath;C:\ProgramData\Oracle\Java\javapath;C:\Program Files\Common Files\Oracle\Java\javapath;C:\Windows\system32;C:\Windows;C:\Windows\System32\Wbem;C:\Windows\System32\WindowsPowerShell\v1.0\;C:\Windows\System32\OpenSSH\;C:\Program Files (x86)\NVIDIA Corporation\PhysX\Common;C:\Program Files\NVIDIA Corporation\NVIDIA NvDLISR;C:\Program Files\dotnet\;C:\Program Files\PuTTY\;C:\Program Files\PostgreSQL\13\bin;C:\WINDOWS\system32;C:\WINDOWS;C:\WINDOWS\System32\Wbem;C:\WINDOWS\System32\WindowsPowerShell\v1.0\;C:\WINDOWS\System32\OpenSSH\;C:\Program Files\Git\cmd;C:\Users\rarii\AppData\Local\Microsoft\WindowsApps;C:\Users\rarii\AppData\Local\Programs\Microsoft VS Code\bin;C:\Users\rarii\.dotnet\tools;C:\Users\rarii\.dotnet\tools;C:\Users\rarii\AppData\Local\Microsoft\WindowsApps;C:\Users\rarii\AppData\Local\GitHubDesktop\bin
USERNAME=HERMES
OS=Windows_NT
PROCESSOR_IDENTIFIER=AMD64 Family 23 Model 113 Stepping 0, AuthenticAMD



---------------  S Y S T E M  ---------------

OS:
 Windows 10 , 64 bit Build 19041 (10.0.19041.1023)
OS uptime: 0 days 2:06 hours

CPU: total 12 (initial active 12) (12 cores per cpu, 2 threads per core) family 23 model 113 stepping 0 microcode 0x0, cmov, cx8, fxsr, mmx, sse, sse2, sse3, ssse3, sse4.1, sse4.2, popcnt, vzeroupper, avx, avx2, aes, clmul, 3dnowpref, lzcnt, sse4a, ht, tsc, tscinvbit, tscinv, bmi1, bmi2, adx, sha, fma, clflush, clflushopt

Memory: 4k page, system-wide physical 16334M (8769M free)
TotalPageFile size 18766M (AvailPageFile size 8821M)
current process WorkingSet (physical memory assigned to process): 232M, peak: 251M
current process commit charge ("private bytes"): 441M, peak: 564M

vm_info: Java HotSpot(TM) 64-Bit Server VM (15.0.1+9-18) for windows-amd64 JRE (15.0.1+9-18), built on Sep 15 2020 14:43:54 by "mach5one" with unknown MS VC++:1925

END.
