#
# A fatal error has been detected by the Java Runtime Environment:
#
#  EXCEPTION_ACCESS_VIOLATION (0xc0000005) at pc=0x0000000000000000, pid=13256, tid=780
#
# JRE version: Java(TM) SE Runtime Environment (15.0.1+9) (build 15.0.1+9-18)
# Java VM: Java HotSpot(TM) 64-Bit Server VM (15.0.1+9-18, mixed mode, sharing, tiered, compressed oops, g1 gc, windows-amd64)
# Problematic frame:
# C  0x0000000000000000
#
# No core dump will be written. Minidumps are not enabled by default on client versions of Windows
#
# If you would like to submit a bug report, please visit:
#   https://bugreport.java.com/bugreport/crash.jsp
# The crash happened outside the Java Virtual Machine in native code.
# See problematic frame for where to report the bug.
#

---------------  S U M M A R Y ------------

Command Line: -agentlib:jdwp=transport=dt_socket,address=127.0.0.1:52459,suspend=y,server=n -javaagent:C:\Users\rarii\AppData\Local\JetBrains\IdeaIC2021.1\captureAgent\debugger-agent.jar -Dfile.encoding=UTF-8 game.Game

Host: AMD Ryzen 5 3600 6-Core Processor              , 12 cores, 15G,  Windows 10 , 64 bit Build 19041 (10.0.19041.1023)
Time: Sat Jul 10 22:25:48 2021 Mitteleuropäische Sommerzeit    elapsed time: 43.366497 seconds (0d 0h 0m 43s)

---------------  T H R E A D  ---------------

Current thread (0x00000236961c2420):  JavaThread "AWT-Windows" daemon [_thread_in_native, id=780, stack(0x000000770b200000,0x000000770b300000)]

Stack: [0x000000770b200000,0x000000770b300000],  sp=0x000000770b2fe7e8,  free space=1017k
Native frames: (J=compiled Java code, j=interpreted, Vv=VM code, C=native code)

Java frames: (J=compiled Java code, j=interpreted, Vv=VM code)
j  sun.awt.windows.WToolkit.eventLoop()V+0 java.desktop@15.0.1
j  sun.awt.windows.WToolkit.run()V+50 java.desktop@15.0.1
j  java.lang.Thread.run()V+11 java.base@15.0.1
v  ~StubRoutines::call_stub

siginfo: EXCEPTION_ACCESS_VIOLATION (0xc0000005), data execution prevention violation at address 0x0000000000000000


Register to memory mapping:

RIP=0x0 is NULL
RAX=0x0 is NULL
RBX=0x000002369647fc60 points into unknown readable memory: 0x00000236968a8e80 | 80 8e 8a 96 36 02 00 00
RCX=0x0 is NULL
RDX=0x00000236968a8e80 points into unknown readable memory: 0x88a7e69573655243 | 43 52 65 73 95 e6 a7 88
RSP=0x000000770b2fe7e8 is pointing into the stack for thread: 0x00000236961c2420
RBP=0x00007ffdebccc7e0 awt.dll
RSI=0x0 is NULL
RDI=0x00000236966a5f00 points into unknown readable memory: 0x0000000000000000 | 00 00 00 00 00 00 00 00
R8 =0x000002369647fc60 points into unknown readable memory: 0x00000236968a8e80 | 80 8e 8a 96 36 02 00 00
R9 =0x0000000000000001 is an unknown value
R10=0x0000000000008000 is an unknown value
R11=0x000000770b2fe9b0 is pointing into the stack for thread: 0x00000236961c2420
R12=0x0 is NULL
R13={method} {0x00000236953e1930} 'eventLoop' '()V' in 'sun/awt/windows/WToolkit'
R14=0x000000770b2fec98 is pointing into the stack for thread: 0x00000236961c2420
R15=0x00000236961c2420 is a thread


Registers:
RAX=0x0000000000000000, RBX=0x000002369647fc60, RCX=0x0000000000000000, RDX=0x00000236968a8e80
RSP=0x000000770b2fe7e8, RBP=0x00007ffdebccc7e0, RSI=0x0000000000000000, RDI=0x00000236966a5f00
R8 =0x000002369647fc60, R9 =0x0000000000000001, R10=0x0000000000008000, R11=0x000000770b2fe9b0
R12=0x0000000000000000, R13=0x00000236953e1928, R14=0x000000770b2fec98, R15=0x00000236961c2420
RIP=0x0000000000000000, EFLAGS=0x0000000000010202

Top of Stack: (sp=0x000000770b2fe7e8)
0x000000770b2fe7e8:   00007ffe13510158 00000236961c2420
0x000000770b2fe7f8:   0000000000000000 00000236953e1928
0x000000770b2fe808:   0000000000000000 00000236966a5f00
0x000000770b2fe818:   00007ffe13510087 000002369647fc60
0x000000770b2fe828:   000002369668a550 00007ffdebccc7e0
0x000000770b2fe838:   0000000000000000 000002369f045d00
0x000000770b2fe848:   00007ffe134ee22e 0000023696572360
0x000000770b2fe858:   00007ffe1db96fff 000002369647f7e0
0x000000770b2fe868:   0000000000000000 00000236966a5f00
0x000000770b2fe878:   000002369647fc60 00000236953e1928
0x000000770b2fe888:   00007ffe200b5ba1 0000023696571480
0x000000770b2fe898:   00007ffe134ee14b 0000000000000000
0x000000770b2fe8a8:   00000236ef4c0000 fffffffffffffffe
0x000000770b2fe8b8:   fffffffffffffffe 000000770b2fec98
0x000000770b2fe8c8:   00007ffe134ee0b0 0000000000000001
0x000000770b2fe8d8:   0000000000000001 0000023696572360 

Instructions: (pc=0x0000000000000000)
0xffffffffffffff00:   


Stack slot to memory mapping:
stack at sp + 0 slots: 0x00007ffe13510158 d3d9.dll
stack at sp + 1 slots: 0x00000236961c2420 is a thread
stack at sp + 2 slots: 0x0 is NULL
stack at sp + 3 slots: {method} {0x00000236953e1930} 'eventLoop' '()V' in 'sun/awt/windows/WToolkit'
stack at sp + 4 slots: 0x0 is NULL
stack at sp + 5 slots: 0x00000236966a5f00 points into unknown readable memory: 0x0000000000000000 | 00 00 00 00 00 00 00 00
stack at sp + 6 slots: 0x00007ffe13510087 d3d9.dll
stack at sp + 7 slots: 0x000002369647fc60 points into unknown readable memory: 0x00000236968a8e80 | 80 8e 8a 96 36 02 00 00


---------------  P R O C E S S  ---------------

Threads class SMR info:
_java_thread_list=0x000002369f0e5be0, length=19, elements={
0x00000236952d8ec0, 0x00000236952d9a90, 0x0000023695aeefc0, 0x0000023695af1990,
0x0000023695af3450, 0x0000023695af5240, 0x0000023695af92e0, 0x0000023695b021e0,
0x00000236952c00d0, 0x0000023695c85410, 0x0000023695d12c20, 0x00000236961add20,
0x00000236961ae1f0, 0x00000236961c2420, 0x000002369efda690, 0x000002369f07aa10,
0x000002369f07aee0, 0x000002369f078d30, 0x000002369f07a540
}

Java Threads: ( => current thread )
  0x00000236952d8ec0 JavaThread "Reference Handler" daemon [_thread_blocked, id=8092, stack(0x000000770a200000,0x000000770a300000)]
  0x00000236952d9a90 JavaThread "Finalizer" daemon [_thread_blocked, id=3280, stack(0x000000770a300000,0x000000770a400000)]
  0x0000023695aeefc0 JavaThread "Signal Dispatcher" daemon [_thread_blocked, id=8416, stack(0x000000770a400000,0x000000770a500000)]
  0x0000023695af1990 JavaThread "Attach Listener" daemon [_thread_blocked, id=2300, stack(0x000000770a500000,0x000000770a600000)]
  0x0000023695af3450 JavaThread "Service Thread" daemon [_thread_blocked, id=3448, stack(0x000000770a600000,0x000000770a700000)]
  0x0000023695af5240 JavaThread "C2 CompilerThread0" daemon [_thread_blocked, id=5436, stack(0x000000770a700000,0x000000770a800000)]
  0x0000023695af92e0 JavaThread "C1 CompilerThread0" daemon [_thread_blocked, id=14552, stack(0x000000770a800000,0x000000770a900000)]
  0x0000023695b021e0 JavaThread "Sweeper thread" daemon [_thread_blocked, id=3796, stack(0x000000770a900000,0x000000770aa00000)]
  0x00000236952c00d0 JavaThread "Common-Cleaner" daemon [_thread_blocked, id=13728, stack(0x000000770aa00000,0x000000770ab00000)]
  0x0000023695c85410 JavaThread "JDWP Event Helper Thread" daemon [_thread_blocked, id=4660, stack(0x000000770ac00000,0x000000770ad00000)]
  0x0000023695d12c20 JavaThread "Notification Thread" daemon [_thread_blocked, id=13360, stack(0x000000770ae00000,0x000000770af00000)]
  0x00000236961add20 JavaThread "Java2D Disposer" daemon [_thread_blocked, id=12924, stack(0x000000770b000000,0x000000770b100000)]
  0x00000236961ae1f0 JavaThread "AWT-Shutdown" [_thread_blocked, id=2464, stack(0x000000770b100000,0x000000770b200000)]
=>0x00000236961c2420 JavaThread "AWT-Windows" daemon [_thread_in_native, id=780, stack(0x000000770b200000,0x000000770b300000)]
  0x000002369efda690 JavaThread "AWT-EventQueue-0" [_thread_blocked, id=2860, stack(0x000000770b5b0000,0x000000770b6b0000)]
  0x000002369f07aa10 JavaThread "Rendering Thread" [_thread_in_native, id=9244, stack(0x000000770b7b0000,0x000000770b8b0000)]
  0x000002369f07aee0 JavaThread "DestroyJavaVM" [_thread_blocked, id=3460, stack(0x0000007709b00000,0x0000007709c00000)]
  0x000002369f078d30 JavaThread "SIGINT handler" daemon [_thread_blocked, id=13788, stack(0x000000770ab00000,0x000000770ac00000)]
  0x000002369f07a540 JavaThread "ToolkitShutdown" daemon [_thread_in_native, id=7416, stack(0x000000770c1a0000,0x000000770c2a0000)]

Other Threads:
  0x00000236952d5630 VMThread "VM Thread" [stack: 0x000000770a100000,0x000000770a200000] [id=15444]
  0x0000023695d18f40 WatcherThread [stack: 0x000000770af00000,0x000000770b000000] [id=13368]
  0x00000236ef714860 GCTaskThread "GC Thread#0" [stack: 0x0000007709c00000,0x0000007709d00000] [id=7680]
  0x000002369619aa50 GCTaskThread "GC Thread#1" [stack: 0x000000770b930000,0x000000770ba30000] [id=16216]
  0x000002369619b0b0 GCTaskThread "GC Thread#2" [stack: 0x000000770ba30000,0x000000770bb30000] [id=14112]
  0x0000023696199400 GCTaskThread "GC Thread#3" [stack: 0x000000770bb30000,0x000000770bc30000] [id=5848]
  0x000002369619ba40 GCTaskThread "GC Thread#4" [stack: 0x000000770bc30000,0x000000770bd30000] [id=6720]
  0x00000236961990d0 GCTaskThread "GC Thread#5" [stack: 0x000000770bd30000,0x000000770be30000] [id=12188]
  0x000002369619b3e0 GCTaskThread "GC Thread#6" [stack: 0x000000770be30000,0x000000770bf30000] [id=12780]
  0x000002369619b710 GCTaskThread "GC Thread#7" [stack: 0x000000770bf30000,0x000000770c030000] [id=6284]
  0x00000236ef726900 ConcurrentGCThread "G1 Main Marker" [stack: 0x0000007709d00000,0x0000007709e00000] [id=8512]
  0x00000236ef727c90 ConcurrentGCThread "G1 Conc#0" [stack: 0x0000007709e00000,0x0000007709f00000] [id=14668]
  0x000002369514c110 ConcurrentGCThread "G1 Refine#0" [stack: 0x0000007709f00000,0x000000770a000000] [id=13060]
  0x00000236ef79d650 ConcurrentGCThread "G1 Young RemSet Sampling" [stack: 0x000000770a000000,0x000000770a100000] [id=2964]

Threads with active compile tasks:

VM state: not at safepoint (normal execution)

VM Mutex/Monitor currently owned by a thread: None

Heap address: 0x0000000700c00000, size: 4084 MB, Compressed Oops mode: Zero based, Oop shift amount: 3
CDS archive(s) mapped at: [0x0000000800000000-0x0000000800b50000-0x0000000800b50000), size 11862016, SharedBaseAddress: 0x0000000800000000, ArchiveRelocationMode: 0.
Compressed class space mapped at: 0x0000000800b50000-0x0000000840b50000, size: 1073741824
Narrow klass base: 0x0000000800000000, Narrow klass shift: 3, Narrow klass range: 0x100000000

GC Precious Log:
 CPUs: 12 total, 12 available
 Memory: 16334M
 Large Page Support: Disabled
 NUMA Support: Disabled
 Compressed Oops: Enabled (Zero based)
 Heap Region Size: 2M
 Heap Min Capacity: 8M
 Heap Initial Capacity: 256M
 Heap Max Capacity: 4084M
 Pre-touch: Disabled
 Parallel Workers: 10
 Concurrent Workers: 3
 Concurrent Refinement Workers: 10
 Periodic GC: Disabled

Heap:
 garbage-first heap   total 262144K, used 71279K [0x0000000700c00000, 0x0000000800000000)
  region size 2048K, 36 young (73728K), 1 survivors (2048K)
 Metaspace       used 6592K, capacity 6780K, committed 6912K, reserved 1056768K
  class space    used 623K, capacity 697K, committed 768K, reserved 1048576K

Heap Regions: E=young(eden), S=young(survivor), O=old, HS=humongous(starts), HC=humongous(continues), CS=collection set, F=free, OA=open archive, CA=closed archive, TAMS=top-at-mark-start (previous, next)
|   0|0x0000000700c00000, 0x0000000700c00000, 0x0000000700e00000|  0%| F|  |TAMS 0x0000000700c00000, 0x0000000700c00000| Untracked 
|   1|0x0000000700e00000, 0x0000000700e00000, 0x0000000701000000|  0%| F|  |TAMS 0x0000000700e00000, 0x0000000700e00000| Untracked 
|   2|0x0000000701000000, 0x0000000701000000, 0x0000000701200000|  0%| F|  |TAMS 0x0000000701000000, 0x0000000701000000| Untracked 
|   3|0x0000000701200000, 0x0000000701200000, 0x0000000701400000|  0%| F|  |TAMS 0x0000000701200000, 0x0000000701200000| Untracked 
|   4|0x0000000701400000, 0x0000000701400000, 0x0000000701600000|  0%| F|  |TAMS 0x0000000701400000, 0x0000000701400000| Untracked 
|   5|0x0000000701600000, 0x0000000701600000, 0x0000000701800000|  0%| F|  |TAMS 0x0000000701600000, 0x0000000701600000| Untracked 
|   6|0x0000000701800000, 0x0000000701800000, 0x0000000701a00000|  0%| F|  |TAMS 0x0000000701800000, 0x0000000701800000| Untracked 
|   7|0x0000000701a00000, 0x0000000701a00000, 0x0000000701c00000|  0%| F|  |TAMS 0x0000000701a00000, 0x0000000701a00000| Untracked 
|   8|0x0000000701c00000, 0x0000000701c00000, 0x0000000701e00000|  0%| F|  |TAMS 0x0000000701c00000, 0x0000000701c00000| Untracked 
|   9|0x0000000701e00000, 0x0000000701e00000, 0x0000000702000000|  0%| F|  |TAMS 0x0000000701e00000, 0x0000000701e00000| Untracked 
|  10|0x0000000702000000, 0x0000000702000000, 0x0000000702200000|  0%| F|  |TAMS 0x0000000702000000, 0x0000000702000000| Untracked 
|  11|0x0000000702200000, 0x0000000702200000, 0x0000000702400000|  0%| F|  |TAMS 0x0000000702200000, 0x0000000702200000| Untracked 
|  12|0x0000000702400000, 0x0000000702400000, 0x0000000702600000|  0%| F|  |TAMS 0x0000000702400000, 0x0000000702400000| Untracked 
|  13|0x0000000702600000, 0x0000000702600000, 0x0000000702800000|  0%| F|  |TAMS 0x0000000702600000, 0x0000000702600000| Untracked 
|  14|0x0000000702800000, 0x0000000702800000, 0x0000000702a00000|  0%| F|  |TAMS 0x0000000702800000, 0x0000000702800000| Untracked 
|  15|0x0000000702a00000, 0x0000000702a00000, 0x0000000702c00000|  0%| F|  |TAMS 0x0000000702a00000, 0x0000000702a00000| Untracked 
|  16|0x0000000702c00000, 0x0000000702c00000, 0x0000000702e00000|  0%| F|  |TAMS 0x0000000702c00000, 0x0000000702c00000| Untracked 
|  17|0x0000000702e00000, 0x0000000702e00000, 0x0000000703000000|  0%| F|  |TAMS 0x0000000702e00000, 0x0000000702e00000| Untracked 
|  18|0x0000000703000000, 0x0000000703000000, 0x0000000703200000|  0%| F|  |TAMS 0x0000000703000000, 0x0000000703000000| Untracked 
|  19|0x0000000703200000, 0x0000000703200000, 0x0000000703400000|  0%| F|  |TAMS 0x0000000703200000, 0x0000000703200000| Untracked 
|  20|0x0000000703400000, 0x0000000703400000, 0x0000000703600000|  0%| F|  |TAMS 0x0000000703400000, 0x0000000703400000| Untracked 
|  21|0x0000000703600000, 0x0000000703600000, 0x0000000703800000|  0%| F|  |TAMS 0x0000000703600000, 0x0000000703600000| Untracked 
|  22|0x0000000703800000, 0x0000000703800000, 0x0000000703a00000|  0%| F|  |TAMS 0x0000000703800000, 0x0000000703800000| Untracked 
|  23|0x0000000703a00000, 0x0000000703a00000, 0x0000000703c00000|  0%| F|  |TAMS 0x0000000703a00000, 0x0000000703a00000| Untracked 
|  24|0x0000000703c00000, 0x0000000703c00000, 0x0000000703e00000|  0%| F|  |TAMS 0x0000000703c00000, 0x0000000703c00000| Untracked 
|  25|0x0000000703e00000, 0x0000000703e00000, 0x0000000704000000|  0%| F|  |TAMS 0x0000000703e00000, 0x0000000703e00000| Untracked 
|  26|0x0000000704000000, 0x0000000704000000, 0x0000000704200000|  0%| F|  |TAMS 0x0000000704000000, 0x0000000704000000| Untracked 
|  27|0x0000000704200000, 0x0000000704200000, 0x0000000704400000|  0%| F|  |TAMS 0x0000000704200000, 0x0000000704200000| Untracked 
|  28|0x0000000704400000, 0x0000000704400000, 0x0000000704600000|  0%| F|  |TAMS 0x0000000704400000, 0x0000000704400000| Untracked 
|  29|0x0000000704600000, 0x0000000704600000, 0x0000000704800000|  0%| F|  |TAMS 0x0000000704600000, 0x0000000704600000| Untracked 
|  30|0x0000000704800000, 0x0000000704800000, 0x0000000704a00000|  0%| F|  |TAMS 0x0000000704800000, 0x0000000704800000| Untracked 
|  31|0x0000000704a00000, 0x0000000704a00000, 0x0000000704c00000|  0%| F|  |TAMS 0x0000000704a00000, 0x0000000704a00000| Untracked 
|  32|0x0000000704c00000, 0x0000000704c00000, 0x0000000704e00000|  0%| F|  |TAMS 0x0000000704c00000, 0x0000000704c00000| Untracked 
|  33|0x0000000704e00000, 0x0000000704e00000, 0x0000000705000000|  0%| F|  |TAMS 0x0000000704e00000, 0x0000000704e00000| Untracked 
|  34|0x0000000705000000, 0x0000000705000000, 0x0000000705200000|  0%| F|  |TAMS 0x0000000705000000, 0x0000000705000000| Untracked 
|  35|0x0000000705200000, 0x0000000705200000, 0x0000000705400000|  0%| F|  |TAMS 0x0000000705200000, 0x0000000705200000| Untracked 
|  36|0x0000000705400000, 0x0000000705400000, 0x0000000705600000|  0%| F|  |TAMS 0x0000000705400000, 0x0000000705400000| Untracked 
|  37|0x0000000705600000, 0x0000000705600000, 0x0000000705800000|  0%| F|  |TAMS 0x0000000705600000, 0x0000000705600000| Untracked 
|  38|0x0000000705800000, 0x0000000705800000, 0x0000000705a00000|  0%| F|  |TAMS 0x0000000705800000, 0x0000000705800000| Untracked 
|  39|0x0000000705a00000, 0x0000000705a00000, 0x0000000705c00000|  0%| F|  |TAMS 0x0000000705a00000, 0x0000000705a00000| Untracked 
|  40|0x0000000705c00000, 0x0000000705c00000, 0x0000000705e00000|  0%| F|  |TAMS 0x0000000705c00000, 0x0000000705c00000| Untracked 
|  41|0x0000000705e00000, 0x0000000705e00000, 0x0000000706000000|  0%| F|  |TAMS 0x0000000705e00000, 0x0000000705e00000| Untracked 
|  42|0x0000000706000000, 0x0000000706000000, 0x0000000706200000|  0%| F|  |TAMS 0x0000000706000000, 0x0000000706000000| Untracked 
|  43|0x0000000706200000, 0x0000000706200000, 0x0000000706400000|  0%| F|  |TAMS 0x0000000706200000, 0x0000000706200000| Untracked 
|  44|0x0000000706400000, 0x0000000706400000, 0x0000000706600000|  0%| F|  |TAMS 0x0000000706400000, 0x0000000706400000| Untracked 
|  45|0x0000000706600000, 0x0000000706600000, 0x0000000706800000|  0%| F|  |TAMS 0x0000000706600000, 0x0000000706600000| Untracked 
|  46|0x0000000706800000, 0x0000000706800000, 0x0000000706a00000|  0%| F|  |TAMS 0x0000000706800000, 0x0000000706800000| Untracked 
|  47|0x0000000706a00000, 0x0000000706a00000, 0x0000000706c00000|  0%| F|  |TAMS 0x0000000706a00000, 0x0000000706a00000| Untracked 
|  48|0x0000000706c00000, 0x0000000706c00000, 0x0000000706e00000|  0%| F|  |TAMS 0x0000000706c00000, 0x0000000706c00000| Untracked 
|  49|0x0000000706e00000, 0x0000000706e00000, 0x0000000707000000|  0%| F|  |TAMS 0x0000000706e00000, 0x0000000706e00000| Untracked 
|  50|0x0000000707000000, 0x0000000707000000, 0x0000000707200000|  0%| F|  |TAMS 0x0000000707000000, 0x0000000707000000| Untracked 
|  51|0x0000000707200000, 0x0000000707200000, 0x0000000707400000|  0%| F|  |TAMS 0x0000000707200000, 0x0000000707200000| Untracked 
|  52|0x0000000707400000, 0x0000000707400000, 0x0000000707600000|  0%| F|  |TAMS 0x0000000707400000, 0x0000000707400000| Untracked 
|  53|0x0000000707600000, 0x0000000707600000, 0x0000000707800000|  0%| F|  |TAMS 0x0000000707600000, 0x0000000707600000| Untracked 
|  54|0x0000000707800000, 0x0000000707800000, 0x0000000707a00000|  0%| F|  |TAMS 0x0000000707800000, 0x0000000707800000| Untracked 
|  55|0x0000000707a00000, 0x0000000707a00000, 0x0000000707c00000|  0%| F|  |TAMS 0x0000000707a00000, 0x0000000707a00000| Untracked 
|  56|0x0000000707c00000, 0x0000000707c00000, 0x0000000707e00000|  0%| F|  |TAMS 0x0000000707c00000, 0x0000000707c00000| Untracked 
|  57|0x0000000707e00000, 0x0000000707e00000, 0x0000000708000000|  0%| F|  |TAMS 0x0000000707e00000, 0x0000000707e00000| Untracked 
|  58|0x0000000708000000, 0x0000000708000000, 0x0000000708200000|  0%| F|  |TAMS 0x0000000708000000, 0x0000000708000000| Untracked 
|  59|0x0000000708200000, 0x0000000708200000, 0x0000000708400000|  0%| F|  |TAMS 0x0000000708200000, 0x0000000708200000| Untracked 
|  60|0x0000000708400000, 0x0000000708400000, 0x0000000708600000|  0%| F|  |TAMS 0x0000000708400000, 0x0000000708400000| Untracked 
|  61|0x0000000708600000, 0x0000000708600000, 0x0000000708800000|  0%| F|  |TAMS 0x0000000708600000, 0x0000000708600000| Untracked 
|  62|0x0000000708800000, 0x0000000708800000, 0x0000000708a00000|  0%| F|  |TAMS 0x0000000708800000, 0x0000000708800000| Untracked 
|  63|0x0000000708a00000, 0x0000000708a00000, 0x0000000708c00000|  0%| F|  |TAMS 0x0000000708a00000, 0x0000000708a00000| Untracked 
|  64|0x0000000708c00000, 0x0000000708c00000, 0x0000000708e00000|  0%| F|  |TAMS 0x0000000708c00000, 0x0000000708c00000| Untracked 
|  65|0x0000000708e00000, 0x0000000708e00000, 0x0000000709000000|  0%| F|  |TAMS 0x0000000708e00000, 0x0000000708e00000| Untracked 
|  66|0x0000000709000000, 0x0000000709000000, 0x0000000709200000|  0%| F|  |TAMS 0x0000000709000000, 0x0000000709000000| Untracked 
|  67|0x0000000709200000, 0x0000000709200000, 0x0000000709400000|  0%| F|  |TAMS 0x0000000709200000, 0x0000000709200000| Untracked 
|  68|0x0000000709400000, 0x0000000709400000, 0x0000000709600000|  0%| F|  |TAMS 0x0000000709400000, 0x0000000709400000| Untracked 
|  69|0x0000000709600000, 0x0000000709600000, 0x0000000709800000|  0%| F|  |TAMS 0x0000000709600000, 0x0000000709600000| Untracked 
|  70|0x0000000709800000, 0x0000000709800000, 0x0000000709a00000|  0%| F|  |TAMS 0x0000000709800000, 0x0000000709800000| Untracked 
|  71|0x0000000709a00000, 0x0000000709a00000, 0x0000000709c00000|  0%| F|  |TAMS 0x0000000709a00000, 0x0000000709a00000| Untracked 
|  72|0x0000000709c00000, 0x0000000709c00000, 0x0000000709e00000|  0%| F|  |TAMS 0x0000000709c00000, 0x0000000709c00000| Untracked 
|  73|0x0000000709e00000, 0x0000000709e00000, 0x000000070a000000|  0%| F|  |TAMS 0x0000000709e00000, 0x0000000709e00000| Untracked 
|  74|0x000000070a000000, 0x000000070a000000, 0x000000070a200000|  0%| F|  |TAMS 0x000000070a000000, 0x000000070a000000| Untracked 
|  75|0x000000070a200000, 0x000000070a200000, 0x000000070a400000|  0%| F|  |TAMS 0x000000070a200000, 0x000000070a200000| Untracked 
|  76|0x000000070a400000, 0x000000070a400000, 0x000000070a600000|  0%| F|  |TAMS 0x000000070a400000, 0x000000070a400000| Untracked 
|  77|0x000000070a600000, 0x000000070a600000, 0x000000070a800000|  0%| F|  |TAMS 0x000000070a600000, 0x000000070a600000| Untracked 
|  78|0x000000070a800000, 0x000000070a800000, 0x000000070aa00000|  0%| F|  |TAMS 0x000000070a800000, 0x000000070a800000| Untracked 
|  79|0x000000070aa00000, 0x000000070aa00000, 0x000000070ac00000|  0%| F|  |TAMS 0x000000070aa00000, 0x000000070aa00000| Untracked 
|  80|0x000000070ac00000, 0x000000070ac00000, 0x000000070ae00000|  0%| F|  |TAMS 0x000000070ac00000, 0x000000070ac00000| Untracked 
|  81|0x000000070ae00000, 0x000000070ae00000, 0x000000070b000000|  0%| F|  |TAMS 0x000000070ae00000, 0x000000070ae00000| Untracked 
|  82|0x000000070b000000, 0x000000070b000000, 0x000000070b200000|  0%| F|  |TAMS 0x000000070b000000, 0x000000070b000000| Untracked 
|  83|0x000000070b200000, 0x000000070b200000, 0x000000070b400000|  0%| F|  |TAMS 0x000000070b200000, 0x000000070b200000| Untracked 
|  84|0x000000070b400000, 0x000000070b400000, 0x000000070b600000|  0%| F|  |TAMS 0x000000070b400000, 0x000000070b400000| Untracked 
|  85|0x000000070b600000, 0x000000070b600000, 0x000000070b800000|  0%| F|  |TAMS 0x000000070b600000, 0x000000070b600000| Untracked 
|  86|0x000000070b800000, 0x000000070b800000, 0x000000070ba00000|  0%| F|  |TAMS 0x000000070b800000, 0x000000070b800000| Untracked 
|  87|0x000000070ba00000, 0x000000070ba00000, 0x000000070bc00000|  0%| F|  |TAMS 0x000000070ba00000, 0x000000070ba00000| Untracked 
|  88|0x000000070bc00000, 0x000000070bc00000, 0x000000070be00000|  0%| F|  |TAMS 0x000000070bc00000, 0x000000070bc00000| Untracked 
|  89|0x000000070be00000, 0x000000070be00000, 0x000000070c000000|  0%| F|  |TAMS 0x000000070be00000, 0x000000070be00000| Untracked 
|  90|0x000000070c000000, 0x000000070c000000, 0x000000070c200000|  0%| F|  |TAMS 0x000000070c000000, 0x000000070c000000| Untracked 
|  91|0x000000070c200000, 0x000000070c200000, 0x000000070c400000|  0%| F|  |TAMS 0x000000070c200000, 0x000000070c200000| Untracked 
|  92|0x000000070c400000, 0x000000070c600000, 0x000000070c600000|100%| E|  |TAMS 0x000000070c400000, 0x000000070c400000| Complete 
|  93|0x000000070c600000, 0x000000070c800000, 0x000000070c800000|100%| E|CS|TAMS 0x000000070c600000, 0x000000070c600000| Complete 
|  94|0x000000070c800000, 0x000000070ca00000, 0x000000070ca00000|100%| E|CS|TAMS 0x000000070c800000, 0x000000070c800000| Complete 
|  95|0x000000070ca00000, 0x000000070cc00000, 0x000000070cc00000|100%| E|CS|TAMS 0x000000070ca00000, 0x000000070ca00000| Complete 
|  96|0x000000070cc00000, 0x000000070ce00000, 0x000000070ce00000|100%| E|CS|TAMS 0x000000070cc00000, 0x000000070cc00000| Complete 
|  97|0x000000070ce00000, 0x000000070d000000, 0x000000070d000000|100%| E|CS|TAMS 0x000000070ce00000, 0x000000070ce00000| Complete 
|  98|0x000000070d000000, 0x000000070d200000, 0x000000070d200000|100%| E|CS|TAMS 0x000000070d000000, 0x000000070d000000| Complete 
|  99|0x000000070d200000, 0x000000070d400000, 0x000000070d400000|100%| E|CS|TAMS 0x000000070d200000, 0x000000070d200000| Complete 
| 100|0x000000070d400000, 0x000000070d600000, 0x000000070d600000|100%| E|CS|TAMS 0x000000070d400000, 0x000000070d400000| Complete 
| 101|0x000000070d600000, 0x000000070d800000, 0x000000070d800000|100%| E|CS|TAMS 0x000000070d600000, 0x000000070d600000| Complete 
| 102|0x000000070d800000, 0x000000070da00000, 0x000000070da00000|100%| E|CS|TAMS 0x000000070d800000, 0x000000070d800000| Complete 
| 103|0x000000070da00000, 0x000000070dc00000, 0x000000070dc00000|100%| E|CS|TAMS 0x000000070da00000, 0x000000070da00000| Complete 
| 104|0x000000070dc00000, 0x000000070de00000, 0x000000070de00000|100%| E|CS|TAMS 0x000000070dc00000, 0x000000070dc00000| Complete 
| 105|0x000000070de00000, 0x000000070e000000, 0x000000070e000000|100%| E|CS|TAMS 0x000000070de00000, 0x000000070de00000| Complete 
| 106|0x000000070e000000, 0x000000070e200000, 0x000000070e200000|100%| E|CS|TAMS 0x000000070e000000, 0x000000070e000000| Complete 
| 107|0x000000070e200000, 0x000000070e400000, 0x000000070e400000|100%| E|CS|TAMS 0x000000070e200000, 0x000000070e200000| Complete 
| 108|0x000000070e400000, 0x000000070e600000, 0x000000070e600000|100%| E|CS|TAMS 0x000000070e400000, 0x000000070e400000| Complete 
| 109|0x000000070e600000, 0x000000070e800000, 0x000000070e800000|100%| E|CS|TAMS 0x000000070e600000, 0x000000070e600000| Complete 
| 110|0x000000070e800000, 0x000000070e99be90, 0x000000070ea00000| 80%| S|CS|TAMS 0x000000070e800000, 0x000000070e800000| Complete 
| 111|0x000000070ea00000, 0x000000070ec00000, 0x000000070ec00000|100%| E|CS|TAMS 0x000000070ea00000, 0x000000070ea00000| Complete 
| 112|0x000000070ec00000, 0x000000070ee00000, 0x000000070ee00000|100%| E|CS|TAMS 0x000000070ec00000, 0x000000070ec00000| Complete 
| 113|0x000000070ee00000, 0x000000070f000000, 0x000000070f000000|100%| E|CS|TAMS 0x000000070ee00000, 0x000000070ee00000| Complete 
| 114|0x000000070f000000, 0x000000070f200000, 0x000000070f200000|100%| E|CS|TAMS 0x000000070f000000, 0x000000070f000000| Complete 
| 115|0x000000070f200000, 0x000000070f400000, 0x000000070f400000|100%| E|CS|TAMS 0x000000070f200000, 0x000000070f200000| Complete 
| 116|0x000000070f400000, 0x000000070f600000, 0x000000070f600000|100%| E|CS|TAMS 0x000000070f400000, 0x000000070f400000| Complete 
| 117|0x000000070f600000, 0x000000070f800000, 0x000000070f800000|100%| E|CS|TAMS 0x000000070f600000, 0x000000070f600000| Complete 
| 118|0x000000070f800000, 0x000000070fa00000, 0x000000070fa00000|100%| E|CS|TAMS 0x000000070f800000, 0x000000070f800000| Complete 
| 119|0x000000070fa00000, 0x000000070fc00000, 0x000000070fc00000|100%| E|CS|TAMS 0x000000070fa00000, 0x000000070fa00000| Complete 
| 120|0x000000070fc00000, 0x000000070fe00000, 0x000000070fe00000|100%| E|CS|TAMS 0x000000070fc00000, 0x000000070fc00000| Complete 
| 121|0x000000070fe00000, 0x0000000710000000, 0x0000000710000000|100%| E|CS|TAMS 0x000000070fe00000, 0x000000070fe00000| Complete 
| 122|0x0000000710000000, 0x0000000710200000, 0x0000000710200000|100%| E|CS|TAMS 0x0000000710000000, 0x0000000710000000| Complete 
| 123|0x0000000710200000, 0x0000000710400000, 0x0000000710400000|100%| E|CS|TAMS 0x0000000710200000, 0x0000000710200000| Complete 
| 124|0x0000000710400000, 0x0000000710600000, 0x0000000710600000|100%| E|CS|TAMS 0x0000000710400000, 0x0000000710400000| Complete 
| 125|0x0000000710600000, 0x0000000710800000, 0x0000000710800000|100%| E|CS|TAMS 0x0000000710600000, 0x0000000710600000| Complete 
| 126|0x0000000710800000, 0x0000000710a00000, 0x0000000710a00000|100%| E|CS|TAMS 0x0000000710800000, 0x0000000710800000| Complete 
| 127|0x0000000710a00000, 0x0000000710c00000, 0x0000000710c00000|100%| E|CS|TAMS 0x0000000710a00000, 0x0000000710a00000| Complete 

Card table byte_map: [0x00000236fa550000,0x00000236fad50000] _byte_map_base: 0x00000236f6d4a000

Marking Bits (Prev, Next): (CMBitMap*) 0x00000236ef716060, (CMBitMap*) 0x00000236ef7160a0
 Prev Bits: [0x00000236fb550000, 0x00000236ff520000)
 Next Bits: [0x000002368f000000, 0x0000023692fd0000)

Polling page: 0x00000236ef490000

Metaspace:

Usage:
  Non-class:      5.94 MB capacity,     5.83 MB ( 98%) used,   100.73 KB (  2%) free+waste,    13.06 KB ( <1%) overhead. 
      Class:    697.00 KB capacity,   623.42 KB ( 89%) used,    68.02 KB ( 10%) free+waste,     5.56 KB ( <1%) overhead. 
       Both:      6.62 MB capacity,     6.44 MB ( 97%) used,   168.74 KB (  2%) free+waste,    18.62 KB ( <1%) overhead. 

Virtual space:
  Non-class space:        8.00 MB reserved,       6.00 MB ( 75%) committed 
      Class space:        1.00 GB reserved,     768.00 KB ( <1%) committed 
             Both:        1.01 GB reserved,       6.75 MB ( <1%) committed 

Chunk freelists:
   Non-Class:  61.00 KB
       Class:  7.00 KB
        Both:  68.00 KB

MaxMetaspaceSize: 17179869184.00 GB
CompressedClassSpaceSize: 1.00 GB

CodeHeap 'non-profiled nmethods': size=120000Kb used=1084Kb max_used=1084Kb free=118915Kb
 bounds [0x0000023687ad0000, 0x0000023687d40000, 0x000002368f000000]
CodeHeap 'profiled nmethods': size=120000Kb used=2302Kb max_used=2302Kb free=117697Kb
 bounds [0x00000236805a0000, 0x0000023680810000, 0x0000023687ad0000]
CodeHeap 'non-nmethods': size=5760Kb used=1346Kb max_used=1386Kb free=4413Kb
 bounds [0x0000023680000000, 0x0000023680270000, 0x00000236805a0000]
 total_blobs=1947 nmethods=1404 adapters=456
 compilation: enabled
              stopped_count=0, restarted_count=0
 full_count=0

Compilation events (20 events):
Event: 36.737 Thread 0x0000023695af5240 1397   !   4       java.awt.EventDispatchThread::filterAndCheckEvent (108 bytes)
Event: 36.740 Thread 0x0000023695af5240 nmethod 1397 0x0000023687bd7d90 code [0x0000023687bd7f20, 0x0000023687bd83b8]
Event: 36.966 Thread 0x0000023695af92e0 1398 %     3       graphics.Renderer$2::run @ 18 (159 bytes)
Event: 36.966 Thread 0x0000023695af92e0 nmethod 1398% 0x00000236807da690 code [0x00000236807da940, 0x00000236807db8f8]
Event: 37.020 Thread 0x0000023695af5240 1399       4       java.util.HashMap::get (19 bytes)
Event: 37.024 Thread 0x0000023695af5240 nmethod 1399 0x0000023687bd8710 code [0x0000023687bd88c0, 0x0000023687bd8ee8]
Event: 37.050 Thread 0x0000023695af5240 1400   !   4       java.awt.EventQueue::getNextEvent (84 bytes)
Event: 37.085 Thread 0x0000023695af5240 nmethod 1400 0x0000023687bd9290 code [0x0000023687bd95e0, 0x0000023687bdc0b8]
Event: 37.085 Thread 0x0000023695af5240 1401   !   4       java.awt.EventDispatchThread::pumpOneEventForFilters (113 bytes)
Event: 37.092 Thread 0x0000023695af5240 nmethod 1401 0x0000023687bddb10 code [0x0000023687bddd00, 0x0000023687bde6a8]
Event: 37.144 Thread 0x0000023695af92e0 1402       3       graphics.Renderer$2::run (159 bytes)
Event: 37.144 Thread 0x0000023695af92e0 nmethod 1402 0x00000236807dbd10 code [0x00000236807dbfc0, 0x00000236807dced8]
Event: 43.329 Thread 0x0000023695af5240 1403       4       sun.java2d.pipe.RenderQueue::ensureCapacity (16 bytes)
Event: 43.329 Thread 0x0000023695af92e0 1404       3       sun.java2d.loops.ProcessPath$DrawProcessHandler::PROCESS_LINE (476 bytes)
Event: 43.330 Thread 0x0000023695af5240 nmethod 1403 0x0000023687bdee90 code [0x0000023687bdf000, 0x0000023687bdf0b8]
Event: 43.330 Thread 0x0000023695af92e0 nmethod 1404 0x00000236807dd310 code [0x00000236807dd5a0, 0x00000236807de768]
Event: 43.330 Thread 0x0000023695af92e0 1405       3       sun.java2d.pipe.BufferedRenderPipe$BufferedDrawHandler::drawPixel (50 bytes)
Event: 43.330 Thread 0x0000023695af92e0 nmethod 1405 0x00000236807dee10 code [0x00000236807df000, 0x00000236807df418]
Event: 43.330 Thread 0x0000023695af92e0 1406       3       java.awt.geom.EllipseIterator::isDone (14 bytes)
Event: 43.330 Thread 0x0000023695af92e0 nmethod 1406 0x00000236807df690 code [0x00000236807df820, 0x00000236807df978]

GC Heap History (4 events):
Event: 2.206 GC heap before
{Heap before GC invocations=0 (full 0):
 garbage-first heap   total 262144K, used 22528K [0x0000000700c00000, 0x0000000800000000)
  region size 2048K, 11 young (22528K), 0 survivors (0K)
 Metaspace       used 6298K, capacity 6391K, committed 6528K, reserved 1056768K
  class space    used 593K, capacity 637K, committed 640K, reserved 1048576K
}
Event: 2.209 GC heap after
{Heap after GC invocations=1 (full 0):
 garbage-first heap   total 262144K, used 1888K [0x0000000700c00000, 0x0000000800000000)
  region size 2048K, 1 young (2048K), 1 survivors (2048K)
 Metaspace       used 6298K, capacity 6391K, committed 6528K, reserved 1056768K
  class space    used 593K, capacity 637K, committed 640K, reserved 1048576K
}
Event: 6.780 GC heap before
{Heap before GC invocations=1 (full 0):
 garbage-first heap   total 262144K, used 34656K [0x0000000700c00000, 0x0000000800000000)
  region size 2048K, 17 young (34816K), 1 survivors (2048K)
 Metaspace       used 6366K, capacity 6455K, committed 6528K, reserved 1056768K
  class space    used 595K, capacity 637K, committed 640K, reserved 1048576K
}
Event: 6.782 GC heap after
{Heap after GC invocations=2 (full 0):
 garbage-first heap   total 262144K, used 1647K [0x0000000700c00000, 0x0000000800000000)
  region size 2048K, 1 young (2048K), 1 survivors (2048K)
 Metaspace       used 6366K, capacity 6455K, committed 6528K, reserved 1056768K
  class space    used 595K, capacity 637K, committed 640K, reserved 1048576K
}

Deoptimization events (20 events):
Event: 43.350 Thread 0x000002369f07a070 Uncommon trap: trap_request=0xffffff45 fr.pc=0x0000023687bbd454 relative=0x0000000000001bd4
Event: 43.350 Thread 0x000002369f07aa10 Uncommon trap: trap_request=0xffffff45 fr.pc=0x0000023687b69bc4 relative=0x0000000000002464
Event: 43.350 Thread 0x000002369f07a070 Uncommon trap: reason=unstable_if action=reinterpret pc=0x0000023687bbd454 method=sun.java2d.d3d.D3DScreenUpdateManager.run()V @ 4 c2
Event: 43.351 Thread 0x000002369f07a070 DEOPT PACKING pc=0x0000023687bbd454 sp=0x000000770b7af6d0
Event: 43.351 Thread 0x000002369f07a070 DEOPT UNPACKING pc=0x000002368004e42f sp=0x000000770b7af6b8 mode 2
Event: 43.351 Thread 0x000002369f07aa10 Uncommon trap: reason=unstable_if action=reinterpret pc=0x0000023687b69bc4 method=sun.java2d.d3d.D3DScreenUpdateManager.createGraphics(Lsun/java2d/SurfaceData;Lsun/awt/windows/WComponentPeer;Ljava/awt/Color;Ljava/awt/Color;Ljava/awt/Font;)Ljava/awt/Graphi
Event: 43.351 Thread 0x000002369f07aa10 DEOPT PACKING pc=0x0000023687b69bc4 sp=0x000000770b8aefe0
Event: 43.351 Thread 0x000002369f07aa10 DEOPT UNPACKING pc=0x000002368004e42f sp=0x000000770b8af038 mode 2
Event: 43.351 Thread 0x000002369f07aa10 Uncommon trap: trap_request=0xffffff45 fr.pc=0x0000023687b91734 relative=0x0000000000001dd4
Event: 43.351 Thread 0x000002369f07aa10 Uncommon trap: reason=unstable_if action=reinterpret pc=0x0000023687b91734 method=sun.java2d.d3d.D3DScreenUpdateManager.runUpdateNow()V @ 8 c2
Event: 43.351 Thread 0x000002369f07aa10 DEOPT PACKING pc=0x0000023687b91734 sp=0x000000770b8aedc0
Event: 43.351 Thread 0x000002369f07aa10 DEOPT UNPACKING pc=0x000002368004e42f sp=0x000000770b8aeca8 mode 2
Event: 43.351 Thread 0x000002369f07aa10 Uncommon trap: trap_request=0xffffff45 fr.pc=0x0000023687b77c90 relative=0x00000000000003d0
Event: 43.351 Thread 0x000002369f07aa10 Uncommon trap: reason=unstable_if action=reinterpret pc=0x0000023687b77c90 method=sun.java2d.d3d.D3DScreenUpdateManager.runUpdateNow()V @ 8 c2
Event: 43.351 Thread 0x000002369f07aa10 DEOPT PACKING pc=0x0000023687b77c90 sp=0x000000770b8aece0
Event: 43.351 Thread 0x000002369f07aa10 DEOPT UNPACKING pc=0x000002368004e42f sp=0x000000770b8aec98 mode 2
Event: 43.351 Thread 0x000002369f07aa10 Uncommon trap: trap_request=0xffffff45 fr.pc=0x0000023687b1fff0 relative=0x0000000000000b10
Event: 43.351 Thread 0x000002369f07aa10 Uncommon trap: reason=unstable_if action=reinterpret pc=0x0000023687b1fff0 method=sun.java2d.pipe.RenderQueue.ensureCapacity(I)V @ 8 c2
Event: 43.351 Thread 0x000002369f07aa10 DEOPT PACKING pc=0x0000023687b1fff0 sp=0x000000770b8aefc0
Event: 43.351 Thread 0x000002369f07aa10 DEOPT UNPACKING pc=0x000002368004e42f sp=0x000000770b8aeed0 mode 2

Classes unloaded (0 events):
No events

Classes redefined (0 events):
No events

Internal exceptions (11 events):
Event: 0.134 Thread 0x00000236ef6c2980 Exception <a 'java/lang/ClassNotFoundException'{0x00000007108c2210}: sun/awt/resources/spi/awtProvider> (0x00000007108c2210) 
thrown [./open/src/hotspot/share/classfile/systemDictionary.cpp, line 295]
Event: 0.154 Thread 0x00000236ef6c2980 Exception <a 'java/io/FileNotFoundException'{0x000000071095e8d8}> (0x000000071095e8d8) 
thrown [./open/src/hotspot/share/prims/jni.cpp, line 578]
Event: 0.160 Thread 0x00000236ef6c2980 Exception <a 'java/io/FileNotFoundException'{0x000000071098f4d8}> (0x000000071098f4d8) 
thrown [./open/src/hotspot/share/prims/jni.cpp, line 578]
Event: 0.160 Thread 0x00000236ef6c2980 Exception <a 'java/lang/NoSuchMethodError'{0x00000007109925d8}: 'java.lang.Object java.lang.invoke.DirectMethodHandle$Holder.invokeStatic(java.lang.Object)'> (0x00000007109925d8) 
thrown [./open/src/hotspot/share/interpreter/linkResolver.cpp, line 782]
Event: 0.165 Thread 0x00000236ef6c2980 Exception <a 'java/lang/NoSuchMethodError'{0x00000007109cd440}: 'void java.lang.invoke.DirectMethodHandle$Holder.invokeSpecial(java.lang.Object, java.lang.Object, java.lang.Object)'> (0x00000007109cd440) 
thrown [./open/src/hotspot/share/interpreter/linkResolver.cpp, line 782]
Event: 0.189 Thread 0x00000236ef6c2980 Exception <a 'java/lang/NoSuchMethodError'{0x00000007106d6ca0}: 'java.lang.Object java.lang.invoke.DirectMethodHandle$Holder.invokeStaticInit(java.lang.Object)'> (0x00000007106d6ca0) 
thrown [./open/src/hotspot/share/interpreter/linkResolver.cpp, line 782]
Event: 0.361 Thread 0x00000236ef6c2980 Exception <a 'java/lang/NoSuchMethodError'{0x0000000710469868}: 'void java.lang.invoke.DirectMethodHandle$Holder.invokeStaticInit(java.lang.Object)'> (0x0000000710469868) 
thrown [./open/src/hotspot/share/interpreter/linkResolver.cpp, line 782]
Event: 1.330 Thread 0x00000236961c2420 Exception <a 'java/lang/NoSuchMethodError'{0x000000071073f390}: 'void java.lang.invoke.DirectMethodHandle$Holder.invokeVirtual(java.lang.Object, java.lang.Object)'> (0x000000071073f390) 
thrown [./open/src/hotspot/share/interpreter/linkResolver.cpp, line 782]
Event: 1.337 Thread 0x000002369f07aa10 Implicit null exception at 0x0000023687b4382c to 0x0000023687b46b84
Event: 1.337 Thread 0x000002369f07aa10 Implicit null exception at 0x0000023687b1634c to 0x0000023687b16548
Event: 6.793 Thread 0x000002369f07aa10 Exception <a 'java/lang/NoSuchMethodError'{0x0000000710a5b2c0}: 'java.lang.Object java.lang.invoke.DirectMethodHandle$Holder.invokeSpecial(java.lang.Object, java.lang.Object, java.lang.Object, java.lang.Object, java.lang.Object, java.lang.Object, int)'> (0x0000000710a5b2c0) 
thrown [./open/src/hotspot/share/interpreter/linkResolver.cpp, line 782]

Events (20 events):
Event: 43.328 Executing VM operation: ChangeBreakpoints
Event: 43.328 Executing VM operation: ChangeBreakpoints done
Event: 43.328 Executing VM operation: ChangeBreakpoints
Event: 43.328 Executing VM operation: ChangeBreakpoints done
Event: 43.328 Executing VM operation: ChangeBreakpoints
Event: 43.328 Executing VM operation: ChangeBreakpoints done
Event: 43.328 Executing VM operation: ChangeBreakpoints
Event: 43.328 Executing VM operation: ChangeBreakpoints done
Event: 43.328 Executing VM operation: ChangeBreakpoints
Event: 43.328 Executing VM operation: ChangeBreakpoints done
Event: 43.328 Executing VM operation: ChangeBreakpoints
Event: 43.328 Executing VM operation: ChangeBreakpoints done
Event: 43.329 Thread 0x0000023695c6c940 Thread exited: 0x0000023695c6c940
Event: 43.350 loading class jdk/internal/misc/Signal$1
Event: 43.350 loading class jdk/internal/misc/Signal$1 done
Event: 43.350 Thread 0x000002369f078d30 Thread added: 0x000002369f078d30
Event: 43.350 Thread 0x000002369f079200 Thread added: 0x000002369f079200
Event: 43.350 Thread 0x000002369f07a540 Thread added: 0x000002369f07a540
Event: 43.350 Thread 0x000002369f079200 Thread exited: 0x000002369f079200
Event: 43.351 Thread 0x000002369f07a070 Thread exited: 0x000002369f07a070


Dynamic libraries:
0x00007ff6aac70000 - 0x00007ff6aac7f000 	C:\Program Files\Java\jdk-15.0.1\bin\java.exe
0x00007ffe20090000 - 0x00007ffe20285000 	C:\WINDOWS\SYSTEM32\ntdll.dll
0x00007ffe1e240000 - 0x00007ffe1e2fd000 	C:\WINDOWS\System32\KERNEL32.DLL
0x00007ffe1db70000 - 0x00007ffe1de39000 	C:\WINDOWS\System32\KERNELBASE.dll
0x00007ffe1da10000 - 0x00007ffe1db10000 	C:\WINDOWS\System32\ucrtbase.dll
0x00007ffe18480000 - 0x00007ffe18498000 	C:\Program Files\Java\jdk-15.0.1\bin\jli.dll
0x00007ffe1b0b0000 - 0x00007ffe1b0c9000 	C:\Program Files\Java\jdk-15.0.1\bin\VCRUNTIME140.dll
0x00007ffe1e190000 - 0x00007ffe1e23c000 	C:\WINDOWS\System32\ADVAPI32.dll
0x00007ffe1fd30000 - 0x00007ffe1fdce000 	C:\WINDOWS\System32\msvcrt.dll
0x00007ffe1f200000 - 0x00007ffe1f29b000 	C:\WINDOWS\System32\sechost.dll
0x00007ffe1e300000 - 0x00007ffe1e42a000 	C:\WINDOWS\System32\RPCRT4.dll
0x00007ffe1e430000 - 0x00007ffe1e5d0000 	C:\WINDOWS\System32\USER32.dll
0x00007ffe1d9e0000 - 0x00007ffe1da02000 	C:\WINDOWS\System32\win32u.dll
0x00007ffe09b20000 - 0x00007ffe09dba000 	C:\WINDOWS\WinSxS\amd64_microsoft.windows.common-controls_6595b64144ccf1df_6.0.19041.1083_none_60bbe31371f34e71\COMCTL32.dll
0x00007ffe1e830000 - 0x00007ffe1e85a000 	C:\WINDOWS\System32\GDI32.dll
0x00007ffe1de40000 - 0x00007ffe1df4b000 	C:\WINDOWS\System32\gdi32full.dll
0x00007ffe1d940000 - 0x00007ffe1d9dd000 	C:\WINDOWS\System32\msvcp_win.dll
0x00007ffe16560000 - 0x00007ffe1656a000 	C:\WINDOWS\SYSTEM32\VERSION.dll
0x00007ffe1f2a0000 - 0x00007ffe1f2d0000 	C:\WINDOWS\System32\IMM32.DLL
0x00007ffe19300000 - 0x00007ffe1930c000 	C:\Program Files\Java\jdk-15.0.1\bin\vcruntime140_1.dll
0x00007ffdfb9b0000 - 0x00007ffdfba41000 	C:\Program Files\Java\jdk-15.0.1\bin\msvcp140.dll
0x00007ffdcc4d0000 - 0x00007ffdcd02e000 	C:\Program Files\Java\jdk-15.0.1\bin\server\jvm.dll
0x00007ffe20040000 - 0x00007ffe20048000 	C:\WINDOWS\System32\PSAPI.DLL
0x00007ffe06170000 - 0x00007ffe06179000 	C:\WINDOWS\SYSTEM32\WSOCK32.dll
0x00007ffe126d0000 - 0x00007ffe126f7000 	C:\WINDOWS\SYSTEM32\WINMM.dll
0x00007ffe1f0b0000 - 0x00007ffe1f11b000 	C:\WINDOWS\System32\WS2_32.dll
0x00007ffe1b640000 - 0x00007ffe1b652000 	C:\WINDOWS\SYSTEM32\kernel.appcore.dll
0x00007ffe192c0000 - 0x00007ffe192ca000 	C:\Program Files\Java\jdk-15.0.1\bin\jimage.dll
0x00007ffe0bb60000 - 0x00007ffe0bd44000 	C:\WINDOWS\SYSTEM32\DBGHELP.DLL
0x00007ffe0f370000 - 0x00007ffe0f39c000 	C:\WINDOWS\SYSTEM32\dbgcore.DLL
0x00007ffe1d880000 - 0x00007ffe1d903000 	C:\WINDOWS\System32\bcryptPrimitives.dll
0x00007ffe02050000 - 0x00007ffe02089000 	C:\Program Files\Java\jdk-15.0.1\bin\jdwp.dll
0x00007ffe12110000 - 0x00007ffe1211e000 	C:\Program Files\Java\jdk-15.0.1\bin\instrument.dll
0x00007ffe06ea0000 - 0x00007ffe06ec5000 	C:\Program Files\Java\jdk-15.0.1\bin\java.dll
0x00007ffe1f470000 - 0x00007ffe1fbaf000 	C:\WINDOWS\System32\SHELL32.dll
0x00007ffe1b920000 - 0x00007ffe1c0b1000 	C:\WINDOWS\SYSTEM32\windows.storage.dll
0x00007ffe1e860000 - 0x00007ffe1ebb5000 	C:\WINDOWS\System32\combase.dll
0x00007ffe1d240000 - 0x00007ffe1d26c000 	C:\WINDOWS\SYSTEM32\Wldp.dll
0x00007ffe1fc70000 - 0x00007ffe1fd1e000 	C:\WINDOWS\System32\SHCORE.dll
0x00007ffe1fdd0000 - 0x00007ffe1fe25000 	C:\WINDOWS\System32\shlwapi.dll
0x00007ffe1d710000 - 0x00007ffe1d72f000 	C:\WINDOWS\SYSTEM32\profapi.dll
0x00007ffe12020000 - 0x00007ffe1202b000 	C:\Program Files\Java\jdk-15.0.1\bin\dt_socket.dll
0x00007ffe1cc40000 - 0x00007ffe1cc7b000 	C:\WINDOWS\SYSTEM32\IPHLPAPI.DLL
0x00007ffe1cfa0000 - 0x00007ffe1d00a000 	C:\WINDOWS\system32\mswsock.dll
0x00007ffe06e50000 - 0x00007ffe06e68000 	C:\Program Files\Java\jdk-15.0.1\bin\zip.dll
0x00007ffe11ed0000 - 0x00007ffe11ee9000 	C:\Program Files\Java\jdk-15.0.1\bin\net.dll
0x00007ffe0fea0000 - 0x00007ffe0ffaa000 	C:\WINDOWS\SYSTEM32\WINHTTP.dll
0x00007ffe06e80000 - 0x00007ffe06e92000 	C:\Program Files\Java\jdk-15.0.1\bin\nio.dll
0x00007ffdebba0000 - 0x00007ffdebd20000 	C:\Program Files\Java\jdk-15.0.1\bin\awt.dll
0x00007ffe1e760000 - 0x00007ffe1e82d000 	C:\WINDOWS\System32\OLEAUT32.dll
0x00007ffe1b110000 - 0x00007ffe1b1a0000 	C:\WINDOWS\SYSTEM32\apphelp.dll
0x00007ffe1b260000 - 0x00007ffe1b2fe000 	C:\WINDOWS\system32\uxtheme.dll
0x00007ffe1f350000 - 0x00007ffe1f465000 	C:\WINDOWS\System32\MSCTF.dll
0x00007ffe1e5d0000 - 0x00007ffe1e6fa000 	C:\WINDOWS\System32\ole32.dll
0x00007ffe1b610000 - 0x00007ffe1b63f000 	C:\WINDOWS\system32\DWMAPI.DLL
0x00007ffdc3240000 - 0x00007ffdc3365000 	C:\WINDOWS\system32\opengl32.dll
0x00007ffdc3210000 - 0x00007ffdc323c000 	C:\WINDOWS\SYSTEM32\GLU32.dll
0x00007ffe134e0000 - 0x00007ffe136ae000 	C:\WINDOWS\system32\d3d9.dll
0x00007ffe12cf0000 - 0x00007ffe12df2000 	C:\WINDOWS\System32\DriverStore\FileRepository\nv_dispi.inf_amd64_8e1b465b962975a0\nvldumdx.dll
0x00007ffe1d3c0000 - 0x00007ffe1d3d2000 	C:\WINDOWS\SYSTEM32\msasn1.dll
0x00007ffe16500000 - 0x00007ffe16531000 	C:\WINDOWS\SYSTEM32\cryptnet.dll
0x00007ffe1dfa0000 - 0x00007ffe1e0ff000 	C:\WINDOWS\System32\CRYPT32.dll
0x00007ffe1d1a0000 - 0x00007ffe1d1ac000 	C:\WINDOWS\SYSTEM32\cryptbase.dll
0x00007ffe1db10000 - 0x00007ffe1db70000 	C:\WINDOWS\System32\WINTRUST.DLL
0x00007ffe1f330000 - 0x00007ffe1f34d000 	C:\WINDOWS\System32\imagehlp.dll
0x00007ffe1d180000 - 0x00007ffe1d198000 	C:\WINDOWS\SYSTEM32\CRYPTSP.dll
0x00007ffe1c8d0000 - 0x00007ffe1c904000 	C:\WINDOWS\system32\rsaenh.dll
0x00007ffe1d910000 - 0x00007ffe1d937000 	C:\WINDOWS\System32\bcrypt.dll
0x00007ffdcf670000 - 0x00007ffdd108c000 	C:\WINDOWS\System32\DriverStore\FileRepository\nv_dispi.inf_amd64_8e1b465b962975a0\nvd3dumx.dll
0x00007ffdd66a0000 - 0x00007ffdd6959000 	C:\WINDOWS\system32\nvspcap64.dll
0x00007ffe1c620000 - 0x00007ffe1c653000 	C:\WINDOWS\SYSTEM32\ntmarta.dll
0x00007ffe1c0d0000 - 0x00007ffe1c0f3000 	C:\WINDOWS\SYSTEM32\gpapi.dll
0x00007ffe149e0000 - 0x00007ffe14a1b000 	C:\WINDOWS\SYSTEM32\dxcore.dll
0x00007ffe1df50000 - 0x00007ffe1df9e000 	C:\WINDOWS\System32\cfgmgr32.dll
0x00007ffe11b80000 - 0x00007ffe11b90000 	C:\Program Files\Java\jdk-15.0.1\bin\verify.dll
0x00007ffdedc70000 - 0x00007ffdedcf5000 	C:\Program Files\Java\jdk-15.0.1\bin\freetype.dll
0x00007ffdebaf0000 - 0x00007ffdebb99000 	C:\Program Files\Java\jdk-15.0.1\bin\fontmanager.dll
0x00007ffe08cc0000 - 0x00007ffe08db9000 	C:\WINDOWS\SYSTEM32\textinputframework.dll
0x00007ffe1aa30000 - 0x00007ffe1ad8e000 	C:\WINDOWS\System32\CoreUIComponents.dll
0x00007ffe1adc0000 - 0x00007ffe1aeb2000 	C:\WINDOWS\System32\CoreMessaging.dll
0x00007ffe1a340000 - 0x00007ffe1a494000 	C:\WINDOWS\SYSTEM32\wintypes.dll

dbghelp: loaded successfully - version: 4.0.5 - missing functions: none
symbol engine: initialized successfully - sym options: 0x614 - pdb path: .;C:\Program Files\Java\jdk-15.0.1\bin;C:\WINDOWS\SYSTEM32;C:\WINDOWS\WinSxS\amd64_microsoft.windows.common-controls_6595b64144ccf1df_6.0.19041.1083_none_60bbe31371f34e71;C:\Program Files\Java\jdk-15.0.1\bin\server;C:\WINDOWS\System32\DriverStore\FileRepository\nv_dispi.inf_amd64_8e1b465b962975a0

VM Arguments:
jvm_args: -agentlib:jdwp=transport=dt_socket,address=127.0.0.1:52459,suspend=y,server=n -javaagent:C:\Users\rarii\AppData\Local\JetBrains\IdeaIC2021.1\captureAgent\debugger-agent.jar -Dfile.encoding=UTF-8 
java_command: game.Game
java_class_path (initial): C:\Users\rarii\Desktop\Dateien\DAM\2021S2\Serveis i processos\DAM_M09_EAC2P1_Enunciat2021S2\PixelTD\out\production\PixelTD;C:\Program Files\JetBrains\IntelliJ IDEA Community Edition 2020.2\lib\idea_rt.jar
Launcher Type: SUN_STANDARD

[Global flags]
     intx CICompilerCount                          = 4                                         {product} {ergonomic}
     uint ConcGCThreads                            = 3                                         {product} {ergonomic}
     uint G1ConcRefinementThreads                  = 10                                        {product} {ergonomic}
   size_t G1HeapRegionSize                         = 2097152                                   {product} {ergonomic}
    uintx GCDrainStackTargetSize                   = 64                                        {product} {ergonomic}
   size_t InitialHeapSize                          = 268435456                                 {product} {ergonomic}
   size_t MarkStackSize                            = 4194304                                   {product} {ergonomic}
   size_t MaxHeapSize                              = 4282384384                                {product} {ergonomic}
   size_t MaxNewSize                               = 2569011200                                {product} {ergonomic}
   size_t MinHeapDeltaBytes                        = 2097152                                   {product} {ergonomic}
   size_t MinHeapSize                              = 8388608                                   {product} {ergonomic}
    uintx NonNMethodCodeHeapSize                   = 5839372                                {pd product} {ergonomic}
    uintx NonProfiledCodeHeapSize                  = 122909434                              {pd product} {ergonomic}
    uintx ProfiledCodeHeapSize                     = 122909434                              {pd product} {ergonomic}
    uintx ReservedCodeCacheSize                    = 251658240                              {pd product} {ergonomic}
     bool SegmentedCodeCache                       = true                                      {product} {ergonomic}
   size_t SoftMaxHeapSize                          = 4282384384                             {manageable} {ergonomic}
     bool UseCompressedClassPointers               = true                                 {lp64_product} {ergonomic}
     bool UseCompressedOops                        = true                                 {lp64_product} {ergonomic}
     bool UseG1GC                                  = true                                      {product} {ergonomic}
     bool UseLargePagesIndividualAllocation        = false                                  {pd product} {ergonomic}

Logging:
Log output configuration:
 #0: stdout all=warning uptime,level,tags
 #1: stderr all=off uptime,level,tags

Environment Variables:
PATH=C:\Program Files (x86)\Common Files\Oracle\Java\javapath;C:\ProgramData\Oracle\Java\javapath;C:\Program Files\Common Files\Oracle\Java\javapath;C:\Windows\system32;C:\Windows;C:\Windows\System32\Wbem;C:\Windows\System32\WindowsPowerShell\v1.0\;C:\Windows\System32\OpenSSH\;C:\Program Files (x86)\NVIDIA Corporation\PhysX\Common;C:\Program Files\NVIDIA Corporation\NVIDIA NvDLISR;C:\Program Files\dotnet\;C:\Program Files\PuTTY\;C:\Program Files\PostgreSQL\13\bin;C:\WINDOWS\system32;C:\WINDOWS;C:\WINDOWS\System32\Wbem;C:\WINDOWS\System32\WindowsPowerShell\v1.0\;C:\WINDOWS\System32\OpenSSH\;C:\Program Files\Git\cmd;C:\Users\rarii\AppData\Local\Microsoft\WindowsApps;C:\Users\rarii\AppData\Local\Programs\Microsoft VS Code\bin;C:\Users\rarii\.dotnet\tools;C:\Users\rarii\.dotnet\tools;C:\Users\rarii\AppData\Local\Microsoft\WindowsApps;C:\Users\rarii\AppData\Local\GitHubDesktop\bin
USERNAME=HERMES
OS=Windows_NT
PROCESSOR_IDENTIFIER=AMD64 Family 23 Model 113 Stepping 0, AuthenticAMD



---------------  S Y S T E M  ---------------

OS:
 Windows 10 , 64 bit Build 19041 (10.0.19041.1023)
OS uptime: 0 days 12:22 hours

CPU: total 12 (initial active 12) (12 cores per cpu, 2 threads per core) family 23 model 113 stepping 0 microcode 0x0, cmov, cx8, fxsr, mmx, sse, sse2, sse3, ssse3, sse4.1, sse4.2, popcnt, vzeroupper, avx, avx2, aes, clmul, 3dnowpref, lzcnt, sse4a, ht, tsc, tscinvbit, tscinv, bmi1, bmi2, adx, sha, fma, clflush, clflushopt

Memory: 4k page, system-wide physical 16334M (8785M free)
TotalPageFile size 18766M (AvailPageFile size 8529M)
current process WorkingSet (physical memory assigned to process): 155M, peak: 232M
current process commit charge ("private bytes"): 450M, peak: 578M

vm_info: Java HotSpot(TM) 64-Bit Server VM (15.0.1+9-18) for windows-amd64 JRE (15.0.1+9-18), built on Sep 15 2020 14:43:54 by "mach5one" with unknown MS VC++:1925

END.
